2022-11-11 14:46:12,015 [analyzer] DEBUG: Starting analyzer from: C:\tmpgto74e
2022-11-11 14:46:12,015 [analyzer] DEBUG: Pipe server name: \??\PIPE\eICPpFewTptICaOzRkhYKe
2022-11-11 14:46:12,015 [analyzer] DEBUG: Log pipe server name: \??\PIPE\KMNLkqnubgUgsHJiHHz
2022-11-11 14:46:12,125 [analyzer] DEBUG: Started auxiliary module DbgView
2022-11-11 14:46:18,515 [analyzer] DEBUG: Started auxiliary module Disguise
2022-11-11 14:46:18,796 [analyzer] DEBUG: Loaded monitor into process with pid 504
2022-11-11 14:46:18,812 [analyzer] DEBUG: Started auxiliary module DumpTLSMasterSecrets
2022-11-11 14:46:18,812 [analyzer] DEBUG: Started auxiliary module Human
2022-11-11 14:46:18,812 [analyzer] DEBUG: Started auxiliary module InstallCertificate
2022-11-11 14:46:18,812 [analyzer] DEBUG: Started auxiliary module Reboot
2022-11-11 14:46:18,937 [analyzer] DEBUG: Started auxiliary module RecentFiles
2022-11-11 14:46:18,937 [analyzer] DEBUG: Started auxiliary module Screenshots
2022-11-11 14:46:18,937 [analyzer] DEBUG: Started auxiliary module LoadZer0m0n
2022-11-11 14:46:18,937 [modules.auxiliary.screenshots] INFO: Python Image Library (either PIL or Pillow) is not installed, screenshots are disabled.
2022-11-11 14:46:19,233 [lib.api.process] INFO: Successfully executed process from path 'C:\\Python27\\python.exe' with arguments [u'C:\\Users\\ADMINI~1\\AppData\\Local\\Temp\\22-NV.py'] and pid 2416
2022-11-11 14:46:19,717 [analyzer] DEBUG: Loaded monitor into process with pid 2416
2022-11-11 14:46:20,125 [analyzer] INFO: Added new file to list with pid 2416 and path C:\Python27\Lib\webbrowser.pyc
2022-11-11 21:13:57,263 [analyzer] INFO: Injected into process with pid 684 and name u'chrome.exe'
2022-11-11 21:13:57,605 [analyzer] DEBUG: Loaded monitor into process with pid 684
2022-11-11 21:13:58,763 [lib.api.process] ERROR: Failed to dump memory of 64-bit process with pid 684.
2022-11-11 21:13:59,341 [analyzer] INFO: Process with pid 684 has terminated
2022-11-11 21:14:12,559 [analyzer] INFO: Injected into process with pid 1464 and name u'chrome.exe'
2022-11-11 21:14:12,888 [analyzer] DEBUG: Loaded monitor into process with pid 1464
2022-11-11 21:14:13,918 [lib.api.process] ERROR: Failed to dump memory of 64-bit process with pid 1464.
2022-11-11 21:14:14,341 [analyzer] INFO: Process with pid 1464 has terminated
2022-11-11 21:14:27,825 [analyzer] INFO: Injected into process with pid 1772 and name u'chrome.exe'
2022-11-11 21:14:28,153 [analyzer] DEBUG: Loaded monitor into process with pid 1772
2022-11-11 21:14:29,153 [lib.api.process] ERROR: Failed to dump memory of 64-bit process with pid 1772.
2022-11-11 21:14:29,341 [analyzer] INFO: Process with pid 1772 has terminated
2022-11-11 21:14:43,091 [analyzer] INFO: Injected into process with pid 2728 and name u'chrome.exe'
2022-11-11 21:14:43,434 [analyzer] DEBUG: Loaded monitor into process with pid 2728
2022-11-11 21:14:44,466 [lib.api.process] ERROR: Failed to dump memory of 64-bit process with pid 2728.
2022-11-11 21:14:45,341 [analyzer] INFO: Process with pid 2728 has terminated
2022-11-11 21:15:13,355 [analyzer] INFO: Injected into process with pid 2060 and name u'chrome.exe'
2022-11-11 21:15:13,684 [analyzer] DEBUG: Loaded monitor into process with pid 2060
2022-11-11 21:15:14,730 [lib.api.process] ERROR: Failed to dump memory of 64-bit process with pid 2060.
2022-11-11 21:15:15,341 [analyzer] INFO: Process with pid 2060 has terminated
2022-11-11 21:15:28,605 [analyzer] INFO: Injected into process with pid 2984 and name u'chrome.exe'
2022-11-11 21:15:28,934 [analyzer] DEBUG: Loaded monitor into process with pid 2984
2022-11-11 21:15:29,263 [analyzer] INFO: Injected into process with pid 2196 and name u'chrome.exe'
2022-11-11 21:15:29,605 [analyzer] DEBUG: Loaded monitor into process with pid 2196
2022-11-11 21:15:29,841 [analyzer] INFO: Injected into process with pid 1552 and name u'chrome.exe'
2022-11-11 21:15:30,168 [analyzer] DEBUG: Loaded monitor into process with pid 1552
2022-11-11 21:15:31,388 [lib.api.process] ERROR: Failed to dump memory of 64-bit process with pid 1552.
2022-11-11 21:15:32,341 [analyzer] INFO: Process with pid 1552 has terminated
2022-11-11 21:15:32,466 [lib.api.process] ERROR: Failed to dump memory of 64-bit process with pid 2196.
2022-11-11 21:15:32,528 [analyzer] INFO: Added new file to list with pid 2984 and path C:\Program Files\Google\Chrome\Application\debug.log
2022-11-11 21:15:33,341 [analyzer] INFO: Process with pid 2196 has terminated
2022-11-11 21:15:38,746 [analyzer] INFO: Added new file to list with pid 2984 and path \Device\NamedPipe\wkssvc
2022-11-11 21:15:39,341 [analyzer] INFO: Analysis timeout hit, terminating analysis.
2022-11-11 21:15:40,871 [analyzer] INFO: Added new file to list with pid 2984 and path C:\Users\Administrator\AppData\Local\Google\Chrome\User Data\Variations
2022-11-11 21:15:43,871 [analyzer] INFO: Injected into process with pid 2012 and name u'cmd.exe'
2022-11-11 21:15:44,246 [analyzer] DEBUG: Loaded monitor into process with pid 2012
2022-11-11 21:15:44,559 [analyzer] INFO: Injected into process with pid 2652 and name u'notepad.exe'
2022-11-11 21:15:45,480 [analyzer] DEBUG: Loaded monitor into process with pid 2652
2022-11-11 21:15:51,825 [lib.api.process] INFO: Memory dump of process with pid 2652 completed
2022-11-11 21:15:53,388 [analyzer] WARNING: The package "modules.packages.python" finish function raised an exception: [Error 32] The process cannot access the file because it is being used by another process: 'c:\\users\\admini~1\\appdata\\local\\temp\\tmput8pks'
2022-11-11 21:15:53,621 [analyzer] WARNING: File at path u'\\device\\namedpipe\\wkssvc' does not exist, skip.
2022-11-11 21:15:53,716 [analyzer] INFO: Analysis completed.
