2022-11-11 14:47:58,270 [cuckoo.core.scheduler] INFO: Task #46: acquired machine 192.168.56.1011 (label=192.168.56.1011)
2022-11-11 14:47:58,271 [cuckoo.core.resultserver] DEBUG: Now tracking machine 192.168.56.101 for task #46
2022-11-11 14:47:58,271 [cuckoo.core.plugins] DEBUG: Started auxiliary module: Replay
2022-11-11 14:47:58,279 [cuckoo.auxiliary.sniffer] INFO: Started sniffer with PID 13827 (interface=vboxnet0, host=192.168.56.101)
2022-11-11 14:47:58,279 [cuckoo.core.plugins] DEBUG: Started auxiliary module: Sniffer
2022-11-11 14:47:58,293 [cuckoo.machinery.virtualbox] DEBUG: Starting vm 192.168.56.1011
2022-11-11 14:47:58,530 [cuckoo.machinery.virtualbox] DEBUG: Restoring virtual machine 192.168.56.1011 to its current snapshot
2022-11-11 14:48:00,632 [cuckoo.core.guest] INFO: Starting analysis #46 on guest (id=192.168.56.1011, ip=192.168.56.101)
2022-11-11 14:48:01,634 [cuckoo.core.guest] DEBUG: 192.168.56.1011: not ready yet
2022-11-11 14:48:02,637 [cuckoo.core.guest] DEBUG: 192.168.56.1011: not ready yet
2022-11-11 14:48:03,641 [cuckoo.core.guest] DEBUG: 192.168.56.1011: not ready yet
2022-11-11 14:48:04,645 [cuckoo.core.guest] DEBUG: 192.168.56.1011: not ready yet
2022-11-11 14:48:05,651 [cuckoo.core.guest] DEBUG: 192.168.56.1011: not ready yet
2022-11-11 14:48:06,655 [cuckoo.core.guest] DEBUG: 192.168.56.1011: not ready yet
2022-11-11 14:48:07,658 [cuckoo.core.guest] DEBUG: 192.168.56.1011: not ready yet
2022-11-11 14:48:08,663 [cuckoo.core.guest] DEBUG: 192.168.56.1011: not ready yet
2022-11-11 14:48:09,666 [cuckoo.core.guest] DEBUG: 192.168.56.1011: not ready yet
2022-11-11 14:48:10,670 [cuckoo.core.guest] DEBUG: 192.168.56.1011: not ready yet
2022-11-11 14:48:11,672 [cuckoo.core.guest] DEBUG: 192.168.56.1011: not ready yet
2022-11-11 14:48:12,674 [cuckoo.core.guest] DEBUG: 192.168.56.1011: not ready yet
2022-11-11 14:48:13,677 [cuckoo.core.guest] DEBUG: 192.168.56.1011: not ready yet
2022-11-11 14:48:14,679 [cuckoo.core.guest] DEBUG: 192.168.56.1011: not ready yet
2022-11-11 14:48:15,682 [cuckoo.core.guest] DEBUG: 192.168.56.1011: not ready yet
2022-11-11 14:48:16,684 [cuckoo.core.guest] DEBUG: 192.168.56.1011: not ready yet
2022-11-11 14:48:17,687 [cuckoo.core.guest] DEBUG: 192.168.56.1011: not ready yet
2022-11-11 14:48:18,690 [cuckoo.core.guest] DEBUG: 192.168.56.1011: not ready yet
2022-11-11 14:48:19,693 [cuckoo.core.guest] DEBUG: 192.168.56.1011: not ready yet
2022-11-11 14:48:20,697 [cuckoo.core.guest] DEBUG: 192.168.56.1011: not ready yet
2022-11-11 14:48:21,702 [cuckoo.core.guest] DEBUG: 192.168.56.1011: not ready yet
2022-11-11 14:48:22,705 [cuckoo.core.guest] DEBUG: 192.168.56.1011: not ready yet
2022-11-11 14:48:23,708 [cuckoo.core.guest] DEBUG: 192.168.56.1011: not ready yet
2022-11-11 14:48:24,711 [cuckoo.core.guest] DEBUG: 192.168.56.1011: not ready yet
2022-11-11 14:48:25,713 [cuckoo.core.guest] DEBUG: 192.168.56.1011: not ready yet
2022-11-11 14:48:26,715 [cuckoo.core.guest] DEBUG: 192.168.56.1011: not ready yet
2022-11-11 14:48:27,718 [cuckoo.core.guest] DEBUG: 192.168.56.1011: not ready yet
2022-11-11 14:48:28,721 [cuckoo.core.guest] DEBUG: 192.168.56.1011: not ready yet
2022-11-11 14:48:29,725 [cuckoo.core.guest] DEBUG: 192.168.56.1011: not ready yet
2022-11-11 14:48:30,726 [cuckoo.core.guest] DEBUG: 192.168.56.1011: not ready yet
2022-11-11 14:48:31,729 [cuckoo.core.guest] DEBUG: 192.168.56.1011: not ready yet
2022-11-11 14:48:32,731 [cuckoo.core.guest] DEBUG: 192.168.56.1011: not ready yet
2022-11-11 14:48:33,735 [cuckoo.core.guest] DEBUG: 192.168.56.1011: not ready yet
2022-11-11 14:48:34,738 [cuckoo.core.guest] DEBUG: 192.168.56.1011: not ready yet
2022-11-11 14:48:35,740 [cuckoo.core.guest] DEBUG: 192.168.56.1011: not ready yet
2022-11-11 14:48:36,749 [cuckoo.core.guest] DEBUG: 192.168.56.1011: not ready yet
2022-11-11 14:48:36,828 [cuckoo.core.guest] INFO: Guest is running Cuckoo Agent 0.10 (id=192.168.56.1011, ip=192.168.56.101)
2022-11-11 14:48:36,859 [cuckoo.core.guest] DEBUG: Uploading analyzer to guest (id=192.168.56.1011, ip=192.168.56.101, monitor=latest, size=3884763)
2022-11-11 14:48:38,134 [cuckoo.core.resultserver] DEBUG: Task #46: live log analysis.log initialized.
2022-11-11 14:48:42,573 [cuckoo.core.guest] DEBUG: 192.168.56.1011: analysis #46 still processing
2022-11-11 14:48:44,835 [cuckoo.core.resultserver] DEBUG: Task #46 is sending a BSON stream
2022-11-11 14:48:45,748 [cuckoo.core.resultserver] DEBUG: Task #46 is sending a BSON stream
2022-11-11 14:48:47,624 [cuckoo.core.guest] DEBUG: 192.168.56.1011: analysis #46 still processing
2022-11-11 14:48:52,657 [cuckoo.core.guest] DEBUG: 192.168.56.1011: analysis #46 still processing
2022-11-11 14:48:57,686 [cuckoo.core.guest] DEBUG: 192.168.56.1011: analysis #46 still processing
2022-11-11 14:49:01,853 [cuckoo.core.resultserver] DEBUG: Task #46 is sending a BSON stream
2022-11-11 14:49:02,478 [cuckoo.core.resultserver] DEBUG: Task #46 is sending a BSON stream
2022-11-11 14:49:02,714 [cuckoo.core.guest] DEBUG: 192.168.56.1011: analysis #46 still processing
2022-11-11 14:49:04,964 [cuckoo.core.resultserver] DEBUG: Task #46: File upload for 'memory/1676-1.dmp'
2022-11-11 14:49:05,737 [cuckoo.core.resultserver] DEBUG: Task #46 uploaded file length: 33121128
2022-11-11 14:49:06,963 [cuckoo.core.resultserver] DEBUG: Task #46: File upload for 'memory/732-1.dmp'
2022-11-11 14:49:07,381 [cuckoo.core.resultserver] DEBUG: Task #46 uploaded file length: 19776264
2022-11-11 14:49:07,745 [cuckoo.core.guest] DEBUG: 192.168.56.1011: analysis #46 still processing
2022-11-11 14:49:12,770 [cuckoo.core.guest] DEBUG: 192.168.56.1011: analysis #46 still processing
2022-11-11 14:49:17,794 [cuckoo.core.guest] DEBUG: 192.168.56.1011: analysis #46 still processing
2022-11-11 14:49:22,819 [cuckoo.core.guest] DEBUG: 192.168.56.1011: analysis #46 still processing
2022-11-11 14:49:23,333 [cuckoo.core.resultserver] DEBUG: Task #46 is sending a BSON stream
2022-11-11 14:49:24,022 [cuckoo.core.resultserver] DEBUG: Task #46 is sending a BSON stream
2022-11-11 14:49:24,616 [cuckoo.core.resultserver] DEBUG: Task #46 is sending a BSON stream
2022-11-11 14:49:27,848 [cuckoo.core.guest] DEBUG: 192.168.56.1011: analysis #46 still processing
2022-11-11 14:49:32,881 [cuckoo.core.guest] DEBUG: 192.168.56.1011: analysis #46 still processing
2022-11-11 14:49:37,913 [cuckoo.core.guest] DEBUG: 192.168.56.1011: analysis #46 still processing
2022-11-11 14:49:38,776 [cuckoo.core.resultserver] DEBUG: Task #46 is sending a BSON stream
2022-11-11 14:49:42,947 [cuckoo.core.guest] DEBUG: 192.168.56.1011: analysis #46 still processing
2022-11-11 14:49:47,972 [cuckoo.core.guest] DEBUG: 192.168.56.1011: analysis #46 still processing
2022-11-11 14:49:53,011 [cuckoo.core.guest] DEBUG: 192.168.56.1011: analysis #46 still processing
2022-11-11 14:49:54,118 [cuckoo.core.resultserver] DEBUG: Task #46 is sending a BSON stream
2022-11-11 14:49:55,114 [cuckoo.core.resultserver] DEBUG: Task #46 is sending a BSON stream
2022-11-11 14:49:58,037 [cuckoo.core.guest] DEBUG: 192.168.56.1011: analysis #46 still processing
2022-11-11 14:49:59,638 [cuckoo.core.resultserver] DEBUG: Task #46: File upload for 'memory/1676-2.dmp'
2022-11-11 14:50:01,200 [cuckoo.core.resultserver] DEBUG: Task #46 uploaded file length: 47609160
2022-11-11 14:50:02,770 [cuckoo.core.resultserver] DEBUG: Task #46: File upload for 'memory/2480-1.dmp'
2022-11-11 14:50:03,064 [cuckoo.core.guest] DEBUG: 192.168.56.1011: analysis #46 still processing
2022-11-11 14:50:03,245 [cuckoo.core.resultserver] DEBUG: Task #46 uploaded file length: 24931024
2022-11-11 14:50:04,605 [cuckoo.core.resultserver] DEBUG: Task #46: File upload for 'memory/2732-1.dmp'
2022-11-11 14:50:05,043 [cuckoo.core.resultserver] DEBUG: Task #46 uploaded file length: 22836000
2022-11-11 14:50:08,093 [cuckoo.core.guest] DEBUG: 192.168.56.1011: analysis #46 still processing
2022-11-11 14:50:08,618 [cuckoo.core.resultserver] DEBUG: Task #46: File upload for 'memory/2408-1.dmp'
2022-11-11 14:50:10,471 [cuckoo.core.resultserver] DEBUG: Task #46 uploaded file length: 58340352
2022-11-11 14:50:11,637 [cuckoo.core.resultserver] DEBUG: Task #46: File upload for 'files/6aed08355c5cf0b2_webbrowser.pyc'
2022-11-11 14:50:11,658 [cuckoo.core.resultserver] DEBUG: Task #46 uploaded file length: 19554
2022-11-11 14:50:11,680 [cuckoo.core.resultserver] DEBUG: Task #46: File upload for 'files/f7b24f2eb3d5eb05_variations'
2022-11-11 14:50:11,700 [cuckoo.core.resultserver] DEBUG: Task #46 uploaded file length: 86
2022-11-11 14:50:11,722 [cuckoo.core.resultserver] DEBUG: Task #46: File upload for 'files/b17a654992235a6b_debug.log'
2022-11-11 14:50:11,742 [cuckoo.core.resultserver] DEBUG: Task #46 uploaded file length: 109
2022-11-11 14:50:11,764 [cuckoo.core.resultserver] DEBUG: Task #46: File upload for 'files/954c48048129e31c_3571f596-87ff-4f05-ab10-dc2b13d66285.dmp'
2022-11-11 14:50:11,785 [cuckoo.core.resultserver] DEBUG: Task #46 uploaded file length: 57820
2022-11-11 14:50:11,810 [cuckoo.core.resultserver] DEBUG: Task #46: File upload for 'files/6fc7a7a578ad4df5_metadata'
2022-11-11 14:50:11,829 [cuckoo.core.resultserver] DEBUG: Task #46 uploaded file length: 114
2022-11-11 14:50:12,110 [cuckoo.core.guest] INFO: 192.168.56.1011: analysis completed successfully
2022-11-11 14:50:12,116 [cuckoo.core.plugins] DEBUG: Stopped auxiliary module: Replay
2022-11-11 14:50:12,160 [cuckoo.core.plugins] DEBUG: Stopped auxiliary module: Sniffer
2022-11-11 14:50:12,160 [cuckoo.machinery.virtualbox] DEBUG: Stopping vm 192.168.56.1011
2022-11-11 14:50:13,358 [cuckoo.core.resultserver] DEBUG: Stopped tracking machine 192.168.56.101 for task #46
2022-11-11 14:50:13,358 [cuckoo.core.resultserver] DEBUG: Cancel <Context for LOG> for task 46
2022-11-11 14:50:13,384 [cuckoo.core.scheduler] DEBUG: Released database task #46
2022-11-11 14:50:13,397 [cuckoo.core.plugins] DEBUG: Executed processing module "AnalysisInfo" for task #46
2022-11-11 14:50:13,508 [cuckoo.core.plugins] DEBUG: Executed processing module "BehaviorAnalysis" for task #46
2022-11-11 14:50:13,516 [cuckoo.core.plugins] DEBUG: Executed processing module "Dropped" for task #46
2022-11-11 14:50:13,516 [cuckoo.core.plugins] DEBUG: Executed processing module "DroppedBuffer" for task #46
2022-11-11 14:50:15,586 [cuckoo.core.plugins] DEBUG: Executed processing module "MetaInfo" for task #46
2022-11-11 14:50:17,084 [cuckoo.core.plugins] DEBUG: Executed processing module "ProcessMemory" for task #46
2022-11-11 14:50:17,084 [cuckoo.core.plugins] DEBUG: Executed processing module "Procmon" for task #46
2022-11-11 14:50:17,084 [cuckoo.core.plugins] DEBUG: Executed processing module "Screenshots" for task #46
2022-11-11 14:50:17,086 [cuckoo.core.plugins] DEBUG: Executed processing module "Static" for task #46
2022-11-11 14:50:17,087 [cuckoo.core.plugins] DEBUG: Executed processing module "Strings" for task #46
2022-11-11 14:50:17,088 [cuckoo.core.plugins] DEBUG: Executed processing module "TargetInfo" for task #46
2022-11-11 14:50:17,183 [cuckoo.core.plugins] DEBUG: Executed processing module "NetworkAnalysis" for task #46
2022-11-11 14:50:17,183 [cuckoo.core.plugins] DEBUG: Executed processing module "Extracted" for task #46
2022-11-11 14:50:17,183 [cuckoo.core.plugins] DEBUG: Executed processing module "TLSMasterSecrets" for task #46
2022-11-11 14:50:17,185 [cuckoo.core.plugins] DEBUG: Executed processing module "Debug" for task #46
2022-11-11 14:50:17,199 [cuckoo.core.plugins] DEBUG: Running 542 signatures
2022-11-11 14:50:17,604 [cuckoo.core.plugins] DEBUG: Analysis matched signature: network_http
2022-11-11 14:50:17,604 [cuckoo.core.plugins] DEBUG: Analysis matched signature: antivm_queries_computername
2022-11-11 14:50:17,604 [cuckoo.core.plugins] DEBUG: Analysis matched signature: applcation_raises_exception
2022-11-11 14:50:17,604 [cuckoo.core.plugins] DEBUG: Analysis matched signature: infostealer_browser
2022-11-11 14:50:17,604 [cuckoo.core.plugins] DEBUG: Analysis matched signature: checks_debugger
2022-11-11 14:50:17,605 [cuckoo.core.plugins] DEBUG: Analysis matched signature: console_output
2022-11-11 14:50:17,605 [cuckoo.core.plugins] DEBUG: Analysis matched signature: suspicious_process
2022-11-11 14:50:17,605 [cuckoo.core.plugins] DEBUG: Analysis matched signature: recon_fingerprint
2022-11-11 14:50:17,605 [cuckoo.core.plugins] DEBUG: Analysis matched signature: has_wmi
2022-11-11 14:50:17,605 [cuckoo.core.plugins] DEBUG: Analysis matched signature: locates_browser
2022-11-11 14:50:17,605 [cuckoo.core.plugins] DEBUG: Analysis matched signature: antivm_memory_available
2022-11-11 14:50:17,605 [cuckoo.core.plugins] DEBUG: Analysis matched signature: privilege_luid_check
2022-11-11 14:50:17,605 [cuckoo.core.plugins] DEBUG: Analysis matched signature: process_martian
2022-11-11 14:50:17,605 [cuckoo.core.plugins] DEBUG: Analysis matched signature: memdump_urls
2022-11-11 14:50:17,605 [cuckoo.core.plugins] DEBUG: Analysis matched signature: raises_exception
2022-11-11 14:50:17,605 [cuckoo.core.plugins] DEBUG: Analysis matched signature: injection_resumethread
2022-11-11 14:50:17,605 [cuckoo.core.plugins] DEBUG: Analysis matched signature: terminates_remote_process
2022-11-11 14:50:17,605 [cuckoo.core.plugins] DEBUG: Analysis matched signature: uses_windows_utilities
2022-11-11 14:50:18,169 [cuckoo.core.plugins] DEBUG: Executed reporting module "JsonDump"
2022-11-11 14:50:18,426 [cuckoo.core.plugins] DEBUG: Executed reporting module "MongoDB"
2022-11-11 14:50:18,426 [cuckoo.core.scheduler] INFO: Task #46: reports generation completed
2022-11-11 14:50:18,430 [cuckoo.core.scheduler] INFO: Task #46: analysis procedure completed
