2022-11-11 14:46:12,015 [analyzer] DEBUG: Starting analyzer from: C:\tmpgto74e
2022-11-11 14:46:12,015 [analyzer] DEBUG: Pipe server name: \??\PIPE\PkdKwBOwZtsYhduAvLE
2022-11-11 14:46:12,015 [analyzer] DEBUG: Log pipe server name: \??\PIPE\fVUtxxBqzPagCxjgOxd
2022-11-11 14:46:12,078 [analyzer] DEBUG: Started auxiliary module DbgView
2022-11-11 14:46:18,500 [analyzer] DEBUG: Started auxiliary module Disguise
2022-11-11 14:46:18,796 [analyzer] DEBUG: Loaded monitor into process with pid 504
2022-11-11 14:46:18,812 [analyzer] DEBUG: Started auxiliary module DumpTLSMasterSecrets
2022-11-11 14:46:18,812 [analyzer] DEBUG: Started auxiliary module Human
2022-11-11 14:46:18,812 [analyzer] DEBUG: Started auxiliary module InstallCertificate
2022-11-11 14:46:18,812 [analyzer] DEBUG: Started auxiliary module Reboot
2022-11-11 14:46:18,953 [analyzer] DEBUG: Started auxiliary module RecentFiles
2022-11-11 14:46:18,953 [analyzer] DEBUG: Started auxiliary module Screenshots
2022-11-11 14:46:18,953 [analyzer] DEBUG: Started auxiliary module LoadZer0m0n
2022-11-11 14:46:18,953 [modules.auxiliary.screenshots] INFO: Python Image Library (either PIL or Pillow) is not installed, screenshots are disabled.
2022-11-11 14:46:19,250 [lib.api.process] INFO: Successfully executed process from path 'C:\\Python27\\python.exe' with arguments [u'C:\\Users\\ADMINI~1\\AppData\\Local\\Temp\\24-NV.py'] and pid 2400
2022-11-11 14:46:19,733 [analyzer] DEBUG: Loaded monitor into process with pid 2400
2022-11-11 14:46:20,155 [analyzer] INFO: Added new file to list with pid 2400 and path C:\Python27\Lib\webbrowser.pyc
2022-11-11 21:16:59,509 [analyzer] INFO: Injected into process with pid 2696 and name u'cmd.exe'
2022-11-11 21:16:59,838 [analyzer] DEBUG: Loaded monitor into process with pid 2696
2022-11-11 21:17:00,040 [analyzer] INFO: Injected into process with pid 832 and name u'notepad.exe'
2022-11-11 21:17:00,477 [analyzer] DEBUG: Loaded monitor into process with pid 832
2022-11-11 21:17:03,322 [lib.api.process] INFO: Memory dump of process with pid 832 completed
2022-11-11 21:17:04,931 [lib.api.process] INFO: Memory dump of process with pid 2696 completed
2022-11-11 21:17:05,243 [analyzer] INFO: Process with pid 2696 has terminated
2022-11-11 21:17:20,477 [analyzer] INFO: Injected into process with pid 2392 and name u'chrome.exe'
2022-11-11 21:17:20,852 [analyzer] DEBUG: Loaded monitor into process with pid 2392
2022-11-11 21:17:21,227 [analyzer] INFO: Injected into process with pid 2432 and name u'chrome.exe'
2022-11-11 21:17:21,540 [analyzer] DEBUG: Loaded monitor into process with pid 2432
2022-11-11 21:17:21,822 [analyzer] INFO: Added new file to list with pid 2432 and path \Device\NamedPipe\crashpad_2392_DWPZHZKHBUIRAAKR
2022-11-11 21:17:21,868 [analyzer] INFO: Added new file to list with pid 2392 and path C:\Users\Administrator\AppData\Local\Google\Chrome\User Data\Crashpad\settings.dat
2022-11-11 21:17:27,822 [analyzer] INFO: Added new file to list with pid 2392 and path \Device\NamedPipe\wkssvc
2022-11-11 21:17:29,525 [analyzer] INFO: Added new file to list with pid 2392 and path C:\Users\Administrator\AppData\Local\Google\Chrome\User Data\Variations
2022-11-11 21:17:36,088 [analyzer] INFO: Injected into process with pid 1640 and name u'chrome.exe'
2022-11-11 21:17:36,790 [analyzer] DEBUG: Loaded monitor into process with pid 1640
2022-11-11 21:17:37,572 [analyzer] INFO: Injected into process with pid 632 and name u'chrome.exe'
2022-11-11 21:17:37,993 [analyzer] DEBUG: Loaded monitor into process with pid 632
2022-11-11 21:17:38,713 [analyzer] INFO: Added new file to list with pid 632 and path \Device\NamedPipe\crashpad_1640_ITTPAQHSBFWITRJP
2022-11-11 21:17:52,556 [analyzer] INFO: Injected into process with pid 2360 and name u'chrome.exe'
2022-11-11 21:17:53,572 [analyzer] DEBUG: Loaded monitor into process with pid 2360
2022-11-11 21:17:55,400 [analyzer] INFO: Injected into process with pid 1416 and name u'chrome.exe'
2022-11-11 21:17:55,618 [analyzer] INFO: Process with pid 2392 has terminated
2022-11-11 21:17:55,977 [analyzer] DEBUG: Loaded monitor into process with pid 1416
2022-11-11 21:17:56,415 [analyzer] INFO: Injected into process with pid 2944 and name u'chrome.exe'
2022-11-11 21:17:56,931 [analyzer] DEBUG: Loaded monitor into process with pid 2944
2022-11-11 21:17:58,634 [lib.api.process] ERROR: Failed to dump memory of 64-bit process with pid 2432.
2022-11-11 21:17:58,743 [analyzer] INFO: Process with pid 2432 has terminated
2022-11-11 21:17:59,525 [lib.api.process] ERROR: Failed to dump memory of 64-bit process with pid 2944.
2022-11-11 21:17:59,759 [analyzer] INFO: Process with pid 2944 has terminated
2022-11-11 21:18:01,056 [lib.api.process] ERROR: Failed to dump memory of 64-bit process with pid 1416.
2022-11-11 21:18:01,134 [analyzer] INFO: Added new file to list with pid 2360 and path C:\Program Files\Google\Chrome\Application\debug.log
2022-11-11 21:18:01,775 [analyzer] INFO: Process with pid 1416 has terminated
2022-11-11 21:18:10,306 [analyzer] INFO: Injected into process with pid 2892 and name u'chrome.exe'
2022-11-11 21:18:11,025 [analyzer] DEBUG: Loaded monitor into process with pid 2892
2022-11-11 21:18:14,306 [lib.api.process] ERROR: Failed to dump memory of 64-bit process with pid 2892.
2022-11-11 21:18:15,025 [analyzer] INFO: Process with pid 1640 has terminated
2022-11-11 21:18:15,025 [analyzer] INFO: Process with pid 2892 has terminated
2022-11-11 21:18:16,588 [lib.api.process] ERROR: Failed to dump memory of 64-bit process with pid 632.
2022-11-11 21:18:17,040 [analyzer] INFO: Process with pid 632 has terminated
2022-11-11 21:18:26,009 [analyzer] INFO: Injected into process with pid 2748 and name u'chrome.exe'
2022-11-11 21:18:26,400 [analyzer] DEBUG: Loaded monitor into process with pid 2748
2022-11-11 21:18:27,993 [lib.api.process] ERROR: Failed to dump memory of 64-bit process with pid 2748.
2022-11-11 21:18:28,088 [analyzer] INFO: Process with pid 2748 has terminated
2022-11-11 21:18:32,213 [analyzer] INFO: Process with pid 2360 has terminated
2022-11-11 21:18:41,275 [analyzer] INFO: Injected into process with pid 2184 and name u'chrome.exe'
2022-11-11 21:18:41,618 [analyzer] DEBUG: Loaded monitor into process with pid 2184
2022-11-11 21:18:41,947 [analyzer] INFO: Injected into process with pid 1652 and name u'chrome.exe'
2022-11-11 21:18:42,306 [analyzer] DEBUG: Loaded monitor into process with pid 1652
2022-11-11 21:18:42,572 [analyzer] INFO: Added new file to list with pid 1652 and path \Device\NamedPipe\crashpad_2184_MKIZBVYAWSRESJNB
2022-11-11 21:18:43,213 [analyzer] INFO: Analysis timeout hit, terminating analysis.
2022-11-11 21:18:49,634 [lib.api.process] INFO: Memory dump of process with pid 2400 completed
2022-11-11 21:18:55,977 [lib.api.process] INFO: Memory dump of process with pid 832 completed
2022-11-11 21:18:56,588 [analyzer] INFO: Injected into process with pid 2504 and name u'cmd.exe'
2022-11-11 21:18:57,056 [analyzer] DEBUG: Loaded monitor into process with pid 2504
2022-11-11 21:18:57,463 [analyzer] INFO: Injected into process with pid 2788 and name u'taskkill.exe'
2022-11-11 21:18:58,134 [analyzer] DEBUG: Loaded monitor into process with pid 2788
2022-11-11 21:19:00,227 [lib.api.process] ERROR: Failed to dump memory of 64-bit process with pid 2184.
2022-11-11 21:19:02,447 [lib.api.process] ERROR: Failed to dump memory of 64-bit process with pid 1652.
2022-11-11 21:19:07,556 [lib.api.process] INFO: Memory dump of process with pid 2504 completed
2022-11-11 21:19:08,572 [analyzer] ERROR: Pipe command handler exception occurred (command KILL args '832').
Traceback (most recent call last):
  File "C:/tmpgto74e/analyzer.py", line 405, in dispatch
    response = fn(arguments)
  File "C:/tmpgto74e/analyzer.py", line 339, in _handle_kill
    dump_memory(int(data))
  File "C:\tmpgto74e\lib\common\decide.py", line 11, in dump_memory
    Process(pid=pid).dump_memory()
  File "C:\tmpgto74e\lib\api\process.py", line 579, in dump_memory
    os.unlink(dump_path)
WindowsError: [Error 32] The process cannot access the file because it is being used by another process: 'c:\\users\\admini~1\\appdata\\local\\temp\\tmppa4nfa'
2022-11-11 21:19:12,838 [lib.api.process] INFO: Memory dump of process with pid 2788 completed
2022-11-11 21:19:12,931 [analyzer] WARNING: File at path u'\\device\\namedpipe\\crashpad_2184_mkizbvyawsresjnb' does not exist, skip.
2022-11-11 21:19:12,947 [analyzer] WARNING: File at path u'\\device\\namedpipe\\crashpad_2392_dwpzhzkhbuiraakr' does not exist, skip.
2022-11-11 21:19:13,134 [analyzer] WARNING: File at path u'\\device\\namedpipe\\crashpad_1640_ittpaqhsbfwitrjp' does not exist, skip.
2022-11-11 21:19:13,134 [analyzer] WARNING: File at path u'\\device\\namedpipe\\wkssvc' does not exist, skip.
2022-11-11 21:19:13,306 [analyzer] INFO: Analysis completed.
