2022-11-11 15:15:56,464 [cuckoo.core.scheduler] INFO: Task #56: acquired machine 192.168.56.1011 (label=192.168.56.1011)
2022-11-11 15:15:56,464 [cuckoo.core.resultserver] DEBUG: Now tracking machine 192.168.56.101 for task #56
2022-11-11 15:15:56,465 [cuckoo.core.plugins] DEBUG: Started auxiliary module: Replay
2022-11-11 15:15:56,477 [cuckoo.auxiliary.sniffer] INFO: Started sniffer with PID 16371 (interface=vboxnet0, host=192.168.56.101)
2022-11-11 15:15:56,477 [cuckoo.core.plugins] DEBUG: Started auxiliary module: Sniffer
2022-11-11 15:15:56,491 [cuckoo.machinery.virtualbox] DEBUG: Starting vm 192.168.56.1011
2022-11-11 15:15:56,610 [cuckoo.machinery.virtualbox] DEBUG: Restoring virtual machine 192.168.56.1011 to its current snapshot
2022-11-11 15:15:58,774 [cuckoo.core.guest] INFO: Starting analysis #56 on guest (id=192.168.56.1011, ip=192.168.56.101)
2022-11-11 15:15:59,776 [cuckoo.core.guest] DEBUG: 192.168.56.1011: not ready yet
2022-11-11 15:16:00,780 [cuckoo.core.guest] DEBUG: 192.168.56.1011: not ready yet
2022-11-11 15:16:01,782 [cuckoo.core.guest] DEBUG: 192.168.56.1011: not ready yet
2022-11-11 15:16:02,784 [cuckoo.core.guest] DEBUG: 192.168.56.1011: not ready yet
2022-11-11 15:16:03,786 [cuckoo.core.guest] DEBUG: 192.168.56.1011: not ready yet
2022-11-11 15:16:04,788 [cuckoo.core.guest] DEBUG: 192.168.56.1011: not ready yet
2022-11-11 15:16:05,790 [cuckoo.core.guest] DEBUG: 192.168.56.1011: not ready yet
2022-11-11 15:16:06,792 [cuckoo.core.guest] DEBUG: 192.168.56.1011: not ready yet
2022-11-11 15:16:07,795 [cuckoo.core.guest] DEBUG: 192.168.56.1011: not ready yet
2022-11-11 15:16:08,798 [cuckoo.core.guest] DEBUG: 192.168.56.1011: not ready yet
2022-11-11 15:16:09,801 [cuckoo.core.guest] DEBUG: 192.168.56.1011: not ready yet
2022-11-11 15:16:10,806 [cuckoo.core.guest] DEBUG: 192.168.56.1011: not ready yet
2022-11-11 15:16:11,807 [cuckoo.core.guest] DEBUG: 192.168.56.1011: not ready yet
2022-11-11 15:16:12,811 [cuckoo.core.guest] DEBUG: 192.168.56.1011: not ready yet
2022-11-11 15:16:13,814 [cuckoo.core.guest] DEBUG: 192.168.56.1011: not ready yet
2022-11-11 15:16:14,817 [cuckoo.core.guest] DEBUG: 192.168.56.1011: not ready yet
2022-11-11 15:16:15,821 [cuckoo.core.guest] DEBUG: 192.168.56.1011: not ready yet
2022-11-11 15:16:16,823 [cuckoo.core.guest] DEBUG: 192.168.56.1011: not ready yet
2022-11-11 15:16:17,826 [cuckoo.core.guest] DEBUG: 192.168.56.1011: not ready yet
2022-11-11 15:16:18,829 [cuckoo.core.guest] DEBUG: 192.168.56.1011: not ready yet
2022-11-11 15:16:19,834 [cuckoo.core.guest] DEBUG: 192.168.56.1011: not ready yet
2022-11-11 15:16:20,837 [cuckoo.core.guest] DEBUG: 192.168.56.1011: not ready yet
2022-11-11 15:16:21,839 [cuckoo.core.guest] DEBUG: 192.168.56.1011: not ready yet
2022-11-11 15:16:22,842 [cuckoo.core.guest] DEBUG: 192.168.56.1011: not ready yet
2022-11-11 15:16:23,845 [cuckoo.core.guest] DEBUG: 192.168.56.1011: not ready yet
2022-11-11 15:16:24,848 [cuckoo.core.guest] DEBUG: 192.168.56.1011: not ready yet
2022-11-11 15:16:24,919 [cuckoo.core.guest] DEBUG: 192.168.56.1011: not ready yet
2022-11-11 15:16:26,926 [cuckoo.core.guest] DEBUG: 192.168.56.1011: not ready yet
2022-11-11 15:16:27,928 [cuckoo.core.guest] DEBUG: 192.168.56.1011: not ready yet
2022-11-11 15:16:28,933 [cuckoo.core.guest] DEBUG: 192.168.56.1011: not ready yet
2022-11-11 15:16:28,983 [cuckoo.core.guest] DEBUG: 192.168.56.1011: not ready yet
2022-11-11 15:16:30,986 [cuckoo.core.guest] DEBUG: 192.168.56.1011: not ready yet
2022-11-11 15:16:31,990 [cuckoo.core.guest] DEBUG: 192.168.56.1011: not ready yet
2022-11-11 15:16:32,993 [cuckoo.core.guest] DEBUG: 192.168.56.1011: not ready yet
2022-11-11 15:16:33,046 [cuckoo.core.guest] DEBUG: 192.168.56.1011: not ready yet
2022-11-11 15:16:34,964 [cuckoo.core.guest] INFO: Guest is running Cuckoo Agent 0.10 (id=192.168.56.1011, ip=192.168.56.101)
2022-11-11 15:16:34,978 [cuckoo.core.guest] DEBUG: Uploading analyzer to guest (id=192.168.56.1011, ip=192.168.56.101, monitor=latest, size=3884763)
2022-11-11 15:16:35,993 [cuckoo.core.resultserver] DEBUG: Task #56: live log analysis.log initialized.
2022-11-11 15:16:40,681 [cuckoo.core.guest] DEBUG: 192.168.56.1011: analysis #56 still processing
2022-11-11 15:16:42,716 [cuckoo.core.resultserver] DEBUG: Task #56 is sending a BSON stream
2022-11-11 15:16:43,499 [cuckoo.core.resultserver] DEBUG: Task #56 is sending a BSON stream
2022-11-11 15:16:45,723 [cuckoo.core.guest] DEBUG: 192.168.56.1011: analysis #56 still processing
2022-11-11 15:16:50,747 [cuckoo.core.guest] DEBUG: 192.168.56.1011: analysis #56 still processing
2022-11-11 15:16:55,769 [cuckoo.core.guest] DEBUG: 192.168.56.1011: analysis #56 still processing
2022-11-11 15:16:59,621 [cuckoo.core.resultserver] DEBUG: Task #56 is sending a BSON stream
2022-11-11 15:17:00,200 [cuckoo.core.resultserver] DEBUG: Task #56 is sending a BSON stream
2022-11-11 15:17:00,794 [cuckoo.core.guest] DEBUG: 192.168.56.1011: analysis #56 still processing
2022-11-11 15:17:02,617 [cuckoo.core.resultserver] DEBUG: Task #56: File upload for 'memory/832-1.dmp'
2022-11-11 15:17:03,322 [cuckoo.core.resultserver] DEBUG: Task #56 uploaded file length: 33281088
2022-11-11 15:17:04,492 [cuckoo.core.resultserver] DEBUG: Task #56: File upload for 'memory/2696-1.dmp'
2022-11-11 15:17:04,934 [cuckoo.core.resultserver] DEBUG: Task #56 uploaded file length: 19800840
2022-11-11 15:17:05,828 [cuckoo.core.guest] DEBUG: 192.168.56.1011: analysis #56 still processing
2022-11-11 15:17:10,852 [cuckoo.core.guest] DEBUG: 192.168.56.1011: analysis #56 still processing
2022-11-11 15:17:15,879 [cuckoo.core.guest] DEBUG: 192.168.56.1011: analysis #56 still processing
2022-11-11 15:17:20,624 [cuckoo.core.resultserver] DEBUG: Task #56 is sending a BSON stream
2022-11-11 15:17:20,901 [cuckoo.core.guest] DEBUG: 192.168.56.1011: analysis #56 still processing
2022-11-11 15:17:21,326 [cuckoo.core.resultserver] DEBUG: Task #56 is sending a BSON stream
2022-11-11 15:17:25,936 [cuckoo.core.guest] DEBUG: 192.168.56.1011: analysis #56 still processing
2022-11-11 15:17:30,964 [cuckoo.core.guest] DEBUG: 192.168.56.1011: analysis #56 still processing
2022-11-11 15:17:35,995 [cuckoo.core.guest] DEBUG: 192.168.56.1011: analysis #56 still processing
2022-11-11 15:17:36,295 [cuckoo.core.resultserver] DEBUG: Task #56 is sending a BSON stream
2022-11-11 15:17:37,712 [cuckoo.core.resultserver] DEBUG: Task #56 is sending a BSON stream
2022-11-11 15:17:38,526 [cuckoo.core.resultserver] DEBUG: Task #56: File upload for 'files/f91dbb7c64b4582f_CrashpadMetrics.pma'
2022-11-11 15:17:38,603 [cuckoo.core.resultserver] DEBUG: Task #56 uploaded file length: 1048576
2022-11-11 15:17:41,028 [cuckoo.core.guest] DEBUG: 192.168.56.1011: analysis #56 still processing
2022-11-11 15:17:46,053 [cuckoo.core.guest] DEBUG: 192.168.56.1011: analysis #56 still processing
2022-11-11 15:17:51,079 [cuckoo.core.guest] DEBUG: 192.168.56.1011: analysis #56 still processing
2022-11-11 15:17:52,981 [cuckoo.core.resultserver] DEBUG: Task #56 is sending a BSON stream
2022-11-11 15:17:55,622 [cuckoo.core.resultserver] DEBUG: Task #56 is sending a BSON stream
2022-11-11 15:17:56,105 [cuckoo.core.guest] DEBUG: 192.168.56.1011: analysis #56 still processing
2022-11-11 15:17:56,591 [cuckoo.core.resultserver] DEBUG: Task #56 is sending a BSON stream
2022-11-11 15:18:01,130 [cuckoo.core.guest] DEBUG: 192.168.56.1011: analysis #56 still processing
2022-11-11 15:18:06,157 [cuckoo.core.guest] DEBUG: 192.168.56.1011: analysis #56 still processing
2022-11-11 15:18:10,546 [cuckoo.core.resultserver] DEBUG: Task #56 is sending a BSON stream
2022-11-11 15:18:11,186 [cuckoo.core.guest] DEBUG: 192.168.56.1011: analysis #56 still processing
2022-11-11 15:18:16,213 [cuckoo.core.guest] DEBUG: 192.168.56.1011: analysis #56 still processing
2022-11-11 15:18:21,241 [cuckoo.core.guest] DEBUG: 192.168.56.1011: analysis #56 still processing
2022-11-11 15:18:26,143 [cuckoo.core.resultserver] DEBUG: Task #56 is sending a BSON stream
2022-11-11 15:18:26,265 [cuckoo.core.guest] DEBUG: 192.168.56.1011: analysis #56 still processing
2022-11-11 15:18:31,290 [cuckoo.core.guest] DEBUG: 192.168.56.1011: analysis #56 still processing
2022-11-11 15:18:36,317 [cuckoo.core.guest] DEBUG: 192.168.56.1011: analysis #56 still processing
2022-11-11 15:18:41,340 [cuckoo.core.guest] DEBUG: 192.168.56.1011: analysis #56 still processing
2022-11-11 15:18:41,387 [cuckoo.core.resultserver] DEBUG: Task #56 is sending a BSON stream
2022-11-11 15:18:42,059 [cuckoo.core.resultserver] DEBUG: Task #56 is sending a BSON stream
2022-11-11 15:18:46,369 [cuckoo.core.guest] DEBUG: 192.168.56.1011: analysis #56 still processing
2022-11-11 15:18:47,659 [cuckoo.core.resultserver] DEBUG: Task #56: File upload for 'memory/2400-1.dmp'
2022-11-11 15:18:49,613 [cuckoo.core.resultserver] DEBUG: Task #56 uploaded file length: 59680104
2022-11-11 15:18:51,407 [cuckoo.core.guest] DEBUG: 192.168.56.1011: analysis #56 still processing
2022-11-11 15:18:53,217 [cuckoo.core.resultserver] DEBUG: Task #56: File upload for 'memory/832-2.dmp'
2022-11-11 15:18:55,983 [cuckoo.core.resultserver] DEBUG: Task #56 uploaded file length: 47531336
2022-11-11 15:18:56,465 [cuckoo.core.guest] DEBUG: 192.168.56.1011: analysis #56 still processing
2022-11-11 15:18:56,732 [cuckoo.core.resultserver] DEBUG: Task #56 is sending a BSON stream
2022-11-11 15:18:57,732 [cuckoo.core.resultserver] DEBUG: Task #56 is sending a BSON stream
2022-11-11 15:19:01,515 [cuckoo.core.guest] DEBUG: 192.168.56.1011: analysis #56 still processing
2022-11-11 15:19:03,014 [cuckoo.core.resultserver] DEBUG: Task #56: File upload for 'memory/832-3.dmp'
2022-11-11 15:19:04,788 [cuckoo.core.resultserver] DEBUG: Task #56: File upload for 'memory/2504-1.dmp'
2022-11-11 15:19:06,544 [cuckoo.core.guest] DEBUG: 192.168.56.1011: analysis #56 still processing
2022-11-11 15:19:07,558 [cuckoo.core.resultserver] DEBUG: Task #56 uploaded file length: 22852360
2022-11-11 15:19:08,584 [cuckoo.core.resultserver] DEBUG: Task #56 uploaded file length: 47531336
2022-11-11 15:19:10,954 [cuckoo.core.resultserver] DEBUG: Task #56: File upload for 'memory/2788-1.dmp'
2022-11-11 15:19:11,571 [cuckoo.core.guest] DEBUG: 192.168.56.1011: analysis #56 still processing
2022-11-11 15:19:12,731 [cuckoo.core.resultserver] DEBUG: Task #56: File upload for 'memory/2788-2.dmp'
2022-11-11 15:19:12,835 [cuckoo.core.resultserver] DEBUG: Task #56 uploaded file length: 25033496
2022-11-11 15:19:12,909 [cuckoo.core.resultserver] DEBUG: Task #56: File upload for 'files/6aed08355c5cf0b2_webbrowser.pyc'
2022-11-11 15:19:12,948 [cuckoo.core.resultserver] DEBUG: Task #56 uploaded file length: 19554
2022-11-11 15:19:12,981 [cuckoo.core.resultserver] DEBUG: Task #56: File upload for 'files/d1d2fde7c8701ff5_settings.dat'
2022-11-11 15:19:13,018 [cuckoo.core.resultserver] DEBUG: Task #56 uploaded file length: 40
2022-11-11 15:19:13,090 [cuckoo.core.resultserver] DEBUG: Task #56: File upload for 'files/5cd2c4d9f1352492_variations'
2022-11-11 15:19:13,138 [cuckoo.core.resultserver] DEBUG: Task #56 uploaded file length: 86
2022-11-11 15:19:13,252 [cuckoo.core.resultserver] DEBUG: Task #56: File upload for 'files/8dfd4d5b10b55aa9_debug.log'
2022-11-11 15:19:13,312 [cuckoo.core.resultserver] DEBUG: Task #56 uploaded file length: 109
2022-11-11 15:19:13,548 [cuckoo.core.resultserver] DEBUG: Task #56 uploaded file length: 10485760
2022-11-11 15:19:13,552 [cuckoo.core.resultserver] DEBUG: Task #56 had connection reset for <Context for LOG>
2022-11-11 15:19:13,580 [cuckoo.core.guest] INFO: 192.168.56.1011: analysis completed successfully
2022-11-11 15:19:13,587 [cuckoo.core.plugins] DEBUG: Stopped auxiliary module: Replay
2022-11-11 15:19:13,654 [cuckoo.core.plugins] DEBUG: Stopped auxiliary module: Sniffer
2022-11-11 15:19:13,655 [cuckoo.machinery.virtualbox] DEBUG: Stopping vm 192.168.56.1011
2022-11-11 15:19:14,909 [cuckoo.core.resultserver] DEBUG: Stopped tracking machine 192.168.56.101 for task #56
2022-11-11 15:19:14,944 [cuckoo.core.scheduler] DEBUG: Released database task #56
2022-11-11 15:19:14,956 [cuckoo.core.plugins] DEBUG: Executed processing module "AnalysisInfo" for task #56
2022-11-11 15:19:15,175 [cuckoo.core.plugins] DEBUG: Executed processing module "BehaviorAnalysis" for task #56
2022-11-11 15:19:15,206 [cuckoo.core.plugins] DEBUG: Executed processing module "Dropped" for task #56
2022-11-11 15:19:15,206 [cuckoo.core.plugins] DEBUG: Executed processing module "DroppedBuffer" for task #56
2022-11-11 15:19:18,039 [cuckoo.core.plugins] DEBUG: Executed processing module "MetaInfo" for task #56
2022-11-11 15:19:19,913 [cuckoo.core.plugins] DEBUG: Executed processing module "ProcessMemory" for task #56
2022-11-11 15:19:19,913 [cuckoo.core.plugins] DEBUG: Executed processing module "Procmon" for task #56
2022-11-11 15:19:19,913 [cuckoo.core.plugins] DEBUG: Executed processing module "Screenshots" for task #56
2022-11-11 15:19:19,915 [cuckoo.core.plugins] DEBUG: Executed processing module "Static" for task #56
2022-11-11 15:19:19,916 [cuckoo.core.plugins] DEBUG: Executed processing module "Strings" for task #56
2022-11-11 15:19:19,917 [cuckoo.core.plugins] DEBUG: Executed processing module "TargetInfo" for task #56
2022-11-11 15:19:39,950 [cuckoo.core.plugins] DEBUG: Executed processing module "NetworkAnalysis" for task #56
2022-11-11 15:19:39,951 [cuckoo.core.plugins] DEBUG: Executed processing module "Extracted" for task #56
2022-11-11 15:19:39,951 [cuckoo.core.plugins] DEBUG: Executed processing module "TLSMasterSecrets" for task #56
2022-11-11 15:19:39,953 [cuckoo.core.plugins] DEBUG: Executed processing module "Debug" for task #56
2022-11-11 15:19:39,967 [cuckoo.core.plugins] DEBUG: Running 542 signatures
2022-11-11 15:19:40,619 [cuckoo.core.plugins] DEBUG: Analysis matched signature: antivm_queries_computername
2022-11-11 15:19:40,620 [cuckoo.core.plugins] DEBUG: Analysis matched signature: applcation_raises_exception
2022-11-11 15:19:40,620 [cuckoo.core.plugins] DEBUG: Analysis matched signature: infostealer_browser
2022-11-11 15:19:40,620 [cuckoo.core.plugins] DEBUG: Analysis matched signature: checks_debugger
2022-11-11 15:19:40,620 [cuckoo.core.plugins] DEBUG: Analysis matched signature: console_output
2022-11-11 15:19:40,620 [cuckoo.core.plugins] DEBUG: Analysis matched signature: suspicious_process
2022-11-11 15:19:40,620 [cuckoo.core.plugins] DEBUG: Analysis matched signature: recon_fingerprint
2022-11-11 15:19:40,620 [cuckoo.core.plugins] DEBUG: Analysis matched signature: has_wmi
2022-11-11 15:19:40,620 [cuckoo.core.plugins] DEBUG: Analysis matched signature: locates_browser
2022-11-11 15:19:40,620 [cuckoo.core.plugins] DEBUG: Analysis matched signature: privilege_luid_check
2022-11-11 15:19:40,620 [cuckoo.core.plugins] DEBUG: Analysis matched signature: process_martian
2022-11-11 15:19:40,620 [cuckoo.core.plugins] DEBUG: Analysis matched signature: memdump_urls
2022-11-11 15:19:40,620 [cuckoo.core.plugins] DEBUG: Analysis matched signature: raises_exception
2022-11-11 15:19:40,620 [cuckoo.core.plugins] DEBUG: Analysis matched signature: injection_resumethread
2022-11-11 15:19:40,620 [cuckoo.core.plugins] DEBUG: Analysis matched signature: terminates_remote_process
2022-11-11 15:19:40,621 [cuckoo.core.plugins] DEBUG: Analysis matched signature: uses_windows_utilities
2022-11-11 15:19:41,738 [cuckoo.core.plugins] DEBUG: Executed reporting module "JsonDump"
2022-11-11 15:19:42,242 [cuckoo.core.plugins] DEBUG: Executed reporting module "MongoDB"
2022-11-11 15:19:42,242 [cuckoo.core.scheduler] INFO: Task #56: reports generation completed
2022-11-11 15:19:42,247 [cuckoo.core.scheduler] INFO: Task #56: analysis procedure completed
