2022-11-11 14:46:12,015 [analyzer] DEBUG: Starting analyzer from: C:\tmpgto74e
2022-11-11 14:46:12,015 [analyzer] DEBUG: Pipe server name: \??\PIPE\EzWVIfhBXvVQXWovUFtzE
2022-11-11 14:46:12,015 [analyzer] DEBUG: Log pipe server name: \??\PIPE\wVeiyPxpWyGLOtitfk
2022-11-11 14:46:12,140 [analyzer] DEBUG: Started auxiliary module DbgView
2022-11-11 14:46:18,780 [analyzer] DEBUG: Started auxiliary module Disguise
2022-11-11 14:46:19,125 [analyzer] DEBUG: Loaded monitor into process with pid 504
2022-11-11 14:46:19,140 [analyzer] DEBUG: Started auxiliary module DumpTLSMasterSecrets
2022-11-11 14:46:19,140 [analyzer] DEBUG: Started auxiliary module Human
2022-11-11 14:46:19,140 [analyzer] DEBUG: Started auxiliary module InstallCertificate
2022-11-11 14:46:19,140 [analyzer] DEBUG: Started auxiliary module Reboot
2022-11-11 14:46:19,437 [analyzer] DEBUG: Started auxiliary module RecentFiles
2022-11-11 14:46:19,453 [analyzer] DEBUG: Started auxiliary module Screenshots
2022-11-11 14:46:19,453 [analyzer] DEBUG: Started auxiliary module LoadZer0m0n
2022-11-11 14:46:19,453 [modules.auxiliary.screenshots] INFO: Python Image Library (either PIL or Pillow) is not installed, screenshots are disabled.
2022-11-11 14:46:19,780 [lib.api.process] INFO: Successfully executed process from path 'C:\\Python27\\python.exe' with arguments [u'C:\\Users\\ADMINI~1\\AppData\\Local\\Temp\\1-NV.py'] and pid 2416
2022-11-11 20:47:01,539 [analyzer] DEBUG: Loaded monitor into process with pid 2416
2022-11-11 20:47:01,928 [analyzer] INFO: Added new file to list with pid 2416 and path C:\Python27\Lib\webbrowser.pyc
2022-11-11 20:47:18,007 [analyzer] INFO: Injected into process with pid 2604 and name u'chrome.exe'
2022-11-11 20:47:18,382 [analyzer] DEBUG: Loaded monitor into process with pid 2604
2022-11-11 20:47:19,507 [lib.api.process] ERROR: Failed to dump memory of 64-bit process with pid 2604.
2022-11-11 20:47:20,023 [analyzer] INFO: Process with pid 2604 has terminated
2022-11-11 20:47:33,382 [analyzer] INFO: Injected into process with pid 1464 and name u'chrome.exe'
2022-11-11 20:47:33,773 [analyzer] DEBUG: Loaded monitor into process with pid 1464
2022-11-11 20:47:34,867 [lib.api.process] ERROR: Failed to dump memory of 64-bit process with pid 1464.
2022-11-11 20:47:35,023 [analyzer] INFO: Process with pid 1464 has terminated
2022-11-11 20:47:54,132 [lib.api.process] INFO: Memory dump of process with pid 2416 completed
2022-11-11 20:47:55,023 [analyzer] INFO: Process with pid 2416 has terminated
2022-11-11 20:47:55,023 [analyzer] INFO: Process list is empty, terminating analysis.
2022-11-11 20:47:56,053 [analyzer] INFO: Analysis completed.
