2022-11-11 13:41:29,015 [analyzer] DEBUG: Starting analyzer from: C:\tmpgto74e
2022-11-11 13:41:29,015 [analyzer] DEBUG: Pipe server name: \??\PIPE\wwrPgBLZBOwzaOcU
2022-11-11 13:41:29,015 [analyzer] DEBUG: Log pipe server name: \??\PIPE\ynWbEDAtZAFaneFrifNkIy
2022-11-11 13:41:29,108 [analyzer] DEBUG: Started auxiliary module DbgView
2022-11-11 13:41:35,500 [analyzer] DEBUG: Started auxiliary module Disguise
2022-11-11 13:41:35,812 [analyzer] DEBUG: Loaded monitor into process with pid 504
2022-11-11 13:41:35,828 [analyzer] DEBUG: Started auxiliary module DumpTLSMasterSecrets
2022-11-11 13:41:35,828 [analyzer] DEBUG: Started auxiliary module Human
2022-11-11 13:41:35,828 [analyzer] DEBUG: Started auxiliary module InstallCertificate
2022-11-11 13:41:35,828 [analyzer] DEBUG: Started auxiliary module Reboot
2022-11-11 13:41:36,062 [analyzer] DEBUG: Started auxiliary module RecentFiles
2022-11-11 13:41:36,062 [modules.auxiliary.screenshots] INFO: Python Image Library (either PIL or Pillow) is not installed, screenshots are disabled.
2022-11-11 13:41:36,062 [analyzer] DEBUG: Started auxiliary module Screenshots
2022-11-11 13:41:36,062 [analyzer] DEBUG: Started auxiliary module LoadZer0m0n
2022-11-11 13:41:36,328 [lib.api.process] INFO: Successfully executed process from path 'C:\\Python27\\python.exe' with arguments [u'C:\\Users\\ADMINI~1\\AppData\\Local\\Temp\\21-V.py'] and pid 2424
2022-11-11 13:41:36,796 [analyzer] DEBUG: Loaded monitor into process with pid 2424
2022-11-11 13:41:37,187 [analyzer] INFO: Added new file to list with pid 2424 and path C:\Python27\Lib\webbrowser.pyc
2022-11-11 20:18:43,523 [analyzer] INFO: Injected into process with pid 732 and name u'chrome.exe'
2022-11-11 20:18:43,868 [analyzer] DEBUG: Loaded monitor into process with pid 732
2022-11-11 20:18:44,211 [analyzer] INFO: Injected into process with pid 1712 and name u'chrome.exe'
2022-11-11 20:18:44,539 [analyzer] DEBUG: Loaded monitor into process with pid 1712
2022-11-11 20:18:44,805 [analyzer] INFO: Injected into process with pid 1656 and name u'chrome.exe'
2022-11-11 20:18:45,164 [analyzer] DEBUG: Loaded monitor into process with pid 1656
2022-11-11 20:18:46,398 [lib.api.process] ERROR: Failed to dump memory of 64-bit process with pid 1656.
2022-11-11 20:18:47,243 [analyzer] INFO: Process with pid 1656 has terminated
2022-11-11 20:18:47,446 [lib.api.process] ERROR: Failed to dump memory of 64-bit process with pid 1712.
2022-11-11 20:18:47,493 [analyzer] INFO: Added new file to list with pid 732 and path C:\Program Files\Google\Chrome\Application\debug.log
2022-11-11 20:18:48,243 [analyzer] INFO: Process with pid 1712 has terminated
2022-11-11 20:18:54,259 [analyzer] INFO: Added new file to list with pid 732 and path \Device\NamedPipe\wkssvc
2022-11-11 20:18:56,086 [analyzer] INFO: Added new file to list with pid 732 and path C:\Users\Administrator\AppData\Local\Google\Chrome\User Data\Variations
2022-11-11 20:18:59,009 [analyzer] INFO: Injected into process with pid 1192 and name u'chrome.exe'
2022-11-11 20:18:59,430 [analyzer] DEBUG: Loaded monitor into process with pid 1192
2022-11-11 20:18:59,993 [analyzer] INFO: Injected into process with pid 2184 and name u'chrome.exe'
2022-11-11 20:19:00,414 [analyzer] DEBUG: Loaded monitor into process with pid 2184
2022-11-11 20:19:00,884 [analyzer] INFO: Injected into process with pid 1676 and name u'chrome.exe'
2022-11-11 20:19:01,680 [analyzer] DEBUG: Loaded monitor into process with pid 1676
2022-11-11 20:19:04,305 [analyzer] INFO: Added new file to list with pid 1676 and path C:\Users\Administrator\AppData\Local\Temp\71eb8a06-0a5e-4c1f-9826-1593d7c017f2.tmp
2022-11-11 20:19:08,259 [lib.api.process] ERROR: Failed to dump memory of 64-bit process with pid 2184.
2022-11-11 20:19:08,648 [analyzer] INFO: Added new file to list with pid 1676 and path C:\Users\Administrator\AppData\Local\Google\Chrome\User Data\Crashpad\reports\0d05aafb-96d1-4b0e-a1e1-16a018e5d32e.dmp
2022-11-11 20:19:09,289 [analyzer] INFO: Added new file to list with pid 1676 and path C:\Users\Administrator\AppData\Local\Google\Chrome\User Data\Crashpad\metadata
2022-11-11 20:19:10,664 [lib.api.process] ERROR: Failed to dump memory of 64-bit process with pid 2184.
2022-11-11 20:19:11,461 [analyzer] INFO: Process with pid 2184 has terminated
2022-11-11 20:19:12,634 [lib.api.process] ERROR: Failed to dump memory of 64-bit process with pid 1676.
2022-11-11 20:19:13,539 [analyzer] INFO: Process with pid 1676 has terminated
2022-11-11 20:19:14,805 [analyzer] INFO: Injected into process with pid 424 and name u'chrome.exe'
2022-11-11 20:19:15,476 [analyzer] DEBUG: Loaded monitor into process with pid 424
2022-11-11 20:19:16,634 [analyzer] INFO: Injected into process with pid 2392 and name u'chrome.exe'
2022-11-11 20:19:17,321 [analyzer] DEBUG: Loaded monitor into process with pid 2392
2022-11-11 20:19:18,243 [analyzer] INFO: Injected into process with pid 2564 and name u'chrome.exe'
2022-11-11 20:19:19,086 [analyzer] DEBUG: Loaded monitor into process with pid 2564
2022-11-11 20:19:22,321 [lib.api.process] ERROR: Failed to dump memory of 64-bit process with pid 2564.
2022-11-11 20:19:23,071 [analyzer] INFO: Process with pid 2564 has terminated
2022-11-11 20:19:24,805 [lib.api.process] ERROR: Failed to dump memory of 64-bit process with pid 2392.
2022-11-11 20:19:25,071 [analyzer] INFO: Process with pid 2392 has terminated
2022-11-11 20:19:26,226 [modules.auxiliary.human] INFO: Found button u'Check online for a solution and close the program', clicking it
2022-11-11 20:19:27,226 [modules.auxiliary.human] INFO: Found button u'Close the program', clicking it
2022-11-11 20:19:30,898 [analyzer] INFO: Injected into process with pid 336 and name u'chrome.exe'
2022-11-11 20:19:31,618 [analyzer] DEBUG: Loaded monitor into process with pid 336
2022-11-11 20:19:35,884 [lib.api.process] ERROR: Failed to dump memory of 64-bit process with pid 336.
2022-11-11 20:19:36,351 [analyzer] INFO: Process with pid 336 has terminated
2022-11-11 20:19:47,305 [analyzer] INFO: Injected into process with pid 796 and name u'chrome.exe'
2022-11-11 20:19:48,711 [analyzer] DEBUG: Loaded monitor into process with pid 796
2022-11-11 20:19:51,789 [lib.api.process] ERROR: Failed to dump memory of 64-bit process with pid 796.
2022-11-11 20:19:52,743 [analyzer] INFO: Process with pid 796 has terminated
2022-11-11 20:19:56,664 [modules.auxiliary.human] INFO: Found button u'Check online for a solution and close the program', clicking it
2022-11-11 20:19:57,664 [modules.auxiliary.human] INFO: Found button u'Close the program', clicking it
2022-11-11 20:19:59,930 [analyzer] INFO: Process with pid 732 has terminated
2022-11-11 20:20:02,509 [analyzer] INFO: Injected into process with pid 1108 and name u'cmd.exe'
2022-11-11 20:20:02,851 [analyzer] DEBUG: Loaded monitor into process with pid 1108
2022-11-11 20:20:03,039 [analyzer] INFO: Injected into process with pid 2296 and name u'notepad.exe'
2022-11-11 20:20:03,071 [modules.auxiliary.human] INFO: Found button u'Check online for a solution and close the program', clicking it
2022-11-11 20:20:03,461 [analyzer] DEBUG: Loaded monitor into process with pid 2296
2022-11-11 20:20:04,071 [modules.auxiliary.human] INFO: Found button u'Close the program', clicking it
2022-11-11 20:20:06,446 [lib.api.process] INFO: Memory dump of process with pid 2296 completed
2022-11-11 20:20:08,180 [lib.api.process] INFO: Memory dump of process with pid 1108 completed
2022-11-11 20:20:09,055 [analyzer] INFO: Process with pid 1108 has terminated
2022-11-11 20:20:26,036 [analyzer] INFO: Process with pid 1192 has terminated
2022-11-11 20:20:26,417 [analyzer] INFO: Injected into process with pid 2956 and name u'chrome.exe'
2022-11-11 20:20:26,726 [analyzer] DEBUG: Loaded monitor into process with pid 2956
2022-11-11 20:20:27,654 [lib.api.process] ERROR: Failed to dump memory of 64-bit process with pid 2956.
2022-11-11 20:20:27,836 [analyzer] INFO: Analysis timeout hit, terminating analysis.
2022-11-11 20:20:32,045 [lib.api.process] INFO: Memory dump of process with pid 2424 completed
2022-11-11 20:20:32,045 [lib.api.process] WARNING: The process with pid 424 is not alive, memory dump aborted
2022-11-11 20:20:34,727 [lib.api.process] INFO: Memory dump of process with pid 2296 completed
2022-11-11 20:20:34,727 [lib.api.process] WARNING: The process with pid 2956 is not alive, memory dump aborted
2022-11-11 20:20:34,855 [analyzer] WARNING: File at path u'c:\\users\\administrator\\appdata\\local\\temp\\71eb8a06-0a5e-4c1f-9826-1593d7c017f2.tmp' does not exist, skip.
2022-11-11 20:20:34,855 [analyzer] WARNING: File at path u'\\device\\namedpipe\\wkssvc' does not exist, skip.
2022-11-11 20:20:34,930 [analyzer] INFO: Analysis completed.
