2022-11-11 15:22:20,153 [cuckoo.core.scheduler] INFO: Task #58: acquired machine 192.168.56.1011 (label=192.168.56.1011)
2022-11-11 15:22:20,153 [cuckoo.core.resultserver] DEBUG: Now tracking machine 192.168.56.101 for task #58
2022-11-11 15:22:20,153 [cuckoo.core.plugins] DEBUG: Started auxiliary module: Replay
2022-11-11 15:22:20,166 [cuckoo.auxiliary.sniffer] INFO: Started sniffer with PID 16854 (interface=vboxnet0, host=192.168.56.101)
2022-11-11 15:22:20,166 [cuckoo.core.plugins] DEBUG: Started auxiliary module: Sniffer
2022-11-11 15:22:20,245 [cuckoo.machinery.virtualbox] DEBUG: Starting vm 192.168.56.1011
2022-11-11 15:22:20,407 [cuckoo.machinery.virtualbox] DEBUG: Restoring virtual machine 192.168.56.1011 to its current snapshot
2022-11-11 15:22:22,644 [cuckoo.core.guest] INFO: Starting analysis #58 on guest (id=192.168.56.1011, ip=192.168.56.101)
2022-11-11 15:22:23,647 [cuckoo.core.guest] DEBUG: 192.168.56.1011: not ready yet
2022-11-11 15:22:24,649 [cuckoo.core.guest] DEBUG: 192.168.56.1011: not ready yet
2022-11-11 15:22:25,652 [cuckoo.core.guest] DEBUG: 192.168.56.1011: not ready yet
2022-11-11 15:22:26,654 [cuckoo.core.guest] DEBUG: 192.168.56.1011: not ready yet
2022-11-11 15:22:27,657 [cuckoo.core.guest] DEBUG: 192.168.56.1011: not ready yet
2022-11-11 15:22:28,660 [cuckoo.core.guest] DEBUG: 192.168.56.1011: not ready yet
2022-11-11 15:22:29,663 [cuckoo.core.guest] DEBUG: 192.168.56.1011: not ready yet
2022-11-11 15:22:30,665 [cuckoo.core.guest] DEBUG: 192.168.56.1011: not ready yet
2022-11-11 15:22:31,667 [cuckoo.core.guest] DEBUG: 192.168.56.1011: not ready yet
2022-11-11 15:22:32,671 [cuckoo.core.guest] DEBUG: 192.168.56.1011: not ready yet
2022-11-11 15:22:33,673 [cuckoo.core.guest] DEBUG: 192.168.56.1011: not ready yet
2022-11-11 15:22:34,675 [cuckoo.core.guest] DEBUG: 192.168.56.1011: not ready yet
2022-11-11 15:22:35,678 [cuckoo.core.guest] DEBUG: 192.168.56.1011: not ready yet
2022-11-11 15:22:36,681 [cuckoo.core.guest] DEBUG: 192.168.56.1011: not ready yet
2022-11-11 15:22:37,683 [cuckoo.core.guest] DEBUG: 192.168.56.1011: not ready yet
2022-11-11 15:22:38,686 [cuckoo.core.guest] DEBUG: 192.168.56.1011: not ready yet
2022-11-11 15:22:39,689 [cuckoo.core.guest] DEBUG: 192.168.56.1011: not ready yet
2022-11-11 15:22:40,691 [cuckoo.core.guest] DEBUG: 192.168.56.1011: not ready yet
2022-11-11 15:22:41,694 [cuckoo.core.guest] DEBUG: 192.168.56.1011: not ready yet
2022-11-11 15:22:42,696 [cuckoo.core.guest] DEBUG: 192.168.56.1011: not ready yet
2022-11-11 15:22:43,699 [cuckoo.core.guest] DEBUG: 192.168.56.1011: not ready yet
2022-11-11 15:22:44,704 [cuckoo.core.guest] DEBUG: 192.168.56.1011: not ready yet
2022-11-11 15:22:45,709 [cuckoo.core.guest] DEBUG: 192.168.56.1011: not ready yet
2022-11-11 15:22:45,751 [cuckoo.core.guest] DEBUG: 192.168.56.1011: not ready yet
2022-11-11 15:22:47,755 [cuckoo.core.guest] DEBUG: 192.168.56.1011: not ready yet
2022-11-11 15:22:48,757 [cuckoo.core.guest] DEBUG: 192.168.56.1011: not ready yet
2022-11-11 15:22:49,760 [cuckoo.core.guest] DEBUG: 192.168.56.1011: not ready yet
2022-11-11 15:22:49,816 [cuckoo.core.guest] DEBUG: 192.168.56.1011: not ready yet
2022-11-11 15:22:51,823 [cuckoo.core.guest] DEBUG: 192.168.56.1011: not ready yet
2022-11-11 15:22:52,825 [cuckoo.core.guest] DEBUG: 192.168.56.1011: not ready yet
2022-11-11 15:22:53,828 [cuckoo.core.guest] DEBUG: 192.168.56.1011: not ready yet
2022-11-11 15:22:53,880 [cuckoo.core.guest] DEBUG: 192.168.56.1011: not ready yet
2022-11-11 15:22:55,884 [cuckoo.core.guest] DEBUG: 192.168.56.1011: not ready yet
2022-11-11 15:22:56,887 [cuckoo.core.guest] DEBUG: 192.168.56.1011: not ready yet
2022-11-11 15:22:57,890 [cuckoo.core.guest] DEBUG: 192.168.56.1011: not ready yet
2022-11-11 15:22:57,943 [cuckoo.core.guest] DEBUG: 192.168.56.1011: not ready yet
2022-11-11 15:22:58,952 [cuckoo.core.guest] INFO: Guest is running Cuckoo Agent 0.10 (id=192.168.56.1011, ip=192.168.56.101)
2022-11-11 15:22:58,964 [cuckoo.core.guest] DEBUG: Uploading analyzer to guest (id=192.168.56.1011, ip=192.168.56.101, monitor=latest, size=3884763)
2022-11-11 15:22:59,948 [cuckoo.core.resultserver] DEBUG: Task #58: live log analysis.log initialized.
2022-11-11 15:23:04,628 [cuckoo.core.guest] DEBUG: 192.168.56.1011: analysis #58 still processing
2022-11-11 15:23:06,749 [cuckoo.core.resultserver] DEBUG: Task #58 is sending a BSON stream
2022-11-11 15:23:07,535 [cuckoo.core.resultserver] DEBUG: Task #58 is sending a BSON stream
2022-11-11 15:23:09,654 [cuckoo.core.guest] DEBUG: 192.168.56.1011: analysis #58 still processing
2022-11-11 15:23:14,677 [cuckoo.core.guest] DEBUG: 192.168.56.1011: analysis #58 still processing
2022-11-11 15:23:19,700 [cuckoo.core.guest] DEBUG: 192.168.56.1011: analysis #58 still processing
2022-11-11 15:23:24,308 [cuckoo.core.resultserver] DEBUG: Task #58 is sending a BSON stream
2022-11-11 15:23:24,725 [cuckoo.core.guest] DEBUG: 192.168.56.1011: analysis #58 still processing
2022-11-11 15:23:24,981 [cuckoo.core.resultserver] DEBUG: Task #58 is sending a BSON stream
2022-11-11 15:23:29,756 [cuckoo.core.guest] DEBUG: 192.168.56.1011: analysis #58 still processing
2022-11-11 15:23:34,785 [cuckoo.core.guest] DEBUG: 192.168.56.1011: analysis #58 still processing
2022-11-11 15:23:39,814 [cuckoo.core.guest] DEBUG: 192.168.56.1011: analysis #58 still processing
2022-11-11 15:23:40,282 [cuckoo.core.resultserver] DEBUG: Task #58 is sending a BSON stream
2022-11-11 15:23:44,863 [cuckoo.core.guest] DEBUG: 192.168.56.1011: analysis #58 still processing
2022-11-11 15:23:49,891 [cuckoo.core.guest] DEBUG: 192.168.56.1011: analysis #58 still processing
2022-11-11 15:23:54,916 [cuckoo.core.guest] DEBUG: 192.168.56.1011: analysis #58 still processing
2022-11-11 15:23:55,589 [cuckoo.core.resultserver] DEBUG: Task #58 is sending a BSON stream
2022-11-11 15:23:59,974 [cuckoo.core.guest] DEBUG: 192.168.56.1011: analysis #58 still processing
2022-11-11 15:24:05,000 [cuckoo.core.guest] DEBUG: 192.168.56.1011: analysis #58 still processing
2022-11-11 15:24:10,054 [cuckoo.core.guest] DEBUG: 192.168.56.1011: analysis #58 still processing
2022-11-11 15:24:10,918 [cuckoo.core.resultserver] DEBUG: Task #58 is sending a BSON stream
2022-11-11 15:24:11,923 [cuckoo.core.resultserver] DEBUG: Task #58 is sending a BSON stream
2022-11-11 15:24:12,626 [cuckoo.core.resultserver] DEBUG: Task #58: File upload for 'files/f91dbb7c64b4582f_CrashpadMetrics.pma'
2022-11-11 15:24:12,652 [cuckoo.core.resultserver] DEBUG: Task #58 uploaded file length: 1048576
2022-11-11 15:24:15,084 [cuckoo.core.guest] DEBUG: 192.168.56.1011: analysis #58 still processing
2022-11-11 15:24:20,111 [cuckoo.core.guest] DEBUG: 192.168.56.1011: analysis #58 still processing
2022-11-11 15:24:25,149 [cuckoo.core.guest] DEBUG: 192.168.56.1011: analysis #58 still processing
2022-11-11 15:24:26,963 [cuckoo.core.resultserver] DEBUG: Task #58 is sending a BSON stream
2022-11-11 15:24:30,176 [cuckoo.core.guest] DEBUG: 192.168.56.1011: analysis #58 still processing
2022-11-11 15:24:35,203 [cuckoo.core.guest] DEBUG: 192.168.56.1011: analysis #58 still processing
2022-11-11 15:24:40,231 [cuckoo.core.guest] DEBUG: 192.168.56.1011: analysis #58 still processing
2022-11-11 15:24:43,276 [cuckoo.core.resultserver] DEBUG: Task #58 is sending a BSON stream
2022-11-11 15:24:45,277 [cuckoo.core.guest] DEBUG: 192.168.56.1011: analysis #58 still processing
2022-11-11 15:24:50,330 [cuckoo.core.guest] DEBUG: 192.168.56.1011: analysis #58 still processing
2022-11-11 15:24:55,399 [cuckoo.core.guest] DEBUG: 192.168.56.1011: analysis #58 still processing
2022-11-11 15:24:58,839 [cuckoo.core.resultserver] DEBUG: Task #58 is sending a BSON stream
2022-11-11 15:25:00,425 [cuckoo.core.guest] DEBUG: 192.168.56.1011: analysis #58 still processing
2022-11-11 15:25:05,456 [cuckoo.core.guest] DEBUG: 192.168.56.1011: analysis #58 still processing
2022-11-11 15:25:10,499 [cuckoo.core.guest] DEBUG: 192.168.56.1011: analysis #58 still processing
2022-11-11 15:25:13,220 [cuckoo.core.resultserver] DEBUG: Task #58: File upload for 'memory/2436-1.dmp'
2022-11-11 15:25:15,542 [cuckoo.core.guest] DEBUG: 192.168.56.1011: analysis #58 still processing
2022-11-11 15:25:16,311 [cuckoo.core.resultserver] DEBUG: Task #58 uploaded file length: 59847992
2022-11-11 15:25:16,416 [cuckoo.core.resultserver] DEBUG: Task #58: File upload for 'files/6aed08355c5cf0b2_webbrowser.pyc'
2022-11-11 15:25:16,519 [cuckoo.core.resultserver] DEBUG: Task #58 uploaded file length: 19554
2022-11-11 15:25:16,605 [cuckoo.core.resultserver] DEBUG: Task #58: File upload for 'files/d1d2fde7c8701ff5_settings.dat'
2022-11-11 15:25:16,705 [cuckoo.core.resultserver] DEBUG: Task #58 uploaded file length: 40
2022-11-11 15:25:16,821 [cuckoo.core.resultserver] DEBUG: Task #58: File upload for 'files/2741df9ee9e9d988_variations'
2022-11-11 15:25:16,859 [cuckoo.core.resultserver] DEBUG: Task #58 uploaded file length: 86
2022-11-11 15:25:16,956 [cuckoo.core.resultserver] DEBUG: Task #58 is sending a BSON stream
2022-11-11 15:25:19,192 [cuckoo.core.resultserver] DEBUG: Task #58: File upload for 'files/2d2c13009d29cb6b_a03d0092-224c-4188-8011-6e1b295fb9e6.dmp'
2022-11-11 15:25:20,183 [cuckoo.core.resultserver] DEBUG: Task #58 uploaded file length: 8820664
2022-11-11 15:25:20,235 [cuckoo.core.resultserver] DEBUG: Task #58 had connection reset for <Context for LOG>
2022-11-11 15:25:20,595 [cuckoo.core.guest] INFO: 192.168.56.1011: analysis completed successfully
2022-11-11 15:25:20,911 [cuckoo.core.plugins] DEBUG: Stopped auxiliary module: Replay
2022-11-11 15:25:20,962 [cuckoo.core.plugins] DEBUG: Stopped auxiliary module: Sniffer
2022-11-11 15:25:20,963 [cuckoo.machinery.virtualbox] DEBUG: Stopping vm 192.168.56.1011
2022-11-11 15:25:22,201 [cuckoo.core.resultserver] DEBUG: Stopped tracking machine 192.168.56.101 for task #58
2022-11-11 15:25:22,240 [cuckoo.core.scheduler] DEBUG: Released database task #58
2022-11-11 15:25:22,253 [cuckoo.core.plugins] DEBUG: Executed processing module "AnalysisInfo" for task #58
2022-11-11 15:25:22,478 [cuckoo.core.plugins] DEBUG: Executed processing module "BehaviorAnalysis" for task #58
2022-11-11 15:25:22,659 [cuckoo.core.plugins] DEBUG: Executed processing module "Dropped" for task #58
2022-11-11 15:25:22,659 [cuckoo.core.plugins] DEBUG: Executed processing module "DroppedBuffer" for task #58
2022-11-11 15:25:23,375 [cuckoo.core.plugins] DEBUG: Executed processing module "MetaInfo" for task #58
2022-11-11 15:25:23,815 [cuckoo.core.plugins] DEBUG: Executed processing module "ProcessMemory" for task #58
2022-11-11 15:25:23,815 [cuckoo.core.plugins] DEBUG: Executed processing module "Procmon" for task #58
2022-11-11 15:25:23,815 [cuckoo.core.plugins] DEBUG: Executed processing module "Screenshots" for task #58
2022-11-11 15:25:23,818 [cuckoo.core.plugins] DEBUG: Executed processing module "Static" for task #58
2022-11-11 15:25:23,818 [cuckoo.core.plugins] DEBUG: Executed processing module "Strings" for task #58
2022-11-11 15:25:23,820 [cuckoo.core.plugins] DEBUG: Executed processing module "TargetInfo" for task #58
2022-11-11 15:25:24,015 [cuckoo.core.plugins] DEBUG: Executed processing module "NetworkAnalysis" for task #58
2022-11-11 15:25:24,015 [cuckoo.core.plugins] DEBUG: Executed processing module "Extracted" for task #58
2022-11-11 15:25:24,015 [cuckoo.core.plugins] DEBUG: Executed processing module "TLSMasterSecrets" for task #58
2022-11-11 15:25:24,018 [cuckoo.core.plugins] DEBUG: Executed processing module "Debug" for task #58
2022-11-11 15:25:24,032 [cuckoo.core.plugins] DEBUG: Running 542 signatures
2022-11-11 15:25:24,606 [cuckoo.core.plugins] DEBUG: Analysis matched signature: dead_host
2022-11-11 15:25:24,606 [cuckoo.core.plugins] DEBUG: Analysis matched signature: network_cnc_http
2022-11-11 15:25:24,606 [cuckoo.core.plugins] DEBUG: Analysis matched signature: network_http
2022-11-11 15:25:24,606 [cuckoo.core.plugins] DEBUG: Analysis matched signature: network_http_post
2022-11-11 15:25:24,606 [cuckoo.core.plugins] DEBUG: Analysis matched signature: applcation_raises_exception
2022-11-11 15:25:24,606 [cuckoo.core.plugins] DEBUG: Analysis matched signature: infostealer_browser
2022-11-11 15:25:24,606 [cuckoo.core.plugins] DEBUG: Analysis matched signature: checks_debugger
2022-11-11 15:25:24,606 [cuckoo.core.plugins] DEBUG: Analysis matched signature: console_output
2022-11-11 15:25:24,606 [cuckoo.core.plugins] DEBUG: Analysis matched signature: recon_fingerprint
2022-11-11 15:25:24,607 [cuckoo.core.plugins] DEBUG: Analysis matched signature: locates_browser
2022-11-11 15:25:24,607 [cuckoo.core.plugins] DEBUG: Analysis matched signature: antivm_memory_available
2022-11-11 15:25:24,607 [cuckoo.core.plugins] DEBUG: Analysis matched signature: process_martian
2022-11-11 15:25:24,607 [cuckoo.core.plugins] DEBUG: Analysis matched signature: memdump_urls
2022-11-11 15:25:24,607 [cuckoo.core.plugins] DEBUG: Analysis matched signature: raises_exception
2022-11-11 15:25:24,607 [cuckoo.core.plugins] DEBUG: Analysis matched signature: injection_resumethread
2022-11-11 15:25:25,733 [cuckoo.core.plugins] DEBUG: Executed reporting module "JsonDump"
2022-11-11 15:25:26,294 [cuckoo.core.plugins] DEBUG: Executed reporting module "MongoDB"
2022-11-11 15:25:26,295 [cuckoo.core.scheduler] INFO: Task #58: reports generation completed
2022-11-11 15:25:26,299 [cuckoo.core.scheduler] INFO: Task #58: analysis procedure completed
