2022-11-11 14:46:12,015 [analyzer] DEBUG: Starting analyzer from: C:\tmpgto74e
2022-11-11 14:46:12,015 [analyzer] DEBUG: Pipe server name: \??\PIPE\VKlkjJtqPSOoGBjUWyN
2022-11-11 14:46:12,015 [analyzer] DEBUG: Log pipe server name: \??\PIPE\rFNUkARIbfqwpFLSKGUzGRTqUvuKZ
2022-11-11 14:46:12,078 [analyzer] DEBUG: Started auxiliary module DbgView
2022-11-11 14:46:18,875 [analyzer] DEBUG: Started auxiliary module Disguise
2022-11-11 14:46:19,171 [analyzer] DEBUG: Loaded monitor into process with pid 504
2022-11-11 14:46:19,187 [analyzer] DEBUG: Started auxiliary module DumpTLSMasterSecrets
2022-11-11 14:46:19,187 [analyzer] DEBUG: Started auxiliary module Human
2022-11-11 14:46:19,187 [analyzer] DEBUG: Started auxiliary module InstallCertificate
2022-11-11 14:46:19,187 [analyzer] DEBUG: Started auxiliary module Reboot
2022-11-11 14:46:19,405 [analyzer] DEBUG: Started auxiliary module RecentFiles
2022-11-11 14:46:19,405 [modules.auxiliary.screenshots] INFO: Python Image Library (either PIL or Pillow) is not installed, screenshots are disabled.
2022-11-11 14:46:19,405 [analyzer] DEBUG: Started auxiliary module Screenshots
2022-11-11 14:46:19,405 [analyzer] DEBUG: Started auxiliary module LoadZer0m0n
2022-11-11 14:46:19,687 [lib.api.process] INFO: Successfully executed process from path 'C:\\Python27\\python.exe' with arguments [u'C:\\Users\\ADMINI~1\\AppData\\Local\\Temp\\5-NV.py'] and pid 2436
2022-11-11 14:46:20,233 [analyzer] DEBUG: Loaded monitor into process with pid 2436
2022-11-11 20:51:02,599 [analyzer] INFO: Added new file to list with pid 2436 and path C:\Python27\Lib\webbrowser.pyc
2022-11-11 20:51:18,756 [analyzer] INFO: Injected into process with pid 732 and name u'chrome.exe'
2022-11-11 20:51:19,131 [analyzer] DEBUG: Loaded monitor into process with pid 732
2022-11-11 20:51:19,474 [analyzer] INFO: Injected into process with pid 1676 and name u'chrome.exe'
2022-11-11 20:51:19,834 [analyzer] DEBUG: Loaded monitor into process with pid 1676
2022-11-11 20:51:20,099 [analyzer] INFO: Injected into process with pid 1236 and name u'chrome.exe'
2022-11-11 20:51:20,444 [analyzer] DEBUG: Loaded monitor into process with pid 1236
2022-11-11 20:51:22,272 [analyzer] INFO: Added new file to list with pid 1236 and path C:\Users\Administrator\AppData\Local\Temp\75b4d13a-453c-4121-889d-eb5970e771b7.tmp
2022-11-11 20:51:25,865 [lib.api.process] ERROR: Failed to dump memory of 64-bit process with pid 1676.
2022-11-11 20:51:26,256 [analyzer] INFO: Added new file to list with pid 1236 and path C:\Users\Administrator\AppData\Local\Google\Chrome\User Data\Crashpad\reports\b76d8f6a-f07d-4c3b-a9ae-e313b6845718.dmp
2022-11-11 20:51:26,913 [analyzer] INFO: Added new file to list with pid 1236 and path C:\Users\Administrator\AppData\Local\Google\Chrome\User Data\Crashpad\metadata
2022-11-11 20:51:28,131 [lib.api.process] ERROR: Failed to dump memory of 64-bit process with pid 1676.
2022-11-11 20:51:28,552 [analyzer] INFO: Process with pid 1676 has terminated
2022-11-11 20:51:30,006 [lib.api.process] ERROR: Failed to dump memory of 64-bit process with pid 1236.
2022-11-11 20:51:30,069 [analyzer] INFO: Added new file to list with pid 732 and path C:\Program Files\Google\Chrome\Application\debug.log
2022-11-11 20:51:30,552 [analyzer] INFO: Process with pid 1236 has terminated
2022-11-11 20:51:34,584 [analyzer] INFO: Injected into process with pid 2172 and name u'chrome.exe'
2022-11-11 20:51:35,022 [analyzer] DEBUG: Loaded monitor into process with pid 2172
2022-11-11 20:51:35,724 [analyzer] INFO: Injected into process with pid 2256 and name u'chrome.exe'
2022-11-11 20:51:36,131 [analyzer] DEBUG: Loaded monitor into process with pid 2256
2022-11-11 20:51:36,552 [analyzer] INFO: Added new file to list with pid 2256 and path \Device\NamedPipe\crashpad_2172_FJCVETTFBZTIXBJE
2022-11-11 20:51:36,647 [analyzer] INFO: Added new file to list with pid 2172 and path C:\Users\Administrator\AppData\Local\Google\Chrome\User Data\Crashpad\settings.dat
2022-11-11 20:51:37,677 [analyzer] INFO: Added new file to list with pid 732 and path \Device\NamedPipe\wkssvc
2022-11-11 20:51:40,069 [analyzer] INFO: Added new file to list with pid 732 and path C:\Users\Administrator\AppData\Local\Google\Chrome\User Data\Variations
2022-11-11 20:51:50,413 [analyzer] INFO: Injected into process with pid 2868 and name u'cmd.exe'
2022-11-11 20:51:51,365 [analyzer] DEBUG: Loaded monitor into process with pid 2868
2022-11-11 20:51:52,288 [analyzer] INFO: Injected into process with pid 2940 and name u'notepad.exe'
2022-11-11 20:51:53,240 [analyzer] DEBUG: Loaded monitor into process with pid 2940
2022-11-11 20:52:13,209 [lib.api.process] INFO: Memory dump of process with pid 2940 completed
2022-11-11 20:52:14,272 [modules.auxiliary.human] INFO: Found button u'Check online for a solution and close the program', clicking it
2022-11-11 20:52:15,349 [modules.auxiliary.human] INFO: Found button u'Close the program', clicking it
2022-11-11 20:52:15,944 [lib.api.process] INFO: Memory dump of process with pid 2868 completed
2022-11-11 20:52:15,974 [analyzer] INFO: Process with pid 2868 has terminated
2022-11-11 20:52:17,413 [modules.auxiliary.human] INFO: Found button u'Check online for a solution and close the program', clicking it
2022-11-11 20:52:18,413 [modules.auxiliary.human] INFO: Found button u'Close the program', clicking it
2022-11-11 20:52:46,720 [analyzer] INFO: Process with pid 2172 has terminated
2022-11-11 20:52:47,621 [analyzer] INFO: Process with pid 732 has terminated
2022-11-11 20:52:48,464 [lib.api.process] ERROR: Failed to dump memory of 64-bit process with pid 2256.
2022-11-11 20:52:48,632 [analyzer] INFO: Process with pid 2256 has terminated
2022-11-11 20:52:49,604 [analyzer] INFO: Injected into process with pid 2656 and name u'cmd.exe'
2022-11-11 20:52:49,940 [analyzer] DEBUG: Loaded monitor into process with pid 2656
2022-11-11 20:52:50,194 [analyzer] INFO: Injected into process with pid 2636 and name u'taskkill.exe'
2022-11-11 20:52:50,657 [analyzer] DEBUG: Loaded monitor into process with pid 2636
2022-11-11 20:52:55,394 [lib.api.process] INFO: Memory dump of process with pid 2940 completed
2022-11-11 20:52:55,812 [analyzer] INFO: Process with pid 2940 has terminated
2022-11-11 20:52:57,710 [lib.api.process] INFO: Memory dump of process with pid 2636 completed
2022-11-11 20:52:58,242 [analyzer] INFO: Process with pid 2636 has terminated
2022-11-11 20:52:59,736 [lib.api.process] INFO: Memory dump of process with pid 2656 completed
2022-11-11 20:52:59,861 [analyzer] INFO: Process with pid 2656 has terminated
2022-11-11 20:53:03,101 [analyzer] INFO: Analysis timeout hit, terminating analysis.
2022-11-11 20:53:03,766 [analyzer] ERROR: Pipe command handler exception occurred (command KILL args '2436').
Traceback (most recent call last):
  File "C:/tmpgto74e/analyzer.py", line 405, in dispatch
    response = fn(arguments)
  File "C:/tmpgto74e/analyzer.py", line 339, in _handle_kill
    dump_memory(int(data))
  File "C:\tmpgto74e\lib\common\decide.py", line 11, in dump_memory
    Process(pid=pid).dump_memory()
  File "C:\tmpgto74e\lib\api\process.py", line 579, in dump_memory
    os.unlink(dump_path)
WindowsError: [Error 32] The process cannot access the file because it is being used by another process: 'c:\\users\\admini~1\\appdata\\local\\temp\\tmp8zilmq'
2022-11-11 20:53:04,085 [lib.api.process] ERROR: Failed to dump memory of 64-bit process with pid 2436.
2022-11-11 20:53:04,210 [analyzer] WARNING: File at path u'\\device\\namedpipe\\crashpad_2172_fjcvettfbztixbje' does not exist, skip.
2022-11-11 20:53:04,210 [analyzer] WARNING: File at path u'\\device\\namedpipe\\wkssvc' does not exist, skip.
2022-11-11 20:53:04,290 [analyzer] WARNING: File at path u'c:\\users\\administrator\\appdata\\local\\temp\\75b4d13a-453c-4121-889d-eb5970e771b7.tmp' does not exist, skip.
2022-11-11 20:53:04,290 [analyzer] INFO: Analysis completed.
