2022-11-11 14:50:13,844 [cuckoo.core.scheduler] INFO: Task #47: acquired machine 192.168.56.1011 (label=192.168.56.1011)
2022-11-11 14:50:13,846 [cuckoo.core.resultserver] DEBUG: Now tracking machine 192.168.56.101 for task #47
2022-11-11 14:50:13,846 [cuckoo.core.plugins] DEBUG: Started auxiliary module: Replay
2022-11-11 14:50:13,855 [cuckoo.auxiliary.sniffer] INFO: Started sniffer with PID 14091 (interface=vboxnet0, host=192.168.56.101)
2022-11-11 14:50:13,855 [cuckoo.core.plugins] DEBUG: Started auxiliary module: Sniffer
2022-11-11 14:50:13,934 [cuckoo.machinery.virtualbox] DEBUG: Starting vm 192.168.56.1011
2022-11-11 14:50:14,095 [cuckoo.machinery.virtualbox] DEBUG: Restoring virtual machine 192.168.56.1011 to its current snapshot
2022-11-11 14:50:16,602 [cuckoo.core.guest] INFO: Starting analysis #47 on guest (id=192.168.56.1011, ip=192.168.56.101)
2022-11-11 14:50:17,605 [cuckoo.core.guest] DEBUG: 192.168.56.1011: not ready yet
2022-11-11 14:50:18,609 [cuckoo.core.guest] DEBUG: 192.168.56.1011: not ready yet
2022-11-11 14:50:19,612 [cuckoo.core.guest] DEBUG: 192.168.56.1011: not ready yet
2022-11-11 14:50:20,615 [cuckoo.core.guest] DEBUG: 192.168.56.1011: not ready yet
2022-11-11 14:50:21,621 [cuckoo.core.guest] DEBUG: 192.168.56.1011: not ready yet
2022-11-11 14:50:22,623 [cuckoo.core.guest] DEBUG: 192.168.56.1011: not ready yet
2022-11-11 14:50:23,627 [cuckoo.core.guest] DEBUG: 192.168.56.1011: not ready yet
2022-11-11 14:50:24,631 [cuckoo.core.guest] DEBUG: 192.168.56.1011: not ready yet
2022-11-11 14:50:25,634 [cuckoo.core.guest] DEBUG: 192.168.56.1011: not ready yet
2022-11-11 14:50:26,637 [cuckoo.core.guest] DEBUG: 192.168.56.1011: not ready yet
2022-11-11 14:50:27,640 [cuckoo.core.guest] DEBUG: 192.168.56.1011: not ready yet
2022-11-11 14:50:28,643 [cuckoo.core.guest] DEBUG: 192.168.56.1011: not ready yet
2022-11-11 14:50:29,646 [cuckoo.core.guest] DEBUG: 192.168.56.1011: not ready yet
2022-11-11 14:50:30,649 [cuckoo.core.guest] DEBUG: 192.168.56.1011: not ready yet
2022-11-11 14:50:31,653 [cuckoo.core.guest] DEBUG: 192.168.56.1011: not ready yet
2022-11-11 14:50:32,656 [cuckoo.core.guest] DEBUG: 192.168.56.1011: not ready yet
2022-11-11 14:50:33,660 [cuckoo.core.guest] DEBUG: 192.168.56.1011: not ready yet
2022-11-11 14:50:34,662 [cuckoo.core.guest] DEBUG: 192.168.56.1011: not ready yet
2022-11-11 14:50:35,666 [cuckoo.core.guest] DEBUG: 192.168.56.1011: not ready yet
2022-11-11 14:50:36,667 [cuckoo.core.guest] DEBUG: 192.168.56.1011: not ready yet
2022-11-11 14:50:37,671 [cuckoo.core.guest] DEBUG: 192.168.56.1011: not ready yet
2022-11-11 14:50:38,674 [cuckoo.core.guest] DEBUG: 192.168.56.1011: not ready yet
2022-11-11 14:50:39,677 [cuckoo.core.guest] DEBUG: 192.168.56.1011: not ready yet
2022-11-11 14:50:40,680 [cuckoo.core.guest] DEBUG: 192.168.56.1011: not ready yet
2022-11-11 14:50:41,682 [cuckoo.core.guest] DEBUG: 192.168.56.1011: not ready yet
2022-11-11 14:50:42,685 [cuckoo.core.guest] DEBUG: 192.168.56.1011: not ready yet
2022-11-11 14:50:43,689 [cuckoo.core.guest] DEBUG: 192.168.56.1011: not ready yet
2022-11-11 14:50:44,693 [cuckoo.core.guest] DEBUG: 192.168.56.1011: not ready yet
2022-11-11 14:50:45,696 [cuckoo.core.guest] DEBUG: 192.168.56.1011: not ready yet
2022-11-11 14:50:46,698 [cuckoo.core.guest] DEBUG: 192.168.56.1011: not ready yet
2022-11-11 14:50:47,701 [cuckoo.core.guest] DEBUG: 192.168.56.1011: not ready yet
2022-11-11 14:50:48,703 [cuckoo.core.guest] DEBUG: 192.168.56.1011: not ready yet
2022-11-11 14:50:49,707 [cuckoo.core.guest] DEBUG: 192.168.56.1011: not ready yet
2022-11-11 14:50:50,711 [cuckoo.core.guest] DEBUG: 192.168.56.1011: not ready yet
2022-11-11 14:50:51,713 [cuckoo.core.guest] DEBUG: 192.168.56.1011: not ready yet
2022-11-11 14:50:52,717 [cuckoo.core.guest] DEBUG: 192.168.56.1011: not ready yet
2022-11-11 14:50:52,727 [cuckoo.core.guest] INFO: Guest is running Cuckoo Agent 0.10 (id=192.168.56.1011, ip=192.168.56.101)
2022-11-11 14:50:52,747 [cuckoo.core.guest] DEBUG: Uploading analyzer to guest (id=192.168.56.1011, ip=192.168.56.101, monitor=latest, size=3884763)
2022-11-11 14:50:53,872 [cuckoo.core.resultserver] DEBUG: Task #47: live log analysis.log initialized.
2022-11-11 14:50:58,556 [cuckoo.core.guest] DEBUG: 192.168.56.1011: analysis #47 still processing
2022-11-11 14:51:00,967 [cuckoo.core.resultserver] DEBUG: Task #47 is sending a BSON stream
2022-11-11 14:51:01,869 [cuckoo.core.resultserver] DEBUG: Task #47 is sending a BSON stream
2022-11-11 14:51:03,587 [cuckoo.core.guest] DEBUG: 192.168.56.1011: analysis #47 still processing
2022-11-11 14:51:08,615 [cuckoo.core.guest] DEBUG: 192.168.56.1011: analysis #47 still processing
2022-11-11 14:51:13,640 [cuckoo.core.guest] DEBUG: 192.168.56.1011: analysis #47 still processing
2022-11-11 14:51:18,666 [cuckoo.core.guest] DEBUG: 192.168.56.1011: analysis #47 still processing
2022-11-11 14:51:18,900 [cuckoo.core.resultserver] DEBUG: Task #47 is sending a BSON stream
2022-11-11 14:51:19,590 [cuckoo.core.resultserver] DEBUG: Task #47 is sending a BSON stream
2022-11-11 14:51:20,214 [cuckoo.core.resultserver] DEBUG: Task #47 is sending a BSON stream
2022-11-11 14:51:23,693 [cuckoo.core.guest] DEBUG: 192.168.56.1011: analysis #47 still processing
2022-11-11 14:51:28,724 [cuckoo.core.guest] DEBUG: 192.168.56.1011: analysis #47 still processing
2022-11-11 14:51:33,772 [cuckoo.core.guest] DEBUG: 192.168.56.1011: analysis #47 still processing
2022-11-11 14:51:34,742 [cuckoo.core.resultserver] DEBUG: Task #47 is sending a BSON stream
2022-11-11 14:51:35,869 [cuckoo.core.resultserver] DEBUG: Task #47 is sending a BSON stream
2022-11-11 14:51:38,801 [cuckoo.core.guest] DEBUG: 192.168.56.1011: analysis #47 still processing
2022-11-11 14:51:43,827 [cuckoo.core.guest] DEBUG: 192.168.56.1011: analysis #47 still processing
2022-11-11 14:51:48,853 [cuckoo.core.guest] DEBUG: 192.168.56.1011: analysis #47 still processing
2022-11-11 14:51:50,729 [cuckoo.core.resultserver] DEBUG: Task #47 is sending a BSON stream
2022-11-11 14:51:52,620 [cuckoo.core.resultserver] DEBUG: Task #47 is sending a BSON stream
2022-11-11 14:51:53,892 [cuckoo.core.guest] DEBUG: 192.168.56.1011: analysis #47 still processing
2022-11-11 14:51:58,924 [cuckoo.core.guest] DEBUG: 192.168.56.1011: analysis #47 still processing
2022-11-11 14:52:03,950 [cuckoo.core.guest] DEBUG: 192.168.56.1011: analysis #47 still processing
2022-11-11 14:52:08,980 [cuckoo.core.guest] DEBUG: 192.168.56.1011: analysis #47 still processing
2022-11-11 14:52:11,056 [cuckoo.core.resultserver] DEBUG: Task #47: File upload for 'memory/2940-1.dmp'
2022-11-11 14:52:13,189 [cuckoo.core.resultserver] DEBUG: Task #47 uploaded file length: 33301616
2022-11-11 14:52:14,019 [cuckoo.core.guest] DEBUG: 192.168.56.1011: analysis #47 still processing
2022-11-11 14:52:15,576 [cuckoo.core.resultserver] DEBUG: Task #47: File upload for 'memory/2868-1.dmp'
2022-11-11 14:52:15,969 [cuckoo.core.resultserver] DEBUG: Task #47 uploaded file length: 19800840
2022-11-11 14:52:19,054 [cuckoo.core.guest] DEBUG: 192.168.56.1011: analysis #47 still processing
2022-11-11 14:52:24,090 [cuckoo.core.guest] DEBUG: 192.168.56.1011: analysis #47 still processing
2022-11-11 14:52:29,117 [cuckoo.core.guest] DEBUG: 192.168.56.1011: analysis #47 still processing
2022-11-11 14:52:34,146 [cuckoo.core.guest] DEBUG: 192.168.56.1011: analysis #47 still processing
2022-11-11 14:52:39,174 [cuckoo.core.guest] DEBUG: 192.168.56.1011: analysis #47 still processing
2022-11-11 14:52:44,226 [cuckoo.core.guest] DEBUG: 192.168.56.1011: analysis #47 still processing
2022-11-11 14:52:46,341 [cuckoo.core.resultserver] DEBUG: Task #47 is sending a BSON stream
2022-11-11 14:52:47,043 [cuckoo.core.resultserver] DEBUG: Task #47 is sending a BSON stream
2022-11-11 14:52:49,260 [cuckoo.core.guest] DEBUG: 192.168.56.1011: analysis #47 still processing
2022-11-11 14:52:50,958 [cuckoo.core.resultserver] DEBUG: Task #47: File upload for 'memory/2940-2.dmp'
2022-11-11 14:52:52,643 [cuckoo.core.resultserver] DEBUG: Task #47 uploaded file length: 47916600
2022-11-11 14:52:54,298 [cuckoo.core.guest] DEBUG: 192.168.56.1011: analysis #47 still processing
2022-11-11 14:52:54,701 [cuckoo.core.resultserver] DEBUG: Task #47: File upload for 'memory/2636-1.dmp'
2022-11-11 14:52:55,523 [cuckoo.core.resultserver] DEBUG: Task #47 uploaded file length: 24939216
2022-11-11 14:52:57,108 [cuckoo.core.resultserver] DEBUG: Task #47: File upload for 'memory/2656-1.dmp'
2022-11-11 14:52:58,024 [cuckoo.core.resultserver] DEBUG: Task #47 uploaded file length: 22856480
2022-11-11 14:52:59,348 [cuckoo.core.guest] DEBUG: 192.168.56.1011: analysis #47 still processing
2022-11-11 14:53:01,749 [cuckoo.core.resultserver] DEBUG: Task #47: File upload for 'memory/2436-1.dmp'
2022-11-11 14:53:03,052 [cuckoo.core.resultserver] DEBUG: Task #47 uploaded file length: 58266288
2022-11-11 14:53:03,513 [cuckoo.core.resultserver] DEBUG: Task #47: File upload for 'files/6aed08355c5cf0b2_webbrowser.pyc'
2022-11-11 14:53:03,533 [cuckoo.core.resultserver] DEBUG: Task #47 uploaded file length: 19554
2022-11-11 14:53:03,556 [cuckoo.core.resultserver] DEBUG: Task #47: File upload for 'files/2741df9ee9e9d988_variations'
2022-11-11 14:53:03,577 [cuckoo.core.resultserver] DEBUG: Task #47 uploaded file length: 86
2022-11-11 14:53:03,598 [cuckoo.core.resultserver] DEBUG: Task #47: File upload for 'files/d1d2fde7c8701ff5_settings.dat'
2022-11-11 14:53:03,617 [cuckoo.core.resultserver] DEBUG: Task #47 uploaded file length: 40
2022-11-11 14:53:03,638 [cuckoo.core.resultserver] DEBUG: Task #47: File upload for 'files/bcaf9839ad46abb0_b76d8f6a-f07d-4c3b-a9ae-e313b6845718.dmp'
2022-11-11 14:53:03,658 [cuckoo.core.resultserver] DEBUG: Task #47 uploaded file length: 57788
2022-11-11 14:53:03,681 [cuckoo.core.resultserver] DEBUG: Task #47: File upload for 'files/0498e1b43f3552c8_debug.log'
2022-11-11 14:53:03,701 [cuckoo.core.resultserver] DEBUG: Task #47 uploaded file length: 109
2022-11-11 14:53:03,725 [cuckoo.core.resultserver] DEBUG: Task #47: File upload for 'files/a5610ea9d15bc492_metadata'
2022-11-11 14:53:03,760 [cuckoo.core.resultserver] DEBUG: Task #47 uploaded file length: 114
2022-11-11 14:53:04,198 [cuckoo.core.resultserver] DEBUG: Task #47 had connection reset for <Context for LOG>
2022-11-11 14:53:04,375 [cuckoo.core.guest] INFO: 192.168.56.1011: analysis completed successfully
2022-11-11 14:53:04,390 [cuckoo.core.plugins] DEBUG: Stopped auxiliary module: Replay
2022-11-11 14:53:04,434 [cuckoo.core.plugins] DEBUG: Stopped auxiliary module: Sniffer
2022-11-11 14:53:04,435 [cuckoo.machinery.virtualbox] DEBUG: Stopping vm 192.168.56.1011
2022-11-11 14:53:05,716 [cuckoo.core.resultserver] DEBUG: Stopped tracking machine 192.168.56.101 for task #47
2022-11-11 14:53:05,754 [cuckoo.core.scheduler] DEBUG: Released database task #47
2022-11-11 14:53:05,768 [cuckoo.core.plugins] DEBUG: Executed processing module "AnalysisInfo" for task #47
2022-11-11 14:53:05,932 [cuckoo.core.plugins] DEBUG: Executed processing module "BehaviorAnalysis" for task #47
2022-11-11 14:53:05,958 [cuckoo.core.plugins] DEBUG: Executed processing module "Dropped" for task #47
2022-11-11 14:53:05,958 [cuckoo.core.plugins] DEBUG: Executed processing module "DroppedBuffer" for task #47
2022-11-11 14:53:08,377 [cuckoo.core.plugins] DEBUG: Executed processing module "MetaInfo" for task #47
2022-11-11 14:53:09,884 [cuckoo.core.plugins] DEBUG: Executed processing module "ProcessMemory" for task #47
2022-11-11 14:53:09,885 [cuckoo.core.plugins] DEBUG: Executed processing module "Procmon" for task #47
2022-11-11 14:53:09,885 [cuckoo.core.plugins] DEBUG: Executed processing module "Screenshots" for task #47
2022-11-11 14:53:09,888 [cuckoo.core.plugins] DEBUG: Executed processing module "Static" for task #47
2022-11-11 14:53:09,890 [cuckoo.core.plugins] DEBUG: Executed processing module "Strings" for task #47
2022-11-11 14:53:09,892 [cuckoo.core.plugins] DEBUG: Executed processing module "TargetInfo" for task #47
2022-11-11 14:53:19,979 [cuckoo.core.plugins] DEBUG: Executed processing module "NetworkAnalysis" for task #47
2022-11-11 14:53:19,980 [cuckoo.core.plugins] DEBUG: Executed processing module "Extracted" for task #47
2022-11-11 14:53:19,980 [cuckoo.core.plugins] DEBUG: Executed processing module "TLSMasterSecrets" for task #47
2022-11-11 14:53:19,985 [cuckoo.core.plugins] DEBUG: Executed processing module "Debug" for task #47
2022-11-11 14:53:20,000 [cuckoo.core.plugins] DEBUG: Running 542 signatures
2022-11-11 14:53:20,543 [cuckoo.core.plugins] DEBUG: Analysis matched signature: dead_host
2022-11-11 14:53:20,544 [cuckoo.core.plugins] DEBUG: Analysis matched signature: network_http
2022-11-11 14:53:20,544 [cuckoo.core.plugins] DEBUG: Analysis matched signature: antivm_queries_computername
2022-11-11 14:53:20,544 [cuckoo.core.plugins] DEBUG: Analysis matched signature: applcation_raises_exception
2022-11-11 14:53:20,544 [cuckoo.core.plugins] DEBUG: Analysis matched signature: infostealer_browser
2022-11-11 14:53:20,544 [cuckoo.core.plugins] DEBUG: Analysis matched signature: checks_debugger
2022-11-11 14:53:20,544 [cuckoo.core.plugins] DEBUG: Analysis matched signature: console_output
2022-11-11 14:53:20,544 [cuckoo.core.plugins] DEBUG: Analysis matched signature: suspicious_process
2022-11-11 14:53:20,544 [cuckoo.core.plugins] DEBUG: Analysis matched signature: recon_fingerprint
2022-11-11 14:53:20,544 [cuckoo.core.plugins] DEBUG: Analysis matched signature: has_wmi
2022-11-11 14:53:20,544 [cuckoo.core.plugins] DEBUG: Analysis matched signature: locates_browser
2022-11-11 14:53:20,544 [cuckoo.core.plugins] DEBUG: Analysis matched signature: antivm_memory_available
2022-11-11 14:53:20,544 [cuckoo.core.plugins] DEBUG: Analysis matched signature: privilege_luid_check
2022-11-11 14:53:20,544 [cuckoo.core.plugins] DEBUG: Analysis matched signature: process_martian
2022-11-11 14:53:20,545 [cuckoo.core.plugins] DEBUG: Analysis matched signature: memdump_urls
2022-11-11 14:53:20,545 [cuckoo.core.plugins] DEBUG: Analysis matched signature: raises_exception
2022-11-11 14:53:20,545 [cuckoo.core.plugins] DEBUG: Analysis matched signature: injection_resumethread
2022-11-11 14:53:20,545 [cuckoo.core.plugins] DEBUG: Analysis matched signature: terminates_remote_process
2022-11-11 14:53:20,545 [cuckoo.core.plugins] DEBUG: Analysis matched signature: uses_windows_utilities
2022-11-11 14:53:21,409 [cuckoo.core.plugins] DEBUG: Executed reporting module "JsonDump"
2022-11-11 14:53:21,762 [cuckoo.core.plugins] DEBUG: Executed reporting module "MongoDB"
2022-11-11 14:53:21,762 [cuckoo.core.scheduler] INFO: Task #47: reports generation completed
2022-11-11 14:53:21,767 [cuckoo.core.scheduler] INFO: Task #47: analysis procedure completed
