2022-11-11 13:41:29,000 [analyzer] DEBUG: Starting analyzer from: C:\tmpgto74e
2022-11-11 13:41:29,015 [analyzer] DEBUG: Pipe server name: \??\PIPE\sTwPpsQmRkCWSNAEJQviquPi
2022-11-11 13:41:29,015 [analyzer] DEBUG: Log pipe server name: \??\PIPE\UJMzhEmxdeEvdVzhyNi
2022-11-11 13:41:29,078 [analyzer] DEBUG: Started auxiliary module DbgView
2022-11-11 13:41:35,562 [analyzer] DEBUG: Started auxiliary module Disguise
2022-11-11 13:41:35,875 [analyzer] DEBUG: Loaded monitor into process with pid 504
2022-11-11 13:41:35,875 [analyzer] DEBUG: Started auxiliary module DumpTLSMasterSecrets
2022-11-11 13:41:35,875 [analyzer] DEBUG: Started auxiliary module Human
2022-11-11 13:41:35,875 [analyzer] DEBUG: Started auxiliary module InstallCertificate
2022-11-11 13:41:35,875 [analyzer] DEBUG: Started auxiliary module Reboot
2022-11-11 13:41:36,046 [analyzer] DEBUG: Started auxiliary module RecentFiles
2022-11-11 13:41:36,046 [analyzer] DEBUG: Started auxiliary module Screenshots
2022-11-11 13:41:36,046 [analyzer] DEBUG: Started auxiliary module LoadZer0m0n
2022-11-11 13:41:36,046 [modules.auxiliary.screenshots] INFO: Python Image Library (either PIL or Pillow) is not installed, screenshots are disabled.
2022-11-11 13:41:36,328 [lib.api.process] INFO: Successfully executed process from path 'C:\\Python27\\python.exe' with arguments [u'C:\\Users\\ADMINI~1\\AppData\\Local\\Temp\\25-V.py'] and pid 2436
2022-11-11 13:41:36,812 [analyzer] DEBUG: Loaded monitor into process with pid 2436
2022-11-11 13:41:37,203 [analyzer] INFO: Added new file to list with pid 2436 and path C:\Python27\Lib\webbrowser.pyc
2022-11-11 20:25:21,259 [analyzer] INFO: Injected into process with pid 684 and name u'chrome.exe'
2022-11-11 20:25:21,601 [analyzer] DEBUG: Loaded monitor into process with pid 684
2022-11-11 20:25:21,946 [analyzer] INFO: Injected into process with pid 1676 and name u'chrome.exe'
2022-11-11 20:25:22,289 [analyzer] DEBUG: Loaded monitor into process with pid 1676
2022-11-11 20:25:22,539 [analyzer] INFO: Injected into process with pid 1816 and name u'chrome.exe'
2022-11-11 20:25:22,868 [analyzer] DEBUG: Loaded monitor into process with pid 1816
2022-11-11 20:25:24,086 [lib.api.process] ERROR: Failed to dump memory of 64-bit process with pid 1816.
2022-11-11 20:25:24,664 [analyzer] INFO: Process with pid 1816 has terminated
2022-11-11 20:25:25,134 [lib.api.process] ERROR: Failed to dump memory of 64-bit process with pid 1676.
2022-11-11 20:25:25,180 [analyzer] INFO: Added new file to list with pid 684 and path C:\Program Files\Google\Chrome\Application\debug.log
2022-11-11 20:25:25,664 [analyzer] INFO: Process with pid 1676 has terminated
2022-11-11 20:25:31,196 [analyzer] INFO: Added new file to list with pid 684 and path \Device\NamedPipe\wkssvc
2022-11-11 20:25:33,305 [analyzer] INFO: Added new file to list with pid 684 and path C:\Users\Administrator\AppData\Local\Google\Chrome\User Data\Variations
2022-11-11 20:25:36,884 [analyzer] INFO: Injected into process with pid 2824 and name u'chrome.exe'
2022-11-11 20:25:37,618 [analyzer] DEBUG: Loaded monitor into process with pid 2824
2022-11-11 20:25:39,118 [lib.api.process] ERROR: Failed to dump memory of 64-bit process with pid 2824.
2022-11-11 20:25:39,789 [analyzer] INFO: Process with pid 2824 has terminated
2022-11-11 20:25:50,851 [analyzer] INFO: Process with pid 684 has terminated
2022-11-11 20:25:52,055 [analyzer] INFO: Injected into process with pid 2868 and name u'cmd.exe'
2022-11-11 20:25:52,384 [analyzer] DEBUG: Loaded monitor into process with pid 2868
2022-11-11 20:25:52,571 [analyzer] INFO: Injected into process with pid 2904 and name u'notepad.exe'
2022-11-11 20:25:53,023 [analyzer] DEBUG: Loaded monitor into process with pid 2904
2022-11-11 20:25:55,726 [lib.api.process] INFO: Memory dump of process with pid 2904 completed
2022-11-11 20:25:57,259 [lib.api.process] INFO: Memory dump of process with pid 2868 completed
2022-11-11 20:25:57,851 [analyzer] INFO: Process with pid 2868 has terminated
2022-11-11 20:26:12,555 [analyzer] INFO: Injected into process with pid 1060 and name u'chrome.exe'
2022-11-11 20:26:12,898 [analyzer] DEBUG: Loaded monitor into process with pid 1060
2022-11-11 20:26:13,914 [lib.api.process] ERROR: Failed to dump memory of 64-bit process with pid 1060.
2022-11-11 20:26:14,851 [analyzer] INFO: Process with pid 1060 has terminated
2022-11-11 20:26:27,836 [analyzer] INFO: Injected into process with pid 2412 and name u'chrome.exe'
2022-11-11 20:26:28,196 [analyzer] DEBUG: Loaded monitor into process with pid 2412
2022-11-11 20:26:29,305 [lib.api.process] ERROR: Failed to dump memory of 64-bit process with pid 2412.
2022-11-11 20:26:29,868 [analyzer] INFO: Process with pid 2412 has terminated
2022-11-11 20:26:43,101 [analyzer] INFO: Injected into process with pid 2192 and name u'chrome.exe'
2022-11-11 20:26:43,446 [analyzer] DEBUG: Loaded monitor into process with pid 2192
2022-11-11 20:26:48,206 [lib.api.process] ERROR: Failed to dump memory of 64-bit process with pid 2192.
2022-11-11 20:26:48,565 [analyzer] INFO: Process with pid 2192 has terminated
2022-11-11 20:27:00,615 [analyzer] INFO: Injected into process with pid 2768 and name u'chrome.exe'
2022-11-11 20:27:00,894 [analyzer] DEBUG: Loaded monitor into process with pid 2768
2022-11-11 20:27:01,717 [lib.api.process] ERROR: Failed to dump memory of 64-bit process with pid 2768.
2022-11-11 20:27:01,844 [analyzer] INFO: Process with pid 2768 has terminated
2022-11-11 20:27:05,084 [analyzer] INFO: Analysis timeout hit, terminating analysis.
2022-11-11 20:27:08,667 [lib.api.process] INFO: Memory dump of process with pid 2436 completed
2022-11-11 20:27:11,197 [lib.api.process] INFO: Memory dump of process with pid 2904 completed
2022-11-11 20:27:11,288 [analyzer] WARNING: File at path u'\\device\\namedpipe\\wkssvc' does not exist, skip.
2022-11-11 20:27:11,311 [analyzer] INFO: Analysis completed.
