2022-11-11 14:24:17,436 [cuckoo.core.scheduler] INFO: Task #42: acquired machine 192.168.56.1011 (label=192.168.56.1011)
2022-11-11 14:24:17,436 [cuckoo.core.resultserver] DEBUG: Now tracking machine 192.168.56.101 for task #42
2022-11-11 14:24:17,437 [cuckoo.core.plugins] DEBUG: Started auxiliary module: Replay
2022-11-11 14:24:17,446 [cuckoo.auxiliary.sniffer] INFO: Started sniffer with PID 11691 (interface=vboxnet0, host=192.168.56.101)
2022-11-11 14:24:17,446 [cuckoo.core.plugins] DEBUG: Started auxiliary module: Sniffer
2022-11-11 14:24:17,466 [cuckoo.machinery.virtualbox] DEBUG: Starting vm 192.168.56.1011
2022-11-11 14:24:17,571 [cuckoo.machinery.virtualbox] DEBUG: Restoring virtual machine 192.168.56.1011 to its current snapshot
2022-11-11 14:24:19,912 [cuckoo.core.guest] INFO: Starting analysis #42 on guest (id=192.168.56.1011, ip=192.168.56.101)
2022-11-11 14:24:20,915 [cuckoo.core.guest] DEBUG: 192.168.56.1011: not ready yet
2022-11-11 14:24:21,919 [cuckoo.core.guest] DEBUG: 192.168.56.1011: not ready yet
2022-11-11 14:24:22,922 [cuckoo.core.guest] DEBUG: 192.168.56.1011: not ready yet
2022-11-11 14:24:23,925 [cuckoo.core.guest] DEBUG: 192.168.56.1011: not ready yet
2022-11-11 14:24:24,930 [cuckoo.core.guest] DEBUG: 192.168.56.1011: not ready yet
2022-11-11 14:24:25,937 [cuckoo.core.guest] DEBUG: 192.168.56.1011: not ready yet
2022-11-11 14:24:26,949 [cuckoo.core.guest] DEBUG: 192.168.56.1011: not ready yet
2022-11-11 14:24:27,961 [cuckoo.core.guest] DEBUG: 192.168.56.1011: not ready yet
2022-11-11 14:24:28,964 [cuckoo.core.guest] DEBUG: 192.168.56.1011: not ready yet
2022-11-11 14:24:29,968 [cuckoo.core.guest] DEBUG: 192.168.56.1011: not ready yet
2022-11-11 14:24:30,971 [cuckoo.core.guest] DEBUG: 192.168.56.1011: not ready yet
2022-11-11 14:24:31,974 [cuckoo.core.guest] DEBUG: 192.168.56.1011: not ready yet
2022-11-11 14:24:32,979 [cuckoo.core.guest] DEBUG: 192.168.56.1011: not ready yet
2022-11-11 14:24:33,983 [cuckoo.core.guest] DEBUG: 192.168.56.1011: not ready yet
2022-11-11 14:24:34,986 [cuckoo.core.guest] DEBUG: 192.168.56.1011: not ready yet
2022-11-11 14:24:35,988 [cuckoo.core.guest] DEBUG: 192.168.56.1011: not ready yet
2022-11-11 14:24:36,990 [cuckoo.core.guest] DEBUG: 192.168.56.1011: not ready yet
2022-11-11 14:24:37,992 [cuckoo.core.guest] DEBUG: 192.168.56.1011: not ready yet
2022-11-11 14:24:38,993 [cuckoo.core.guest] DEBUG: 192.168.56.1011: not ready yet
2022-11-11 14:24:39,997 [cuckoo.core.guest] DEBUG: 192.168.56.1011: not ready yet
2022-11-11 14:24:40,999 [cuckoo.core.guest] DEBUG: 192.168.56.1011: not ready yet
2022-11-11 14:24:42,001 [cuckoo.core.guest] DEBUG: 192.168.56.1011: not ready yet
2022-11-11 14:24:43,003 [cuckoo.core.guest] DEBUG: 192.168.56.1011: not ready yet
2022-11-11 14:24:44,006 [cuckoo.core.guest] DEBUG: 192.168.56.1011: not ready yet
2022-11-11 14:24:44,060 [cuckoo.core.guest] DEBUG: 192.168.56.1011: not ready yet
2022-11-11 14:24:46,065 [cuckoo.core.guest] DEBUG: 192.168.56.1011: not ready yet
2022-11-11 14:24:47,068 [cuckoo.core.guest] DEBUG: 192.168.56.1011: not ready yet
2022-11-11 14:24:47,574 [cuckoo.core.guest] DEBUG: 192.168.56.1011: not ready yet
2022-11-11 14:24:49,582 [cuckoo.core.guest] DEBUG: 192.168.56.1011: not ready yet
2022-11-11 14:24:50,585 [cuckoo.core.guest] DEBUG: 192.168.56.1011: not ready yet
2022-11-11 14:24:51,382 [cuckoo.core.guest] DEBUG: 192.168.56.1011: not ready yet
2022-11-11 14:24:53,387 [cuckoo.core.guest] DEBUG: 192.168.56.1011: not ready yet
2022-11-11 14:24:54,390 [cuckoo.core.guest] DEBUG: 192.168.56.1011: not ready yet
2022-11-11 14:24:54,646 [cuckoo.core.guest] DEBUG: 192.168.56.1011: not ready yet
2022-11-11 14:24:56,083 [cuckoo.core.guest] INFO: Guest is running Cuckoo Agent 0.10 (id=192.168.56.1011, ip=192.168.56.101)
2022-11-11 14:24:56,101 [cuckoo.core.guest] DEBUG: Uploading analyzer to guest (id=192.168.56.1011, ip=192.168.56.101, monitor=latest, size=3884763)
2022-11-11 14:24:57,322 [cuckoo.core.resultserver] DEBUG: Task #42: live log analysis.log initialized.
2022-11-11 14:25:01,791 [cuckoo.core.guest] DEBUG: 192.168.56.1011: analysis #42 still processing
2022-11-11 14:25:04,112 [cuckoo.core.resultserver] DEBUG: Task #42 is sending a BSON stream
2022-11-11 14:25:04,903 [cuckoo.core.resultserver] DEBUG: Task #42 is sending a BSON stream
2022-11-11 14:25:06,819 [cuckoo.core.guest] DEBUG: 192.168.56.1011: analysis #42 still processing
2022-11-11 14:25:11,844 [cuckoo.core.guest] DEBUG: 192.168.56.1011: analysis #42 still processing
2022-11-11 14:25:16,871 [cuckoo.core.guest] DEBUG: 192.168.56.1011: analysis #42 still processing
2022-11-11 14:25:21,391 [cuckoo.core.resultserver] DEBUG: Task #42 is sending a BSON stream
2022-11-11 14:25:21,903 [cuckoo.core.guest] DEBUG: 192.168.56.1011: analysis #42 still processing
2022-11-11 14:25:22,059 [cuckoo.core.resultserver] DEBUG: Task #42 is sending a BSON stream
2022-11-11 14:25:22,651 [cuckoo.core.resultserver] DEBUG: Task #42 is sending a BSON stream
2022-11-11 14:25:26,931 [cuckoo.core.guest] DEBUG: 192.168.56.1011: analysis #42 still processing
2022-11-11 14:25:31,962 [cuckoo.core.guest] DEBUG: 192.168.56.1011: analysis #42 still processing
2022-11-11 14:25:36,990 [cuckoo.core.guest] DEBUG: 192.168.56.1011: analysis #42 still processing
2022-11-11 14:25:37,025 [cuckoo.core.resultserver] DEBUG: Task #42 is sending a BSON stream
2022-11-11 14:25:42,016 [cuckoo.core.guest] DEBUG: 192.168.56.1011: analysis #42 still processing
2022-11-11 14:25:47,039 [cuckoo.core.guest] DEBUG: 192.168.56.1011: analysis #42 still processing
2022-11-11 14:25:52,069 [cuckoo.core.guest] DEBUG: 192.168.56.1011: analysis #42 still processing
2022-11-11 14:25:52,167 [cuckoo.core.resultserver] DEBUG: Task #42 is sending a BSON stream
2022-11-11 14:25:52,737 [cuckoo.core.resultserver] DEBUG: Task #42 is sending a BSON stream
2022-11-11 14:25:55,116 [cuckoo.core.resultserver] DEBUG: Task #42: File upload for 'memory/2904-1.dmp'
2022-11-11 14:25:55,750 [cuckoo.core.resultserver] DEBUG: Task #42 uploaded file length: 33133440
2022-11-11 14:25:56,879 [cuckoo.core.resultserver] DEBUG: Task #42: File upload for 'memory/2868-1.dmp'
2022-11-11 14:25:57,097 [cuckoo.core.guest] DEBUG: 192.168.56.1011: analysis #42 still processing
2022-11-11 14:25:57,265 [cuckoo.core.resultserver] DEBUG: Task #42 uploaded file length: 19776264
2022-11-11 14:26:02,123 [cuckoo.core.guest] DEBUG: 192.168.56.1011: analysis #42 still processing
2022-11-11 14:26:07,149 [cuckoo.core.guest] DEBUG: 192.168.56.1011: analysis #42 still processing
2022-11-11 14:26:12,177 [cuckoo.core.guest] DEBUG: 192.168.56.1011: analysis #42 still processing
2022-11-11 14:26:12,667 [cuckoo.core.resultserver] DEBUG: Task #42 is sending a BSON stream
2022-11-11 14:26:17,201 [cuckoo.core.guest] DEBUG: 192.168.56.1011: analysis #42 still processing
2022-11-11 14:26:22,223 [cuckoo.core.guest] DEBUG: 192.168.56.1011: analysis #42 still processing
2022-11-11 14:26:27,246 [cuckoo.core.guest] DEBUG: 192.168.56.1011: analysis #42 still processing
2022-11-11 14:26:27,955 [cuckoo.core.resultserver] DEBUG: Task #42 is sending a BSON stream
2022-11-11 14:26:32,293 [cuckoo.core.guest] DEBUG: 192.168.56.1011: analysis #42 still processing
2022-11-11 14:26:37,316 [cuckoo.core.guest] DEBUG: 192.168.56.1011: analysis #42 still processing
2022-11-11 14:26:42,358 [cuckoo.core.guest] DEBUG: 192.168.56.1011: analysis #42 still processing
2022-11-11 14:26:43,206 [cuckoo.core.resultserver] DEBUG: Task #42 is sending a BSON stream
2022-11-11 14:26:47,384 [cuckoo.core.guest] DEBUG: 192.168.56.1011: analysis #42 still processing
2022-11-11 14:26:52,408 [cuckoo.core.guest] DEBUG: 192.168.56.1011: analysis #42 still processing
2022-11-11 14:26:57,428 [cuckoo.core.guest] DEBUG: 192.168.56.1011: analysis #42 still processing
2022-11-11 14:26:58,464 [cuckoo.core.resultserver] DEBUG: Task #42 is sending a BSON stream
2022-11-11 14:27:02,451 [cuckoo.core.guest] DEBUG: 192.168.56.1011: analysis #42 still processing
2022-11-11 14:27:07,364 [cuckoo.core.resultserver] DEBUG: Task #42: File upload for 'memory/2436-1.dmp'
2022-11-11 14:27:07,476 [cuckoo.core.guest] DEBUG: 192.168.56.1011: analysis #42 still processing
2022-11-11 14:27:08,565 [cuckoo.core.resultserver] DEBUG: Task #42 uploaded file length: 59569368
2022-11-11 14:27:11,104 [cuckoo.core.resultserver] DEBUG: Task #42: File upload for 'memory/2904-2.dmp'
2022-11-11 14:27:12,030 [cuckoo.core.resultserver] DEBUG: Task #42 uploaded file length: 47859256
2022-11-11 14:27:12,070 [cuckoo.core.resultserver] DEBUG: Task #42: File upload for 'files/2a5fbff404c5b4dc_debug.log'
2022-11-11 14:27:12,091 [cuckoo.core.resultserver] DEBUG: Task #42 uploaded file length: 109
2022-11-11 14:27:12,117 [cuckoo.core.resultserver] DEBUG: Task #42: File upload for 'files/6aed08355c5cf0b2_webbrowser.pyc'
2022-11-11 14:27:12,137 [cuckoo.core.resultserver] DEBUG: Task #42 uploaded file length: 19554
2022-11-11 14:27:12,160 [cuckoo.core.resultserver] DEBUG: Task #42: File upload for 'files/f7b24f2eb3d5eb05_variations'
2022-11-11 14:27:12,180 [cuckoo.core.resultserver] DEBUG: Task #42 uploaded file length: 86
2022-11-11 14:27:12,504 [cuckoo.core.guest] INFO: 192.168.56.1011: analysis completed successfully
2022-11-11 14:27:12,509 [cuckoo.core.plugins] DEBUG: Stopped auxiliary module: Replay
2022-11-11 14:27:12,561 [cuckoo.core.plugins] DEBUG: Stopped auxiliary module: Sniffer
2022-11-11 14:27:12,561 [cuckoo.machinery.virtualbox] DEBUG: Stopping vm 192.168.56.1011
2022-11-11 14:27:13,781 [cuckoo.core.resultserver] DEBUG: Stopped tracking machine 192.168.56.101 for task #42
2022-11-11 14:27:13,781 [cuckoo.core.resultserver] DEBUG: Cancel <Context for LOG> for task 42
2022-11-11 14:27:13,807 [cuckoo.core.scheduler] DEBUG: Released database task #42
2022-11-11 14:27:13,820 [cuckoo.core.plugins] DEBUG: Executed processing module "AnalysisInfo" for task #42
2022-11-11 14:27:13,901 [cuckoo.core.plugins] DEBUG: Executed processing module "BehaviorAnalysis" for task #42
2022-11-11 14:27:13,908 [cuckoo.core.plugins] DEBUG: Executed processing module "Dropped" for task #42
2022-11-11 14:27:13,908 [cuckoo.core.plugins] DEBUG: Executed processing module "DroppedBuffer" for task #42
2022-11-11 14:27:15,607 [cuckoo.core.plugins] DEBUG: Executed processing module "MetaInfo" for task #42
2022-11-11 14:27:16,821 [cuckoo.core.plugins] DEBUG: Executed processing module "ProcessMemory" for task #42
2022-11-11 14:27:16,821 [cuckoo.core.plugins] DEBUG: Executed processing module "Procmon" for task #42
2022-11-11 14:27:16,821 [cuckoo.core.plugins] DEBUG: Executed processing module "Screenshots" for task #42
2022-11-11 14:27:16,824 [cuckoo.core.plugins] DEBUG: Executed processing module "Static" for task #42
2022-11-11 14:27:16,825 [cuckoo.core.plugins] DEBUG: Executed processing module "Strings" for task #42
2022-11-11 14:27:16,827 [cuckoo.core.plugins] DEBUG: Executed processing module "TargetInfo" for task #42
2022-11-11 14:27:16,969 [cuckoo.core.plugins] DEBUG: Executed processing module "NetworkAnalysis" for task #42
2022-11-11 14:27:16,969 [cuckoo.core.plugins] DEBUG: Executed processing module "Extracted" for task #42
2022-11-11 14:27:16,969 [cuckoo.core.plugins] DEBUG: Executed processing module "TLSMasterSecrets" for task #42
2022-11-11 14:27:16,971 [cuckoo.core.plugins] DEBUG: Executed processing module "Debug" for task #42
2022-11-11 14:27:16,986 [cuckoo.core.plugins] DEBUG: Running 542 signatures
2022-11-11 14:27:17,314 [cuckoo.core.plugins] DEBUG: Analysis matched signature: network_http
2022-11-11 14:27:17,314 [cuckoo.core.plugins] DEBUG: Analysis matched signature: applcation_raises_exception
2022-11-11 14:27:17,314 [cuckoo.core.plugins] DEBUG: Analysis matched signature: infostealer_browser
2022-11-11 14:27:17,314 [cuckoo.core.plugins] DEBUG: Analysis matched signature: checks_debugger
2022-11-11 14:27:17,315 [cuckoo.core.plugins] DEBUG: Analysis matched signature: console_output
2022-11-11 14:27:17,315 [cuckoo.core.plugins] DEBUG: Analysis matched signature: suspicious_process
2022-11-11 14:27:17,315 [cuckoo.core.plugins] DEBUG: Analysis matched signature: recon_fingerprint
2022-11-11 14:27:17,315 [cuckoo.core.plugins] DEBUG: Analysis matched signature: locates_browser
2022-11-11 14:27:17,315 [cuckoo.core.plugins] DEBUG: Analysis matched signature: process_martian
2022-11-11 14:27:17,315 [cuckoo.core.plugins] DEBUG: Analysis matched signature: memdump_urls
2022-11-11 14:27:17,315 [cuckoo.core.plugins] DEBUG: Analysis matched signature: raises_exception
2022-11-11 14:27:17,315 [cuckoo.core.plugins] DEBUG: Analysis matched signature: injection_resumethread
2022-11-11 14:27:17,315 [cuckoo.core.plugins] DEBUG: Analysis matched signature: uses_windows_utilities
2022-11-11 14:27:17,713 [cuckoo.core.plugins] DEBUG: Executed reporting module "JsonDump"
2022-11-11 14:27:17,915 [cuckoo.core.plugins] DEBUG: Executed reporting module "MongoDB"
2022-11-11 14:27:17,915 [cuckoo.core.scheduler] INFO: Task #42: reports generation completed
2022-11-11 14:27:17,919 [cuckoo.core.scheduler] INFO: Task #42: analysis procedure completed
