2022-11-11 14:46:12,015 [analyzer] DEBUG: Starting analyzer from: C:\tmpgto74e
2022-11-11 14:46:12,015 [analyzer] DEBUG: Pipe server name: \??\PIPE\HTQFzYCPEeQgVUZvURQxzfUq
2022-11-11 14:46:12,015 [analyzer] DEBUG: Log pipe server name: \??\PIPE\XClixrUSCjdlOjoBTwujDsgLqxuY
2022-11-11 14:46:12,092 [analyzer] DEBUG: Started auxiliary module DbgView
2022-11-11 14:46:18,640 [analyzer] DEBUG: Started auxiliary module Disguise
2022-11-11 14:46:18,953 [analyzer] DEBUG: Loaded monitor into process with pid 504
2022-11-11 14:46:18,953 [analyzer] DEBUG: Started auxiliary module DumpTLSMasterSecrets
2022-11-11 14:46:18,953 [analyzer] DEBUG: Started auxiliary module Human
2022-11-11 14:46:18,967 [analyzer] DEBUG: Started auxiliary module InstallCertificate
2022-11-11 14:46:18,967 [analyzer] DEBUG: Started auxiliary module Reboot
2022-11-11 14:46:19,140 [analyzer] DEBUG: Started auxiliary module RecentFiles
2022-11-11 14:46:19,155 [modules.auxiliary.screenshots] INFO: Python Image Library (either PIL or Pillow) is not installed, screenshots are disabled.
2022-11-11 14:46:19,155 [analyzer] DEBUG: Started auxiliary module Screenshots
2022-11-11 14:46:19,155 [analyzer] DEBUG: Started auxiliary module LoadZer0m0n
2022-11-11 14:46:19,437 [lib.api.process] INFO: Successfully executed process from path 'C:\\Python27\\python.exe' with arguments [u'C:\\Users\\ADMINI~1\\AppData\\Local\\Temp\\13-NV.py'] and pid 2524
2022-11-11 14:46:19,905 [analyzer] DEBUG: Loaded monitor into process with pid 2524
2022-11-11 20:58:56,887 [analyzer] INFO: Added new file to list with pid 2524 and path C:\Python27\Lib\webbrowser.pyc
2022-11-11 20:59:12,964 [analyzer] INFO: Injected into process with pid 832 and name u'chrome.exe'
2022-11-11 20:59:13,309 [analyzer] DEBUG: Loaded monitor into process with pid 832
2022-11-11 20:59:13,653 [analyzer] INFO: Injected into process with pid 572 and name u'chrome.exe'
2022-11-11 20:59:13,996 [analyzer] DEBUG: Loaded monitor into process with pid 572
2022-11-11 20:59:14,246 [analyzer] INFO: Injected into process with pid 1680 and name u'chrome.exe'
2022-11-11 20:59:14,575 [analyzer] DEBUG: Loaded monitor into process with pid 1680
2022-11-11 20:59:16,200 [analyzer] INFO: Added new file to list with pid 1680 and path C:\Users\Administrator\AppData\Local\Temp\7fc4db4a-d7bc-41e1-8db9-fae31fb957ad.tmp
2022-11-11 20:59:19,387 [lib.api.process] ERROR: Failed to dump memory of 64-bit process with pid 572.
2022-11-11 20:59:19,730 [analyzer] INFO: Added new file to list with pid 1680 and path C:\Users\Administrator\AppData\Local\Google\Chrome\User Data\Crashpad\reports\94a0d9c1-b3d4-442d-a379-3dda03a85764.dmp
2022-11-11 20:59:20,387 [analyzer] INFO: Added new file to list with pid 1680 and path C:\Users\Administrator\AppData\Local\Google\Chrome\User Data\Crashpad\metadata
2022-11-11 20:59:21,278 [lib.api.process] ERROR: Failed to dump memory of 64-bit process with pid 572.
2022-11-11 20:59:22,028 [analyzer] INFO: Process with pid 572 has terminated
2022-11-11 20:59:23,184 [lib.api.process] ERROR: Failed to dump memory of 64-bit process with pid 1680.
2022-11-11 20:59:23,246 [analyzer] INFO: Added new file to list with pid 832 and path C:\Program Files\Google\Chrome\Application\debug.log
2022-11-11 20:59:24,028 [analyzer] INFO: Process with pid 1680 has terminated
2022-11-11 20:59:28,417 [analyzer] INFO: Injected into process with pid 1640 and name u'chrome.exe'
2022-11-11 20:59:29,121 [analyzer] DEBUG: Loaded monitor into process with pid 1640
2022-11-11 20:59:29,464 [analyzer] INFO: Added new file to list with pid 832 and path \Device\NamedPipe\wkssvc
2022-11-11 20:59:29,839 [analyzer] INFO: Injected into process with pid 1108 and name u'chrome.exe'
2022-11-11 20:59:30,417 [analyzer] DEBUG: Loaded monitor into process with pid 1108
2022-11-11 20:59:30,855 [analyzer] INFO: Injected into process with pid 1404 and name u'chrome.exe'
2022-11-11 20:59:31,434 [analyzer] INFO: Added new file to list with pid 832 and path C:\Users\Administrator\AppData\Local\Google\Chrome\User Data\Variations
2022-11-11 20:59:31,667 [analyzer] DEBUG: Loaded monitor into process with pid 1404
2022-11-11 20:59:33,355 [lib.api.process] ERROR: Failed to dump memory of 64-bit process with pid 1404.
2022-11-11 20:59:34,214 [analyzer] INFO: Process with pid 1404 has terminated
2022-11-11 20:59:34,871 [lib.api.process] ERROR: Failed to dump memory of 64-bit process with pid 1108.
2022-11-11 20:59:35,262 [analyzer] INFO: Process with pid 1108 has terminated
2022-11-11 20:59:44,278 [analyzer] INFO: Injected into process with pid 1168 and name u'cmd.exe'
2022-11-11 20:59:44,980 [analyzer] DEBUG: Loaded monitor into process with pid 1168
2022-11-11 20:59:45,684 [analyzer] INFO: Injected into process with pid 1376 and name u'notepad.exe'
2022-11-11 20:59:47,637 [analyzer] DEBUG: Loaded monitor into process with pid 1376
2022-11-11 20:59:57,980 [analyzer] INFO: Process with pid 832 has terminated
2022-11-11 21:00:00,403 [lib.api.process] INFO: Memory dump of process with pid 1376 completed
2022-11-11 21:00:03,403 [lib.api.process] INFO: Memory dump of process with pid 1168 completed
2022-11-11 21:00:04,042 [analyzer] INFO: Process with pid 1168 has terminated
2022-11-11 21:00:19,012 [analyzer] INFO: Injected into process with pid 2972 and name u'chrome.exe'
2022-11-11 21:00:19,075 [analyzer] INFO: Process with pid 1640 has terminated
2022-11-11 21:00:19,387 [analyzer] DEBUG: Loaded monitor into process with pid 2972
2022-11-11 21:00:19,714 [analyzer] INFO: Injected into process with pid 2784 and name u'chrome.exe'
2022-11-11 21:00:20,059 [analyzer] DEBUG: Loaded monitor into process with pid 2784
2022-11-11 21:00:20,309 [analyzer] INFO: Injected into process with pid 596 and name u'chrome.exe'
2022-11-11 21:00:20,653 [analyzer] DEBUG: Loaded monitor into process with pid 596
2022-11-11 21:00:21,746 [lib.api.process] ERROR: Failed to dump memory of 64-bit process with pid 596.
2022-11-11 21:00:22,075 [analyzer] INFO: Process with pid 596 has terminated
2022-11-11 21:00:22,730 [lib.api.process] ERROR: Failed to dump memory of 64-bit process with pid 2784.
2022-11-11 21:00:23,075 [analyzer] INFO: Process with pid 2784 has terminated
2022-11-11 21:00:34,714 [analyzer] INFO: Injected into process with pid 2052 and name u'chrome.exe'
2022-11-11 21:00:38,983 [analyzer] DEBUG: Loaded monitor into process with pid 2052
2022-11-11 21:00:39,608 [analyzer] INFO: Injected into process with pid 2652 and name u'chrome.exe'
2022-11-11 21:00:40,249 [analyzer] DEBUG: Loaded monitor into process with pid 2652
2022-11-11 21:00:40,608 [analyzer] INFO: Injected into process with pid 2980 and name u'chrome.exe'
2022-11-11 21:00:40,996 [analyzer] DEBUG: Loaded monitor into process with pid 2980
2022-11-11 21:00:42,471 [lib.api.process] ERROR: Failed to dump memory of 64-bit process with pid 2980.
2022-11-11 21:00:42,697 [analyzer] INFO: Process with pid 2980 has terminated
2022-11-11 21:00:43,934 [lib.api.process] ERROR: Failed to dump memory of 64-bit process with pid 2652.
2022-11-11 21:00:44,496 [analyzer] INFO: Process with pid 2652 has terminated
2022-11-11 21:00:52,907 [analyzer] INFO: Injected into process with pid 1576 and name u'chrome.exe'
2022-11-11 21:00:53,729 [analyzer] DEBUG: Loaded monitor into process with pid 1576
2022-11-11 21:00:56,247 [lib.api.process] ERROR: Failed to dump memory of 64-bit process with pid 1576.
2022-11-11 21:00:56,628 [analyzer] INFO: Process with pid 1576 has terminated
2022-11-11 21:00:57,463 [analyzer] INFO: Analysis timeout hit, terminating analysis.
2022-11-11 21:00:59,815 [modules.auxiliary.human] INFO: Found button u'Check online for a solution and close the program', clicking it
2022-11-11 21:01:00,545 [modules.auxiliary.human] INFO: Found button u'Close the program', clicking it
2022-11-11 21:01:04,622 [analyzer] INFO: Injected into process with pid 2656 and name u'chrome.exe'
2022-11-11 21:01:04,999 [analyzer] DEBUG: Loaded monitor into process with pid 2656
2022-11-11 21:01:05,529 [analyzer] INFO: Injected into process with pid 2172 and name u'chrome.exe'
2022-11-11 21:01:05,967 [lib.api.process] INFO: Memory dump of process with pid 2524 completed
2022-11-11 21:01:06,055 [analyzer] DEBUG: Loaded monitor into process with pid 2172
2022-11-11 21:01:06,720 [analyzer] INFO: Injected into process with pid 2908 and name u'chrome.exe'
2022-11-11 21:01:07,082 [analyzer] DEBUG: Loaded monitor into process with pid 2908
2022-11-11 21:01:08,648 [lib.api.process] ERROR: Failed to dump memory of 64-bit process with pid 2908.
2022-11-11 21:01:11,230 [lib.api.process] ERROR: Failed to dump memory of 64-bit process with pid 2172.
2022-11-11 21:01:14,426 [lib.api.process] INFO: Memory dump of process with pid 1376 completed
2022-11-11 21:01:18,573 [analyzer] INFO: Injected into process with pid 2636 and name u'chrome.exe'
2022-11-11 21:01:19,732 [analyzer] DEBUG: Loaded monitor into process with pid 2636
2022-11-11 21:01:25,015 [lib.api.process] ERROR: Failed to dump memory of 64-bit process with pid 2636.
2022-11-11 21:01:33,954 [analyzer] INFO: Injected into process with pid 2940 and name u'cmd.exe'
2022-11-11 21:01:34,756 [analyzer] DEBUG: Loaded monitor into process with pid 2940
2022-11-11 21:01:37,157 [analyzer] INFO: Injected into process with pid 644 and name u'taskkill.exe'
2022-11-11 21:01:40,476 [analyzer] DEBUG: Loaded monitor into process with pid 644
