2022-11-11 14:46:12,015 [analyzer] DEBUG: Starting analyzer from: C:\tmpgto74e
2022-11-11 14:46:12,015 [analyzer] DEBUG: Pipe server name: \??\PIPE\DCPWHXUUgpfyjWMtdDdyafyiIcbr
2022-11-11 14:46:12,015 [analyzer] DEBUG: Log pipe server name: \??\PIPE\OMGoZLeOwaRRgcfPQkDbute
2022-11-11 14:46:12,092 [analyzer] DEBUG: Started auxiliary module DbgView
2022-11-11 14:46:18,483 [analyzer] DEBUG: Started auxiliary module Disguise
2022-11-11 14:46:18,780 [analyzer] DEBUG: Loaded monitor into process with pid 504
2022-11-11 14:46:18,780 [analyzer] DEBUG: Started auxiliary module DumpTLSMasterSecrets
2022-11-11 14:46:18,796 [analyzer] DEBUG: Started auxiliary module Human
2022-11-11 14:46:18,796 [analyzer] DEBUG: Started auxiliary module InstallCertificate
2022-11-11 14:46:18,796 [analyzer] DEBUG: Started auxiliary module Reboot
2022-11-11 14:46:19,000 [analyzer] DEBUG: Started auxiliary module RecentFiles
2022-11-11 14:46:19,000 [analyzer] DEBUG: Started auxiliary module Screenshots
2022-11-11 14:46:19,000 [analyzer] DEBUG: Started auxiliary module LoadZer0m0n
2022-11-11 14:46:19,015 [modules.auxiliary.screenshots] INFO: Python Image Library (either PIL or Pillow) is not installed, screenshots are disabled.
2022-11-11 14:46:19,296 [lib.api.process] INFO: Successfully executed process from path 'C:\\Python27\\python.exe' with arguments [u'C:\\Users\\ADMINI~1\\AppData\\Local\\Temp\\16-NV.py'] and pid 1896
2022-11-11 14:46:19,765 [analyzer] DEBUG: Loaded monitor into process with pid 1896
2022-11-11 21:04:44,677 [analyzer] INFO: Added new file to list with pid 1896 and path C:\Python27\Lib\webbrowser.pyc
2022-11-11 21:05:00,693 [analyzer] INFO: Injected into process with pid 732 and name u'chrome.exe'
2022-11-11 21:05:01,036 [analyzer] DEBUG: Loaded monitor into process with pid 732
2022-11-11 21:05:02,207 [lib.api.process] ERROR: Failed to dump memory of 64-bit process with pid 732.
2022-11-11 21:05:02,818 [analyzer] INFO: Process with pid 732 has terminated
2022-11-11 21:05:16,005 [analyzer] INFO: Injected into process with pid 1936 and name u'chrome.exe'
2022-11-11 21:05:16,348 [analyzer] DEBUG: Loaded monitor into process with pid 1936
2022-11-11 21:05:17,411 [lib.api.process] ERROR: Failed to dump memory of 64-bit process with pid 1936.
2022-11-11 21:05:17,818 [analyzer] INFO: Process with pid 1936 has terminated
2022-11-11 21:05:31,270 [analyzer] INFO: Injected into process with pid 2412 and name u'chrome.exe'
2022-11-11 21:05:31,582 [analyzer] DEBUG: Loaded monitor into process with pid 2412
2022-11-11 21:05:31,911 [analyzer] INFO: Injected into process with pid 2616 and name u'chrome.exe'
2022-11-11 21:05:32,255 [analyzer] DEBUG: Loaded monitor into process with pid 2616
2022-11-11 21:05:32,490 [analyzer] INFO: Injected into process with pid 3060 and name u'chrome.exe'
2022-11-11 21:05:32,832 [analyzer] DEBUG: Loaded monitor into process with pid 3060
2022-11-11 21:05:33,957 [lib.api.process] ERROR: Failed to dump memory of 64-bit process with pid 3060.
2022-11-11 21:05:34,818 [analyzer] INFO: Process with pid 3060 has terminated
2022-11-11 21:05:35,082 [lib.api.process] ERROR: Failed to dump memory of 64-bit process with pid 2616.
2022-11-11 21:05:35,130 [analyzer] INFO: Added new file to list with pid 2412 and path C:\Program Files\Google\Chrome\Application\debug.log
2022-11-11 21:05:35,832 [analyzer] INFO: Process with pid 2616 has terminated
2022-11-11 21:05:40,943 [analyzer] INFO: Added new file to list with pid 2412 and path \Device\NamedPipe\wkssvc
2022-11-11 21:05:42,598 [analyzer] INFO: Added new file to list with pid 2412 and path C:\Users\Administrator\AppData\Local\Google\Chrome\User Data\Variations
2022-11-11 21:05:46,645 [analyzer] INFO: Injected into process with pid 1740 and name u'chrome.exe'
2022-11-11 21:05:47,068 [analyzer] DEBUG: Loaded monitor into process with pid 1740
2022-11-11 21:05:48,552 [lib.api.process] ERROR: Failed to dump memory of 64-bit process with pid 1740.
2022-11-11 21:05:48,865 [analyzer] INFO: Process with pid 1740 has terminated
2022-11-11 21:06:00,911 [analyzer] INFO: Process with pid 2412 has terminated
2022-11-11 21:06:01,895 [analyzer] INFO: Injected into process with pid 1316 and name u'chrome.exe'
2022-11-11 21:06:02,223 [analyzer] DEBUG: Loaded monitor into process with pid 1316
2022-11-11 21:06:02,552 [analyzer] INFO: Injected into process with pid 2260 and name u'chrome.exe'
2022-11-11 21:06:02,880 [analyzer] DEBUG: Loaded monitor into process with pid 2260
2022-11-11 21:06:03,145 [analyzer] INFO: Added new file to list with pid 2260 and path \Device\NamedPipe\crashpad_1316_USNSXYGXKQSDXMEM
2022-11-11 21:06:03,207 [analyzer] INFO: Added new file to list with pid 1316 and path C:\Users\Administrator\AppData\Local\Google\Chrome\User Data\Crashpad\settings.dat
2022-11-11 21:06:17,473 [analyzer] INFO: Injected into process with pid 2684 and name u'chrome.exe'
2022-11-11 21:06:18,193 [analyzer] DEBUG: Loaded monitor into process with pid 2684
2022-11-11 21:06:19,848 [lib.api.process] ERROR: Failed to dump memory of 64-bit process with pid 2684.
2022-11-11 21:06:19,973 [analyzer] INFO: Process with pid 2684 has terminated
2022-11-11 21:06:35,709 [analyzer] INFO: Injected into process with pid 2432 and name u'chrome.exe'
2022-11-11 21:06:36,075 [analyzer] DEBUG: Loaded monitor into process with pid 2432
2022-11-11 21:06:36,328 [modules.auxiliary.human] INFO: Found button u'Check online for a solution and close the program', clicking it
2022-11-11 21:06:36,398 [analyzer] INFO: Injected into process with pid 2464 and name u'chrome.exe'
2022-11-11 21:06:36,736 [analyzer] DEBUG: Loaded monitor into process with pid 2464
2022-11-11 21:06:36,960 [analyzer] INFO: Injected into process with pid 1956 and name u'chrome.exe'
2022-11-11 21:06:37,269 [analyzer] DEBUG: Loaded monitor into process with pid 1956
2022-11-11 21:06:37,269 [modules.auxiliary.human] INFO: Found button u'Close the program', clicking it
2022-11-11 21:06:38,227 [lib.api.process] ERROR: Failed to dump memory of 64-bit process with pid 1956.
2022-11-11 21:06:38,480 [analyzer] INFO: Process with pid 1956 has terminated
2022-11-11 21:06:39,177 [lib.api.process] ERROR: Failed to dump memory of 64-bit process with pid 2464.
2022-11-11 21:06:39,303 [analyzer] INFO: Process with pid 2464 has terminated
2022-11-11 21:06:44,176 [analyzer] INFO: Analysis timeout hit, terminating analysis.
2022-11-11 21:06:48,348 [analyzer] INFO: Injected into process with pid 1448 and name u'chrome.exe'
2022-11-11 21:06:48,861 [analyzer] DEBUG: Loaded monitor into process with pid 1448
2022-11-11 21:06:49,943 [analyzer] WARNING: The package "modules.packages.python" finish function raised an exception: [Error 32] The process cannot access the file because it is being used by another process: 'c:\\users\\admini~1\\appdata\\local\\temp\\tmpc03yfq'
2022-11-11 21:06:50,114 [analyzer] WARNING: File at path u'\\device\\namedpipe\\wkssvc' does not exist, skip.
2022-11-11 21:06:50,171 [analyzer] WARNING: File at path u'\\device\\namedpipe\\crashpad_1316_usnsxygxkqsdxmem' does not exist, skip.
2022-11-11 21:06:50,171 [analyzer] INFO: Analysis completed.
