2022-11-11 14:17:37,274 [cuckoo.core.scheduler] INFO: Task #40: acquired machine 192.168.56.1011 (label=192.168.56.1011)
2022-11-11 14:17:37,275 [cuckoo.core.resultserver] DEBUG: Now tracking machine 192.168.56.101 for task #40
2022-11-11 14:17:37,276 [cuckoo.core.plugins] DEBUG: Started auxiliary module: Replay
2022-11-11 14:17:37,285 [cuckoo.auxiliary.sniffer] INFO: Started sniffer with PID 11209 (interface=vboxnet0, host=192.168.56.101)
2022-11-11 14:17:37,285 [cuckoo.core.plugins] DEBUG: Started auxiliary module: Sniffer
2022-11-11 14:17:37,303 [cuckoo.machinery.virtualbox] DEBUG: Starting vm 192.168.56.1011
2022-11-11 14:17:37,400 [cuckoo.machinery.virtualbox] DEBUG: Restoring virtual machine 192.168.56.1011 to its current snapshot
2022-11-11 14:17:39,532 [cuckoo.core.guest] INFO: Starting analysis #40 on guest (id=192.168.56.1011, ip=192.168.56.101)
2022-11-11 14:17:40,554 [cuckoo.core.guest] DEBUG: 192.168.56.1011: not ready yet
2022-11-11 14:17:41,558 [cuckoo.core.guest] DEBUG: 192.168.56.1011: not ready yet
2022-11-11 14:17:42,561 [cuckoo.core.guest] DEBUG: 192.168.56.1011: not ready yet
2022-11-11 14:17:43,564 [cuckoo.core.guest] DEBUG: 192.168.56.1011: not ready yet
2022-11-11 14:17:44,574 [cuckoo.core.guest] DEBUG: 192.168.56.1011: not ready yet
2022-11-11 14:17:45,622 [cuckoo.core.guest] DEBUG: 192.168.56.1011: not ready yet
2022-11-11 14:17:46,654 [cuckoo.core.guest] DEBUG: 192.168.56.1011: not ready yet
2022-11-11 14:17:47,659 [cuckoo.core.guest] DEBUG: 192.168.56.1011: not ready yet
2022-11-11 14:17:48,666 [cuckoo.core.guest] DEBUG: 192.168.56.1011: not ready yet
2022-11-11 14:17:49,669 [cuckoo.core.guest] DEBUG: 192.168.56.1011: not ready yet
2022-11-11 14:17:50,674 [cuckoo.core.guest] DEBUG: 192.168.56.1011: not ready yet
2022-11-11 14:17:51,676 [cuckoo.core.guest] DEBUG: 192.168.56.1011: not ready yet
2022-11-11 14:17:52,680 [cuckoo.core.guest] DEBUG: 192.168.56.1011: not ready yet
2022-11-11 14:17:53,682 [cuckoo.core.guest] DEBUG: 192.168.56.1011: not ready yet
2022-11-11 14:17:54,684 [cuckoo.core.guest] DEBUG: 192.168.56.1011: not ready yet
2022-11-11 14:17:55,686 [cuckoo.core.guest] DEBUG: 192.168.56.1011: not ready yet
2022-11-11 14:17:56,694 [cuckoo.core.guest] DEBUG: 192.168.56.1011: not ready yet
2022-11-11 14:17:57,697 [cuckoo.core.guest] DEBUG: 192.168.56.1011: not ready yet
2022-11-11 14:17:58,700 [cuckoo.core.guest] DEBUG: 192.168.56.1011: not ready yet
2022-11-11 14:17:59,702 [cuckoo.core.guest] DEBUG: 192.168.56.1011: not ready yet
2022-11-11 14:18:00,706 [cuckoo.core.guest] DEBUG: 192.168.56.1011: not ready yet
2022-11-11 14:18:01,708 [cuckoo.core.guest] DEBUG: 192.168.56.1011: not ready yet
2022-11-11 14:18:02,713 [cuckoo.core.guest] DEBUG: 192.168.56.1011: not ready yet
2022-11-11 14:18:03,716 [cuckoo.core.guest] DEBUG: 192.168.56.1011: not ready yet
2022-11-11 14:18:04,719 [cuckoo.core.guest] DEBUG: 192.168.56.1011: not ready yet
2022-11-11 14:18:05,722 [cuckoo.core.guest] DEBUG: 192.168.56.1011: not ready yet
2022-11-11 14:18:06,728 [cuckoo.core.guest] DEBUG: 192.168.56.1011: not ready yet
2022-11-11 14:18:07,730 [cuckoo.core.guest] DEBUG: 192.168.56.1011: not ready yet
2022-11-11 14:18:08,732 [cuckoo.core.guest] DEBUG: 192.168.56.1011: not ready yet
2022-11-11 14:18:09,734 [cuckoo.core.guest] DEBUG: 192.168.56.1011: not ready yet
2022-11-11 14:18:10,737 [cuckoo.core.guest] DEBUG: 192.168.56.1011: not ready yet
2022-11-11 14:18:11,741 [cuckoo.core.guest] DEBUG: 192.168.56.1011: not ready yet
2022-11-11 14:18:12,743 [cuckoo.core.guest] DEBUG: 192.168.56.1011: not ready yet
2022-11-11 14:18:13,746 [cuckoo.core.guest] DEBUG: 192.168.56.1011: not ready yet
2022-11-11 14:18:14,748 [cuckoo.core.guest] DEBUG: 192.168.56.1011: not ready yet
2022-11-11 14:18:15,677 [cuckoo.core.guest] INFO: Guest is running Cuckoo Agent 0.10 (id=192.168.56.1011, ip=192.168.56.101)
2022-11-11 14:18:15,693 [cuckoo.core.guest] DEBUG: Uploading analyzer to guest (id=192.168.56.1011, ip=192.168.56.101, monitor=latest, size=3884763)
2022-11-11 14:18:16,917 [cuckoo.core.resultserver] DEBUG: Task #40: live log analysis.log initialized.
2022-11-11 14:18:21,397 [cuckoo.core.guest] DEBUG: 192.168.56.1011: analysis #40 still processing
2022-11-11 14:18:26,422 [cuckoo.core.guest] DEBUG: 192.168.56.1011: analysis #40 still processing
2022-11-11 14:18:26,653 [cuckoo.core.resultserver] DEBUG: Task #40 is sending a BSON stream
2022-11-11 14:18:27,500 [cuckoo.core.resultserver] DEBUG: Task #40 is sending a BSON stream
2022-11-11 14:18:31,446 [cuckoo.core.guest] DEBUG: 192.168.56.1011: analysis #40 still processing
2022-11-11 14:18:36,469 [cuckoo.core.guest] DEBUG: 192.168.56.1011: analysis #40 still processing
2022-11-11 14:18:41,495 [cuckoo.core.guest] DEBUG: 192.168.56.1011: analysis #40 still processing
2022-11-11 14:18:43,654 [cuckoo.core.resultserver] DEBUG: Task #40 is sending a BSON stream
2022-11-11 14:18:44,329 [cuckoo.core.resultserver] DEBUG: Task #40 is sending a BSON stream
2022-11-11 14:18:44,934 [cuckoo.core.resultserver] DEBUG: Task #40 is sending a BSON stream
2022-11-11 14:18:46,521 [cuckoo.core.guest] DEBUG: 192.168.56.1011: analysis #40 still processing
2022-11-11 14:18:51,554 [cuckoo.core.guest] DEBUG: 192.168.56.1011: analysis #40 still processing
2022-11-11 14:18:56,601 [cuckoo.core.guest] DEBUG: 192.168.56.1011: analysis #40 still processing
2022-11-11 14:18:59,151 [cuckoo.core.resultserver] DEBUG: Task #40 is sending a BSON stream
2022-11-11 14:19:00,153 [cuckoo.core.resultserver] DEBUG: Task #40 is sending a BSON stream
2022-11-11 14:19:01,027 [cuckoo.core.resultserver] DEBUG: Task #40 is sending a BSON stream
2022-11-11 14:19:01,626 [cuckoo.core.guest] DEBUG: 192.168.56.1011: analysis #40 still processing
2022-11-11 14:19:06,697 [cuckoo.core.guest] DEBUG: 192.168.56.1011: analysis #40 still processing
2022-11-11 14:19:11,725 [cuckoo.core.guest] DEBUG: 192.168.56.1011: analysis #40 still processing
2022-11-11 14:19:15,016 [cuckoo.core.resultserver] DEBUG: Task #40 is sending a BSON stream
2022-11-11 14:19:16,785 [cuckoo.core.guest] DEBUG: 192.168.56.1011: analysis #40 still processing
2022-11-11 14:19:16,833 [cuckoo.core.resultserver] DEBUG: Task #40 is sending a BSON stream
2022-11-11 14:19:18,578 [cuckoo.core.resultserver] DEBUG: Task #40 is sending a BSON stream
2022-11-11 14:19:21,822 [cuckoo.core.guest] DEBUG: 192.168.56.1011: analysis #40 still processing
2022-11-11 14:19:26,905 [cuckoo.core.guest] DEBUG: 192.168.56.1011: analysis #40 still processing
2022-11-11 14:19:31,294 [cuckoo.core.resultserver] DEBUG: Task #40 is sending a BSON stream
2022-11-11 14:19:31,975 [cuckoo.core.guest] DEBUG: 192.168.56.1011: analysis #40 still processing
2022-11-11 14:19:37,011 [cuckoo.core.guest] DEBUG: 192.168.56.1011: analysis #40 still processing
2022-11-11 14:19:42,046 [cuckoo.core.guest] DEBUG: 192.168.56.1011: analysis #40 still processing
2022-11-11 14:19:47,078 [cuckoo.core.guest] DEBUG: 192.168.56.1011: analysis #40 still processing
2022-11-11 14:19:47,574 [cuckoo.core.resultserver] DEBUG: Task #40 is sending a BSON stream
2022-11-11 14:19:52,108 [cuckoo.core.guest] DEBUG: 192.168.56.1011: analysis #40 still processing
2022-11-11 14:19:57,132 [cuckoo.core.guest] DEBUG: 192.168.56.1011: analysis #40 still processing
2022-11-11 14:20:02,201 [cuckoo.core.guest] DEBUG: 192.168.56.1011: analysis #40 still processing
2022-11-11 14:20:02,636 [cuckoo.core.resultserver] DEBUG: Task #40 is sending a BSON stream
2022-11-11 14:20:03,202 [cuckoo.core.resultserver] DEBUG: Task #40 is sending a BSON stream
2022-11-11 14:20:05,737 [cuckoo.core.resultserver] DEBUG: Task #40: File upload for 'memory/2296-1.dmp'
2022-11-11 14:20:06,454 [cuckoo.core.resultserver] DEBUG: Task #40 uploaded file length: 33067904
2022-11-11 14:20:07,228 [cuckoo.core.guest] DEBUG: 192.168.56.1011: analysis #40 still processing
2022-11-11 14:20:07,780 [cuckoo.core.resultserver] DEBUG: Task #40: File upload for 'memory/1108-1.dmp'
2022-11-11 14:20:08,182 [cuckoo.core.resultserver] DEBUG: Task #40 uploaded file length: 19788552
2022-11-11 14:20:12,257 [cuckoo.core.guest] DEBUG: 192.168.56.1011: analysis #40 still processing
2022-11-11 14:20:17,284 [cuckoo.core.guest] DEBUG: 192.168.56.1011: analysis #40 still processing
2022-11-11 14:20:22,308 [cuckoo.core.guest] DEBUG: 192.168.56.1011: analysis #40 still processing
2022-11-11 14:20:23,590 [cuckoo.core.resultserver] DEBUG: Task #40 is sending a BSON stream
2022-11-11 14:20:27,335 [cuckoo.core.guest] DEBUG: 192.168.56.1011: analysis #40 still processing
2022-11-11 14:20:28,819 [cuckoo.core.resultserver] DEBUG: Task #40: File upload for 'memory/2424-1.dmp'
2022-11-11 14:20:30,128 [cuckoo.core.resultserver] DEBUG: Task #40 uploaded file length: 59581728
2022-11-11 14:20:32,367 [cuckoo.core.guest] DEBUG: 192.168.56.1011: analysis #40 still processing
2022-11-11 14:20:32,534 [cuckoo.core.resultserver] DEBUG: Task #40: File upload for 'memory/2296-2.dmp'
2022-11-11 14:20:33,472 [cuckoo.core.resultserver] DEBUG: Task #40 uploaded file length: 47732112
2022-11-11 14:20:33,511 [cuckoo.core.resultserver] DEBUG: Task #40: File upload for 'files/6aed08355c5cf0b2_webbrowser.pyc'
2022-11-11 14:20:33,532 [cuckoo.core.resultserver] DEBUG: Task #40 uploaded file length: 19554
2022-11-11 14:20:33,556 [cuckoo.core.resultserver] DEBUG: Task #40: File upload for 'files/5d1b1b029694c693_0d05aafb-96d1-4b0e-a1e1-16a018e5d32e.dmp'
2022-11-11 14:20:33,577 [cuckoo.core.resultserver] DEBUG: Task #40 uploaded file length: 57708
2022-11-11 14:20:33,598 [cuckoo.core.resultserver] DEBUG: Task #40: File upload for 'files/474d668707f1cb92_variations'
2022-11-11 14:20:33,617 [cuckoo.core.resultserver] DEBUG: Task #40 uploaded file length: 86
2022-11-11 14:20:33,640 [cuckoo.core.resultserver] DEBUG: Task #40: File upload for 'files/422fb9b508305134_debug.log'
2022-11-11 14:20:33,662 [cuckoo.core.resultserver] DEBUG: Task #40 uploaded file length: 327
2022-11-11 14:20:33,683 [cuckoo.core.resultserver] DEBUG: Task #40: File upload for 'files/702ddf52fc387e29_metadata'
2022-11-11 14:20:33,703 [cuckoo.core.resultserver] DEBUG: Task #40 uploaded file length: 114
2022-11-11 14:20:33,753 [cuckoo.core.resultserver] DEBUG: Task #40 had connection reset for <Context for LOG>
2022-11-11 14:20:34,385 [cuckoo.core.guest] INFO: 192.168.56.1011: analysis completed successfully
2022-11-11 14:20:34,396 [cuckoo.core.plugins] DEBUG: Stopped auxiliary module: Replay
2022-11-11 14:20:34,426 [cuckoo.core.plugins] DEBUG: Stopped auxiliary module: Sniffer
2022-11-11 14:20:34,427 [cuckoo.machinery.virtualbox] DEBUG: Stopping vm 192.168.56.1011
2022-11-11 14:20:35,628 [cuckoo.core.resultserver] DEBUG: Stopped tracking machine 192.168.56.101 for task #40
2022-11-11 14:20:35,651 [cuckoo.core.scheduler] DEBUG: Released database task #40
2022-11-11 14:20:35,664 [cuckoo.core.plugins] DEBUG: Executed processing module "AnalysisInfo" for task #40
2022-11-11 14:20:35,880 [cuckoo.core.plugins] DEBUG: Executed processing module "BehaviorAnalysis" for task #40
2022-11-11 14:20:35,889 [cuckoo.core.plugins] DEBUG: Executed processing module "Dropped" for task #40
2022-11-11 14:20:35,889 [cuckoo.core.plugins] DEBUG: Executed processing module "DroppedBuffer" for task #40
2022-11-11 14:20:37,560 [cuckoo.core.plugins] DEBUG: Executed processing module "MetaInfo" for task #40
2022-11-11 14:20:38,670 [cuckoo.core.plugins] DEBUG: Executed processing module "ProcessMemory" for task #40
2022-11-11 14:20:38,671 [cuckoo.core.plugins] DEBUG: Executed processing module "Procmon" for task #40
2022-11-11 14:20:38,671 [cuckoo.core.plugins] DEBUG: Executed processing module "Screenshots" for task #40
2022-11-11 14:20:38,673 [cuckoo.core.plugins] DEBUG: Executed processing module "Static" for task #40
2022-11-11 14:20:38,674 [cuckoo.core.plugins] DEBUG: Executed processing module "Strings" for task #40
2022-11-11 14:20:38,675 [cuckoo.core.plugins] DEBUG: Executed processing module "TargetInfo" for task #40
2022-11-11 14:20:38,839 [cuckoo.core.plugins] DEBUG: Executed processing module "NetworkAnalysis" for task #40
2022-11-11 14:20:38,840 [cuckoo.core.plugins] DEBUG: Executed processing module "Extracted" for task #40
2022-11-11 14:20:38,840 [cuckoo.core.plugins] DEBUG: Executed processing module "TLSMasterSecrets" for task #40
2022-11-11 14:20:38,842 [cuckoo.core.plugins] DEBUG: Executed processing module "Debug" for task #40
2022-11-11 14:20:38,856 [cuckoo.core.plugins] DEBUG: Running 542 signatures
2022-11-11 14:20:39,456 [cuckoo.core.plugins] DEBUG: Analysis matched signature: dead_host
2022-11-11 14:20:39,456 [cuckoo.core.plugins] DEBUG: Analysis matched signature: network_http
2022-11-11 14:20:39,456 [cuckoo.core.plugins] DEBUG: Analysis matched signature: applcation_raises_exception
2022-11-11 14:20:39,456 [cuckoo.core.plugins] DEBUG: Analysis matched signature: infostealer_browser
2022-11-11 14:20:39,456 [cuckoo.core.plugins] DEBUG: Analysis matched signature: checks_debugger
2022-11-11 14:20:39,457 [cuckoo.core.plugins] DEBUG: Analysis matched signature: console_output
2022-11-11 14:20:39,457 [cuckoo.core.plugins] DEBUG: Analysis matched signature: suspicious_process
2022-11-11 14:20:39,457 [cuckoo.core.plugins] DEBUG: Analysis matched signature: recon_fingerprint
2022-11-11 14:20:39,457 [cuckoo.core.plugins] DEBUG: Analysis matched signature: locates_browser
2022-11-11 14:20:39,457 [cuckoo.core.plugins] DEBUG: Analysis matched signature: antivm_memory_available
2022-11-11 14:20:39,457 [cuckoo.core.plugins] DEBUG: Analysis matched signature: process_martian
2022-11-11 14:20:39,457 [cuckoo.core.plugins] DEBUG: Analysis matched signature: memdump_urls
2022-11-11 14:20:39,457 [cuckoo.core.plugins] DEBUG: Analysis matched signature: raises_exception
2022-11-11 14:20:39,457 [cuckoo.core.plugins] DEBUG: Analysis matched signature: injection_resumethread
2022-11-11 14:20:39,457 [cuckoo.core.plugins] DEBUG: Analysis matched signature: terminates_remote_process
2022-11-11 14:20:40,509 [cuckoo.core.plugins] DEBUG: Executed reporting module "JsonDump"
2022-11-11 14:20:40,951 [cuckoo.core.plugins] DEBUG: Executed reporting module "MongoDB"
2022-11-11 14:20:40,952 [cuckoo.core.scheduler] INFO: Task #40: reports generation completed
2022-11-11 14:20:40,955 [cuckoo.core.scheduler] INFO: Task #40: analysis procedure completed
