2022-11-11 14:13:55,208 [cuckoo.core.scheduler] INFO: Task #39: acquired machine 192.168.56.1011 (label=192.168.56.1011)
2022-11-11 14:13:55,208 [cuckoo.core.resultserver] DEBUG: Now tracking machine 192.168.56.101 for task #39
2022-11-11 14:13:55,208 [cuckoo.core.plugins] DEBUG: Started auxiliary module: Replay
2022-11-11 14:13:55,218 [cuckoo.auxiliary.sniffer] INFO: Started sniffer with PID 10923 (interface=vboxnet0, host=192.168.56.101)
2022-11-11 14:13:55,219 [cuckoo.core.plugins] DEBUG: Started auxiliary module: Sniffer
2022-11-11 14:13:55,242 [cuckoo.machinery.virtualbox] DEBUG: Starting vm 192.168.56.1011
2022-11-11 14:13:55,341 [cuckoo.machinery.virtualbox] DEBUG: Restoring virtual machine 192.168.56.1011 to its current snapshot
2022-11-11 14:13:57,560 [cuckoo.core.guest] INFO: Starting analysis #39 on guest (id=192.168.56.1011, ip=192.168.56.101)
2022-11-11 14:13:58,562 [cuckoo.core.guest] DEBUG: 192.168.56.1011: not ready yet
2022-11-11 14:13:59,564 [cuckoo.core.guest] DEBUG: 192.168.56.1011: not ready yet
2022-11-11 14:14:00,567 [cuckoo.core.guest] DEBUG: 192.168.56.1011: not ready yet
2022-11-11 14:14:01,573 [cuckoo.core.guest] DEBUG: 192.168.56.1011: not ready yet
2022-11-11 14:14:02,578 [cuckoo.core.guest] DEBUG: 192.168.56.1011: not ready yet
2022-11-11 14:14:03,615 [cuckoo.core.guest] DEBUG: 192.168.56.1011: not ready yet
2022-11-11 14:14:04,623 [cuckoo.core.guest] DEBUG: 192.168.56.1011: not ready yet
2022-11-11 14:14:05,625 [cuckoo.core.guest] DEBUG: 192.168.56.1011: not ready yet
2022-11-11 14:14:06,631 [cuckoo.core.guest] DEBUG: 192.168.56.1011: not ready yet
2022-11-11 14:14:07,634 [cuckoo.core.guest] DEBUG: 192.168.56.1011: not ready yet
2022-11-11 14:14:08,635 [cuckoo.core.guest] DEBUG: 192.168.56.1011: not ready yet
2022-11-11 14:14:09,638 [cuckoo.core.guest] DEBUG: 192.168.56.1011: not ready yet
2022-11-11 14:14:10,641 [cuckoo.core.guest] DEBUG: 192.168.56.1011: not ready yet
2022-11-11 14:14:11,644 [cuckoo.core.guest] DEBUG: 192.168.56.1011: not ready yet
2022-11-11 14:14:12,647 [cuckoo.core.guest] DEBUG: 192.168.56.1011: not ready yet
2022-11-11 14:14:13,650 [cuckoo.core.guest] DEBUG: 192.168.56.1011: not ready yet
2022-11-11 14:14:14,654 [cuckoo.core.guest] DEBUG: 192.168.56.1011: not ready yet
2022-11-11 14:14:15,657 [cuckoo.core.guest] DEBUG: 192.168.56.1011: not ready yet
2022-11-11 14:14:16,660 [cuckoo.core.guest] DEBUG: 192.168.56.1011: not ready yet
2022-11-11 14:14:17,663 [cuckoo.core.guest] DEBUG: 192.168.56.1011: not ready yet
2022-11-11 14:14:18,669 [cuckoo.core.guest] DEBUG: 192.168.56.1011: not ready yet
2022-11-11 14:14:19,674 [cuckoo.core.guest] DEBUG: 192.168.56.1011: not ready yet
2022-11-11 14:14:20,676 [cuckoo.core.guest] DEBUG: 192.168.56.1011: not ready yet
2022-11-11 14:14:21,678 [cuckoo.core.guest] DEBUG: 192.168.56.1011: not ready yet
2022-11-11 14:14:22,681 [cuckoo.core.guest] DEBUG: 192.168.56.1011: not ready yet
2022-11-11 14:14:23,683 [cuckoo.core.guest] DEBUG: 192.168.56.1011: not ready yet
2022-11-11 14:14:24,685 [cuckoo.core.guest] DEBUG: 192.168.56.1011: not ready yet
2022-11-11 14:14:25,688 [cuckoo.core.guest] DEBUG: 192.168.56.1011: not ready yet
2022-11-11 14:14:26,690 [cuckoo.core.guest] DEBUG: 192.168.56.1011: not ready yet
2022-11-11 14:14:27,694 [cuckoo.core.guest] DEBUG: 192.168.56.1011: not ready yet
2022-11-11 14:14:28,698 [cuckoo.core.guest] DEBUG: 192.168.56.1011: not ready yet
2022-11-11 14:14:29,700 [cuckoo.core.guest] DEBUG: 192.168.56.1011: not ready yet
2022-11-11 14:14:30,706 [cuckoo.core.guest] DEBUG: 192.168.56.1011: not ready yet
2022-11-11 14:14:31,709 [cuckoo.core.guest] DEBUG: 192.168.56.1011: not ready yet
2022-11-11 14:14:32,711 [cuckoo.core.guest] DEBUG: 192.168.56.1011: not ready yet
2022-11-11 14:14:33,716 [cuckoo.core.guest] DEBUG: 192.168.56.1011: not ready yet
2022-11-11 14:14:34,720 [cuckoo.core.guest] DEBUG: 192.168.56.1011: not ready yet
2022-11-11 14:14:34,729 [cuckoo.core.guest] INFO: Guest is running Cuckoo Agent 0.10 (id=192.168.56.1011, ip=192.168.56.101)
2022-11-11 14:14:34,742 [cuckoo.core.guest] DEBUG: Uploading analyzer to guest (id=192.168.56.1011, ip=192.168.56.101, monitor=latest, size=3884763)
2022-11-11 14:14:35,645 [cuckoo.core.resultserver] DEBUG: Task #39: live log analysis.log initialized.
2022-11-11 14:14:40,392 [cuckoo.core.guest] DEBUG: 192.168.56.1011: analysis #39 still processing
2022-11-11 14:14:42,583 [cuckoo.core.resultserver] DEBUG: Task #39 is sending a BSON stream
2022-11-11 14:14:45,426 [cuckoo.core.guest] DEBUG: 192.168.56.1011: analysis #39 still processing
2022-11-11 14:14:46,349 [cuckoo.core.resultserver] DEBUG: Task #39 is sending a BSON stream
2022-11-11 14:14:50,452 [cuckoo.core.guest] DEBUG: 192.168.56.1011: analysis #39 still processing
2022-11-11 14:14:55,475 [cuckoo.core.guest] DEBUG: 192.168.56.1011: analysis #39 still processing
2022-11-11 14:15:00,498 [cuckoo.core.guest] DEBUG: 192.168.56.1011: analysis #39 still processing
2022-11-11 14:15:02,301 [cuckoo.core.resultserver] DEBUG: Task #39 is sending a BSON stream
2022-11-11 14:15:05,522 [cuckoo.core.guest] DEBUG: 192.168.56.1011: analysis #39 still processing
2022-11-11 14:15:10,548 [cuckoo.core.guest] DEBUG: 192.168.56.1011: analysis #39 still processing
2022-11-11 14:15:15,573 [cuckoo.core.guest] DEBUG: 192.168.56.1011: analysis #39 still processing
2022-11-11 14:15:17,585 [cuckoo.core.resultserver] DEBUG: Task #39 is sending a BSON stream
2022-11-11 14:15:18,244 [cuckoo.core.resultserver] DEBUG: Task #39 is sending a BSON stream
2022-11-11 14:15:18,832 [cuckoo.core.resultserver] DEBUG: Task #39 is sending a BSON stream
2022-11-11 14:15:20,601 [cuckoo.core.guest] DEBUG: 192.168.56.1011: analysis #39 still processing
2022-11-11 14:15:25,633 [cuckoo.core.guest] DEBUG: 192.168.56.1011: analysis #39 still processing
2022-11-11 14:15:30,657 [cuckoo.core.guest] DEBUG: 192.168.56.1011: analysis #39 still processing
2022-11-11 14:15:33,208 [cuckoo.core.resultserver] DEBUG: Task #39 is sending a BSON stream
2022-11-11 14:15:34,209 [cuckoo.core.resultserver] DEBUG: Task #39 is sending a BSON stream
2022-11-11 14:15:35,697 [cuckoo.core.guest] DEBUG: 192.168.56.1011: analysis #39 still processing
2022-11-11 14:15:40,726 [cuckoo.core.guest] DEBUG: 192.168.56.1011: analysis #39 still processing
2022-11-11 14:15:45,754 [cuckoo.core.guest] DEBUG: 192.168.56.1011: analysis #39 still processing
2022-11-11 14:15:49,608 [cuckoo.core.resultserver] DEBUG: Task #39 is sending a BSON stream
2022-11-11 14:15:50,780 [cuckoo.core.guest] DEBUG: 192.168.56.1011: analysis #39 still processing
2022-11-11 14:15:52,835 [cuckoo.core.resultserver] DEBUG: Task #39 is sending a BSON stream
2022-11-11 14:15:55,098 [cuckoo.core.resultserver] DEBUG: Task #39 is sending a BSON stream
2022-11-11 14:15:55,819 [cuckoo.core.guest] DEBUG: 192.168.56.1011: analysis #39 still processing
2022-11-11 14:16:00,859 [cuckoo.core.guest] DEBUG: 192.168.56.1011: analysis #39 still processing
2022-11-11 14:16:05,933 [cuckoo.core.guest] DEBUG: 192.168.56.1011: analysis #39 still processing
2022-11-11 14:16:10,961 [cuckoo.core.guest] DEBUG: 192.168.56.1011: analysis #39 still processing
2022-11-11 14:16:15,998 [cuckoo.core.guest] DEBUG: 192.168.56.1011: analysis #39 still processing
2022-11-11 14:16:19,742 [cuckoo.core.resultserver] DEBUG: Task #39 is sending a BSON stream
2022-11-11 14:16:21,028 [cuckoo.core.guest] DEBUG: 192.168.56.1011: analysis #39 still processing
2022-11-11 14:16:21,176 [cuckoo.core.resultserver] DEBUG: Task #39 is sending a BSON stream
2022-11-11 14:16:26,104 [cuckoo.core.guest] DEBUG: 192.168.56.1011: analysis #39 still processing
2022-11-11 14:16:26,164 [cuckoo.core.resultserver] DEBUG: Task #39 is sending a BSON stream
2022-11-11 14:16:27,541 [cuckoo.core.resultserver] DEBUG: Task #39 is sending a BSON stream
2022-11-11 14:16:28,069 [cuckoo.core.resultserver] DEBUG: Task #39: File upload for 'memory/1832-1.dmp'
2022-11-11 14:16:28,983 [cuckoo.core.resultserver] DEBUG: Task #39 uploaded file length: 18534456
2022-11-11 14:16:30,561 [cuckoo.core.resultserver] DEBUG: Task #39 is sending a BSON stream
2022-11-11 14:16:30,562 [cuckoo.core.resultserver] DEBUG: Task #39: File upload for 'memory/1448-1.dmp'
2022-11-11 14:16:31,136 [cuckoo.core.guest] DEBUG: 192.168.56.1011: analysis #39 still processing
2022-11-11 14:16:32,146 [cuckoo.core.resultserver] DEBUG: Task #39: File upload for 'files/e3b0c44298fc1c14_~SD5053.tmp'
2022-11-11 14:16:32,202 [cuckoo.core.resultserver] DEBUG: Task #39 uploaded file length: 0
2022-11-11 14:16:32,344 [cuckoo.core.resultserver] DEBUG: Task #39 uploaded file length: 15728984
2022-11-11 14:16:33,059 [cuckoo.core.resultserver] DEBUG: Task #39 is sending a BSON stream
2022-11-11 14:16:33,365 [cuckoo.core.resultserver] DEBUG: Task #39: File upload for 'memory/2764-1.dmp'
2022-11-11 14:16:33,836 [cuckoo.core.resultserver] DEBUG: Task #39 uploaded file length: 11398864
2022-11-11 14:16:34,638 [cuckoo.core.resultserver] DEBUG: Task #39: File upload for 'memory/2172-1.dmp'
2022-11-11 14:16:34,768 [cuckoo.core.resultserver] DEBUG: Task #39: File upload for 'memory/2608-1.dmp'
2022-11-11 14:16:36,166 [cuckoo.core.guest] DEBUG: 192.168.56.1011: analysis #39 still processing
2022-11-11 14:16:36,437 [cuckoo.core.resultserver] DEBUG: Task #39 uploaded file length: 9399056
2022-11-11 14:16:36,878 [cuckoo.core.resultserver] DEBUG: Task #39 uploaded file length: 19796648
2022-11-11 14:16:37,997 [cuckoo.core.resultserver] DEBUG: Task #39: File upload for 'memory/2760-1.dmp'
2022-11-11 14:16:39,419 [cuckoo.core.resultserver] DEBUG: Task #39 uploaded file length: 20390496
2022-11-11 14:16:41,205 [cuckoo.core.guest] DEBUG: 192.168.56.1011: analysis #39 still processing
2022-11-11 14:16:46,232 [cuckoo.core.guest] DEBUG: 192.168.56.1011: analysis #39 still processing
2022-11-11 14:16:49,589 [cuckoo.core.resultserver] DEBUG: Task #39: File upload for 'memory/2424-1.dmp'
2022-11-11 14:16:51,259 [cuckoo.core.guest] DEBUG: 192.168.56.1011: analysis #39 still processing
2022-11-11 14:16:51,549 [cuckoo.core.resultserver] DEBUG: Task #39 uploaded file length: 59003640
2022-11-11 14:16:52,629 [cuckoo.core.resultserver] DEBUG: Task #39 is sending a BSON stream
2022-11-11 14:16:53,664 [cuckoo.core.resultserver] DEBUG: Task #39 is sending a BSON stream
2022-11-11 14:16:54,382 [cuckoo.core.resultserver] DEBUG: Task #39: File upload for 'files/f91dbb7c64b4582f_CrashpadMetrics.pma~RF171dcff.TMP'
2022-11-11 14:16:54,461 [cuckoo.core.resultserver] DEBUG: Task #39 uploaded file length: 1048576
2022-11-11 14:16:56,284 [cuckoo.core.guest] DEBUG: 192.168.56.1011: analysis #39 still processing
2022-11-11 14:16:58,856 [cuckoo.core.resultserver] DEBUG: Task #39: File upload for 'memory/1832-2.dmp'
2022-11-11 14:17:01,340 [cuckoo.core.guest] DEBUG: 192.168.56.1011: analysis #39 still processing
2022-11-11 14:17:03,318 [cuckoo.core.resultserver] DEBUG: Task #39 uploaded file length: 48523480
2022-11-11 14:17:06,378 [cuckoo.core.guest] DEBUG: 192.168.56.1011: analysis #39 still processing
2022-11-11 14:17:07,864 [cuckoo.core.resultserver] DEBUG: Task #39 is sending a BSON stream
2022-11-11 14:17:11,061 [cuckoo.core.resultserver] DEBUG: Task #39 is sending a BSON stream
2022-11-11 14:17:11,440 [cuckoo.core.guest] DEBUG: 192.168.56.1011: analysis #39 still processing
2022-11-11 14:17:11,547 [cuckoo.core.resultserver] DEBUG: Task #39: File upload for 'memory/860-1.dmp'
2022-11-11 14:17:13,228 [cuckoo.core.resultserver] DEBUG: Task #39 uploaded file length: 9399056
2022-11-11 14:17:13,848 [cuckoo.core.resultserver] DEBUG: Task #39 is sending a BSON stream
2022-11-11 14:17:16,468 [cuckoo.core.guest] DEBUG: 192.168.56.1011: analysis #39 still processing
2022-11-11 14:17:21,496 [cuckoo.core.guest] DEBUG: 192.168.56.1011: analysis #39 still processing
2022-11-11 14:17:21,807 [cuckoo.core.resultserver] DEBUG: Task #39: File upload for 'memory/2020-1.dmp'
2022-11-11 14:17:26,584 [cuckoo.core.guest] DEBUG: 192.168.56.1011: analysis #39 still processing
2022-11-11 14:17:26,733 [cuckoo.core.resultserver] DEBUG: Task #39 uploaded file length: 19784432
2022-11-11 14:17:31,542 [cuckoo.core.resultserver] DEBUG: Task #39: File upload for 'memory/1384-1.dmp'
2022-11-11 14:17:31,631 [cuckoo.core.guest] DEBUG: 192.168.56.1011: analysis #39 still processing
2022-11-11 14:17:32,710 [cuckoo.core.resultserver] DEBUG: Task #39: File upload for 'files/aac4ac970ec47cd9_WelcomeScan.jpg'
2022-11-11 14:17:32,871 [cuckoo.core.resultserver] DEBUG: Task #39 uploaded file length: 516424
2022-11-11 14:17:33,640 [cuckoo.core.resultserver] DEBUG: Task #39 uploaded file length: 47240640
2022-11-11 14:17:33,875 [cuckoo.core.resultserver] DEBUG: Task #39: File upload for 'files/d3e8d47e8c1622ec_background.png'
2022-11-11 14:17:33,927 [cuckoo.core.resultserver] DEBUG: Task #39 uploaded file length: 129745
2022-11-11 14:17:34,061 [cuckoo.core.resultserver] DEBUG: Task #39: File upload for 'files/609824cc9c4f6c26_device.png'
2022-11-11 14:17:34,212 [cuckoo.core.resultserver] DEBUG: Task #39 uploaded file length: 44488
2022-11-11 14:17:34,534 [cuckoo.core.resultserver] DEBUG: Task #39: File upload for 'files/5c5b0de42d55486e_overlay.png'
2022-11-11 14:17:34,865 [cuckoo.core.resultserver] DEBUG: Task #39 uploaded file length: 28865
2022-11-11 14:17:35,064 [cuckoo.core.resultserver] DEBUG: Task #39: File upload for 'files/0f35ace5268db339_superbar.png'
2022-11-11 14:17:35,226 [cuckoo.core.resultserver] DEBUG: Task #39 uploaded file length: 39379
2022-11-11 14:17:35,807 [cuckoo.core.resultserver] DEBUG: Task #39: File upload for 'files/8bf0705e02cfee44_usertile10.bmp'
2022-11-11 14:17:35,860 [cuckoo.core.guest] INFO: 192.168.56.1011: end of analysis reached!
2022-11-11 14:17:35,867 [cuckoo.core.plugins] DEBUG: Stopped auxiliary module: Replay
2022-11-11 14:17:35,970 [cuckoo.core.plugins] DEBUG: Stopped auxiliary module: Sniffer
2022-11-11 14:17:35,971 [cuckoo.machinery.virtualbox] DEBUG: Stopping vm 192.168.56.1011
2022-11-11 14:17:36,081 [cuckoo.core.resultserver] DEBUG: Task #39 uploaded file length: 49208
2022-11-11 14:17:37,161 [cuckoo.core.resultserver] DEBUG: Stopped tracking machine 192.168.56.101 for task #39
2022-11-11 14:17:37,161 [cuckoo.core.resultserver] DEBUG: Cancel <Context for BSON> for task 39
2022-11-11 14:17:37,161 [cuckoo.core.resultserver] DEBUG: Cancel <Context for LOG> for task 39
2022-11-11 14:17:37,162 [cuckoo.core.resultserver] DEBUG: Cancel <Context for BSON> for task 39
2022-11-11 14:17:37,162 [cuckoo.core.resultserver] DEBUG: Cancel <Context for BSON> for task 39
2022-11-11 14:17:37,162 [cuckoo.core.resultserver] DEBUG: Cancel <Context for BSON> for task 39
2022-11-11 14:17:37,162 [cuckoo.core.resultserver] DEBUG: Cancel <Context for BSON> for task 39
2022-11-11 14:17:37,162 [cuckoo.core.resultserver] DEBUG: Cancel <Context for BSON> for task 39
2022-11-11 14:17:37,162 [cuckoo.core.resultserver] DEBUG: Cancel <Context for BSON> for task 39
2022-11-11 14:17:37,162 [cuckoo.core.resultserver] DEBUG: Cancel <Context for BSON> for task 39
2022-11-11 14:17:37,162 [cuckoo.core.resultserver] DEBUG: Cancel <Context for BSON> for task 39
2022-11-11 14:17:37,162 [cuckoo.core.resultserver] DEBUG: Cancel <Context for BSON> for task 39
2022-11-11 14:17:37,162 [cuckoo.core.resultserver] DEBUG: Cancel <Context for BSON> for task 39
2022-11-11 14:17:37,162 [cuckoo.core.resultserver] DEBUG: Cancel <Context for BSON> for task 39
2022-11-11 14:17:37,162 [cuckoo.core.resultserver] DEBUG: Cancel <Context for BSON> for task 39
2022-11-11 14:17:37,162 [cuckoo.core.resultserver] DEBUG: Cancel <Context for BSON> for task 39
2022-11-11 14:17:37,162 [cuckoo.core.resultserver] DEBUG: Cancel <Context for BSON> for task 39
2022-11-11 14:17:37,162 [cuckoo.core.resultserver] DEBUG: Cancel <Context for BSON> for task 39
2022-11-11 14:17:37,162 [cuckoo.core.resultserver] DEBUG: Cancel <Context for BSON> for task 39
2022-11-11 14:17:37,162 [cuckoo.core.resultserver] DEBUG: Cancel <Context for BSON> for task 39
2022-11-11 14:17:37,162 [cuckoo.core.resultserver] DEBUG: Cancel <Context for BSON> for task 39
2022-11-11 14:17:37,162 [cuckoo.core.resultserver] DEBUG: Cancel <Context for BSON> for task 39
2022-11-11 14:17:37,162 [cuckoo.core.resultserver] DEBUG: Cancel <Context for BSON> for task 39
2022-11-11 14:17:37,163 [cuckoo.core.resultserver] DEBUG: Cancel <Context for BSON> for task 39
2022-11-11 14:17:37,186 [cuckoo.core.scheduler] DEBUG: Released database task #39
2022-11-11 14:17:37,203 [cuckoo.core.plugins] DEBUG: Executed processing module "AnalysisInfo" for task #39
2022-11-11 14:17:38,057 [cuckoo.core.plugins] DEBUG: Executed processing module "BehaviorAnalysis" for task #39
2022-11-11 14:17:38,101 [cuckoo.core.plugins] DEBUG: Executed processing module "Dropped" for task #39
2022-11-11 14:17:38,101 [cuckoo.core.plugins] DEBUG: Executed processing module "DroppedBuffer" for task #39
2022-11-11 14:17:40,951 [cuckoo.core.plugins] DEBUG: Executed processing module "MetaInfo" for task #39
2022-11-11 14:17:42,940 [cuckoo.core.plugins] DEBUG: Executed processing module "ProcessMemory" for task #39
2022-11-11 14:17:42,940 [cuckoo.core.plugins] DEBUG: Executed processing module "Procmon" for task #39
2022-11-11 14:17:42,941 [cuckoo.core.plugins] DEBUG: Executed processing module "Screenshots" for task #39
2022-11-11 14:17:42,943 [cuckoo.core.plugins] DEBUG: Executed processing module "Static" for task #39
2022-11-11 14:17:42,944 [cuckoo.core.plugins] DEBUG: Executed processing module "Strings" for task #39
2022-11-11 14:17:42,946 [cuckoo.core.plugins] DEBUG: Executed processing module "TargetInfo" for task #39
2022-11-11 14:17:43,070 [cuckoo.core.plugins] DEBUG: Executed processing module "NetworkAnalysis" for task #39
2022-11-11 14:17:43,070 [cuckoo.core.plugins] DEBUG: Executed processing module "Extracted" for task #39
2022-11-11 14:17:43,070 [cuckoo.core.plugins] DEBUG: Executed processing module "TLSMasterSecrets" for task #39
2022-11-11 14:17:43,072 [cuckoo.core.plugins] DEBUG: Executed processing module "Debug" for task #39
2022-11-11 14:17:43,086 [cuckoo.core.plugins] DEBUG: Running 542 signatures
2022-11-11 14:17:46,102 [cuckoo.core.plugins] DEBUG: Analysis matched signature: dead_host
2022-11-11 14:17:46,102 [cuckoo.core.plugins] DEBUG: Analysis matched signature: network_http
2022-11-11 14:17:46,102 [cuckoo.core.plugins] DEBUG: Analysis matched signature: antisandbox_sleep
2022-11-11 14:17:46,102 [cuckoo.core.plugins] DEBUG: Analysis matched signature: antivm_queries_computername
2022-11-11 14:17:46,102 [cuckoo.core.plugins] DEBUG: Analysis matched signature: applcation_raises_exception
2022-11-11 14:17:46,103 [cuckoo.core.plugins] DEBUG: Analysis matched signature: infostealer_browser
2022-11-11 14:17:46,103 [cuckoo.core.plugins] DEBUG: Analysis matched signature: checks_debugger
2022-11-11 14:17:46,103 [cuckoo.core.plugins] DEBUG: Analysis matched signature: console_output
2022-11-11 14:17:46,103 [cuckoo.core.plugins] DEBUG: Analysis matched signature: creates_doc
2022-11-11 14:17:46,103 [cuckoo.core.plugins] DEBUG: Analysis matched signature: creates_exe
2022-11-11 14:17:46,103 [cuckoo.core.plugins] DEBUG: Analysis matched signature: creates_hidden_file
2022-11-11 14:17:46,103 [cuckoo.core.plugins] DEBUG: Analysis matched signature: creates_shortcut
2022-11-11 14:17:46,103 [cuckoo.core.plugins] DEBUG: Analysis matched signature: suspicious_process
2022-11-11 14:17:46,103 [cuckoo.core.plugins] DEBUG: Analysis matched signature: generates_crypto_key
2022-11-11 14:17:46,103 [cuckoo.core.plugins] DEBUG: Analysis matched signature: recon_fingerprint
2022-11-11 14:17:46,103 [cuckoo.core.plugins] DEBUG: Analysis matched signature: stealth_window
2022-11-11 14:17:46,104 [cuckoo.core.plugins] DEBUG: Analysis matched signature: locates_browser
2022-11-11 14:17:46,104 [cuckoo.core.plugins] DEBUG: Analysis matched signature: antivm_memory_available
2022-11-11 14:17:46,104 [cuckoo.core.plugins] DEBUG: Analysis matched signature: protection_rx
2022-11-11 14:17:46,104 [cuckoo.core.plugins] DEBUG: Analysis matched signature: process_martian
2022-11-11 14:17:46,104 [cuckoo.core.plugins] DEBUG: Analysis matched signature: memdump_tor_urls
2022-11-11 14:17:46,104 [cuckoo.core.plugins] DEBUG: Analysis matched signature: memdump_urls
2022-11-11 14:17:46,104 [cuckoo.core.plugins] DEBUG: Analysis matched signature: raises_exception
2022-11-11 14:17:46,104 [cuckoo.core.plugins] DEBUG: Analysis matched signature: ransomware_file_moves
2022-11-11 14:17:46,104 [cuckoo.core.plugins] DEBUG: Analysis matched signature: ransomware_appends_extensions
2022-11-11 14:17:46,105 [cuckoo.core.plugins] DEBUG: Analysis matched signature: ransomware_extensions
2022-11-11 14:17:46,105 [cuckoo.core.plugins] DEBUG: Analysis matched signature: ransomware_mass_file_delete
2022-11-11 14:17:46,105 [cuckoo.core.plugins] DEBUG: Analysis matched signature: ransomware_message
2022-11-11 14:17:46,105 [cuckoo.core.plugins] DEBUG: Analysis matched signature: injection_resumethread
2022-11-11 14:17:46,105 [cuckoo.core.plugins] DEBUG: Analysis matched signature: suspicious_command_tools
2022-11-11 14:17:46,105 [cuckoo.core.plugins] DEBUG: Analysis matched signature: uses_windows_utilities
2022-11-11 14:17:48,978 [cuckoo.core.plugins] DEBUG: Executed reporting module "JsonDump"
2022-11-11 14:17:50,153 [cuckoo.core.plugins] DEBUG: Executed reporting module "MongoDB"
2022-11-11 14:17:50,153 [cuckoo.core.scheduler] INFO: Task #39: reports generation completed
2022-11-11 14:17:50,157 [cuckoo.core.scheduler] INFO: Task #39: analysis procedure completed
