2022-11-11 15:03:56,123 [cuckoo.core.scheduler] INFO: Task #52: acquired machine 192.168.56.1011 (label=192.168.56.1011)
2022-11-11 15:03:56,123 [cuckoo.core.resultserver] DEBUG: Now tracking machine 192.168.56.101 for task #52
2022-11-11 15:03:56,123 [cuckoo.core.plugins] DEBUG: Started auxiliary module: Replay
2022-11-11 15:03:56,133 [cuckoo.auxiliary.sniffer] INFO: Started sniffer with PID 15411 (interface=vboxnet0, host=192.168.56.101)
2022-11-11 15:03:56,133 [cuckoo.core.plugins] DEBUG: Started auxiliary module: Sniffer
2022-11-11 15:03:56,213 [cuckoo.machinery.virtualbox] DEBUG: Starting vm 192.168.56.1011
2022-11-11 15:03:56,389 [cuckoo.machinery.virtualbox] DEBUG: Restoring virtual machine 192.168.56.1011 to its current snapshot
2022-11-11 15:03:58,446 [cuckoo.core.guest] INFO: Starting analysis #52 on guest (id=192.168.56.1011, ip=192.168.56.101)
2022-11-11 15:03:59,448 [cuckoo.core.guest] DEBUG: 192.168.56.1011: not ready yet
2022-11-11 15:04:00,450 [cuckoo.core.guest] DEBUG: 192.168.56.1011: not ready yet
2022-11-11 15:04:01,453 [cuckoo.core.guest] DEBUG: 192.168.56.1011: not ready yet
2022-11-11 15:04:02,457 [cuckoo.core.guest] DEBUG: 192.168.56.1011: not ready yet
2022-11-11 15:04:03,460 [cuckoo.core.guest] DEBUG: 192.168.56.1011: not ready yet
2022-11-11 15:04:04,464 [cuckoo.core.guest] DEBUG: 192.168.56.1011: not ready yet
2022-11-11 15:04:05,467 [cuckoo.core.guest] DEBUG: 192.168.56.1011: not ready yet
2022-11-11 15:04:06,471 [cuckoo.core.guest] DEBUG: 192.168.56.1011: not ready yet
2022-11-11 15:04:07,475 [cuckoo.core.guest] DEBUG: 192.168.56.1011: not ready yet
2022-11-11 15:04:08,479 [cuckoo.core.guest] DEBUG: 192.168.56.1011: not ready yet
2022-11-11 15:04:09,482 [cuckoo.core.guest] DEBUG: 192.168.56.1011: not ready yet
2022-11-11 15:04:10,483 [cuckoo.core.guest] DEBUG: 192.168.56.1011: not ready yet
2022-11-11 15:04:11,486 [cuckoo.core.guest] DEBUG: 192.168.56.1011: not ready yet
2022-11-11 15:04:12,488 [cuckoo.core.guest] DEBUG: 192.168.56.1011: not ready yet
2022-11-11 15:04:13,490 [cuckoo.core.guest] DEBUG: 192.168.56.1011: not ready yet
2022-11-11 15:04:14,492 [cuckoo.core.guest] DEBUG: 192.168.56.1011: not ready yet
2022-11-11 15:04:15,494 [cuckoo.core.guest] DEBUG: 192.168.56.1011: not ready yet
2022-11-11 15:04:16,496 [cuckoo.core.guest] DEBUG: 192.168.56.1011: not ready yet
2022-11-11 15:04:17,498 [cuckoo.core.guest] DEBUG: 192.168.56.1011: not ready yet
2022-11-11 15:04:18,503 [cuckoo.core.guest] DEBUG: 192.168.56.1011: not ready yet
2022-11-11 15:04:19,505 [cuckoo.core.guest] DEBUG: 192.168.56.1011: not ready yet
2022-11-11 15:04:20,508 [cuckoo.core.guest] DEBUG: 192.168.56.1011: not ready yet
2022-11-11 15:04:21,511 [cuckoo.core.guest] DEBUG: 192.168.56.1011: not ready yet
2022-11-11 15:04:22,513 [cuckoo.core.guest] DEBUG: 192.168.56.1011: not ready yet
2022-11-11 15:04:23,515 [cuckoo.core.guest] DEBUG: 192.168.56.1011: not ready yet
2022-11-11 15:04:24,517 [cuckoo.core.guest] DEBUG: 192.168.56.1011: not ready yet
2022-11-11 15:04:25,520 [cuckoo.core.guest] DEBUG: 192.168.56.1011: not ready yet
2022-11-11 15:04:26,524 [cuckoo.core.guest] DEBUG: 192.168.56.1011: not ready yet
2022-11-11 15:04:27,527 [cuckoo.core.guest] DEBUG: 192.168.56.1011: not ready yet
2022-11-11 15:04:28,529 [cuckoo.core.guest] DEBUG: 192.168.56.1011: not ready yet
2022-11-11 15:04:29,532 [cuckoo.core.guest] DEBUG: 192.168.56.1011: not ready yet
2022-11-11 15:04:30,534 [cuckoo.core.guest] DEBUG: 192.168.56.1011: not ready yet
2022-11-11 15:04:31,537 [cuckoo.core.guest] DEBUG: 192.168.56.1011: not ready yet
2022-11-11 15:04:32,540 [cuckoo.core.guest] DEBUG: 192.168.56.1011: not ready yet
2022-11-11 15:04:33,548 [cuckoo.core.guest] DEBUG: 192.168.56.1011: not ready yet
2022-11-11 15:04:34,551 [cuckoo.core.guest] DEBUG: 192.168.56.1011: not ready yet
2022-11-11 15:04:35,553 [cuckoo.core.guest] DEBUG: 192.168.56.1011: not ready yet
2022-11-11 15:04:35,564 [cuckoo.core.guest] INFO: Guest is running Cuckoo Agent 0.10 (id=192.168.56.1011, ip=192.168.56.101)
2022-11-11 15:04:35,578 [cuckoo.core.guest] DEBUG: Uploading analyzer to guest (id=192.168.56.1011, ip=192.168.56.101, monitor=latest, size=3884763)
2022-11-11 15:04:36,529 [cuckoo.core.resultserver] DEBUG: Task #52: live log analysis.log initialized.
2022-11-11 15:04:41,243 [cuckoo.core.guest] DEBUG: 192.168.56.1011: analysis #52 still processing
2022-11-11 15:04:43,229 [cuckoo.core.resultserver] DEBUG: Task #52 is sending a BSON stream
2022-11-11 15:04:44,061 [cuckoo.core.resultserver] DEBUG: Task #52 is sending a BSON stream
2022-11-11 15:04:46,273 [cuckoo.core.guest] DEBUG: 192.168.56.1011: analysis #52 still processing
2022-11-11 15:04:51,301 [cuckoo.core.guest] DEBUG: 192.168.56.1011: analysis #52 still processing
2022-11-11 15:04:56,322 [cuckoo.core.guest] DEBUG: 192.168.56.1011: analysis #52 still processing
2022-11-11 15:05:00,820 [cuckoo.core.resultserver] DEBUG: Task #52 is sending a BSON stream
2022-11-11 15:05:01,348 [cuckoo.core.guest] DEBUG: 192.168.56.1011: analysis #52 still processing
2022-11-11 15:05:06,370 [cuckoo.core.guest] DEBUG: 192.168.56.1011: analysis #52 still processing
2022-11-11 15:05:11,398 [cuckoo.core.guest] DEBUG: 192.168.56.1011: analysis #52 still processing
2022-11-11 15:05:16,120 [cuckoo.core.resultserver] DEBUG: Task #52 is sending a BSON stream
2022-11-11 15:05:16,433 [cuckoo.core.guest] DEBUG: 192.168.56.1011: analysis #52 still processing
2022-11-11 15:05:21,466 [cuckoo.core.guest] DEBUG: 192.168.56.1011: analysis #52 still processing
2022-11-11 15:05:26,496 [cuckoo.core.guest] DEBUG: 192.168.56.1011: analysis #52 still processing
2022-11-11 15:05:31,368 [cuckoo.core.resultserver] DEBUG: Task #52 is sending a BSON stream
2022-11-11 15:05:31,517 [cuckoo.core.guest] DEBUG: 192.168.56.1011: analysis #52 still processing
2022-11-11 15:05:32,029 [cuckoo.core.resultserver] DEBUG: Task #52 is sending a BSON stream
2022-11-11 15:05:32,604 [cuckoo.core.resultserver] DEBUG: Task #52 is sending a BSON stream
2022-11-11 15:05:36,547 [cuckoo.core.guest] DEBUG: 192.168.56.1011: analysis #52 still processing
2022-11-11 15:05:41,569 [cuckoo.core.guest] DEBUG: 192.168.56.1011: analysis #52 still processing
2022-11-11 15:05:46,595 [cuckoo.core.guest] DEBUG: 192.168.56.1011: analysis #52 still processing
2022-11-11 15:05:46,779 [cuckoo.core.resultserver] DEBUG: Task #52 is sending a BSON stream
2022-11-11 15:05:51,616 [cuckoo.core.guest] DEBUG: 192.168.56.1011: analysis #52 still processing
2022-11-11 15:05:56,643 [cuckoo.core.guest] DEBUG: 192.168.56.1011: analysis #52 still processing
2022-11-11 15:06:01,665 [cuckoo.core.guest] DEBUG: 192.168.56.1011: analysis #52 still processing
2022-11-11 15:06:02,011 [cuckoo.core.resultserver] DEBUG: Task #52 is sending a BSON stream
2022-11-11 15:06:02,648 [cuckoo.core.resultserver] DEBUG: Task #52 is sending a BSON stream
2022-11-11 15:06:06,697 [cuckoo.core.guest] DEBUG: 192.168.56.1011: analysis #52 still processing
2022-11-11 15:06:11,726 [cuckoo.core.guest] DEBUG: 192.168.56.1011: analysis #52 still processing
2022-11-11 15:06:16,754 [cuckoo.core.guest] DEBUG: 192.168.56.1011: analysis #52 still processing
2022-11-11 15:06:17,738 [cuckoo.core.resultserver] DEBUG: Task #52 is sending a BSON stream
2022-11-11 15:06:21,780 [cuckoo.core.guest] DEBUG: 192.168.56.1011: analysis #52 still processing
2022-11-11 15:06:26,805 [cuckoo.core.guest] DEBUG: 192.168.56.1011: analysis #52 still processing
2022-11-11 15:06:31,874 [cuckoo.core.guest] DEBUG: 192.168.56.1011: analysis #52 still processing
2022-11-11 15:06:32,882 [cuckoo.core.resultserver] DEBUG: Task #52 is sending a BSON stream
2022-11-11 15:06:33,650 [cuckoo.core.resultserver] DEBUG: Task #52 is sending a BSON stream
2022-11-11 15:06:34,274 [cuckoo.core.resultserver] DEBUG: Task #52 is sending a BSON stream
2022-11-11 15:06:36,903 [cuckoo.core.guest] DEBUG: 192.168.56.1011: analysis #52 still processing
2022-11-11 15:06:41,934 [cuckoo.core.guest] DEBUG: 192.168.56.1011: analysis #52 still processing
2022-11-11 15:06:46,957 [cuckoo.core.guest] DEBUG: 192.168.56.1011: analysis #52 still processing
2022-11-11 15:06:48,551 [cuckoo.core.resultserver] DEBUG: Task #52: File upload for 'memory/1896-1.dmp'
2022-11-11 15:06:48,805 [cuckoo.core.resultserver] DEBUG: Task #52 is sending a BSON stream
2022-11-11 15:06:50,763 [cuckoo.core.resultserver] DEBUG: Task #52 uploaded file length: 59934176
2022-11-11 15:06:50,791 [cuckoo.core.resultserver] DEBUG: Task #52: File upload for 'files/6aed08355c5cf0b2_webbrowser.pyc'
2022-11-11 15:06:50,845 [cuckoo.core.resultserver] DEBUG: Task #52 uploaded file length: 19554
2022-11-11 15:06:50,869 [cuckoo.core.resultserver] DEBUG: Task #52: File upload for 'files/d1d2fde7c8701ff5_settings.dat'
2022-11-11 15:06:50,919 [cuckoo.core.resultserver] DEBUG: Task #52 uploaded file length: 40
2022-11-11 15:06:50,945 [cuckoo.core.resultserver] DEBUG: Task #52: File upload for 'files/474d668707f1cb92_variations'
2022-11-11 15:06:50,996 [cuckoo.core.resultserver] DEBUG: Task #52 uploaded file length: 86
2022-11-11 15:06:51,022 [cuckoo.core.resultserver] DEBUG: Task #52: File upload for 'files/621f4e3e00bc8161_debug.log'
2022-11-11 15:06:51,074 [cuckoo.core.resultserver] DEBUG: Task #52 uploaded file length: 218
2022-11-11 15:06:51,096 [cuckoo.core.resultserver] DEBUG: Task #52 had connection reset for <Context for LOG>
2022-11-11 15:06:51,985 [cuckoo.core.guest] INFO: 192.168.56.1011: analysis completed successfully
2022-11-11 15:06:51,992 [cuckoo.core.plugins] DEBUG: Stopped auxiliary module: Replay
2022-11-11 15:06:52,183 [cuckoo.core.plugins] DEBUG: Stopped auxiliary module: Sniffer
2022-11-11 15:06:52,184 [cuckoo.machinery.virtualbox] DEBUG: Stopping vm 192.168.56.1011
2022-11-11 15:06:53,418 [cuckoo.core.resultserver] DEBUG: Stopped tracking machine 192.168.56.101 for task #52
2022-11-11 15:06:53,446 [cuckoo.core.scheduler] DEBUG: Released database task #52
2022-11-11 15:06:53,460 [cuckoo.core.plugins] DEBUG: Executed processing module "AnalysisInfo" for task #52
2022-11-11 15:06:53,612 [cuckoo.core.plugins] DEBUG: Executed processing module "BehaviorAnalysis" for task #52
2022-11-11 15:06:53,619 [cuckoo.core.plugins] DEBUG: Executed processing module "Dropped" for task #52
2022-11-11 15:06:53,619 [cuckoo.core.plugins] DEBUG: Executed processing module "DroppedBuffer" for task #52
2022-11-11 15:06:54,238 [cuckoo.core.plugins] DEBUG: Executed processing module "MetaInfo" for task #52
2022-11-11 15:06:54,660 [cuckoo.core.plugins] DEBUG: Executed processing module "ProcessMemory" for task #52
2022-11-11 15:06:54,660 [cuckoo.core.plugins] DEBUG: Executed processing module "Procmon" for task #52
2022-11-11 15:06:54,660 [cuckoo.core.plugins] DEBUG: Executed processing module "Screenshots" for task #52
2022-11-11 15:06:54,663 [cuckoo.core.plugins] DEBUG: Executed processing module "Static" for task #52
2022-11-11 15:06:54,664 [cuckoo.core.plugins] DEBUG: Executed processing module "Strings" for task #52
2022-11-11 15:06:54,665 [cuckoo.core.plugins] DEBUG: Executed processing module "TargetInfo" for task #52
2022-11-11 15:07:14,696 [cuckoo.core.plugins] DEBUG: Executed processing module "NetworkAnalysis" for task #52
2022-11-11 15:07:14,696 [cuckoo.core.plugins] DEBUG: Executed processing module "Extracted" for task #52
2022-11-11 15:07:14,697 [cuckoo.core.plugins] DEBUG: Executed processing module "TLSMasterSecrets" for task #52
2022-11-11 15:07:14,698 [cuckoo.core.plugins] DEBUG: Executed processing module "Debug" for task #52
2022-11-11 15:07:14,714 [cuckoo.core.plugins] DEBUG: Running 542 signatures
2022-11-11 15:07:15,208 [cuckoo.core.plugins] DEBUG: Analysis matched signature: dead_host
2022-11-11 15:07:15,208 [cuckoo.core.plugins] DEBUG: Analysis matched signature: network_http
2022-11-11 15:07:15,208 [cuckoo.core.plugins] DEBUG: Analysis matched signature: applcation_raises_exception
2022-11-11 15:07:15,208 [cuckoo.core.plugins] DEBUG: Analysis matched signature: infostealer_browser
2022-11-11 15:07:15,208 [cuckoo.core.plugins] DEBUG: Analysis matched signature: checks_debugger
2022-11-11 15:07:15,208 [cuckoo.core.plugins] DEBUG: Analysis matched signature: console_output
2022-11-11 15:07:15,209 [cuckoo.core.plugins] DEBUG: Analysis matched signature: recon_fingerprint
2022-11-11 15:07:15,209 [cuckoo.core.plugins] DEBUG: Analysis matched signature: locates_browser
2022-11-11 15:07:15,209 [cuckoo.core.plugins] DEBUG: Analysis matched signature: antivm_memory_available
2022-11-11 15:07:15,209 [cuckoo.core.plugins] DEBUG: Analysis matched signature: process_martian
2022-11-11 15:07:15,209 [cuckoo.core.plugins] DEBUG: Analysis matched signature: memdump_urls
2022-11-11 15:07:15,209 [cuckoo.core.plugins] DEBUG: Analysis matched signature: raises_exception
2022-11-11 15:07:15,946 [cuckoo.core.plugins] DEBUG: Executed reporting module "JsonDump"
2022-11-11 15:07:16,247 [cuckoo.core.plugins] DEBUG: Executed reporting module "MongoDB"
2022-11-11 15:07:16,247 [cuckoo.core.scheduler] INFO: Task #52: reports generation completed
2022-11-11 15:07:16,252 [cuckoo.core.scheduler] INFO: Task #52: analysis procedure completed
