2022-11-11 13:41:29,015 [analyzer] DEBUG: Starting analyzer from: C:\tmpgto74e
2022-11-11 13:41:29,015 [analyzer] DEBUG: Pipe server name: \??\PIPE\BeJiBPtMybuMDMoiSzZd
2022-11-11 13:41:29,015 [analyzer] DEBUG: Log pipe server name: \??\PIPE\NHSdkqMgdIImdnuKAQxCpVU
2022-11-11 13:41:29,092 [analyzer] DEBUG: Started auxiliary module DbgView
2022-11-11 13:41:35,687 [analyzer] DEBUG: Started auxiliary module Disguise
2022-11-11 13:41:35,983 [analyzer] DEBUG: Loaded monitor into process with pid 504
2022-11-11 13:41:35,983 [analyzer] DEBUG: Started auxiliary module DumpTLSMasterSecrets
2022-11-11 13:41:36,000 [analyzer] DEBUG: Started auxiliary module Human
2022-11-11 13:41:36,000 [analyzer] DEBUG: Started auxiliary module InstallCertificate
2022-11-11 13:41:36,000 [analyzer] DEBUG: Started auxiliary module Reboot
2022-11-11 13:41:36,187 [analyzer] DEBUG: Started auxiliary module RecentFiles
2022-11-11 13:41:36,187 [analyzer] DEBUG: Started auxiliary module Screenshots
2022-11-11 13:41:36,187 [analyzer] DEBUG: Started auxiliary module LoadZer0m0n
2022-11-11 13:41:36,187 [modules.auxiliary.screenshots] INFO: Python Image Library (either PIL or Pillow) is not installed, screenshots are disabled.
2022-11-11 13:41:36,467 [lib.api.process] INFO: Successfully executed process from path 'C:\\Python27\\python.exe' with arguments [u'C:\\Users\\ADMINI~1\\AppData\\Local\\Temp\\17-V.py'] and pid 1772
2022-11-11 13:41:37,015 [analyzer] DEBUG: Loaded monitor into process with pid 1772
2022-11-11 20:11:02,296 [analyzer] INFO: Added new file to list with pid 1772 and path C:\Python27\Lib\webbrowser.pyc
2022-11-11 20:11:20,358 [analyzer] INFO: Injected into process with pid 284 and name u'chrome.exe'
2022-11-11 20:11:20,703 [analyzer] DEBUG: Loaded monitor into process with pid 284
2022-11-11 20:11:21,891 [lib.api.process] ERROR: Failed to dump memory of 64-bit process with pid 284.
2022-11-11 20:11:22,358 [analyzer] INFO: Process with pid 284 has terminated
2022-11-11 20:11:35,671 [analyzer] INFO: Injected into process with pid 1444 and name u'chrome.exe'
2022-11-11 20:11:36,016 [analyzer] DEBUG: Loaded monitor into process with pid 1444
2022-11-11 20:11:37,016 [lib.api.process] ERROR: Failed to dump memory of 64-bit process with pid 1444.
2022-11-11 20:11:37,358 [analyzer] INFO: Process with pid 1444 has terminated
2022-11-11 20:11:50,937 [analyzer] INFO: Injected into process with pid 196 and name u'chrome.exe'
2022-11-11 20:11:51,266 [analyzer] DEBUG: Loaded monitor into process with pid 196
2022-11-11 20:11:52,296 [lib.api.process] ERROR: Failed to dump memory of 64-bit process with pid 196.
2022-11-11 20:11:52,391 [analyzer] INFO: Process with pid 196 has terminated
2022-11-11 20:12:06,203 [analyzer] INFO: Injected into process with pid 684 and name u'chrome.exe'
2022-11-11 20:12:06,530 [analyzer] DEBUG: Loaded monitor into process with pid 684
2022-11-11 20:12:07,530 [lib.api.process] ERROR: Failed to dump memory of 64-bit process with pid 684.
2022-11-11 20:12:08,391 [analyzer] INFO: Process with pid 684 has terminated
2022-11-11 20:12:21,344 [analyzer] INFO: Injected into process with pid 2072 and name u'cmd.exe'
2022-11-11 20:12:21,703 [analyzer] DEBUG: Loaded monitor into process with pid 2072
2022-11-11 20:12:21,905 [analyzer] INFO: Injected into process with pid 2752 and name u'notepad.exe'
2022-11-11 20:12:22,312 [analyzer] DEBUG: Loaded monitor into process with pid 2752
2022-11-11 20:12:25,562 [lib.api.process] INFO: Memory dump of process with pid 2752 completed
2022-11-11 20:12:27,078 [lib.api.process] INFO: Memory dump of process with pid 2072 completed
2022-11-11 20:12:27,405 [analyzer] INFO: Process with pid 2072 has terminated
2022-11-11 20:12:42,469 [analyzer] INFO: Injected into process with pid 2264 and name u'chrome.exe'
2022-11-11 20:12:42,828 [analyzer] DEBUG: Loaded monitor into process with pid 2264
2022-11-11 20:12:43,983 [lib.api.process] ERROR: Failed to dump memory of 64-bit process with pid 2264.
2022-11-11 20:12:44,405 [analyzer] INFO: Process with pid 2264 has terminated
2022-11-11 20:13:01,319 [analyzer] INFO: Injected into process with pid 2120 and name u'cmd.exe'
2022-11-11 20:13:01,648 [analyzer] DEBUG: Loaded monitor into process with pid 2120
2022-11-11 20:13:01,819 [analyzer] INFO: Injected into process with pid 508 and name u'wannacry.exe'
2022-11-11 20:13:02,242 [analyzer] DEBUG: Loaded monitor into process with pid 508
2022-11-11 20:13:02,289 [analyzer] INFO: Added new file to list with pid 508 and path C:\Users\Administrator\Desktop\b.wnry
2022-11-11 20:13:02,539 [analyzer] INFO: Added new file to list with pid 508 and path C:\Users\Administrator\Desktop\c.wnry
2022-11-11 20:13:02,553 [analyzer] INFO: Added new file to list with pid 508 and path C:\Users\Administrator\Desktop\msg\m_bulgarian.wnry
2022-11-11 20:13:02,553 [analyzer] INFO: Added new file to list with pid 508 and path C:\Users\Administrator\Desktop\msg\m_chinese (simplified).wnry
2022-11-11 20:13:02,601 [analyzer] INFO: Added new file to list with pid 508 and path C:\Users\Administrator\Desktop\msg\m_chinese (traditional).wnry
2022-11-11 20:13:02,631 [analyzer] INFO: Added new file to list with pid 508 and path C:\Users\Administrator\Desktop\msg\m_croatian.wnry
2022-11-11 20:13:02,631 [analyzer] INFO: Added new file to list with pid 508 and path C:\Users\Administrator\Desktop\msg\m_czech.wnry
2022-11-11 20:13:02,664 [analyzer] INFO: Added new file to list with pid 508 and path C:\Users\Administrator\Desktop\msg\m_danish.wnry
2022-11-11 20:13:02,678 [analyzer] INFO: Added new file to list with pid 508 and path C:\Users\Administrator\Desktop\msg\m_dutch.wnry
2022-11-11 20:13:02,694 [analyzer] INFO: Added new file to list with pid 508 and path C:\Users\Administrator\Desktop\msg\m_english.wnry
2022-11-11 20:13:02,710 [analyzer] INFO: Added new file to list with pid 508 and path C:\Users\Administrator\Desktop\msg\m_filipino.wnry
2022-11-11 20:13:02,726 [analyzer] INFO: Added new file to list with pid 508 and path C:\Users\Administrator\Desktop\msg\m_finnish.wnry
2022-11-11 20:13:02,773 [analyzer] INFO: Added new file to list with pid 508 and path C:\Users\Administrator\Desktop\msg\m_french.wnry
2022-11-11 20:13:02,789 [analyzer] INFO: Added new file to list with pid 508 and path C:\Users\Administrator\Desktop\msg\m_german.wnry
2022-11-11 20:13:02,789 [analyzer] INFO: Added new file to list with pid 508 and path C:\Users\Administrator\Desktop\msg\m_greek.wnry
2022-11-11 20:13:02,803 [analyzer] INFO: Added new file to list with pid 508 and path C:\Users\Administrator\Desktop\msg\m_indonesian.wnry
2022-11-11 20:13:02,819 [analyzer] INFO: Added new file to list with pid 508 and path C:\Users\Administrator\Desktop\msg\m_italian.wnry
2022-11-11 20:13:02,835 [analyzer] INFO: Added new file to list with pid 508 and path C:\Users\Administrator\Desktop\msg\m_japanese.wnry
2022-11-11 20:13:02,851 [analyzer] INFO: Added new file to list with pid 508 and path C:\Users\Administrator\Desktop\msg\m_korean.wnry
2022-11-11 20:13:02,881 [analyzer] INFO: Added new file to list with pid 508 and path C:\Users\Administrator\Desktop\msg\m_latvian.wnry
2022-11-11 20:13:02,881 [analyzer] INFO: Added new file to list with pid 508 and path C:\Users\Administrator\Desktop\msg\m_norwegian.wnry
2022-11-11 20:13:02,898 [analyzer] INFO: Added new file to list with pid 508 and path C:\Users\Administrator\Desktop\msg\m_polish.wnry
2022-11-11 20:13:02,914 [analyzer] INFO: Added new file to list with pid 508 and path C:\Users\Administrator\Desktop\msg\m_portuguese.wnry
2022-11-11 20:13:02,928 [analyzer] INFO: Added new file to list with pid 508 and path C:\Users\Administrator\Desktop\msg\m_romanian.wnry
2022-11-11 20:13:02,944 [analyzer] INFO: Added new file to list with pid 508 and path C:\Users\Administrator\Desktop\msg\m_russian.wnry
2022-11-11 20:13:02,960 [analyzer] INFO: Added new file to list with pid 508 and path C:\Users\Administrator\Desktop\msg\m_slovak.wnry
2022-11-11 20:13:02,976 [analyzer] INFO: Added new file to list with pid 508 and path C:\Users\Administrator\Desktop\msg\m_spanish.wnry
2022-11-11 20:13:02,992 [analyzer] INFO: Added new file to list with pid 508 and path C:\Users\Administrator\Desktop\msg\m_swedish.wnry
2022-11-11 20:13:03,006 [analyzer] INFO: Added new file to list with pid 508 and path C:\Users\Administrator\Desktop\msg\m_turkish.wnry
2022-11-11 20:13:03,006 [analyzer] INFO: Added new file to list with pid 508 and path C:\Users\Administrator\Desktop\msg\m_vietnamese.wnry
2022-11-11 20:13:03,023 [analyzer] INFO: Added new file to list with pid 508 and path C:\Users\Administrator\Desktop\r.wnry
2022-11-11 20:13:03,039 [analyzer] INFO: Added new file to list with pid 508 and path C:\Users\Administrator\Desktop\s.wnry
2022-11-11 20:13:03,742 [analyzer] INFO: Added new file to list with pid 508 and path C:\Users\Administrator\Desktop\t.wnry
2022-11-11 20:13:03,773 [analyzer] INFO: Added new file to list with pid 508 and path C:\Users\Administrator\Desktop\taskdl.exe
2022-11-11 20:13:03,773 [analyzer] INFO: Added new file to list with pid 508 and path C:\Users\Administrator\Desktop\taskse.exe
2022-11-11 20:13:03,789 [analyzer] INFO: Added new file to list with pid 508 and path C:\Users\Administrator\Desktop\u.wnry
2022-11-11 20:13:04,085 [analyzer] INFO: Analysis timeout hit, terminating analysis.
2022-11-11 20:13:04,117 [analyzer] INFO: Injected into process with pid 400 and name u'attrib.exe'
2022-11-11 20:13:04,569 [analyzer] ERROR: Pipe command handler exception occurred (command DUMPMEM args '508').
Traceback (most recent call last):
  File "C:/tmpgto74e/analyzer.py", line 405, in dispatch
    response = fn(arguments)
  File "C:/tmpgto74e/analyzer.py", line 347, in _handle_dumpmem
    dump_memory(int(data))
  File "C:\tmpgto74e\lib\common\decide.py", line 11, in dump_memory
    Process(pid=pid).dump_memory()
  File "C:\tmpgto74e\lib\api\process.py", line 579, in dump_memory
    os.unlink(dump_path)
WindowsError: [Error 32] The process cannot access the file because it is being used by another process: 'c:\\users\\admini~1\\appdata\\local\\temp\\tmpg3lc17'
2022-11-11 20:13:04,585 [analyzer] INFO: Injected into process with pid 2652 and name u'icacls.exe'
2022-11-11 20:13:05,523 [analyzer] DEBUG: Loaded monitor into process with pid 400
2022-11-11 20:13:05,601 [analyzer] DEBUG: Loaded monitor into process with pid 2652
2022-11-11 20:13:08,285 [analyzer] INFO: Added new file to list with pid 508 and path C:\Users\Administrator\Desktop\00000000.pky
2022-11-11 20:13:08,566 [analyzer] INFO: Added new file to list with pid 508 and path C:\Users\Administrator\Desktop\00000000.eky
2022-11-11 20:13:08,622 [analyzer] INFO: Added new file to list with pid 508 and path C:\Users\Administrator\Desktop\00000000.res
2022-11-11 20:13:08,637 [lib.api.process] INFO: Memory dump of process with pid 2120 completed
2022-11-11 20:13:09,227 [analyzer] ERROR: Pipe command handler exception occurred (command KILL args '400').
Traceback (most recent call last):
  File "C:/tmpgto74e/analyzer.py", line 405, in dispatch
    response = fn(arguments)
  File "C:/tmpgto74e/analyzer.py", line 339, in _handle_kill
    dump_memory(int(data))
  File "C:\tmpgto74e\lib\common\decide.py", line 11, in dump_memory
    Process(pid=pid).dump_memory()
  File "C:\tmpgto74e\lib\api\process.py", line 579, in dump_memory
    os.unlink(dump_path)
WindowsError: [Error 32] The process cannot access the file because it is being used by another process: 'c:\\users\\admini~1\\appdata\\local\\temp\\tmppy_k9k'
2022-11-11 20:13:09,395 [analyzer] INFO: Injected into process with pid 2924 and name u'taskdl.exe'
2022-11-11 20:13:09,410 [analyzer] INFO: Added new file to list with pid 508 and path C:\Users\Administrator\Desktop\231851668201189.bat
2022-11-11 20:13:10,000 [analyzer] INFO: Injected into process with pid 2560 and name u'cmd.exe'
2022-11-11 20:13:10,015 [analyzer] INFO: Added new file to list with pid 508 and path C:\Users\Administrator\Desktop\@Please_Read_Me@.txt
2022-11-11 20:13:10,042 [analyzer] DEBUG: Loaded monitor into process with pid 2924
2022-11-11 20:13:10,098 [analyzer] INFO: Added new file to list with pid 508 and path C:\Users\Administrator\Desktop\231851668201189.bat.WNCRYT
2022-11-11 20:13:10,535 [analyzer] INFO: Added new file to list with pid 508 and path C:\Users\Administrator\Documents\evZXUzTXHQbuqcbb.txt.WNCRYT
2022-11-11 20:13:10,578 [lib.api.process] INFO: Memory dump of process with pid 2652 completed
2022-11-11 20:13:10,605 [analyzer] INFO: Added new file to list with pid 508 and path C:\Users\Administrator\Documents\evZXUzTXHQbuqcbb.txt
2022-11-11 20:13:10,634 [analyzer] INFO: Added new file to list with pid 508 and path C:\Users\Administrator\Documents\FowcxmWIuwFOTOh.rtf.WNCRYT
2022-11-11 20:13:10,661 [analyzer] INFO: Added new file to list with pid 508 and path C:\Users\Administrator\Documents\FowcxmWIuwFOTOh.rtf
2022-11-11 20:13:10,690 [analyzer] INFO: Added new file to list with pid 508 and path C:\Users\Administrator\Documents\hbZxJEJVHgIBm.doc.WNCRYT
2022-11-11 20:13:10,732 [analyzer] INFO: Added new file to list with pid 508 and path C:\Users\Administrator\Documents\hbZxJEJVHgIBm.doc
2022-11-11 20:13:10,759 [analyzer] INFO: Added new file to list with pid 508 and path C:\Users\Administrator\Documents\ikmqTPFxiVhzO.pptx.WNCRYT
2022-11-11 20:13:10,802 [analyzer] DEBUG: Loaded monitor into process with pid 2560
2022-11-11 20:13:10,802 [analyzer] INFO: Added new file to list with pid 508 and path C:\Users\Administrator\Documents\ikmqTPFxiVhzO.pptx
2022-11-11 20:13:10,943 [analyzer] INFO: Added new file to list with pid 508 and path C:\Users\Administrator\Documents\joNLTZfxnq.txt.WNCRYT
2022-11-11 20:13:10,970 [analyzer] INFO: Added new file to list with pid 508 and path C:\Users\Administrator\Documents\joNLTZfxnq.txt
2022-11-11 20:13:10,984 [analyzer] INFO: Added new file to list with pid 508 and path C:\Users\Administrator\Documents\MHlnStLapSTq.ppt.WNCRYT
2022-11-11 20:13:11,013 [analyzer] INFO: Added new file to list with pid 508 and path C:\Users\Administrator\Documents\MHlnStLapSTq.ppt
2022-11-11 20:13:11,028 [analyzer] INFO: Added new file to list with pid 508 and path C:\Users\Administrator\Documents\PMtOnaVtrR.doc.WNCRYT
2022-11-11 20:13:11,069 [analyzer] INFO: Added new file to list with pid 508 and path C:\Users\Administrator\Documents\PMtOnaVtrR.doc
2022-11-11 20:13:11,111 [analyzer] INFO: Added new file to list with pid 508 and path C:\Users\Administrator\Documents\rlGTIpiEwwr.pptx.WNCRYT
2022-11-11 20:13:11,154 [analyzer] INFO: Added new file to list with pid 508 and path C:\Users\Administrator\Documents\rlGTIpiEwwr.pptx
2022-11-11 20:13:11,167 [analyzer] INFO: Added new file to list with pid 508 and path C:\Users\Administrator\Documents\TVEFmKOgEj.ppt.WNCRYT
2022-11-11 20:13:11,210 [analyzer] INFO: Added new file to list with pid 508 and path C:\Users\Administrator\Documents\TVEFmKOgEj.ppt
2022-11-11 20:13:11,280 [analyzer] INFO: Added new file to list with pid 508 and path C:\Users\Administrator\Documents\VinQTDHgXtOvcgeHn.txt.WNCRYT
2022-11-11 20:13:11,548 [analyzer] INFO: Added new file to list with pid 508 and path C:\Users\Administrator\Documents\VinQTDHgXtOvcgeHn.txt
2022-11-11 20:13:11,660 [analyzer] INFO: Added new file to list with pid 508 and path C:\Users\Administrator\Documents\YarhQxjpIrGewGNCWv.rtf.WNCRYT
2022-11-11 20:13:11,688 [analyzer] INFO: Added new file to list with pid 508 and path C:\Users\Administrator\Documents\YarhQxjpIrGewGNCWv.rtf
2022-11-11 20:13:11,730 [analyzer] INFO: Added new file to list with pid 508 and path C:\Users\Administrator\Documents\yETSprPnZmmudiWHvyfK.ppt.WNCRYT
2022-11-11 20:13:11,773 [analyzer] INFO: Added new file to list with pid 508 and path C:\Users\Administrator\Documents\yETSprPnZmmudiWHvyfK.ppt
2022-11-11 20:13:11,786 [analyzer] INFO: Added new file to list with pid 508 and path C:\Users\Administrator\Documents\zZYCWXkIYTQ.ppt.WNCRYT
2022-11-11 20:13:11,970 [lib.api.process] INFO: Memory dump of process with pid 2924 completed
2022-11-11 20:13:12,012 [analyzer] INFO: Added new file to list with pid 508 and path C:\Users\Administrator\Documents\zZYCWXkIYTQ.ppt
2022-11-11 20:13:12,095 [analyzer] INFO: Added new file to list with pid 508 and path C:\Users\Administrator\Documents\njqHIeOQKO.docm.WNCRYT
2022-11-11 20:13:12,124 [analyzer] INFO: Added new file to list with pid 508 and path C:\Users\Administrator\Documents\njqHIeOQKO.docm
2022-11-11 20:13:12,503 [analyzer] INFO: Added new file to list with pid 508 and path C:\Python27\LICENSE.txt.WNCRYT
2022-11-11 20:13:12,546 [analyzer] INFO: Added new file to list with pid 508 and path C:\Python27\NEWS.txt.WNCRYT
2022-11-11 20:13:12,617 [analyzer] INFO: Added new file to list with pid 508 and path C:\Python27\README.txt.WNCRYT
2022-11-11 20:13:13,066 [analyzer] INFO: Added new file to list with pid 508 and path C:\Python27\Lib\email\test\data\msg_02.txt.WNCRYT
2022-11-11 20:13:13,081 [analyzer] INFO: Added new file to list with pid 508 and path C:\Python27\Lib\email\test\data\msg_06.txt.WNCRYT
2022-11-11 20:13:13,095 [analyzer] INFO: Added new file to list with pid 508 and path C:\Python27\Lib\email\test\data\msg_07.txt.WNCRYT
2022-11-11 20:13:13,151 [analyzer] INFO: Added new file to list with pid 508 and path C:\Python27\Lib\email\test\data\msg_13.txt.WNCRYT
2022-11-11 20:13:13,178 [analyzer] INFO: Added new file to list with pid 508 and path C:\Python27\Lib\email\test\data\msg_15.txt.WNCRYT
2022-11-11 20:13:13,193 [analyzer] INFO: Added new file to list with pid 508 and path C:\Python27\Lib\email\test\data\msg_16.txt.WNCRYT
2022-11-11 20:13:13,220 [analyzer] INFO: Added new file to list with pid 508 and path C:\Python27\Lib\email\test\data\msg_22.txt.WNCRYT
2022-11-11 20:13:13,234 [analyzer] INFO: Added new file to list with pid 508 and path C:\Python27\Lib\email\test\data\msg_25.txt.WNCRYT
2022-11-11 20:13:13,249 [analyzer] INFO: Added new file to list with pid 508 and path C:\Python27\Lib\email\test\data\msg_26.txt.WNCRYT
2022-11-11 20:13:13,278 [analyzer] INFO: Added new file to list with pid 508 and path C:\Python27\Lib\email\test\data\msg_38.txt.WNCRYT
2022-11-11 20:13:13,305 [analyzer] INFO: Added new file to list with pid 508 and path C:\Python27\Lib\email\test\data\msg_39.txt.WNCRYT
2022-11-11 20:13:13,319 [analyzer] INFO: Added new file to list with pid 508 and path C:\Python27\Lib\email\test\data\msg_43.txt.WNCRYT
2022-11-11 20:13:13,503 [analyzer] INFO: Added new file to list with pid 508 and path C:\Python27\Lib\idlelib\CREDITS.txt.WNCRYT
2022-11-11 20:13:13,530 [analyzer] INFO: Added new file to list with pid 508 and path C:\Python27\Lib\idlelib\extend.txt.WNCRYT
2022-11-11 20:13:13,545 [analyzer] INFO: Added new file to list with pid 508 and path C:\Python27\Lib\idlelib\help.txt.WNCRYT
2022-11-11 20:13:13,572 [analyzer] INFO: Added new file to list with pid 508 and path C:\Python27\Lib\idlelib\HISTORY.txt.WNCRYT
2022-11-11 20:13:13,586 [analyzer] INFO: Added new file to list with pid 508 and path C:\Python27\Lib\idlelib\NEWS.txt.WNCRYT
2022-11-11 20:13:13,615 [analyzer] INFO: Added new file to list with pid 508 and path C:\Python27\Lib\idlelib\README.txt.WNCRYT
2022-11-11 20:13:13,671 [analyzer] INFO: Added new file to list with pid 508 and path C:\Python27\Lib\idlelib\TODO.txt.WNCRYT
2022-11-11 20:13:13,756 [analyzer] INFO: Added new file to list with pid 508 and path C:\Python27\Lib\idlelib\idle_test\README.txt.WNCRYT
2022-11-11 20:13:13,994 [analyzer] INFO: Added new file to list with pid 508 and path C:\Python27\Lib\lib2to3\Grammar.txt.WNCRYT
2022-11-11 20:13:14,796 [lib.api.process] INFO: Memory dump of process with pid 2560 completed
2022-11-11 20:13:14,923 [analyzer] INFO: Added new file to list with pid 508 and path C:\Python27\Lib\test\cmath_testcases.txt.WNCRYT
2022-11-11 20:13:14,950 [analyzer] INFO: Added new file to list with pid 508 and path C:\Python27\Lib\test\exception_hierarchy.txt.WNCRYT
2022-11-11 20:13:14,964 [analyzer] INFO: Added new file to list with pid 508 and path C:\Python27\Lib\test\floating_points.txt.WNCRYT
2022-11-11 20:13:14,993 [analyzer] INFO: Added new file to list with pid 508 and path C:\Python27\Lib\test\formatfloat_testcases.txt.WNCRYT
2022-11-11 20:13:15,006 [analyzer] INFO: Added new file to list with pid 508 and path C:\Python27\Lib\test\ieee754.txt.WNCRYT
2022-11-11 20:13:15,035 [analyzer] INFO: Added new file to list with pid 508 and path C:\Python27\Lib\test\math_testcases.txt.WNCRYT
2022-11-11 20:13:15,048 [analyzer] INFO: Added new file to list with pid 508 and path C:\Python27\Lib\test\tokenize_tests.txt.WNCRYT
2022-11-11 20:13:15,111 [analyzer] INFO: Added new file to list with pid 508 and path C:\Python27\Lib\test\cjkencodings\euc_jisx0213-utf8.txt.WNCRYT
2022-11-11 20:13:15,137 [analyzer] INFO: Added new file to list with pid 508 and path C:\Python27\Lib\test\cjkencodings\euc_jp-utf8.txt.WNCRYT
2022-11-11 20:13:15,148 [analyzer] INFO: Added new file to list with pid 508 and path C:\Python27\Lib\test\cjkencodings\gb18030-utf8.txt.WNCRYT
2022-11-11 20:13:15,174 [analyzer] INFO: Added new file to list with pid 508 and path C:\Python27\Lib\test\cjkencodings\gbk-utf8.txt.WNCRYT
2022-11-11 20:13:15,187 [analyzer] INFO: Added new file to list with pid 508 and path C:\Python27\Lib\test\cjkencodings\iso2022_jp-utf8.txt.WNCRYT
2022-11-11 20:13:15,237 [analyzer] INFO: Added new file to list with pid 508 and path C:\Python27\Lib\test\cjkencodings\shift_jis-utf8.txt.WNCRYT
2022-11-11 20:13:15,276 [analyzer] INFO: Added new file to list with pid 508 and path C:\Python27\Lib\test\cjkencodings\shift_jisx0213-utf8.txt.WNCRYT
2022-11-11 20:13:15,427 [analyzer] INFO: Added new file to list with pid 508 and path C:\Python27\Lib\test\leakers\README.txt.WNCRYT
2022-11-11 20:13:15,882 [lib.api.process] INFO: Memory dump of process with pid 1772 completed
2022-11-11 20:13:16,124 [analyzer] INFO: Added new file to list with pid 508 and path C:\Python27\tcl\tcl8.5\msgs\ar.msg.WNCRYT
2022-11-11 20:13:16,135 [analyzer] INFO: Added new file to list with pid 508 and path C:\Python27\tcl\tcl8.5\msgs\ar_jo.msg.WNCRYT
2022-11-11 20:13:16,161 [analyzer] INFO: Added new file to list with pid 508 and path C:\Python27\tcl\tcl8.5\msgs\ar_lb.msg.WNCRYT
2022-11-11 20:13:16,174 [analyzer] INFO: Added new file to list with pid 508 and path C:\Python27\tcl\tcl8.5\msgs\ar_sy.msg.WNCRYT
2022-11-11 20:13:16,187 [analyzer] INFO: Added new file to list with pid 508 and path C:\Python27\tcl\tcl8.5\msgs\be.msg.WNCRYT
2022-11-11 20:13:16,211 [analyzer] INFO: Added new file to list with pid 508 and path C:\Python27\tcl\tcl8.5\msgs\bg.msg.WNCRYT
2022-11-11 20:13:16,224 [analyzer] INFO: Added new file to list with pid 508 and path C:\Python27\tcl\tcl8.5\msgs\bn.msg.WNCRYT
2022-11-11 20:13:16,237 [analyzer] INFO: Added new file to list with pid 508 and path C:\Python27\tcl\tcl8.5\msgs\ca.msg.WNCRYT
2022-11-11 20:13:16,263 [analyzer] INFO: Added new file to list with pid 508 and path C:\Python27\tcl\tcl8.5\msgs\cs.msg.WNCRYT
2022-11-11 20:13:16,276 [analyzer] INFO: Added new file to list with pid 508 and path C:\Python27\tcl\tcl8.5\msgs\da.msg.WNCRYT
2022-11-11 20:13:16,288 [analyzer] INFO: Added new file to list with pid 508 and path C:\Python27\tcl\tcl8.5\msgs\de.msg.WNCRYT
2022-11-11 20:13:16,313 [analyzer] INFO: Added new file to list with pid 508 and path C:\Python27\tcl\tcl8.5\msgs\de_be.msg.WNCRYT
2022-11-11 20:13:16,325 [analyzer] INFO: Added new file to list with pid 508 and path C:\Python27\tcl\tcl8.5\msgs\el.msg.WNCRYT
2022-11-11 20:13:16,351 [analyzer] INFO: Added new file to list with pid 508 and path C:\Python27\tcl\tcl8.5\msgs\eo.msg.WNCRYT
2022-11-11 20:13:16,364 [analyzer] INFO: Added new file to list with pid 508 and path C:\Python27\tcl\tcl8.5\msgs\es.msg.WNCRYT
2022-11-11 20:13:16,390 [analyzer] INFO: Added new file to list with pid 508 and path C:\Python27\tcl\tcl8.5\msgs\et.msg.WNCRYT
2022-11-11 20:13:16,401 [analyzer] INFO: Added new file to list with pid 508 and path C:\Python27\tcl\tcl8.5\msgs\fa.msg.WNCRYT
2022-11-11 20:13:16,427 [analyzer] INFO: Added new file to list with pid 508 and path C:\Python27\tcl\tcl8.5\msgs\fa_in.msg.WNCRYT
2022-11-11 20:13:16,440 [analyzer] INFO: Added new file to list with pid 508 and path C:\Python27\tcl\tcl8.5\msgs\fi.msg.WNCRYT
2022-11-11 20:13:16,466 [analyzer] INFO: Added new file to list with pid 508 and path C:\Python27\tcl\tcl8.5\msgs\fr.msg.WNCRYT
2022-11-11 20:13:16,477 [analyzer] INFO: Added new file to list with pid 508 and path C:\Python27\tcl\tcl8.5\msgs\ga.msg.WNCRYT
2022-11-11 20:13:16,503 [analyzer] INFO: Added new file to list with pid 508 and path C:\Python27\tcl\tcl8.5\msgs\gv.msg.WNCRYT
2022-11-11 20:13:16,529 [analyzer] INFO: Added new file to list with pid 508 and path C:\Python27\tcl\tcl8.5\msgs\he.msg.WNCRYT
2022-11-11 20:13:16,553 [analyzer] INFO: Added new file to list with pid 508 and path C:\Python27\tcl\tcl8.5\msgs\hi.msg.WNCRYT
2022-11-11 20:13:16,566 [analyzer] INFO: Added new file to list with pid 508 and path C:\Python27\tcl\tcl8.5\msgs\hr.msg.WNCRYT
2022-11-11 20:13:16,592 [analyzer] INFO: Added new file to list with pid 508 and path C:\Python27\tcl\tcl8.5\msgs\hu.msg.WNCRYT
2022-11-11 20:13:16,605 [analyzer] INFO: Added new file to list with pid 508 and path C:\Python27\tcl\tcl8.5\msgs\is.msg.WNCRYT
2022-11-11 20:13:16,630 [analyzer] INFO: Added new file to list with pid 508 and path C:\Python27\tcl\tcl8.5\msgs\it.msg.WNCRYT
2022-11-11 20:13:16,642 [analyzer] INFO: Added new file to list with pid 508 and path C:\Python27\tcl\tcl8.5\msgs\ja.msg.WNCRYT
2022-11-11 20:13:16,654 [analyzer] INFO: Added new file to list with pid 508 and path C:\Python27\tcl\tcl8.5\msgs\ko.msg.WNCRYT
2022-11-11 20:13:16,680 [analyzer] INFO: Added new file to list with pid 508 and path C:\Python27\tcl\tcl8.5\msgs\kok.msg.WNCRYT
2022-11-11 20:13:16,719 [analyzer] INFO: Added new file to list with pid 508 and path C:\Python27\tcl\tcl8.5\msgs\lt.msg.WNCRYT
2022-11-11 20:13:16,730 [analyzer] INFO: Added new file to list with pid 508 and path C:\Python27\tcl\tcl8.5\msgs\lv.msg.WNCRYT
2022-11-11 20:13:16,743 [analyzer] INFO: Added new file to list with pid 508 and path C:\Users\Administrator\Desktop\f.wnry
2022-11-11 20:13:16,756 [analyzer] INFO: Added new file to list with pid 508 and path C:\Python27\tcl\tcl8.5\msgs\mk.msg.WNCRYT
2022-11-11 20:13:16,769 [analyzer] INFO: Added new file to list with pid 508 and path C:\Python27\tcl\tcl8.5\msgs\mr.msg.WNCRYT
2022-11-11 20:13:16,795 [analyzer] INFO: Added new file to list with pid 508 and path C:\Python27\tcl\tcl8.5\msgs\nb.msg.WNCRYT
2022-11-11 20:13:16,806 [analyzer] INFO: Added new file to list with pid 508 and path C:\Python27\tcl\tcl8.5\msgs\nl.msg.WNCRYT
2022-11-11 20:13:16,832 [analyzer] INFO: Added new file to list with pid 508 and path C:\Python27\tcl\tcl8.5\msgs\nn.msg.WNCRYT
2022-11-11 20:13:16,858 [analyzer] INFO: Added new file to list with pid 508 and path C:\Python27\tcl\tcl8.5\msgs\pl.msg.WNCRYT
2022-11-11 20:13:16,871 [analyzer] INFO: Added new file to list with pid 508 and path C:\Python27\tcl\tcl8.5\msgs\pt.msg.WNCRYT
2022-11-11 20:13:16,882 [analyzer] INFO: Added new file to list with pid 508 and path C:\Python27\tcl\tcl8.5\msgs\ro.msg.WNCRYT
2022-11-11 20:13:16,908 [analyzer] INFO: Added new file to list with pid 508 and path C:\Python27\tcl\tcl8.5\msgs\ru.msg.WNCRYT
2022-11-11 20:13:16,921 [analyzer] INFO: Added new file to list with pid 508 and path C:\Python27\tcl\tcl8.5\msgs\sh.msg.WNCRYT
2022-11-11 20:13:16,934 [analyzer] INFO: Added new file to list with pid 508 and path C:\Python27\tcl\tcl8.5\msgs\sk.msg.WNCRYT
2022-11-11 20:13:16,959 [analyzer] INFO: Added new file to list with pid 508 and path C:\Python27\tcl\tcl8.5\msgs\sl.msg.WNCRYT
2022-11-11 20:13:16,971 [analyzer] INFO: Added new file to list with pid 508 and path C:\Python27\tcl\tcl8.5\msgs\sq.msg.WNCRYT
2022-11-11 20:13:16,996 [analyzer] INFO: Added new file to list with pid 508 and path C:\Python27\tcl\tcl8.5\msgs\sr.msg.WNCRYT
2022-11-11 20:13:17,009 [analyzer] INFO: Added new file to list with pid 508 and path C:\Python27\tcl\tcl8.5\msgs\sv.msg.WNCRYT
2022-11-11 20:13:17,022 [analyzer] INFO: Added new file to list with pid 508 and path C:\Python27\tcl\tcl8.5\msgs\ta.msg.WNCRYT
2022-11-11 20:13:17,124 [analyzer] INFO: Added new file to list with pid 508 and path C:\Python27\tcl\tcl8.5\msgs\te.msg.WNCRYT
2022-11-11 20:13:17,135 [analyzer] INFO: Added new file to list with pid 508 and path C:\Python27\tcl\tcl8.5\msgs\th.msg.WNCRYT
2022-11-11 20:13:17,148 [analyzer] INFO: Added new file to list with pid 508 and path C:\Python27\tcl\tcl8.5\msgs\tr.msg.WNCRYT
2022-11-11 20:13:17,174 [analyzer] INFO: Added new file to list with pid 508 and path C:\Python27\tcl\tcl8.5\msgs\uk.msg.WNCRYT
2022-11-11 20:13:17,187 [analyzer] INFO: Added new file to list with pid 508 and path C:\Python27\tcl\tcl8.5\msgs\vi.msg.WNCRYT
2022-11-11 20:13:17,200 [analyzer] INFO: Added new file to list with pid 508 and path C:\Python27\tcl\tcl8.5\msgs\zh.msg.WNCRYT
2022-11-11 20:13:17,946 [analyzer] INFO: Added new file to list with pid 508 and path C:\Python27\tcl\tix8.4.3\pref\WmDefault.txt.WNCRYT
2022-11-11 20:13:18,022 [analyzer] INFO: Added new file to list with pid 508 and path C:\Python27\tcl\tk8.5\demos\en.msg.WNCRYT
2022-11-11 20:13:18,048 [analyzer] INFO: Added new file to list with pid 508 and path C:\Python27\tcl\tk8.5\demos\nl.msg.WNCRYT
2022-11-11 20:13:18,135 [analyzer] INFO: Added new file to list with pid 508 and path C:\Python27\tcl\tk8.5\msgs\cs.msg.WNCRYT
2022-11-11 20:13:18,148 [analyzer] INFO: Added new file to list with pid 508 and path C:\Python27\tcl\tk8.5\msgs\da.msg.WNCRYT
2022-11-11 20:13:18,161 [analyzer] INFO: Added new file to list with pid 508 and path C:\Python27\tcl\tk8.5\msgs\de.msg.WNCRYT
2022-11-11 20:13:18,187 [analyzer] INFO: Added new file to list with pid 508 and path C:\Python27\tcl\tk8.5\msgs\el.msg.WNCRYT
2022-11-11 20:13:18,198 [analyzer] INFO: Added new file to list with pid 508 and path C:\Python27\tcl\tk8.5\msgs\en.msg.WNCRYT
2022-11-11 20:13:18,211 [analyzer] INFO: Added new file to list with pid 508 and path C:\Python27\tcl\tk8.5\msgs\eo.msg.WNCRYT
2022-11-11 20:13:18,236 [analyzer] INFO: Added new file to list with pid 508 and path C:\Python27\tcl\tk8.5\msgs\es.msg.WNCRYT
2022-11-11 20:13:18,250 [analyzer] INFO: Added new file to list with pid 508 and path C:\Python27\tcl\tk8.5\msgs\fr.msg.WNCRYT
2022-11-11 20:13:18,263 [analyzer] INFO: Added new file to list with pid 508 and path C:\Python27\tcl\tk8.5\msgs\hu.msg.WNCRYT
2022-11-11 20:13:18,288 [analyzer] INFO: Added new file to list with pid 508 and path C:\Python27\tcl\tk8.5\msgs\it.msg.WNCRYT
2022-11-11 20:13:18,301 [analyzer] INFO: Added new file to list with pid 508 and path C:\Python27\tcl\tk8.5\msgs\nl.msg.WNCRYT
2022-11-11 20:13:18,312 [analyzer] INFO: Added new file to list with pid 508 and path C:\Python27\tcl\tk8.5\msgs\pl.msg.WNCRYT
2022-11-11 20:13:18,338 [analyzer] INFO: Added new file to list with pid 508 and path C:\Python27\tcl\tk8.5\msgs\pt.msg.WNCRYT
2022-11-11 20:13:18,351 [analyzer] INFO: Added new file to list with pid 508 and path C:\Python27\tcl\tk8.5\msgs\ru.msg.WNCRYT
2022-11-11 20:13:18,364 [analyzer] INFO: Added new file to list with pid 508 and path C:\Python27\tcl\tk8.5\msgs\sv.msg.WNCRYT
2022-11-11 20:13:18,490 [analyzer] INFO: Added new file to list with pid 508 and path C:\Python27\Tools\pynche\namedcolors.txt.WNCRYT
2022-11-11 20:13:18,503 [analyzer] INFO: Added new file to list with pid 508 and path C:\Python27\Tools\pynche\README.txt.WNCRYT
2022-11-11 20:13:18,529 [analyzer] INFO: Added new file to list with pid 508 and path C:\Python27\Tools\pynche\webcolors.txt.WNCRYT
2022-11-11 20:13:18,553 [analyzer] INFO: Added new file to list with pid 508 and path C:\Python27\Tools\pynche\websafe.txt.WNCRYT
2022-11-11 20:13:18,592 [analyzer] INFO: Added new file to list with pid 508 and path C:\Python27\Tools\pynche\X\rgb.txt.WNCRYT
2022-11-11 20:13:18,604 [analyzer] INFO: Added new file to list with pid 508 and path C:\Python27\Tools\pynche\X\xlicense.txt.WNCRYT
2022-11-11 20:13:18,654 [analyzer] INFO: Added new file to list with pid 508 and path C:\Python27\Tools\Scripts\README.txt.WNCRYT
2022-11-11 20:13:18,693 [analyzer] INFO: Added new file to list with pid 508 and path C:\Python27\Tools\versioncheck\README.txt.WNCRYT
2022-11-11 20:13:20,122 [lib.api.process] INFO: Memory dump of process with pid 2752 completed
2022-11-11 20:13:20,122 [lib.api.process] WARNING: The process with pid 2120 is not alive, memory dump aborted
2022-11-11 20:13:22,046 [analyzer] INFO: Injected into process with pid 2664 and name u'chrome.exe'
2022-11-11 20:13:22,578 [analyzer] DEBUG: Loaded monitor into process with pid 2664
2022-11-11 20:13:23,157 [analyzer] INFO: Injected into process with pid 1992 and name u'chrome.exe'
2022-11-11 20:13:23,579 [analyzer] DEBUG: Loaded monitor into process with pid 1992
2022-11-11 20:13:24,046 [analyzer] INFO: Injected into process with pid 2244 and name u'chrome.exe'
2022-11-11 20:13:24,490 [analyzer] DEBUG: Loaded monitor into process with pid 2244
2022-11-11 20:13:24,867 [analyzer] INFO: Added new file to list with pid 508 and path C:\Users\Administrator\AppData\Local\Microsoft\Internet Explorer\brndlog.txt.WNCRYT
2022-11-11 20:13:25,424 [analyzer] INFO: Added new file to list with pid 508 and path C:\Users\Administrator\AppData\Local\Microsoft\Windows Mail\Stationery\Bears.jpg.WNCRYT
2022-11-11 20:13:25,436 [analyzer] INFO: Added new file to list with pid 508 and path C:\Users\Administrator\AppData\Local\Microsoft\Windows Mail\Stationery\Blue_Gradient.jpg.WNCRYT
2022-11-11 20:13:25,459 [analyzer] INFO: Added new file to list with pid 508 and path C:\Users\Administrator\AppData\Local\Microsoft\Windows Mail\Stationery\Garden.jpg.WNCRYT
2022-11-11 20:13:25,482 [analyzer] WARNING: The package "modules.packages.python" finish function raised an exception: [Error 32] The process cannot access the file because it is being used by another process: 'c:\\users\\admini~1\\appdata\\local\\temp\\tmphdmnmr'
2022-11-11 20:13:25,516 [analyzer] INFO: Added new file to list with pid 508 and path C:\Users\Administrator\AppData\Local\Microsoft\Windows Mail\Stationery\GreenBubbles.jpg.WNCRYT
2022-11-11 20:13:25,526 [analyzer] INFO: Added new file to list with pid 508 and path C:\Users\Administrator\AppData\Local\Microsoft\Windows Mail\Stationery\HandPrints.jpg.WNCRYT
2022-11-11 20:13:25,572 [analyzer] INFO: Added new file to list with pid 508 and path C:\Users\Administrator\AppData\Local\Microsoft\Windows Mail\Stationery\Monet.jpg.WNCRYT
2022-11-11 20:13:25,676 [analyzer] INFO: Added new file to list with pid 508 and path C:\Users\Administrator\AppData\Local\Microsoft\Windows Mail\Stationery\Notebook.jpg.WNCRYT
2022-11-11 20:13:25,697 [analyzer] INFO: Added new file to list with pid 508 and path C:\Users\Administrator\AppData\Local\Microsoft\Windows Mail\Stationery\OrangeCircles.jpg.WNCRYT
2022-11-11 20:13:25,710 [analyzer] INFO: Added new file to list with pid 508 and path C:\Users\Administrator\AppData\Local\Microsoft\Windows Mail\Stationery\Peacock.jpg.WNCRYT
2022-11-11 20:13:25,732 [analyzer] INFO: Added new file to list with pid 508 and path C:\Users\Administrator\AppData\Local\Microsoft\Windows Mail\Stationery\Pine_Lumber.jpg.WNCRYT
2022-11-11 20:13:25,766 [analyzer] INFO: Added new file to list with pid 508 and path C:\Users\Administrator\AppData\Local\Microsoft\Windows Mail\Stationery\Pretty_Peacock.jpg.WNCRYT
2022-11-11 20:13:25,789 [analyzer] INFO: Added new file to list with pid 508 and path C:\Users\Administrator\AppData\Local\Microsoft\Windows Mail\Stationery\Psychedelic.jpg.WNCRYT
2022-11-11 20:13:25,812 [analyzer] INFO: Added new file to list with pid 508 and path C:\Users\Administrator\AppData\Local\Microsoft\Windows Mail\Stationery\Roses.jpg.WNCRYT
2022-11-11 20:13:25,845 [analyzer] INFO: Added new file to list with pid 508 and path C:\Users\Administrator\AppData\Local\Microsoft\Windows Mail\Stationery\Sand_Paper.jpg.WNCRYT
2022-11-11 20:13:25,868 [analyzer] INFO: Added new file to list with pid 508 and path C:\Users\Administrator\AppData\Local\Microsoft\Windows Mail\Stationery\ShadesOfBlue.jpg.WNCRYT
2022-11-11 20:13:25,891 [analyzer] INFO: Added new file to list with pid 508 and path C:\Users\Administrator\AppData\Local\Microsoft\Windows Mail\Stationery\Small_News.jpg.WNCRYT
2022-11-11 20:13:26,029 [analyzer] INFO: Added new file to list with pid 508 and path C:\Users\Administrator\AppData\Local\Microsoft\Windows Mail\Stationery\SoftBlue.jpg.WNCRYT
2022-11-11 20:13:26,096 [analyzer] INFO: Added new file to list with pid 508 and path C:\Users\Administrator\AppData\Local\Microsoft\Windows Mail\Stationery\Stars.jpg.WNCRYT
2022-11-11 20:13:26,119 [analyzer] INFO: Added new file to list with pid 508 and path C:\Users\Administrator\AppData\Local\Microsoft\Windows Mail\Stationery\Tanspecks.jpg.WNCRYT
2022-11-11 20:13:26,154 [analyzer] INFO: Added new file to list with pid 508 and path C:\Users\Administrator\AppData\Local\Microsoft\Windows Mail\Stationery\White_Chocolate.jpg.WNCRYT
2022-11-11 20:13:26,233 [lib.api.process] ERROR: Failed to dump memory of 64-bit process with pid 2244.
2022-11-11 20:13:27,372 [lib.api.process] ERROR: Failed to dump memory of 64-bit process with pid 1992.
2022-11-11 20:13:27,430 [analyzer] INFO: Added new file to list with pid 2664 and path C:\Program Files\Google\Chrome\Application\debug.log
2022-11-11 20:13:32,125 [analyzer] INFO: Added new file to list with pid 508 and path C:\Users\Administrator\AppData\Roaming\Microsoft\Windows\Themes\TranscodedWallpaper.jpg.WNCRYT
2022-11-11 20:13:32,677 [analyzer] INFO: Added new file to list with pid 508 and path C:\Users\Administrator\AppData\Roaming\Mozilla\Firefox\Profiles\qdxlcenb.default\AlternateServices.txt.WNCRYT
2022-11-11 20:13:32,690 [analyzer] INFO: Added new file to list with pid 508 and path C:\Users\Administrator\AppData\Roaming\Mozilla\Firefox\Profiles\qdxlcenb.default\SiteSecurityServiceState.txt.WNCRYT
2022-11-11 20:13:33,641 [analyzer] INFO: Added new file to list with pid 2664 and path \Device\NamedPipe\wkssvc
2022-11-11 20:13:33,654 [analyzer] WARNING: File at path u'\\device\\namedpipe\\wkssvc' does not exist, skip.
2022-11-11 20:13:35,334 [analyzer] INFO: Added new file to list with pid 2664 and path C:\Users\Administrator\AppData\Local\Google\Chrome\User Data\Variations
2022-11-11 20:13:36,009 [analyzer] INFO: Injected into process with pid 1412 and name u'chrome.exe'
2022-11-11 20:13:36,598 [analyzer] INFO: Injected into process with pid 2808 and name u'taskdl.exe'
2022-11-11 20:13:36,611 [analyzer] DEBUG: Loaded monitor into process with pid 1412
2022-11-11 20:13:37,563 [analyzer] DEBUG: Loaded monitor into process with pid 2808
2022-11-11 20:13:41,714 [lib.api.process] INFO: Memory dump of process with pid 2808 completed
2022-11-11 20:13:43,410 [lib.api.process] ERROR: Failed to dump memory of 64-bit process with pid 1412.
2022-11-11 20:13:45,423 [analyzer] INFO: Added new file to list with pid 508 and path C:\ProgramData\Microsoft\Windows NT\MSScan\WelcomeScan.jpg.WNCRYT
2022-11-11 20:13:45,588 [analyzer] WARNING: File at path u'c:\\programdata\\microsoft\\windows nt\\msscan\\welcomescan.jpg.wncryt' does not exist, skip.
