2022-11-11 14:10:13,978 [cuckoo.core.scheduler] INFO: Task #38: acquired machine 192.168.56.1011 (label=192.168.56.1011)
2022-11-11 14:10:13,979 [cuckoo.core.resultserver] DEBUG: Now tracking machine 192.168.56.101 for task #38
2022-11-11 14:10:13,979 [cuckoo.core.plugins] DEBUG: Started auxiliary module: Replay
2022-11-11 14:10:13,986 [cuckoo.auxiliary.sniffer] INFO: Started sniffer with PID 10628 (interface=vboxnet0, host=192.168.56.101)
2022-11-11 14:10:13,987 [cuckoo.core.plugins] DEBUG: Started auxiliary module: Sniffer
2022-11-11 14:10:14,009 [cuckoo.machinery.virtualbox] DEBUG: Starting vm 192.168.56.1011
2022-11-11 14:10:14,105 [cuckoo.machinery.virtualbox] DEBUG: Restoring virtual machine 192.168.56.1011 to its current snapshot
2022-11-11 14:10:16,302 [cuckoo.core.guest] INFO: Starting analysis #38 on guest (id=192.168.56.1011, ip=192.168.56.101)
2022-11-11 14:10:17,305 [cuckoo.core.guest] DEBUG: 192.168.56.1011: not ready yet
2022-11-11 14:10:18,342 [cuckoo.core.guest] DEBUG: 192.168.56.1011: not ready yet
2022-11-11 14:10:19,345 [cuckoo.core.guest] DEBUG: 192.168.56.1011: not ready yet
2022-11-11 14:10:20,354 [cuckoo.core.guest] DEBUG: 192.168.56.1011: not ready yet
2022-11-11 14:10:21,357 [cuckoo.core.guest] DEBUG: 192.168.56.1011: not ready yet
2022-11-11 14:10:22,498 [cuckoo.core.guest] DEBUG: 192.168.56.1011: not ready yet
2022-11-11 14:10:23,502 [cuckoo.core.guest] DEBUG: 192.168.56.1011: not ready yet
2022-11-11 14:10:24,507 [cuckoo.core.guest] DEBUG: 192.168.56.1011: not ready yet
2022-11-11 14:10:25,523 [cuckoo.core.guest] DEBUG: 192.168.56.1011: not ready yet
2022-11-11 14:10:26,560 [cuckoo.core.guest] DEBUG: 192.168.56.1011: not ready yet
2022-11-11 14:10:27,564 [cuckoo.core.guest] DEBUG: 192.168.56.1011: not ready yet
2022-11-11 14:10:28,566 [cuckoo.core.guest] DEBUG: 192.168.56.1011: not ready yet
2022-11-11 14:10:29,570 [cuckoo.core.guest] DEBUG: 192.168.56.1011: not ready yet
2022-11-11 14:10:30,574 [cuckoo.core.guest] DEBUG: 192.168.56.1011: not ready yet
2022-11-11 14:10:31,580 [cuckoo.core.guest] DEBUG: 192.168.56.1011: not ready yet
2022-11-11 14:10:32,584 [cuckoo.core.guest] DEBUG: 192.168.56.1011: not ready yet
2022-11-11 14:10:33,586 [cuckoo.core.guest] DEBUG: 192.168.56.1011: not ready yet
2022-11-11 14:10:34,589 [cuckoo.core.guest] DEBUG: 192.168.56.1011: not ready yet
2022-11-11 14:10:35,591 [cuckoo.core.guest] DEBUG: 192.168.56.1011: not ready yet
2022-11-11 14:10:36,594 [cuckoo.core.guest] DEBUG: 192.168.56.1011: not ready yet
2022-11-11 14:10:37,596 [cuckoo.core.guest] DEBUG: 192.168.56.1011: not ready yet
2022-11-11 14:10:38,599 [cuckoo.core.guest] DEBUG: 192.168.56.1011: not ready yet
2022-11-11 14:10:39,602 [cuckoo.core.guest] DEBUG: 192.168.56.1011: not ready yet
2022-11-11 14:10:40,604 [cuckoo.core.guest] DEBUG: 192.168.56.1011: not ready yet
2022-11-11 14:10:41,608 [cuckoo.core.guest] DEBUG: 192.168.56.1011: not ready yet
2022-11-11 14:10:42,610 [cuckoo.core.guest] DEBUG: 192.168.56.1011: not ready yet
2022-11-11 14:10:43,612 [cuckoo.core.guest] DEBUG: 192.168.56.1011: not ready yet
2022-11-11 14:10:44,614 [cuckoo.core.guest] DEBUG: 192.168.56.1011: not ready yet
2022-11-11 14:10:45,616 [cuckoo.core.guest] DEBUG: 192.168.56.1011: not ready yet
2022-11-11 14:10:46,619 [cuckoo.core.guest] DEBUG: 192.168.56.1011: not ready yet
2022-11-11 14:10:47,623 [cuckoo.core.guest] DEBUG: 192.168.56.1011: not ready yet
2022-11-11 14:10:48,626 [cuckoo.core.guest] DEBUG: 192.168.56.1011: not ready yet
2022-11-11 14:10:49,628 [cuckoo.core.guest] DEBUG: 192.168.56.1011: not ready yet
2022-11-11 14:10:50,634 [cuckoo.core.guest] DEBUG: 192.168.56.1011: not ready yet
2022-11-11 14:10:50,679 [cuckoo.core.guest] DEBUG: 192.168.56.1011: not ready yet
2022-11-11 14:10:52,437 [cuckoo.core.guest] INFO: Guest is running Cuckoo Agent 0.10 (id=192.168.56.1011, ip=192.168.56.101)
2022-11-11 14:10:52,452 [cuckoo.core.guest] DEBUG: Uploading analyzer to guest (id=192.168.56.1011, ip=192.168.56.101, monitor=latest, size=3884763)
2022-11-11 14:10:53,894 [cuckoo.core.resultserver] DEBUG: Task #38: live log analysis.log initialized.
2022-11-11 14:10:58,157 [cuckoo.core.guest] DEBUG: 192.168.56.1011: analysis #38 still processing
2022-11-11 14:11:03,185 [cuckoo.core.guest] DEBUG: 192.168.56.1011: analysis #38 still processing
2022-11-11 14:11:03,816 [cuckoo.core.resultserver] DEBUG: Task #38 is sending a BSON stream
2022-11-11 14:11:04,658 [cuckoo.core.resultserver] DEBUG: Task #38 is sending a BSON stream
2022-11-11 14:11:08,211 [cuckoo.core.guest] DEBUG: 192.168.56.1011: analysis #38 still processing
2022-11-11 14:11:13,235 [cuckoo.core.guest] DEBUG: 192.168.56.1011: analysis #38 still processing
2022-11-11 14:11:18,264 [cuckoo.core.guest] DEBUG: 192.168.56.1011: analysis #38 still processing
2022-11-11 14:11:20,486 [cuckoo.core.resultserver] DEBUG: Task #38 is sending a BSON stream
2022-11-11 14:11:23,286 [cuckoo.core.guest] DEBUG: 192.168.56.1011: analysis #38 still processing
2022-11-11 14:11:28,310 [cuckoo.core.guest] DEBUG: 192.168.56.1011: analysis #38 still processing
2022-11-11 14:11:33,336 [cuckoo.core.guest] DEBUG: 192.168.56.1011: analysis #38 still processing
2022-11-11 14:11:35,798 [cuckoo.core.resultserver] DEBUG: Task #38 is sending a BSON stream
2022-11-11 14:11:38,364 [cuckoo.core.guest] DEBUG: 192.168.56.1011: analysis #38 still processing
2022-11-11 14:11:43,387 [cuckoo.core.guest] DEBUG: 192.168.56.1011: analysis #38 still processing
2022-11-11 14:11:48,413 [cuckoo.core.guest] DEBUG: 192.168.56.1011: analysis #38 still processing
2022-11-11 14:11:51,050 [cuckoo.core.resultserver] DEBUG: Task #38 is sending a BSON stream
2022-11-11 14:11:53,437 [cuckoo.core.guest] DEBUG: 192.168.56.1011: analysis #38 still processing
2022-11-11 14:11:58,470 [cuckoo.core.guest] DEBUG: 192.168.56.1011: analysis #38 still processing
2022-11-11 14:12:03,498 [cuckoo.core.guest] DEBUG: 192.168.56.1011: analysis #38 still processing
2022-11-11 14:12:06,314 [cuckoo.core.resultserver] DEBUG: Task #38 is sending a BSON stream
2022-11-11 14:12:08,524 [cuckoo.core.guest] DEBUG: 192.168.56.1011: analysis #38 still processing
2022-11-11 14:12:13,548 [cuckoo.core.guest] DEBUG: 192.168.56.1011: analysis #38 still processing
2022-11-11 14:12:18,576 [cuckoo.core.guest] DEBUG: 192.168.56.1011: analysis #38 still processing
2022-11-11 14:12:21,474 [cuckoo.core.resultserver] DEBUG: Task #38 is sending a BSON stream
2022-11-11 14:12:22,050 [cuckoo.core.resultserver] DEBUG: Task #38 is sending a BSON stream
2022-11-11 14:12:23,653 [cuckoo.core.guest] DEBUG: 192.168.56.1011: analysis #38 still processing
2022-11-11 14:12:24,785 [cuckoo.core.resultserver] DEBUG: Task #38: File upload for 'memory/2752-1.dmp'
2022-11-11 14:12:25,571 [cuckoo.core.resultserver] DEBUG: Task #38 uploaded file length: 33133464
2022-11-11 14:12:26,740 [cuckoo.core.resultserver] DEBUG: Task #38: File upload for 'memory/2072-1.dmp'
2022-11-11 14:12:27,115 [cuckoo.core.resultserver] DEBUG: Task #38 uploaded file length: 19784456
2022-11-11 14:12:28,685 [cuckoo.core.guest] DEBUG: 192.168.56.1011: analysis #38 still processing
2022-11-11 14:12:33,709 [cuckoo.core.guest] DEBUG: 192.168.56.1011: analysis #38 still processing
2022-11-11 14:12:38,736 [cuckoo.core.guest] DEBUG: 192.168.56.1011: analysis #38 still processing
2022-11-11 14:12:42,596 [cuckoo.core.resultserver] DEBUG: Task #38 is sending a BSON stream
2022-11-11 14:12:43,764 [cuckoo.core.guest] DEBUG: 192.168.56.1011: analysis #38 still processing
2022-11-11 14:12:48,789 [cuckoo.core.guest] DEBUG: 192.168.56.1011: analysis #38 still processing
2022-11-11 14:12:53,816 [cuckoo.core.guest] DEBUG: 192.168.56.1011: analysis #38 still processing
2022-11-11 14:12:57,751 [cuckoo.core.resultserver] DEBUG: Task #38 is sending a BSON stream
2022-11-11 14:12:58,267 [cuckoo.core.resultserver] DEBUG: Task #38 is sending a BSON stream
2022-11-11 14:12:58,839 [cuckoo.core.guest] DEBUG: 192.168.56.1011: analysis #38 still processing
2022-11-11 14:13:00,300 [cuckoo.core.resultserver] DEBUG: Task #38: File upload for 'memory/508-1.dmp'
2022-11-11 14:13:00,896 [cuckoo.core.resultserver] DEBUG: Task #38 uploaded file length: 18640952
2022-11-11 14:13:01,331 [cuckoo.core.resultserver] DEBUG: Task #38 is sending a BSON stream
2022-11-11 14:13:01,489 [cuckoo.core.resultserver] DEBUG: Task #38 is sending a BSON stream
2022-11-11 14:13:03,909 [cuckoo.core.guest] DEBUG: 192.168.56.1011: analysis #38 still processing
2022-11-11 14:13:04,273 [cuckoo.core.resultserver] DEBUG: Task #38: File upload for 'memory/2120-1.dmp'
2022-11-11 14:13:05,196 [cuckoo.core.resultserver] DEBUG: Task #38 uploaded file length: 19796648
2022-11-11 14:13:05,288 [cuckoo.core.resultserver] DEBUG: Task #38: File upload for 'memory/400-1.dmp'
2022-11-11 14:13:05,909 [cuckoo.core.resultserver] DEBUG: Task #38 uploaded file length: 15745368
2022-11-11 14:13:06,284 [cuckoo.core.resultserver] DEBUG: Task #38 is sending a BSON stream
2022-11-11 14:13:06,821 [cuckoo.core.resultserver] DEBUG: Task #38: File upload for 'files/e3b0c44298fc1c14_~SD8F02.tmp'
2022-11-11 14:13:06,836 [cuckoo.core.resultserver] DEBUG: Task #38 uploaded file length: 0
2022-11-11 14:13:07,066 [cuckoo.core.resultserver] DEBUG: Task #38: File upload for 'memory/2652-1.dmp'
2022-11-11 14:13:07,345 [cuckoo.core.resultserver] DEBUG: Task #38 is sending a BSON stream
2022-11-11 14:13:07,394 [cuckoo.core.resultserver] DEBUG: Task #38 uploaded file length: 11415248
2022-11-11 14:13:08,655 [cuckoo.core.resultserver] DEBUG: Task #38: File upload for 'memory/2924-1.dmp'
2022-11-11 14:13:08,942 [cuckoo.core.guest] DEBUG: 192.168.56.1011: analysis #38 still processing
2022-11-11 14:13:08,947 [cuckoo.core.resultserver] DEBUG: Task #38 uploaded file length: 9399056
2022-11-11 14:13:10,821 [cuckoo.core.resultserver] DEBUG: Task #38: File upload for 'memory/1772-1.dmp'
2022-11-11 14:13:10,878 [cuckoo.core.resultserver] DEBUG: Task #38: File upload for 'memory/2560-1.dmp'
2022-11-11 14:13:12,097 [cuckoo.core.resultserver] DEBUG: Task #38 uploaded file length: 19620424
2022-11-11 14:13:13,393 [cuckoo.core.resultserver] DEBUG: Task #38 uploaded file length: 59319296
2022-11-11 14:13:14,001 [cuckoo.core.guest] DEBUG: 192.168.56.1011: analysis #38 still processing
2022-11-11 14:13:17,141 [cuckoo.core.resultserver] DEBUG: Task #38: File upload for 'memory/2752-2.dmp'
2022-11-11 14:13:18,635 [cuckoo.core.resultserver] DEBUG: Task #38 uploaded file length: 47924792
2022-11-11 14:13:19,033 [cuckoo.core.guest] DEBUG: 192.168.56.1011: analysis #38 still processing
2022-11-11 14:13:21,192 [cuckoo.core.resultserver] DEBUG: Task #38 is sending a BSON stream
2022-11-11 14:13:22,568 [cuckoo.core.resultserver] DEBUG: Task #38 is sending a BSON stream
2022-11-11 14:13:23,374 [cuckoo.core.resultserver] DEBUG: Task #38: File upload for 'memory/508-2.dmp'
2022-11-11 14:13:23,817 [cuckoo.core.resultserver] DEBUG: Task #38 is sending a BSON stream
2022-11-11 14:13:24,067 [cuckoo.core.guest] DEBUG: 192.168.56.1011: analysis #38 still processing
2022-11-11 14:13:25,584 [cuckoo.core.resultserver] DEBUG: Task #38 uploaded file length: 48494760
2022-11-11 14:13:25,608 [cuckoo.core.resultserver] DEBUG: Task #38: File upload for 'files/22e3ca6769a2b832_vi.msg.wncry'
2022-11-11 14:13:25,635 [cuckoo.core.resultserver] DEBUG: Task #38 uploaded file length: 1704
2022-11-11 14:13:25,663 [cuckoo.core.resultserver] DEBUG: Task #38: File upload for 'files/0715dc8b74b19631_en.msg.wncry'
2022-11-11 14:13:25,685 [cuckoo.core.resultserver] DEBUG: Task #38 uploaded file length: 3080
2022-11-11 14:13:25,708 [cuckoo.core.resultserver] DEBUG: Task #38: File upload for 'files/abbe21125fdb813d_00000000.eky'
2022-11-11 14:13:25,729 [cuckoo.core.resultserver] DEBUG: Task #38 uploaded file length: 1284
2022-11-11 14:13:25,754 [cuckoo.core.resultserver] DEBUG: Task #38: File upload for 'files/2b36e7a5aa04347f_it.msg.wncry'
2022-11-11 14:13:25,777 [cuckoo.core.resultserver] DEBUG: Task #38 uploaded file length: 3848
2022-11-11 14:13:25,799 [cuckoo.core.resultserver] DEBUG: Task #38: File upload for 'files/febe76529e7a88f4_es.msg.wncry'
2022-11-11 14:13:25,822 [cuckoo.core.resultserver] DEBUG: Task #38 uploaded file length: 4216
2022-11-11 14:13:25,860 [cuckoo.core.resultserver] DEBUG: Task #38: File upload for 'files/e2e7b3e7a7393502_tvefmkogej.ppt'
2022-11-11 14:13:25,888 [cuckoo.core.resultserver] DEBUG: Task #38 uploaded file length: 975325
2022-11-11 14:13:25,915 [cuckoo.core.resultserver] DEBUG: Task #38: File upload for 'files/2dd7b316d89dd53e_websafe.txt.wncry'
2022-11-11 14:13:25,941 [cuckoo.core.resultserver] DEBUG: Task #38 uploaded file length: 2248
2022-11-11 14:13:25,965 [cuckoo.core.resultserver] DEBUG: Task #38: File upload for 'files/568b252a902dadeb_hi.msg.wncry'
2022-11-11 14:13:25,995 [cuckoo.core.resultserver] DEBUG: Task #38 uploaded file length: 2024
2022-11-11 14:13:26,038 [cuckoo.core.resultserver] DEBUG: Task #38: File upload for 'files/c94e04aed1dab106_de_be.msg.wncry'
2022-11-11 14:13:26,063 [cuckoo.core.resultserver] DEBUG: Task #38 uploaded file length: 1512
2022-11-11 14:13:26,093 [cuckoo.core.resultserver] DEBUG: Task #38: File upload for 'files/630af4ae251c858f_gv.msg.wncry'
2022-11-11 14:13:26,115 [cuckoo.core.resultserver] DEBUG: Task #38 uploaded file length: 1320
2022-11-11 14:13:26,144 [cuckoo.core.resultserver] DEBUG: Task #38: File upload for 'files/9a5df9b6a8d41312_sand_paper.jpg.wncry'
2022-11-11 14:13:26,168 [cuckoo.core.resultserver] DEBUG: Task #38 uploaded file length: 16056
2022-11-11 14:13:26,200 [cuckoo.core.resultserver] DEBUG: Task #38: File upload for 'files/6db650836d64350b_m_turkish.wnry'
2022-11-11 14:13:26,221 [cuckoo.core.resultserver] DEBUG: Task #38 uploaded file length: 42582
2022-11-11 14:13:26,244 [cuckoo.core.resultserver] DEBUG: Task #38: File upload for 'files/cf43724ee24bdb41_f.wnry'
2022-11-11 14:13:26,264 [cuckoo.core.resultserver] DEBUG: Task #38 uploaded file length: 42
2022-11-11 14:13:26,285 [cuckoo.core.resultserver] DEBUG: Task #38: File upload for 'files/55ad009ecea704e5_hu.msg.wncry'
2022-11-11 14:13:26,308 [cuckoo.core.resultserver] DEBUG: Task #38 uploaded file length: 4872
2022-11-11 14:13:26,338 [cuckoo.core.resultserver] DEBUG: Task #38: File upload for 'files/f8997af341b191f3_zzycwxkiytq.ppt'
2022-11-11 14:13:26,360 [cuckoo.core.resultserver] DEBUG: Task #38 uploaded file length: 882567
2022-11-11 14:13:26,385 [cuckoo.core.resultserver] DEBUG: Task #38: File upload for 'files/143e6f0626163246_monet.jpg.wncry'
2022-11-11 14:13:26,424 [cuckoo.core.resultserver] DEBUG: Task #38 uploaded file length: 2504
2022-11-11 14:13:26,485 [cuckoo.core.resultserver] DEBUG: Task #38: File upload for 'files/599e5e3367ecdcbe_sk.msg.wncry'
2022-11-11 14:13:26,510 [cuckoo.core.resultserver] DEBUG: Task #38 uploaded file length: 1496
2022-11-11 14:13:26,545 [cuckoo.core.resultserver] DEBUG: Task #38: File upload for 'files/857a1097bb737abf_ieee754.txt.wncry'
2022-11-11 14:13:26,575 [cuckoo.core.resultserver] DEBUG: Task #38 uploaded file length: 3752
2022-11-11 14:13:26,645 [cuckoo.core.resultserver] DEBUG: Task #38: File upload for 'files/907f1aef09e76d50_extend.txt.wncry'
2022-11-11 14:13:26,670 [cuckoo.core.resultserver] DEBUG: Task #38 uploaded file length: 4008
2022-11-11 14:13:26,732 [cuckoo.core.resultserver] DEBUG: Task #38: File upload for 'files/f630b7d89dd2da66_ru.msg.wncry'
2022-11-11 14:13:26,761 [cuckoo.core.resultserver] DEBUG: Task #38 uploaded file length: 7400
2022-11-11 14:13:26,819 [cuckoo.core.resultserver] DEBUG: Task #38: File upload for 'files/a75bb44284b9db8d_m_danish.wnry'
2022-11-11 14:13:26,874 [cuckoo.core.resultserver] DEBUG: Task #38 uploaded file length: 37045
2022-11-11 14:13:26,939 [cuckoo.core.resultserver] DEBUG: Task #38: File upload for 'files/e1cb497f969ae71d_yarhqxjpirgewgncwv.rtf.wncry'
2022-11-11 14:13:26,973 [cuckoo.core.resultserver] DEBUG: Task #38 uploaded file length: 74888
2022-11-11 14:13:26,998 [cuckoo.core.resultserver] DEBUG: Task #38: File upload for 'files/33da36d1c98b2d08_blue_gradient.jpg.wncry'
2022-11-11 14:13:27,019 [cuckoo.core.resultserver] DEBUG: Task #38 uploaded file length: 2856
2022-11-11 14:13:27,042 [cuckoo.core.resultserver] DEBUG: Task #38: File upload for 'files/8deafaaf0fad3fad_ca.msg.wncry'
2022-11-11 14:13:27,064 [cuckoo.core.resultserver] DEBUG: Task #38 uploaded file length: 1384
2022-11-11 14:13:27,085 [cuckoo.core.resultserver] DEBUG: Task #38: File upload for 'files/7de111072d8b392c_softblue.jpg.wncry'
2022-11-11 14:13:27,107 [cuckoo.core.resultserver] DEBUG: Task #38 uploaded file length: 10856
2022-11-11 14:13:27,130 [cuckoo.core.resultserver] DEBUG: Task #38: File upload for 'files/4ab3544b72e67b71_readme.txt.wncry'
2022-11-11 14:13:27,151 [cuckoo.core.resultserver] DEBUG: Task #38 uploaded file length: 4920
2022-11-11 14:13:27,175 [cuckoo.core.resultserver] DEBUG: Task #38: File upload for 'files/a0356696877f2d94_m_latvian.wnry'
2022-11-11 14:13:27,198 [cuckoo.core.resultserver] DEBUG: Task #38 uploaded file length: 41169
2022-11-11 14:13:27,221 [cuckoo.core.resultserver] DEBUG: Task #38: File upload for 'files/5afa4753afa048c6_m_czech.wnry'
2022-11-11 14:13:27,244 [cuckoo.core.resultserver] DEBUG: Task #38 uploaded file length: 40512
2022-11-11 14:13:27,267 [cuckoo.core.resultserver] DEBUG: Task #38: File upload for 'files/146f61db72297c9c_m_swedish.wnry'
2022-11-11 14:13:27,290 [cuckoo.core.resultserver] DEBUG: Task #38 uploaded file length: 38483
2022-11-11 14:13:27,314 [cuckoo.core.resultserver] DEBUG: Task #38: File upload for 'files/f426d4e851f240c2_msg_07.txt.wncry'
2022-11-11 14:13:27,335 [cuckoo.core.resultserver] DEBUG: Task #38 uploaded file length: 5592
2022-11-11 14:13:27,359 [cuckoo.core.resultserver] DEBUG: Task #38: File upload for 'files/9ae69930e75f2a4d_msg_02.txt.wncry'
2022-11-11 14:13:27,381 [cuckoo.core.resultserver] DEBUG: Task #38 uploaded file length: 3240
2022-11-11 14:13:27,414 [cuckoo.core.resultserver] DEBUG: Task #38: File upload for 'files/1fa0af1603907d37_fa_in.msg.wncry'
2022-11-11 14:13:27,459 [cuckoo.core.resultserver] DEBUG: Task #38 uploaded file length: 2248
2022-11-11 14:13:27,490 [cuckoo.core.resultserver] DEBUG: Task #38: File upload for 'files/fb1c1d83d5ec5db9_evzxuztxhqbuqcbb.txt.wncry'
2022-11-11 14:13:27,515 [cuckoo.core.resultserver] DEBUG: Task #38 uploaded file length: 807304
2022-11-11 14:13:27,538 [cuckoo.core.resultserver] DEBUG: Task #38: File upload for 'files/9a5d585e98f94a51_ar_sy.msg.wncry'
2022-11-11 14:13:27,564 [cuckoo.core.resultserver] DEBUG: Task #38 uploaded file length: 2104
2022-11-11 14:13:27,601 [cuckoo.core.resultserver] DEBUG: Task #38: File upload for 'files/64fe6e0abcdb4996_msg_22.txt.wncry'
2022-11-11 14:13:27,629 [cuckoo.core.resultserver] DEBUG: Task #38 uploaded file length: 2232
2022-11-11 14:13:27,657 [cuckoo.core.resultserver] DEBUG: Task #38: File upload for 'files/a52f1bc168256d09_shift_jis-utf8.txt.wncry'
2022-11-11 14:13:27,680 [cuckoo.core.resultserver] DEBUG: Task #38 uploaded file length: 1384
2022-11-11 14:13:27,702 [cuckoo.core.resultserver] DEBUG: Task #38: File upload for 'files/c62f9599f765428e_da.msg.wncry'
2022-11-11 14:13:27,724 [cuckoo.core.resultserver] DEBUG: Task #38 uploaded file length: 4152
2022-11-11 14:13:27,747 [cuckoo.core.resultserver] DEBUG: Task #38: File upload for 'files/519ad66009a6c127_m_polish.wnry'
2022-11-11 14:13:27,768 [cuckoo.core.resultserver] DEBUG: Task #38 uploaded file length: 39896
2022-11-11 14:13:27,792 [cuckoo.core.resultserver] DEBUG: Task #38: File upload for 'files/26fd072fda6e12f8_m_english.wnry'
2022-11-11 14:13:27,813 [cuckoo.core.resultserver] DEBUG: Task #38 uploaded file length: 36973
2022-11-11 14:13:27,835 [cuckoo.core.resultserver] DEBUG: Task #38: File upload for 'files/255f99d56c6d882a_msg_38.txt.wncry'
2022-11-11 14:13:27,857 [cuckoo.core.resultserver] DEBUG: Task #38 uploaded file length: 2936
2022-11-11 14:13:27,879 [cuckoo.core.resultserver] DEBUG: Task #38: File upload for 'files/15f3ac93f8bf266d_namedcolors.txt.wncry'
2022-11-11 14:13:27,900 [cuckoo.core.resultserver] DEBUG: Task #38 uploaded file length: 6104
2022-11-11 14:13:27,926 [cuckoo.core.resultserver] DEBUG: Task #38: File upload for 'files/2d152b826c82e55f_peacock.jpg.wncry'
2022-11-11 14:13:27,946 [cuckoo.core.resultserver] DEBUG: Task #38 uploaded file length: 5400
2022-11-11 14:13:27,968 [cuckoo.core.resultserver] DEBUG: Task #38: File upload for 'files/7c99c3ce0ac1f0f4_readme.txt.wncry'
2022-11-11 14:13:27,994 [cuckoo.core.resultserver] DEBUG: Task #38 uploaded file length: 4104
2022-11-11 14:13:28,038 [cuckoo.core.resultserver] DEBUG: Task #38: File upload for 'files/5257e2514b3d89eb_white_chocolate.jpg.wncry'
2022-11-11 14:13:28,063 [cuckoo.core.resultserver] DEBUG: Task #38 uploaded file length: 3448
2022-11-11 14:13:28,089 [cuckoo.core.resultserver] DEBUG: Task #38: File upload for 'files/b11d8c2905162b41_pine_lumber.jpg.wncry'
2022-11-11 14:13:28,114 [cuckoo.core.resultserver] DEBUG: Task #38 uploaded file length: 4264
2022-11-11 14:13:28,150 [cuckoo.core.resultserver] DEBUG: Task #38: File upload for 'files/2e835a2318a87e0f_fi.msg.wncry'
2022-11-11 14:13:28,176 [cuckoo.core.resultserver] DEBUG: Task #38 uploaded file length: 1432
2022-11-11 14:13:28,210 [cuckoo.core.resultserver] DEBUG: Task #38: File upload for 'files/51e602d5e72aff80_webcolors.txt.wncry'
2022-11-11 14:13:28,246 [cuckoo.core.resultserver] DEBUG: Task #38 uploaded file length: 3512
2022-11-11 14:13:28,279 [cuckoo.core.resultserver] DEBUG: Task #38: File upload for 'files/8da93b08ca9511e0_da.msg.wncry'
2022-11-11 14:13:28,305 [cuckoo.core.resultserver] DEBUG: Task #38 uploaded file length: 1448
2022-11-11 14:13:28,347 [cuckoo.core.resultserver] DEBUG: Task #38: File upload for 'files/20a7e0289cd4b52f_pmtonavtrr.doc'
2022-11-11 14:13:28,404 [cuckoo.core.resultserver] DEBUG: Task #38 uploaded file length: 93012
2022-11-11 14:13:28,463 [cuckoo.core.resultserver] DEBUG: Task #38: File upload for 'files/b9c5d4339809e0ad_u.wnry'
2022-11-11 14:13:28,494 [cuckoo.core.resultserver] DEBUG: Task #38 uploaded file length: 245760
2022-11-11 14:13:28,577 [cuckoo.core.resultserver] DEBUG: Task #38: File upload for 'files/9ccd1676cb2d36af_ro.msg.wncry'
2022-11-11 14:13:28,766 [cuckoo.core.resultserver] DEBUG: Task #38 uploaded file length: 1464
2022-11-11 14:13:28,808 [cuckoo.core.resultserver] DEBUG: Task #38: File upload for 'files/51daf4ec098d017c_it.msg.wncry'
2022-11-11 14:13:28,855 [cuckoo.core.resultserver] DEBUG: Task #38 uploaded file length: 1528
2022-11-11 14:13:28,902 [cuckoo.core.resultserver] DEBUG: Task #38: File upload for 'files/87112eb99c2430a2_shift_jisx0213-utf8.txt.wncry'
2022-11-11 14:13:28,944 [cuckoo.core.resultserver] DEBUG: Task #38 uploaded file length: 1432
2022-11-11 14:13:28,983 [cuckoo.core.resultserver] DEBUG: Task #38: File upload for 'files/a353515d697a1cd2_th.msg.wncry'
2022-11-11 14:13:29,019 [cuckoo.core.resultserver] DEBUG: Task #38 uploaded file length: 2600
2022-11-11 14:13:29,069 [cuckoo.core.resultserver] DEBUG: Task #38: File upload for 'files/741f22c323522ab8_eo.msg.wncry'
2022-11-11 14:13:29,104 [cuckoo.core.resultserver] DEBUG: Task #38 uploaded file length: 1512
2022-11-11 14:13:29,142 [cuckoo.core.resultserver] DEBUG: Task #38: File upload for 'files/15b6d572b4a1f4fb_roses.jpg.wncry'
2022-11-11 14:13:29,164 [cuckoo.core.guest] DEBUG: 192.168.56.1011: analysis #38 still processing
2022-11-11 14:13:29,168 [cuckoo.core.resultserver] DEBUG: Task #38 uploaded file length: 2200
2022-11-11 14:13:29,206 [cuckoo.core.resultserver] DEBUG: Task #38: File upload for 'files/9b1bc12c0d06aea7_pretty_peacock.jpg.wncry'
2022-11-11 14:13:29,277 [cuckoo.core.resultserver] DEBUG: Task #38 uploaded file length: 5400
2022-11-11 14:13:29,322 [cuckoo.core.resultserver] DEBUG: Task #38: File upload for 'files/4fc9e62f6f9ea8bc_pmtonavtrr.doc.wncry'
2022-11-11 14:13:29,367 [cuckoo.core.resultserver] DEBUG: Task #38 uploaded file length: 93304
2022-11-11 14:13:29,445 [cuckoo.core.resultserver] DEBUG: Task #38: File upload for 'files/72bd4438932bbdf2_shadesofblue.jpg.wncry'
2022-11-11 14:13:29,483 [cuckoo.core.resultserver] DEBUG: Task #38 uploaded file length: 5016
2022-11-11 14:13:29,532 [cuckoo.core.resultserver] DEBUG: Task #38: File upload for 'files/a97dcd6d9ae1e215_history.txt.wncry'
2022-11-11 14:13:29,574 [cuckoo.core.resultserver] DEBUG: Task #38 uploaded file length: 10904
2022-11-11 14:13:29,618 [cuckoo.core.resultserver] DEBUG: Task #38: File upload for 'files/ef8a809bbde31773_fr.msg.wncry'
2022-11-11 14:13:29,666 [cuckoo.core.resultserver] DEBUG: Task #38 uploaded file length: 1496
2022-11-11 14:13:29,748 [cuckoo.core.resultserver] DEBUG: Task #38: File upload for 'files/5e40f6b39db6baa9_el.msg.wncry'
2022-11-11 14:13:29,788 [cuckoo.core.resultserver] DEBUG: Task #38 uploaded file length: 2536
2022-11-11 14:13:29,836 [cuckoo.core.resultserver] DEBUG: Task #38: File upload for 'files/c2bca63805b57000_xlicense.txt.wncry'
2022-11-11 14:13:29,880 [cuckoo.core.resultserver] DEBUG: Task #38 uploaded file length: 1672
2022-11-11 14:13:29,922 [cuckoo.core.resultserver] DEBUG: Task #38: File upload for 'files/2c9c876fa0a5f5e9_ta.msg.wncry'
2022-11-11 14:13:29,969 [cuckoo.core.resultserver] DEBUG: Task #38 uploaded file length: 2120
2022-11-11 14:13:30,019 [cuckoo.core.resultserver] DEBUG: Task #38: File upload for 'files/e481c928d48beda1_fowcxmwiuwfotoh.rtf'
2022-11-11 14:13:30,066 [cuckoo.core.resultserver] DEBUG: Task #38 uploaded file length: 806928
2022-11-11 14:13:30,105 [cuckoo.core.resultserver] DEBUG: Task #38: File upload for 'files/845d0e178aeebd6c_m_chinese (simplified).wnry'
2022-11-11 14:13:30,153 [cuckoo.core.resultserver] DEBUG: Task #38 uploaded file length: 54359
2022-11-11 14:13:30,198 [cuckoo.core.resultserver] DEBUG: Task #38: File upload for 'files/6aed08355c5cf0b2_webbrowser.pyc'
2022-11-11 14:13:30,243 [cuckoo.core.resultserver] DEBUG: Task #38 uploaded file length: 19554
2022-11-11 14:13:30,335 [cuckoo.core.resultserver] DEBUG: Task #38: File upload for 'files/90c8a113bbc0cbfb_handprints.jpg.wncry'
2022-11-11 14:13:30,381 [cuckoo.core.resultserver] DEBUG: Task #38 uploaded file length: 4504
2022-11-11 14:13:30,455 [cuckoo.core.resultserver] DEBUG: Task #38: File upload for 'files/e08747da7be4abcd_tvefmkogej.ppt.wncry'
2022-11-11 14:13:30,493 [cuckoo.core.resultserver] DEBUG: Task #38 uploaded file length: 975608
2022-11-11 14:13:30,536 [cuckoo.core.resultserver] DEBUG: Task #38: File upload for 'files/684f558e58515cbf_ko.msg.wncry'
2022-11-11 14:13:30,632 [cuckoo.core.resultserver] DEBUG: Task #38 uploaded file length: 1848
2022-11-11 14:13:30,699 [cuckoo.core.resultserver] DEBUG: Task #38: File upload for 'files/30d723bdcb531449_sh.msg.wncry'
2022-11-11 14:13:30,779 [cuckoo.core.resultserver] DEBUG: Task #38 uploaded file length: 1448
2022-11-11 14:13:30,845 [cuckoo.core.resultserver] DEBUG: Task #38: File upload for 'files/2c1dea0af35b0c1b_mhlnstlapstq.ppt.wncry'
2022-11-11 14:13:30,902 [cuckoo.core.resultserver] DEBUG: Task #38 uploaded file length: 105432
2022-11-11 14:13:30,955 [cuckoo.core.resultserver] DEBUG: Task #38: File upload for 'files/402751fa49e0cb68_r.wnry'
2022-11-11 14:13:30,991 [cuckoo.core.resultserver] DEBUG: Task #38 uploaded file length: 864
2022-11-11 14:13:31,049 [cuckoo.core.resultserver] DEBUG: Task #38: File upload for 'files/73d7afebe3b07c37_readme.txt.wncry'
2022-11-11 14:13:31,087 [cuckoo.core.resultserver] DEBUG: Task #38 uploaded file length: 55496
2022-11-11 14:13:31,150 [cuckoo.core.resultserver] DEBUG: Task #38: File upload for 'files/ef0ed0b717d1b956_c.wnry'
2022-11-11 14:13:31,222 [cuckoo.core.resultserver] DEBUG: Task #38 uploaded file length: 780
2022-11-11 14:13:31,298 [cuckoo.core.resultserver] DEBUG: Task #38: File upload for 'files/72f20024b2f69b45_m_spanish.wnry'
2022-11-11 14:13:31,346 [cuckoo.core.resultserver] DEBUG: Task #38 uploaded file length: 37381
2022-11-11 14:13:31,533 [cuckoo.core.resultserver] DEBUG: Task #38: File upload for 'files/d8489f8c16318e52_m_filipino.wnry'
2022-11-11 14:13:31,572 [cuckoo.core.resultserver] DEBUG: Task #38 uploaded file length: 37580
2022-11-11 14:13:31,611 [cuckoo.core.resultserver] DEBUG: Task #38: File upload for 'files/571cd7753817c9b5_readme.txt.wncry'
2022-11-11 14:13:31,663 [cuckoo.core.resultserver] DEBUG: Task #38 uploaded file length: 1416
2022-11-11 14:13:31,708 [cuckoo.core.resultserver] DEBUG: Task #38: File upload for 'files/87769676fda9e416_gbk-utf8.txt.wncry'
2022-11-11 14:13:31,762 [cuckoo.core.resultserver] DEBUG: Task #38 uploaded file length: 1336
2022-11-11 14:13:31,792 [cuckoo.core.resultserver] DEBUG: Task #38: File upload for 'files/c54219267a931ea5_njqhieoqko.docm.wncry'
2022-11-11 14:13:31,824 [cuckoo.core.resultserver] DEBUG: Task #38 uploaded file length: 757496
2022-11-11 14:13:31,887 [cuckoo.core.resultserver] DEBUG: Task #38: File upload for 'files/70c0f32ed379ae89_m_romanian.wnry'
2022-11-11 14:13:31,933 [cuckoo.core.resultserver] DEBUG: Task #38 uploaded file length: 52161
2022-11-11 14:13:31,986 [cuckoo.core.resultserver] DEBUG: Task #38: File upload for 'files/6fee08d6301252b4_is.msg.wncry'
2022-11-11 14:13:32,031 [cuckoo.core.resultserver] DEBUG: Task #38 uploaded file length: 1544
2022-11-11 14:13:32,086 [cuckoo.core.resultserver] DEBUG: Task #38: File upload for 'files/749f51f4d8345f10_credits.txt.wncry'
2022-11-11 14:13:32,137 [cuckoo.core.resultserver] DEBUG: Task #38 uploaded file length: 2184
2022-11-11 14:13:32,208 [cuckoo.core.resultserver] DEBUG: Task #38: File upload for 'files/2404e645f815c179_hbzxjejvhgibm.doc.wncry'
2022-11-11 14:13:32,250 [cuckoo.core.resultserver] DEBUG: Task #38 uploaded file length: 837608
2022-11-11 14:13:32,280 [cuckoo.core.resultserver] DEBUG: Task #38: File upload for 'files/b0faf748c9af8375_pl.msg.wncry'
2022-11-11 14:13:32,332 [cuckoo.core.resultserver] DEBUG: Task #38 uploaded file length: 4232
2022-11-11 14:13:32,381 [cuckoo.core.resultserver] DEBUG: Task #38: File upload for 'files/49f2c739e7d9745c_m_italian.wnry'
2022-11-11 14:13:32,419 [cuckoo.core.resultserver] DEBUG: Task #38 uploaded file length: 36883
2022-11-11 14:13:32,496 [cuckoo.core.resultserver] DEBUG: Task #38: File upload for 'files/be7485306c1b1553_es.msg.wncry'
2022-11-11 14:13:32,557 [cuckoo.core.resultserver] DEBUG: Task #38 uploaded file length: 1464
2022-11-11 14:13:32,678 [cuckoo.core.resultserver] DEBUG: Task #38: File upload for 'files/c69b7426411ee0a3_psychedelic.jpg.wncry'
2022-11-11 14:13:32,752 [cuckoo.core.resultserver] DEBUG: Task #38 uploaded file length: 14344
2022-11-11 14:13:32,879 [cuckoo.core.resultserver] DEBUG: Task #38: File upload for 'files/d1197d2128291af5_msg_25.txt.wncry'
2022-11-11 14:13:33,020 [cuckoo.core.resultserver] DEBUG: Task #38 uploaded file length: 5528
2022-11-11 14:13:33,167 [cuckoo.core.resultserver] DEBUG: Task #38: File upload for 'files/6e2449a9be030628_vinqtdhgxtovcgehn.txt.wncry'
2022-11-11 14:13:33,227 [cuckoo.core.resultserver] DEBUG: Task #38 uploaded file length: 694584
2022-11-11 14:13:33,339 [cuckoo.core.resultserver] DEBUG: Task #38: File upload for 'files/5300b63bc21b0acf_stars.jpg.wncry'
2022-11-11 14:13:33,404 [cuckoo.core.resultserver] DEBUG: Task #38 uploaded file length: 7800
2022-11-11 14:13:33,489 [cuckoo.core.resultserver] DEBUG: Task #38: File upload for 'files/2e96402f953037cb_yetsprpnzmmudiwhvyfk.ppt.wncry'
2022-11-11 14:13:33,641 [cuckoo.core.resultserver] DEBUG: Task #38 uploaded file length: 618696
2022-11-11 14:13:33,759 [cuckoo.core.resultserver] DEBUG: Task #38: File upload for 'files/dc18a1c30e9f7ae7_lt.msg.wncry'
2022-11-11 14:13:33,825 [cuckoo.core.resultserver] DEBUG: Task #38 uploaded file length: 1544
2022-11-11 14:13:33,899 [cuckoo.core.resultserver] DEBUG: Task #38: File upload for 'files/3bb25df434a2f16a_pl.msg.wncry'
2022-11-11 14:13:33,996 [cuckoo.core.resultserver] DEBUG: Task #38 uploaded file length: 1496
2022-11-11 14:13:34,132 [cuckoo.core.resultserver] DEBUG: Task #38: File upload for 'files/a8a4e83ac93fedb8_exception_hierarchy.txt.wncry'
2022-11-11 14:13:34,191 [cuckoo.core.resultserver] DEBUG: Task #38 uploaded file length: 1816
2022-11-11 14:13:34,216 [cuckoo.core.guest] DEBUG: 192.168.56.1011: analysis #38 still processing
2022-11-11 14:13:34,233 [cuckoo.core.resultserver] DEBUG: Task #38: File upload for 'files/9d16daa1b3ce19f2_ikmqtpfxivhzo.pptx'
2022-11-11 14:13:34,292 [cuckoo.core.resultserver] DEBUG: Task #38 uploaded file length: 134713
2022-11-11 14:13:34,346 [cuckoo.core.resultserver] DEBUG: Task #38: File upload for 'files/f35c5661ebb27ce6_jonltzfxnq.txt'
2022-11-11 14:13:34,398 [cuckoo.core.resultserver] DEBUG: Task #38 uploaded file length: 554769
2022-11-11 14:13:34,495 [cuckoo.core.resultserver] DEBUG: Task #38: File upload for 'files/318e9ae6239455e2_euc_jisx0213-utf8.txt.wncry'
2022-11-11 14:13:34,522 [cuckoo.core.resultserver] DEBUG: Task #38 uploaded file length: 1432
2022-11-11 14:13:34,578 [cuckoo.core.resultserver] DEBUG: Task #38: File upload for 'files/202678a7777ed2ad_mr.msg.wncry'
2022-11-11 14:13:34,659 [cuckoo.core.resultserver] DEBUG: Task #38 uploaded file length: 2088
2022-11-11 14:13:34,778 [cuckoo.core.resultserver] DEBUG: Task #38: File upload for 'files/70965937d7e99347_wmdefault.txt.wncry'
2022-11-11 14:13:34,836 [cuckoo.core.resultserver] DEBUG: Task #38 uploaded file length: 4760
2022-11-11 14:13:34,914 [cuckoo.core.resultserver] DEBUG: Task #38: File upload for 'files/49e83229319cb591_euc_jp-utf8.txt.wncry'
2022-11-11 14:13:34,970 [cuckoo.core.resultserver] DEBUG: Task #38 uploaded file length: 1384
2022-11-11 14:13:35,076 [cuckoo.core.resultserver] DEBUG: Task #38: File upload for 'files/4a468603fdcb7a2e_taskdl.exe'
2022-11-11 14:13:35,162 [cuckoo.core.resultserver] DEBUG: Task #38 uploaded file length: 20480
2022-11-11 14:13:35,198 [cuckoo.core.resultserver] DEBUG: Task #38: File upload for 'files/fa2ea082a6496b73_orangecircles.jpg.wncry'
2022-11-11 14:13:35,238 [cuckoo.core.resultserver] DEBUG: Task #38 uploaded file length: 6664
2022-11-11 14:13:35,317 [cuckoo.core.resultserver] DEBUG: Task #38: File upload for 'files/e0827a33ae21189b_alternateservices.txt.wncry'
2022-11-11 14:13:35,381 [cuckoo.core.resultserver] DEBUG: Task #38 uploaded file length: 8184
2022-11-11 14:13:35,468 [cuckoo.core.resultserver] DEBUG: Task #38: File upload for 'files/8c6a13cd978838a4_sitesecurityservicestate.txt.wncry'
2022-11-11 14:13:35,533 [cuckoo.core.resultserver] DEBUG: Task #38 uploaded file length: 1784
2022-11-11 14:13:35,632 [cuckoo.core.resultserver] DEBUG: Task #38: File upload for 'files/bd0de3e207af7a59_ru.msg.wncry'
2022-11-11 14:13:35,729 [cuckoo.core.resultserver] DEBUG: Task #38 uploaded file length: 2328
2022-11-11 14:13:35,779 [cuckoo.core.resultserver] DEBUG: Task #38: File upload for 'files/df896405ca09de42_cs.msg.wncry'
2022-11-11 14:13:35,904 [cuckoo.core.resultserver] DEBUG: Task #38 uploaded file length: 1592
2022-11-11 14:13:35,980 [cuckoo.core.resultserver] DEBUG: Task #38: File upload for 'files/b7ca8707cf8fd940_eo.msg.wncry'
2022-11-11 14:13:36,014 [cuckoo.core.resultserver] DEBUG: Task #38 uploaded file length: 4136
2022-11-11 14:13:36,146 [cuckoo.core.resultserver] DEBUG: Task #38: File upload for 'files/9af3f7d69e1c0914_floating_points.txt.wncry'
2022-11-11 14:13:36,215 [cuckoo.core.resultserver] DEBUG: Task #38 uploaded file length: 17624
2022-11-11 14:13:36,295 [cuckoo.core.resultserver] DEBUG: Task #38: File upload for 'files/5c7f6ad1ec4bc2c8_m_chinese (traditional).wnry'
2022-11-11 14:13:36,404 [cuckoo.core.resultserver] DEBUG: Task #38 uploaded file length: 79346
2022-11-11 14:13:36,570 [cuckoo.core.resultserver] DEBUG: Task #38: File upload for 'files/604998e029832b99_hu.msg.wncry'
2022-11-11 14:13:36,721 [cuckoo.core.resultserver] DEBUG: Task #38 uploaded file length: 1608
2022-11-11 14:13:36,882 [cuckoo.core.resultserver] DEBUG: Task #38: File upload for 'files/9faa51584400c2fa_sq.msg.wncry'
2022-11-11 14:13:36,988 [cuckoo.core.resultserver] DEBUG: Task #38 uploaded file length: 1560
2022-11-11 14:13:37,189 [cuckoo.core.resultserver] DEBUG: Task #38: File upload for 'files/6a37d1955079cf9f_he.msg.wncry'
2022-11-11 14:13:37,408 [cuckoo.core.resultserver] DEBUG: Task #38 uploaded file length: 2216
2022-11-11 14:13:37,689 [cuckoo.core.resultserver] DEBUG: Task #38: File upload for 'files/9a9bc95ea5751fef_iso2022_jp-utf8.txt.wncry'
2022-11-11 14:13:37,762 [cuckoo.core.resultserver] DEBUG: Task #38 uploaded file length: 1384
2022-11-11 14:13:38,163 [cuckoo.core.resultserver] DEBUG: Task #38: File upload for 'files/e13cc9b13aa5074d_m_greek.wnry'
2022-11-11 14:13:38,319 [cuckoo.core.resultserver] DEBUG: Task #38 uploaded file length: 49044
2022-11-11 14:13:38,412 [cuckoo.core.resultserver] DEBUG: Task #38: File upload for 'files/3ce81e1e972bc09d_bears.jpg.wncry'
2022-11-11 14:13:38,518 [cuckoo.core.resultserver] DEBUG: Task #38 uploaded file length: 1368
2022-11-11 14:13:38,639 [cuckoo.core.resultserver] DEBUG: Task #38: File upload for 'files/f7b24f2eb3d5eb05_variations'
2022-11-11 14:13:38,691 [cuckoo.core.resultserver] DEBUG: Task #38 uploaded file length: 86
2022-11-11 14:13:38,912 [cuckoo.core.resultserver] DEBUG: Task #38: File upload for 'files/419a69ab82091568_be.msg.wncry'
2022-11-11 14:13:38,994 [cuckoo.core.resultserver] DEBUG: Task #38 uploaded file length: 2392
2022-11-11 14:13:39,079 [cuckoo.core.resultserver] DEBUG: Task #38: File upload for 'files/dc63b7b51a79bf3c_nl.msg.wncry'
2022-11-11 14:13:39,107 [cuckoo.core.resultserver] DEBUG: Task #38 uploaded file length: 7064
2022-11-11 14:13:39,184 [cuckoo.core.resultserver] DEBUG: Task #38: File upload for 'files/b25d5155efe32fe1_00000000.pky'
2022-11-11 14:13:39,247 [cuckoo.core.guest] DEBUG: 192.168.56.1011: analysis #38 still processing
2022-11-11 14:13:39,247 [cuckoo.core.resultserver] DEBUG: Task #38 uploaded file length: 276
2022-11-11 14:13:39,463 [cuckoo.core.resultserver] DEBUG: Task #38: File upload for 'files/e18fdd912dfe5b45_s.wnry'
2022-11-11 14:13:39,557 [cuckoo.core.resultserver] DEBUG: Task #38 is sending a BSON stream
2022-11-11 14:13:39,636 [cuckoo.core.resultserver] DEBUG: Task #38 uploaded file length: 3038286
2022-11-11 14:13:39,670 [cuckoo.core.resultserver] DEBUG: Task #38: File upload for 'files/3671654518af1edf_formatfloat_testcases.txt.wncry'
2022-11-11 14:13:39,717 [cuckoo.core.resultserver] DEBUG: Task #38 uploaded file length: 8680
2022-11-11 14:13:39,748 [cuckoo.core.resultserver] DEBUG: Task #38: File upload for 'files/08010d4209d97a96_nl.msg.wncry'
2022-11-11 14:13:39,804 [cuckoo.core.resultserver] DEBUG: Task #38 uploaded file length: 7384
2022-11-11 14:13:39,839 [cuckoo.core.resultserver] DEBUG: Task #38: File upload for 'files/3b4bfb5becd82701_msg_39.txt.wncry'
2022-11-11 14:13:39,897 [cuckoo.core.resultserver] DEBUG: Task #38 uploaded file length: 2328
2022-11-11 14:13:39,988 [cuckoo.core.resultserver] DEBUG: Task #38: File upload for 'files/7256e37b436dbc2e_msg_26.txt.wncry'
2022-11-11 14:13:40,038 [cuckoo.core.resultserver] DEBUG: Task #38 uploaded file length: 2392
2022-11-11 14:13:40,103 [cuckoo.core.resultserver] DEBUG: Task #38: File upload for 'files/6457f3cbd279239f_rgb.txt.wncry'
2022-11-11 14:13:40,173 [cuckoo.core.resultserver] DEBUG: Task #38 uploaded file length: 18408
2022-11-11 14:13:40,344 [cuckoo.core.resultserver] DEBUG: Task #38 is sending a BSON stream
2022-11-11 14:13:40,355 [cuckoo.core.resultserver] DEBUG: Task #38: File upload for 'files/97ebce49b14c46be_t.wnry'
2022-11-11 14:13:40,418 [cuckoo.core.resultserver] DEBUG: Task #38 uploaded file length: 65816
2022-11-11 14:13:40,726 [cuckoo.core.resultserver] DEBUG: Task #38: File upload for 'files/08b922e6466d6b3a_garden.jpg.wncry'
2022-11-11 14:13:40,813 [cuckoo.core.resultserver] DEBUG: Task #38 uploaded file length: 24152
2022-11-11 14:13:41,060 [cuckoo.core.resultserver] DEBUG: Task #38: File upload for 'files/a683ae220074e3ac_readme.txt.wncry'
2022-11-11 14:13:41,158 [cuckoo.core.resultserver] DEBUG: Task #38 uploaded file length: 2968
2022-11-11 14:13:41,321 [cuckoo.core.resultserver] DEBUG: Task #38: File upload for 'files/3dd8cf64036d383c_mk.msg.wncry'
2022-11-11 14:13:41,406 [cuckoo.core.resultserver] DEBUG: Task #38 uploaded file length: 2392
2022-11-11 14:13:41,556 [cuckoo.core.resultserver] DEBUG: Task #38: File upload for 'files/681bf8a53af14db9_news.txt.wncry'
2022-11-11 14:13:41,785 [cuckoo.core.resultserver] DEBUG: Task #38 uploaded file length: 30056
2022-11-11 14:13:41,992 [cuckoo.core.resultserver] DEBUG: Task #38: File upload for 'files/4ddfd81e5ff4c1dc_hr.msg.wncry'
2022-11-11 14:13:42,014 [cuckoo.core.resultserver] DEBUG: Task #38 uploaded file length: 1416
2022-11-11 14:13:42,080 [cuckoo.core.resultserver] DEBUG: Task #38: File upload for 'files/947778b73b169ee9_fa.msg.wncry'
2022-11-11 14:13:42,240 [cuckoo.core.resultserver] DEBUG: Task #38 uploaded file length: 1944
2022-11-11 14:13:42,264 [cuckoo.core.resultserver] DEBUG: Task #38: File upload for 'files/a69de510a969ed88_cs.msg.wncry'
2022-11-11 14:13:42,302 [cuckoo.core.resultserver] DEBUG: Task #38 uploaded file length: 4792
2022-11-11 14:13:42,450 [cuckoo.core.resultserver] DEBUG: Task #38: File upload for 'files/695153a61bbc76cb_njqhieoqko.docm'
2022-11-11 14:13:42,522 [cuckoo.core.resultserver] DEBUG: Task #38 uploaded file length: 757211
2022-11-11 14:13:42,623 [cuckoo.core.resultserver] DEBUG: Task #38: File upload for 'files/f3a0bd1fb65925a9_de.msg.wncry'
2022-11-11 14:13:42,850 [cuckoo.core.resultserver] DEBUG: Task #38 uploaded file length: 1512
2022-11-11 14:13:42,911 [cuckoo.core.resultserver] DEBUG: Task #38: File upload for 'files/d3f763fad1e8f85d_en.msg.wncry'
2022-11-11 14:13:42,970 [cuckoo.core.resultserver] DEBUG: Task #38 uploaded file length: 4184
2022-11-11 14:13:43,013 [cuckoo.core.resultserver] DEBUG: Task #38: File upload for 'files/411ee40f81f36bd3_msg_43.txt.wncry'
2022-11-11 14:13:43,061 [cuckoo.core.resultserver] DEBUG: Task #38 uploaded file length: 9672
2022-11-11 14:13:43,272 [cuckoo.core.resultserver] DEBUG: Task #38: File upload for 'files/446b987e05f64c61_brndlog.txt.wncry'
2022-11-11 14:13:43,307 [cuckoo.core.resultserver] DEBUG: Task #38 uploaded file length: 12488
2022-11-11 14:13:43,361 [cuckoo.core.resultserver] DEBUG: Task #38: File upload for 'files/1adfee058b98206c_m_finnish.wnry'
2022-11-11 14:13:43,482 [cuckoo.core.resultserver] DEBUG: Task #38 uploaded file length: 38377
2022-11-11 14:13:43,567 [cuckoo.core.resultserver] DEBUG: Task #38: File upload for 'memory/2808-1.dmp'
2022-11-11 14:13:44,259 [cuckoo.core.resultserver] DEBUG: Task #38: File upload for 'files/012e8b8814e53cbb_jonltzfxnq.txt.wncry'
2022-11-11 14:13:44,274 [cuckoo.core.guest] DEBUG: 192.168.56.1011: analysis #38 still processing
2022-11-11 14:13:44,690 [cuckoo.core.resultserver] DEBUG: Task #38 uploaded file length: 555064
2022-11-11 14:13:45,291 [cuckoo.core.resultserver] DEBUG: Task #38: File upload for 'files/87144144541ce0d9_kok.msg.wncry'
2022-11-11 14:13:45,553 [cuckoo.core.resultserver] DEBUG: Task #38 uploaded file length: 2248
2022-11-11 14:13:45,720 [cuckoo.core.resultserver] DEBUG: Task #38: File upload for 'files/e16a1598ba67fa08_sl.msg.wncry'
2022-11-11 14:13:45,935 [cuckoo.core.resultserver] DEBUG: Task #38 uploaded file length: 9399056
2022-11-11 14:13:45,937 [cuckoo.core.resultserver] DEBUG: Task #38 uploaded file length: 1448
2022-11-11 14:13:46,329 [cuckoo.core.resultserver] DEBUG: Task #38: File upload for 'files/518f7018055bcaec_te.msg.wncry'
2022-11-11 14:13:46,410 [cuckoo.core.resultserver] DEBUG: Task #38 uploaded file length: 2392
2022-11-11 14:13:46,535 [cuckoo.core.resultserver] DEBUG: Task #38: File upload for 'files/2adc900fafa9938d_m_german.wnry'
2022-11-11 14:13:46,778 [cuckoo.core.resultserver] DEBUG: Task #38 uploaded file length: 37181
2022-11-11 14:13:47,036 [cuckoo.core.resultserver] DEBUG: Task #38: File upload for 'files/f157b6d9a8986d15_greenbubbles.jpg.wncry'
2022-11-11 14:13:47,205 [cuckoo.core.resultserver] DEBUG: Task #38 uploaded file length: 6696
2022-11-11 14:13:47,414 [cuckoo.core.resultserver] DEBUG: Task #38: File upload for 'files/40b37e7b80cf678d_m_bulgarian.wnry'
2022-11-11 14:13:47,615 [cuckoo.core.resultserver] DEBUG: Task #38 uploaded file length: 47879
2022-11-11 14:13:47,834 [cuckoo.core.resultserver] DEBUG: Task #38: File upload for 'files/65f8045b6a6c97c6_vinqtdhgxtovcgehn.txt'
2022-11-11 14:13:47,926 [cuckoo.core.resultserver] DEBUG: Task #38 uploaded file length: 694304
2022-11-11 14:13:48,267 [cuckoo.core.resultserver] DEBUG: Task #38: File upload for 'files/383c0cc37fb974a5_sv.msg.wncry'
2022-11-11 14:13:48,398 [cuckoo.core.resultserver] DEBUG: Task #38 uploaded file length: 1448
2022-11-11 14:13:48,621 [cuckoo.core.resultserver] DEBUG: Task #38: File upload for 'files/2d1b1a5c30aa682b_zzycwxkiytq.ppt.wncry'
2022-11-11 14:13:48,828 [cuckoo.core.resultserver] DEBUG: Task #38 uploaded file length: 882856
2022-11-11 14:13:48,946 [cuckoo.core.resultserver] DEBUG: Task #38: File upload for 'files/8b24df36854e3abb_231851668201189.bat.wncry'
2022-11-11 14:13:49,031 [cuckoo.core.resultserver] DEBUG: Task #38 uploaded file length: 616
2022-11-11 14:13:49,200 [cuckoo.core.resultserver] DEBUG: Task #38: File upload for 'files/a29e611e34eb09c4_uk.msg.wncry'
2022-11-11 14:13:49,307 [cuckoo.core.guest] DEBUG: 192.168.56.1011: analysis #38 still processing
2022-11-11 14:13:49,322 [cuckoo.core.resultserver] DEBUG: Task #38 uploaded file length: 2408
2022-11-11 14:13:49,465 [cuckoo.core.resultserver] DEBUG: Task #38: File upload for 'files/e64178e339c8e10e_m_slovak.wnry'
2022-11-11 14:13:49,608 [cuckoo.core.resultserver] DEBUG: Task #38 uploaded file length: 41391
2022-11-11 14:13:49,882 [cuckoo.core.resultserver] DEBUG: Task #38: File upload for 'files/d5e0e8694ddc0548_b.wnry'
2022-11-11 14:13:49,977 [cuckoo.core.resultserver] DEBUG: Task #38 uploaded file length: 1440054
2022-11-11 14:13:50,190 [cuckoo.core.resultserver] DEBUG: Task #38: File upload for 'files/abd2ea5c7f20bf5d_00000000.res'
2022-11-11 14:13:50,217 [cuckoo.core.resultserver] DEBUG: Task #38 uploaded file length: 136
2022-11-11 14:13:50,247 [cuckoo.core.resultserver] DEBUG: Task #38: File upload for 'files/cb5da96b3dfcf439_m_norwegian.wnry'
2022-11-11 14:13:50,320 [cuckoo.core.resultserver] DEBUG: Task #38 uploaded file length: 37577
2022-11-11 14:13:50,353 [cuckoo.core.resultserver] DEBUG: Task #38: File upload for 'files/a7b1650c35afb506_et.msg.wncry'
2022-11-11 14:13:50,512 [cuckoo.core.resultserver] DEBUG: Task #38 uploaded file length: 1496
2022-11-11 14:13:50,767 [cuckoo.core.resultserver] DEBUG: Task #38: File upload for 'files/edabd8cedae5fb21_tanspecks.jpg.wncry'
2022-11-11 14:13:50,969 [cuckoo.core.resultserver] DEBUG: Task #38 uploaded file length: 3944
2022-11-11 14:13:51,202 [cuckoo.core.resultserver] DEBUG: Task #38: File upload for 'files/47f193d7753d0f2a_ga.msg.wncry'
2022-11-11 14:13:51,396 [cuckoo.core.resultserver] DEBUG: Task #38 uploaded file length: 1432
2022-11-11 14:13:51,526 [cuckoo.core.resultserver] DEBUG: Task #38: File upload for 'files/d65ed00db70519c5_sr.msg.wncry'
2022-11-11 14:13:51,736 [cuckoo.core.resultserver] DEBUG: Task #38 uploaded file length: 2328
2022-11-11 14:13:51,810 [cuckoo.core.resultserver] DEBUG: Task #38: File upload for 'files/15a764a81dd168c9_lv.msg.wncry'
2022-11-11 14:13:51,928 [cuckoo.core.resultserver] DEBUG: Task #38 uploaded file length: 1512
2022-11-11 14:13:52,032 [cuckoo.core.resultserver] DEBUG: Task #38: File upload for 'files/0e1fabd688b37418_pt.msg.wncry'
2022-11-11 14:13:52,095 [cuckoo.core.resultserver] DEBUG: Task #38 uploaded file length: 4264
2022-11-11 14:13:52,178 [cuckoo.core.resultserver] DEBUG: Task #38: File upload for 'files/d25cd4b5de87abd8_de.msg.wncry'
2022-11-11 14:13:52,255 [cuckoo.core.resultserver] DEBUG: Task #38 uploaded file length: 4232
2022-11-11 14:13:52,335 [cuckoo.core.resultserver] DEBUG: Task #38: File upload for 'files/a3053c21c3da5aaf_nn.msg.wncry'
2022-11-11 14:13:52,403 [cuckoo.core.resultserver] DEBUG: Task #38 uploaded file length: 1432
2022-11-11 14:13:52,469 [cuckoo.core.resultserver] DEBUG: Task #38: File upload for 'files/cd5400d651fc4ed4_msg_13.txt.wncry'
2022-11-11 14:13:52,671 [cuckoo.core.resultserver] DEBUG: Task #38 uploaded file length: 5752
2022-11-11 14:13:52,774 [cuckoo.core.resultserver] DEBUG: Task #38: File upload for 'files/2dd693ac3bff6c1c_ikmqtpfxivhzo.pptx.wncry'
2022-11-11 14:13:52,846 [cuckoo.core.resultserver] DEBUG: Task #38 uploaded file length: 135000
2022-11-11 14:13:53,053 [cuckoo.core.resultserver] DEBUG: Task #38: File upload for 'files/6cb283254b87113c_fowcxmwiuwfotoh.rtf.wncry'
2022-11-11 14:13:53,142 [cuckoo.core.resultserver] DEBUG: Task #38 uploaded file length: 807208
2022-11-11 14:13:53,325 [cuckoo.core.guest] INFO: 192.168.56.1011: end of analysis reached!
2022-11-11 14:13:53,331 [cuckoo.core.plugins] DEBUG: Stopped auxiliary module: Replay
2022-11-11 14:13:53,347 [cuckoo.core.resultserver] DEBUG: Task #38: File upload for 'files/53a6c1b360b07ac1_231851668201189.bat'
2022-11-11 14:13:53,398 [cuckoo.core.plugins] DEBUG: Stopped auxiliary module: Sniffer
2022-11-11 14:13:53,399 [cuckoo.machinery.virtualbox] DEBUG: Stopping vm 192.168.56.1011
2022-11-11 14:13:53,435 [cuckoo.core.resultserver] DEBUG: Task #38 uploaded file length: 334
2022-11-11 14:13:54,686 [cuckoo.core.resultserver] DEBUG: Stopped tracking machine 192.168.56.101 for task #38
2022-11-11 14:13:54,686 [cuckoo.core.resultserver] DEBUG: Cancel <Context for BSON> for task 38
2022-11-11 14:13:54,686 [cuckoo.core.resultserver] DEBUG: Cancel <Context for BSON> for task 38
2022-11-11 14:13:54,686 [cuckoo.core.resultserver] DEBUG: Cancel <Context for BSON> for task 38
2022-11-11 14:13:54,686 [cuckoo.core.resultserver] DEBUG: Cancel <Context for BSON> for task 38
2022-11-11 14:13:54,686 [cuckoo.core.resultserver] DEBUG: Cancel <Context for BSON> for task 38
2022-11-11 14:13:54,686 [cuckoo.core.resultserver] DEBUG: Cancel <Context for LOG> for task 38
2022-11-11 14:13:54,686 [cuckoo.core.resultserver] DEBUG: Cancel <Context for BSON> for task 38
2022-11-11 14:13:54,686 [cuckoo.core.resultserver] DEBUG: Cancel <Context for BSON> for task 38
2022-11-11 14:13:54,686 [cuckoo.core.resultserver] DEBUG: Cancel <Context for BSON> for task 38
2022-11-11 14:13:54,686 [cuckoo.core.resultserver] DEBUG: Cancel <Context for BSON> for task 38
2022-11-11 14:13:54,686 [cuckoo.core.resultserver] DEBUG: Cancel <Context for BSON> for task 38
2022-11-11 14:13:54,686 [cuckoo.core.resultserver] DEBUG: Cancel <Context for BSON> for task 38
2022-11-11 14:13:54,686 [cuckoo.core.resultserver] DEBUG: Cancel <Context for BSON> for task 38
2022-11-11 14:13:54,686 [cuckoo.core.resultserver] DEBUG: Cancel <Context for BSON> for task 38
2022-11-11 14:13:54,686 [cuckoo.core.resultserver] DEBUG: Cancel <Context for BSON> for task 38
2022-11-11 14:13:54,687 [cuckoo.core.resultserver] DEBUG: Cancel <Context for BSON> for task 38
2022-11-11 14:13:54,687 [cuckoo.core.resultserver] DEBUG: Cancel <Context for BSON> for task 38
2022-11-11 14:13:54,687 [cuckoo.core.resultserver] DEBUG: Cancel <Context for BSON> for task 38
2022-11-11 14:13:54,687 [cuckoo.core.resultserver] DEBUG: Cancel <Context for BSON> for task 38
2022-11-11 14:13:54,687 [cuckoo.core.resultserver] DEBUG: Cancel <Context for BSON> for task 38
2022-11-11 14:13:54,687 [cuckoo.core.resultserver] DEBUG: Cancel <Context for BSON> for task 38
2022-11-11 14:13:54,712 [cuckoo.core.scheduler] DEBUG: Released database task #38
2022-11-11 14:13:54,725 [cuckoo.core.plugins] DEBUG: Executed processing module "AnalysisInfo" for task #38
2022-11-11 14:13:55,044 [cuckoo.core.plugins] DEBUG: Executed processing module "BehaviorAnalysis" for task #38
2022-11-11 14:13:55,547 [cuckoo.core.plugins] DEBUG: Executed processing module "Dropped" for task #38
2022-11-11 14:13:55,548 [cuckoo.core.plugins] DEBUG: Executed processing module "DroppedBuffer" for task #38
2022-11-11 14:13:58,951 [cuckoo.core.plugins] DEBUG: Executed processing module "MetaInfo" for task #38
2022-11-11 14:14:01,121 [cuckoo.core.plugins] DEBUG: Executed processing module "ProcessMemory" for task #38
2022-11-11 14:14:01,122 [cuckoo.core.plugins] DEBUG: Executed processing module "Procmon" for task #38
2022-11-11 14:14:01,122 [cuckoo.core.plugins] DEBUG: Executed processing module "Screenshots" for task #38
2022-11-11 14:14:01,124 [cuckoo.core.plugins] DEBUG: Executed processing module "Static" for task #38
2022-11-11 14:14:01,125 [cuckoo.core.plugins] DEBUG: Executed processing module "Strings" for task #38
2022-11-11 14:14:01,126 [cuckoo.core.plugins] DEBUG: Executed processing module "TargetInfo" for task #38
2022-11-11 14:14:01,249 [cuckoo.core.plugins] DEBUG: Executed processing module "NetworkAnalysis" for task #38
2022-11-11 14:14:01,250 [cuckoo.core.plugins] DEBUG: Executed processing module "Extracted" for task #38
2022-11-11 14:14:01,250 [cuckoo.core.plugins] DEBUG: Executed processing module "TLSMasterSecrets" for task #38
2022-11-11 14:14:01,252 [cuckoo.core.plugins] DEBUG: Executed processing module "Debug" for task #38
2022-11-11 14:14:01,271 [cuckoo.core.plugins] DEBUG: Running 542 signatures
2022-11-11 14:14:02,879 [cuckoo.core.plugins] DEBUG: Analysis matched signature: network_http
2022-11-11 14:14:02,879 [cuckoo.core.plugins] DEBUG: Analysis matched signature: antisandbox_sleep
2022-11-11 14:14:02,879 [cuckoo.core.plugins] DEBUG: Analysis matched signature: antivm_queries_computername
2022-11-11 14:14:02,879 [cuckoo.core.plugins] DEBUG: Analysis matched signature: applcation_raises_exception
2022-11-11 14:14:02,880 [cuckoo.core.plugins] DEBUG: Analysis matched signature: infostealer_browser
2022-11-11 14:14:02,880 [cuckoo.core.plugins] DEBUG: Analysis matched signature: checks_debugger
2022-11-11 14:14:02,880 [cuckoo.core.plugins] DEBUG: Analysis matched signature: console_output
2022-11-11 14:14:02,880 [cuckoo.core.plugins] DEBUG: Analysis matched signature: creates_doc
2022-11-11 14:14:02,880 [cuckoo.core.plugins] DEBUG: Analysis matched signature: creates_exe
2022-11-11 14:14:02,880 [cuckoo.core.plugins] DEBUG: Analysis matched signature: creates_hidden_file
2022-11-11 14:14:02,880 [cuckoo.core.plugins] DEBUG: Analysis matched signature: creates_shortcut
2022-11-11 14:14:02,880 [cuckoo.core.plugins] DEBUG: Analysis matched signature: suspicious_process
2022-11-11 14:14:02,880 [cuckoo.core.plugins] DEBUG: Analysis matched signature: generates_crypto_key
2022-11-11 14:14:02,880 [cuckoo.core.plugins] DEBUG: Analysis matched signature: recon_fingerprint
2022-11-11 14:14:02,880 [cuckoo.core.plugins] DEBUG: Analysis matched signature: stealth_window
2022-11-11 14:14:02,880 [cuckoo.core.plugins] DEBUG: Analysis matched signature: locates_browser
2022-11-11 14:14:02,881 [cuckoo.core.plugins] DEBUG: Analysis matched signature: antivm_memory_available
2022-11-11 14:14:02,881 [cuckoo.core.plugins] DEBUG: Analysis matched signature: protection_rx
2022-11-11 14:14:02,881 [cuckoo.core.plugins] DEBUG: Analysis matched signature: process_martian
2022-11-11 14:14:02,881 [cuckoo.core.plugins] DEBUG: Analysis matched signature: memdump_tor_urls
2022-11-11 14:14:02,881 [cuckoo.core.plugins] DEBUG: Analysis matched signature: memdump_urls
2022-11-11 14:14:02,881 [cuckoo.core.plugins] DEBUG: Analysis matched signature: raises_exception
2022-11-11 14:14:02,881 [cuckoo.core.plugins] DEBUG: Analysis matched signature: ransomware_file_moves
2022-11-11 14:14:02,881 [cuckoo.core.plugins] DEBUG: Analysis matched signature: ransomware_appends_extensions
2022-11-11 14:14:02,881 [cuckoo.core.plugins] DEBUG: Analysis matched signature: ransomware_dropped_files
2022-11-11 14:14:02,881 [cuckoo.core.plugins] DEBUG: Analysis matched signature: ransomware_extensions
2022-11-11 14:14:02,881 [cuckoo.core.plugins] DEBUG: Analysis matched signature: ransomware_mass_file_delete
2022-11-11 14:14:02,881 [cuckoo.core.plugins] DEBUG: Analysis matched signature: ransomware_message
2022-11-11 14:14:02,881 [cuckoo.core.plugins] DEBUG: Analysis matched signature: injection_resumethread
2022-11-11 14:14:02,881 [cuckoo.core.plugins] DEBUG: Analysis matched signature: suspicious_command_tools
2022-11-11 14:14:02,882 [cuckoo.core.plugins] DEBUG: Analysis matched signature: uses_windows_utilities
2022-11-11 14:14:04,439 [cuckoo.core.plugins] DEBUG: Executed reporting module "JsonDump"
2022-11-11 14:14:05,667 [cuckoo.core.plugins] DEBUG: Executed reporting module "MongoDB"
2022-11-11 14:14:05,668 [cuckoo.core.scheduler] INFO: Task #38: reports generation completed
2022-11-11 14:14:05,672 [cuckoo.core.scheduler] INFO: Task #38: analysis procedure completed
