2022-11-11 14:53:06,713 [cuckoo.core.scheduler] INFO: Task #48: acquired machine 192.168.56.1011 (label=192.168.56.1011)
2022-11-11 14:53:06,714 [cuckoo.core.resultserver] DEBUG: Now tracking machine 192.168.56.101 for task #48
2022-11-11 14:53:06,714 [cuckoo.core.plugins] DEBUG: Started auxiliary module: Replay
2022-11-11 14:53:06,724 [cuckoo.auxiliary.sniffer] INFO: Started sniffer with PID 14489 (interface=vboxnet0, host=192.168.56.101)
2022-11-11 14:53:06,724 [cuckoo.core.plugins] DEBUG: Started auxiliary module: Sniffer
2022-11-11 14:53:06,738 [cuckoo.machinery.virtualbox] DEBUG: Starting vm 192.168.56.1011
2022-11-11 14:53:06,848 [cuckoo.machinery.virtualbox] DEBUG: Restoring virtual machine 192.168.56.1011 to its current snapshot
2022-11-11 14:53:09,168 [cuckoo.core.guest] INFO: Starting analysis #48 on guest (id=192.168.56.1011, ip=192.168.56.101)
2022-11-11 14:53:10,172 [cuckoo.core.guest] DEBUG: 192.168.56.1011: not ready yet
2022-11-11 14:53:11,175 [cuckoo.core.guest] DEBUG: 192.168.56.1011: not ready yet
2022-11-11 14:53:12,181 [cuckoo.core.guest] DEBUG: 192.168.56.1011: not ready yet
2022-11-11 14:53:13,184 [cuckoo.core.guest] DEBUG: 192.168.56.1011: not ready yet
2022-11-11 14:53:14,187 [cuckoo.core.guest] DEBUG: 192.168.56.1011: not ready yet
2022-11-11 14:53:15,189 [cuckoo.core.guest] DEBUG: 192.168.56.1011: not ready yet
2022-11-11 14:53:16,192 [cuckoo.core.guest] DEBUG: 192.168.56.1011: not ready yet
2022-11-11 14:53:17,195 [cuckoo.core.guest] DEBUG: 192.168.56.1011: not ready yet
2022-11-11 14:53:18,198 [cuckoo.core.guest] DEBUG: 192.168.56.1011: not ready yet
2022-11-11 14:53:19,200 [cuckoo.core.guest] DEBUG: 192.168.56.1011: not ready yet
2022-11-11 14:53:20,202 [cuckoo.core.guest] DEBUG: 192.168.56.1011: not ready yet
2022-11-11 14:53:21,206 [cuckoo.core.guest] DEBUG: 192.168.56.1011: not ready yet
2022-11-11 14:53:22,211 [cuckoo.core.guest] DEBUG: 192.168.56.1011: not ready yet
2022-11-11 14:53:23,215 [cuckoo.core.guest] DEBUG: 192.168.56.1011: not ready yet
2022-11-11 14:53:24,217 [cuckoo.core.guest] DEBUG: 192.168.56.1011: not ready yet
2022-11-11 14:53:25,220 [cuckoo.core.guest] DEBUG: 192.168.56.1011: not ready yet
2022-11-11 14:53:26,222 [cuckoo.core.guest] DEBUG: 192.168.56.1011: not ready yet
2022-11-11 14:53:27,226 [cuckoo.core.guest] DEBUG: 192.168.56.1011: not ready yet
2022-11-11 14:53:28,229 [cuckoo.core.guest] DEBUG: 192.168.56.1011: not ready yet
2022-11-11 14:53:29,234 [cuckoo.core.guest] DEBUG: 192.168.56.1011: not ready yet
2022-11-11 14:53:30,237 [cuckoo.core.guest] DEBUG: 192.168.56.1011: not ready yet
2022-11-11 14:53:31,241 [cuckoo.core.guest] DEBUG: 192.168.56.1011: not ready yet
2022-11-11 14:53:32,243 [cuckoo.core.guest] DEBUG: 192.168.56.1011: not ready yet
2022-11-11 14:53:33,246 [cuckoo.core.guest] DEBUG: 192.168.56.1011: not ready yet
2022-11-11 14:53:34,250 [cuckoo.core.guest] DEBUG: 192.168.56.1011: not ready yet
2022-11-11 14:53:35,254 [cuckoo.core.guest] DEBUG: 192.168.56.1011: not ready yet
2022-11-11 14:53:36,256 [cuckoo.core.guest] DEBUG: 192.168.56.1011: not ready yet
2022-11-11 14:53:36,311 [cuckoo.core.guest] DEBUG: 192.168.56.1011: not ready yet
2022-11-11 14:53:38,315 [cuckoo.core.guest] DEBUG: 192.168.56.1011: not ready yet
2022-11-11 14:53:39,317 [cuckoo.core.guest] DEBUG: 192.168.56.1011: not ready yet
2022-11-11 14:53:40,322 [cuckoo.core.guest] DEBUG: 192.168.56.1011: not ready yet
2022-11-11 14:53:40,375 [cuckoo.core.guest] DEBUG: 192.168.56.1011: not ready yet
2022-11-11 14:53:42,385 [cuckoo.core.guest] DEBUG: 192.168.56.1011: not ready yet
2022-11-11 14:53:43,390 [cuckoo.core.guest] DEBUG: 192.168.56.1011: not ready yet
2022-11-11 14:53:44,393 [cuckoo.core.guest] DEBUG: 192.168.56.1011: not ready yet
2022-11-11 14:53:44,439 [cuckoo.core.guest] DEBUG: 192.168.56.1011: not ready yet
2022-11-11 14:53:45,449 [cuckoo.core.guest] INFO: Guest is running Cuckoo Agent 0.10 (id=192.168.56.1011, ip=192.168.56.101)
2022-11-11 14:53:45,465 [cuckoo.core.guest] DEBUG: Uploading analyzer to guest (id=192.168.56.1011, ip=192.168.56.101, monitor=latest, size=3884763)
2022-11-11 14:53:46,487 [cuckoo.core.resultserver] DEBUG: Task #48: live log analysis.log initialized.
2022-11-11 14:53:51,214 [cuckoo.core.guest] DEBUG: 192.168.56.1011: analysis #48 still processing
2022-11-11 14:53:53,419 [cuckoo.core.resultserver] DEBUG: Task #48 is sending a BSON stream
2022-11-11 14:53:54,201 [cuckoo.core.resultserver] DEBUG: Task #48 is sending a BSON stream
2022-11-11 14:53:56,245 [cuckoo.core.guest] DEBUG: 192.168.56.1011: analysis #48 still processing
2022-11-11 14:54:01,272 [cuckoo.core.guest] DEBUG: 192.168.56.1011: analysis #48 still processing
2022-11-11 14:54:06,298 [cuckoo.core.guest] DEBUG: 192.168.56.1011: analysis #48 still processing
2022-11-11 14:54:11,203 [cuckoo.core.resultserver] DEBUG: Task #48 is sending a BSON stream
2022-11-11 14:54:11,323 [cuckoo.core.guest] DEBUG: 192.168.56.1011: analysis #48 still processing
2022-11-11 14:54:16,348 [cuckoo.core.guest] DEBUG: 192.168.56.1011: analysis #48 still processing
2022-11-11 14:54:21,372 [cuckoo.core.guest] DEBUG: 192.168.56.1011: analysis #48 still processing
2022-11-11 14:54:26,323 [cuckoo.core.resultserver] DEBUG: Task #48 is sending a BSON stream
2022-11-11 14:54:26,399 [cuckoo.core.guest] DEBUG: 192.168.56.1011: analysis #48 still processing
2022-11-11 14:54:26,889 [cuckoo.core.resultserver] DEBUG: Task #48 is sending a BSON stream
2022-11-11 14:54:29,371 [cuckoo.core.resultserver] DEBUG: Task #48: File upload for 'memory/1384-1.dmp'
2022-11-11 14:54:30,004 [cuckoo.core.resultserver] DEBUG: Task #48 uploaded file length: 33244176
2022-11-11 14:54:31,124 [cuckoo.core.resultserver] DEBUG: Task #48: File upload for 'memory/1444-1.dmp'
2022-11-11 14:54:31,432 [cuckoo.core.guest] DEBUG: 192.168.56.1011: analysis #48 still processing
2022-11-11 14:54:31,521 [cuckoo.core.resultserver] DEBUG: Task #48 uploaded file length: 19784456
2022-11-11 14:54:36,454 [cuckoo.core.guest] DEBUG: 192.168.56.1011: analysis #48 still processing
2022-11-11 14:54:41,477 [cuckoo.core.guest] DEBUG: 192.168.56.1011: analysis #48 still processing
2022-11-11 14:54:46,501 [cuckoo.core.guest] DEBUG: 192.168.56.1011: analysis #48 still processing
2022-11-11 14:54:46,980 [cuckoo.core.resultserver] DEBUG: Task #48 is sending a BSON stream
2022-11-11 14:54:47,671 [cuckoo.core.resultserver] DEBUG: Task #48 is sending a BSON stream
2022-11-11 14:54:48,276 [cuckoo.core.resultserver] DEBUG: Task #48 is sending a BSON stream
2022-11-11 14:54:51,533 [cuckoo.core.guest] DEBUG: 192.168.56.1011: analysis #48 still processing
2022-11-11 14:54:56,561 [cuckoo.core.guest] DEBUG: 192.168.56.1011: analysis #48 still processing
2022-11-11 14:55:01,589 [cuckoo.core.guest] DEBUG: 192.168.56.1011: analysis #48 still processing
2022-11-11 14:55:02,247 [cuckoo.core.resultserver] DEBUG: Task #48 is sending a BSON stream
2022-11-11 14:55:03,090 [cuckoo.core.resultserver] DEBUG: Task #48 is sending a BSON stream
2022-11-11 14:55:06,618 [cuckoo.core.guest] DEBUG: 192.168.56.1011: analysis #48 still processing
2022-11-11 14:55:07,838 [cuckoo.core.resultserver] DEBUG: Task #48: File upload for 'memory/1384-2.dmp'
2022-11-11 14:55:10,595 [cuckoo.core.resultserver] DEBUG: Task #48 uploaded file length: 47924792
2022-11-11 14:55:11,647 [cuckoo.core.guest] DEBUG: 192.168.56.1011: analysis #48 still processing
2022-11-11 14:55:14,048 [cuckoo.core.resultserver] DEBUG: Task #48: File upload for 'memory/2460-1.dmp'
2022-11-11 14:55:15,788 [cuckoo.core.resultserver] DEBUG: Task #48 uploaded file length: 24935120
2022-11-11 14:55:16,677 [cuckoo.core.guest] DEBUG: 192.168.56.1011: analysis #48 still processing
2022-11-11 14:55:18,692 [cuckoo.core.resultserver] DEBUG: Task #48: File upload for 'memory/1464-1.dmp'
2022-11-11 14:55:20,475 [cuckoo.core.resultserver] DEBUG: Task #48 uploaded file length: 22852384
2022-11-11 14:55:21,706 [cuckoo.core.guest] DEBUG: 192.168.56.1011: analysis #48 still processing
2022-11-11 14:55:25,176 [cuckoo.core.resultserver] DEBUG: Task #48: File upload for 'memory/2400-1.dmp'
2022-11-11 14:55:26,739 [cuckoo.core.guest] DEBUG: 192.168.56.1011: analysis #48 still processing
2022-11-11 14:55:26,881 [cuckoo.core.resultserver] DEBUG: Task #48 uploaded file length: 58364808
2022-11-11 14:55:31,767 [cuckoo.core.guest] DEBUG: 192.168.56.1011: analysis #48 still processing
2022-11-11 14:55:36,798 [cuckoo.core.guest] DEBUG: 192.168.56.1011: analysis #48 still processing
2022-11-11 14:55:41,825 [cuckoo.core.guest] DEBUG: 192.168.56.1011: analysis #48 still processing
2022-11-11 14:55:46,852 [cuckoo.core.guest] DEBUG: 192.168.56.1011: analysis #48 still processing
2022-11-11 14:55:51,879 [cuckoo.core.guest] DEBUG: 192.168.56.1011: analysis #48 still processing
2022-11-11 14:55:52,381 [cuckoo.core.resultserver] DEBUG: Task #48: File upload for 'files/f7e743e5e0df4898_debug.log'
2022-11-11 14:55:52,402 [cuckoo.core.resultserver] DEBUG: Task #48 uploaded file length: 109
2022-11-11 14:55:52,424 [cuckoo.core.resultserver] DEBUG: Task #48: File upload for 'files/6aed08355c5cf0b2_webbrowser.pyc'
2022-11-11 14:55:52,444 [cuckoo.core.resultserver] DEBUG: Task #48 uploaded file length: 19554
2022-11-11 14:55:52,467 [cuckoo.core.resultserver] DEBUG: Task #48: File upload for 'files/f7b24f2eb3d5eb05_variations'
2022-11-11 14:55:52,488 [cuckoo.core.resultserver] DEBUG: Task #48 uploaded file length: 86
2022-11-11 14:55:52,768 [cuckoo.core.resultserver] DEBUG: Task #48 had connection reset for <Context for LOG>
2022-11-11 14:55:52,882 [cuckoo.core.guest] INFO: 192.168.56.1011: analysis completed successfully
2022-11-11 14:55:52,888 [cuckoo.core.plugins] DEBUG: Stopped auxiliary module: Replay
2022-11-11 14:55:52,922 [cuckoo.core.plugins] DEBUG: Stopped auxiliary module: Sniffer
2022-11-11 14:55:52,923 [cuckoo.machinery.virtualbox] DEBUG: Stopping vm 192.168.56.1011
2022-11-11 14:55:54,116 [cuckoo.core.resultserver] DEBUG: Stopped tracking machine 192.168.56.101 for task #48
2022-11-11 14:55:54,138 [cuckoo.core.scheduler] DEBUG: Released database task #48
2022-11-11 14:55:54,153 [cuckoo.core.plugins] DEBUG: Executed processing module "AnalysisInfo" for task #48
2022-11-11 14:55:54,237 [cuckoo.core.plugins] DEBUG: Executed processing module "BehaviorAnalysis" for task #48
2022-11-11 14:55:54,244 [cuckoo.core.plugins] DEBUG: Executed processing module "Dropped" for task #48
2022-11-11 14:55:54,244 [cuckoo.core.plugins] DEBUG: Executed processing module "DroppedBuffer" for task #48
2022-11-11 14:55:56,393 [cuckoo.core.plugins] DEBUG: Executed processing module "MetaInfo" for task #48
2022-11-11 14:55:57,949 [cuckoo.core.plugins] DEBUG: Executed processing module "ProcessMemory" for task #48
2022-11-11 14:55:57,949 [cuckoo.core.plugins] DEBUG: Executed processing module "Procmon" for task #48
2022-11-11 14:55:57,949 [cuckoo.core.plugins] DEBUG: Executed processing module "Screenshots" for task #48
2022-11-11 14:55:57,952 [cuckoo.core.plugins] DEBUG: Executed processing module "Static" for task #48
2022-11-11 14:55:57,952 [cuckoo.core.plugins] DEBUG: Executed processing module "Strings" for task #48
2022-11-11 14:55:57,954 [cuckoo.core.plugins] DEBUG: Executed processing module "TargetInfo" for task #48
2022-11-11 14:56:17,985 [cuckoo.core.plugins] DEBUG: Executed processing module "NetworkAnalysis" for task #48
2022-11-11 14:56:17,985 [cuckoo.core.plugins] DEBUG: Executed processing module "Extracted" for task #48
2022-11-11 14:56:17,985 [cuckoo.core.plugins] DEBUG: Executed processing module "TLSMasterSecrets" for task #48
2022-11-11 14:56:17,987 [cuckoo.core.plugins] DEBUG: Executed processing module "Debug" for task #48
2022-11-11 14:56:18,002 [cuckoo.core.plugins] DEBUG: Running 542 signatures
2022-11-11 14:56:18,377 [cuckoo.core.plugins] DEBUG: Analysis matched signature: dead_host
2022-11-11 14:56:18,378 [cuckoo.core.plugins] DEBUG: Analysis matched signature: network_http
2022-11-11 14:56:18,378 [cuckoo.core.plugins] DEBUG: Analysis matched signature: antivm_queries_computername
2022-11-11 14:56:18,378 [cuckoo.core.plugins] DEBUG: Analysis matched signature: applcation_raises_exception
2022-11-11 14:56:18,378 [cuckoo.core.plugins] DEBUG: Analysis matched signature: infostealer_browser
2022-11-11 14:56:18,378 [cuckoo.core.plugins] DEBUG: Analysis matched signature: checks_debugger
2022-11-11 14:56:18,378 [cuckoo.core.plugins] DEBUG: Analysis matched signature: console_output
2022-11-11 14:56:18,378 [cuckoo.core.plugins] DEBUG: Analysis matched signature: suspicious_process
2022-11-11 14:56:18,378 [cuckoo.core.plugins] DEBUG: Analysis matched signature: recon_fingerprint
2022-11-11 14:56:18,378 [cuckoo.core.plugins] DEBUG: Analysis matched signature: has_wmi
2022-11-11 14:56:18,378 [cuckoo.core.plugins] DEBUG: Analysis matched signature: locates_browser
2022-11-11 14:56:18,378 [cuckoo.core.plugins] DEBUG: Analysis matched signature: antivm_memory_available
2022-11-11 14:56:18,378 [cuckoo.core.plugins] DEBUG: Analysis matched signature: privilege_luid_check
2022-11-11 14:56:18,378 [cuckoo.core.plugins] DEBUG: Analysis matched signature: process_martian
2022-11-11 14:56:18,378 [cuckoo.core.plugins] DEBUG: Analysis matched signature: memdump_urls
2022-11-11 14:56:18,379 [cuckoo.core.plugins] DEBUG: Analysis matched signature: raises_exception
2022-11-11 14:56:18,379 [cuckoo.core.plugins] DEBUG: Analysis matched signature: injection_resumethread
2022-11-11 14:56:18,379 [cuckoo.core.plugins] DEBUG: Analysis matched signature: terminates_remote_process
2022-11-11 14:56:18,379 [cuckoo.core.plugins] DEBUG: Analysis matched signature: uses_windows_utilities
2022-11-11 14:56:18,814 [cuckoo.core.plugins] DEBUG: Executed reporting module "JsonDump"
2022-11-11 14:56:19,052 [cuckoo.core.plugins] DEBUG: Executed reporting module "MongoDB"
2022-11-11 14:56:19,052 [cuckoo.core.scheduler] INFO: Task #48: reports generation completed
2022-11-11 14:56:19,057 [cuckoo.core.scheduler] INFO: Task #48: analysis procedure completed
