2022-11-11 15:25:23,105 [cuckoo.core.scheduler] INFO: Task #59: acquired machine 192.168.56.1011 (label=192.168.56.1011)
2022-11-11 15:25:23,105 [cuckoo.core.resultserver] DEBUG: Now tracking machine 192.168.56.101 for task #59
2022-11-11 15:25:23,105 [cuckoo.core.plugins] DEBUG: Started auxiliary module: Replay
2022-11-11 15:25:23,118 [cuckoo.auxiliary.sniffer] INFO: Started sniffer with PID 17081 (interface=vboxnet0, host=192.168.56.101)
2022-11-11 15:25:23,118 [cuckoo.core.plugins] DEBUG: Started auxiliary module: Sniffer
2022-11-11 15:25:23,134 [cuckoo.machinery.virtualbox] DEBUG: Starting vm 192.168.56.1011
2022-11-11 15:25:23,239 [cuckoo.machinery.virtualbox] DEBUG: Restoring virtual machine 192.168.56.1011 to its current snapshot
2022-11-11 15:25:25,716 [cuckoo.core.guest] INFO: Starting analysis #59 on guest (id=192.168.56.1011, ip=192.168.56.101)
2022-11-11 15:25:26,719 [cuckoo.core.guest] DEBUG: 192.168.56.1011: not ready yet
2022-11-11 15:25:27,721 [cuckoo.core.guest] DEBUG: 192.168.56.1011: not ready yet
2022-11-11 15:25:28,725 [cuckoo.core.guest] DEBUG: 192.168.56.1011: not ready yet
2022-11-11 15:25:29,728 [cuckoo.core.guest] DEBUG: 192.168.56.1011: not ready yet
2022-11-11 15:25:30,730 [cuckoo.core.guest] DEBUG: 192.168.56.1011: not ready yet
2022-11-11 15:25:31,733 [cuckoo.core.guest] DEBUG: 192.168.56.1011: not ready yet
2022-11-11 15:25:32,735 [cuckoo.core.guest] DEBUG: 192.168.56.1011: not ready yet
2022-11-11 15:25:33,737 [cuckoo.core.guest] DEBUG: 192.168.56.1011: not ready yet
2022-11-11 15:25:34,740 [cuckoo.core.guest] DEBUG: 192.168.56.1011: not ready yet
2022-11-11 15:25:35,741 [cuckoo.core.guest] DEBUG: 192.168.56.1011: not ready yet
2022-11-11 15:25:36,743 [cuckoo.core.guest] DEBUG: 192.168.56.1011: not ready yet
2022-11-11 15:25:37,746 [cuckoo.core.guest] DEBUG: 192.168.56.1011: not ready yet
2022-11-11 15:25:38,748 [cuckoo.core.guest] DEBUG: 192.168.56.1011: not ready yet
2022-11-11 15:25:39,751 [cuckoo.core.guest] DEBUG: 192.168.56.1011: not ready yet
2022-11-11 15:25:40,758 [cuckoo.core.guest] DEBUG: 192.168.56.1011: not ready yet
2022-11-11 15:25:41,762 [cuckoo.core.guest] DEBUG: 192.168.56.1011: not ready yet
2022-11-11 15:25:42,764 [cuckoo.core.guest] DEBUG: 192.168.56.1011: not ready yet
2022-11-11 15:25:43,768 [cuckoo.core.guest] DEBUG: 192.168.56.1011: not ready yet
2022-11-11 15:25:44,770 [cuckoo.core.guest] DEBUG: 192.168.56.1011: not ready yet
2022-11-11 15:25:45,773 [cuckoo.core.guest] DEBUG: 192.168.56.1011: not ready yet
2022-11-11 15:25:46,776 [cuckoo.core.guest] DEBUG: 192.168.56.1011: not ready yet
2022-11-11 15:25:47,780 [cuckoo.core.guest] DEBUG: 192.168.56.1011: not ready yet
2022-11-11 15:25:47,831 [cuckoo.core.guest] DEBUG: 192.168.56.1011: not ready yet
2022-11-11 15:25:49,834 [cuckoo.core.guest] DEBUG: 192.168.56.1011: not ready yet
2022-11-11 15:25:50,837 [cuckoo.core.guest] DEBUG: 192.168.56.1011: not ready yet
2022-11-11 15:25:51,840 [cuckoo.core.guest] DEBUG: 192.168.56.1011: not ready yet
2022-11-11 15:25:51,895 [cuckoo.core.guest] DEBUG: 192.168.56.1011: not ready yet
2022-11-11 15:25:53,899 [cuckoo.core.guest] DEBUG: 192.168.56.1011: not ready yet
2022-11-11 15:25:54,902 [cuckoo.core.guest] DEBUG: 192.168.56.1011: not ready yet
2022-11-11 15:25:55,904 [cuckoo.core.guest] DEBUG: 192.168.56.1011: not ready yet
2022-11-11 15:25:55,958 [cuckoo.core.guest] DEBUG: 192.168.56.1011: not ready yet
2022-11-11 15:25:57,963 [cuckoo.core.guest] DEBUG: 192.168.56.1011: not ready yet
2022-11-11 15:25:58,966 [cuckoo.core.guest] DEBUG: 192.168.56.1011: not ready yet
2022-11-11 15:25:59,968 [cuckoo.core.guest] DEBUG: 192.168.56.1011: not ready yet
2022-11-11 15:26:00,022 [cuckoo.core.guest] DEBUG: 192.168.56.1011: not ready yet
2022-11-11 15:26:01,865 [cuckoo.core.guest] INFO: Guest is running Cuckoo Agent 0.10 (id=192.168.56.1011, ip=192.168.56.101)
2022-11-11 15:26:01,921 [cuckoo.core.guest] DEBUG: Uploading analyzer to guest (id=192.168.56.1011, ip=192.168.56.101, monitor=latest, size=3884763)
2022-11-11 15:26:02,911 [cuckoo.core.resultserver] DEBUG: Task #59: live log analysis.log initialized.
2022-11-11 15:26:07,584 [cuckoo.core.guest] DEBUG: 192.168.56.1011: analysis #59 still processing
2022-11-11 15:26:09,714 [cuckoo.core.resultserver] DEBUG: Task #59 is sending a BSON stream
2022-11-11 15:26:10,620 [cuckoo.core.resultserver] DEBUG: Task #59 is sending a BSON stream
2022-11-11 15:26:12,609 [cuckoo.core.guest] DEBUG: 192.168.56.1011: analysis #59 still processing
2022-11-11 15:26:17,638 [cuckoo.core.guest] DEBUG: 192.168.56.1011: analysis #59 still processing
2022-11-11 15:26:22,665 [cuckoo.core.guest] DEBUG: 192.168.56.1011: analysis #59 still processing
2022-11-11 15:26:27,419 [cuckoo.core.resultserver] DEBUG: Task #59 is sending a BSON stream
2022-11-11 15:26:27,689 [cuckoo.core.guest] DEBUG: 192.168.56.1011: analysis #59 still processing
2022-11-11 15:26:28,104 [cuckoo.core.resultserver] DEBUG: Task #59 is sending a BSON stream
2022-11-11 15:26:28,684 [cuckoo.core.resultserver] DEBUG: Task #59 is sending a BSON stream
2022-11-11 15:26:32,726 [cuckoo.core.guest] DEBUG: 192.168.56.1011: analysis #59 still processing
2022-11-11 15:26:37,757 [cuckoo.core.guest] DEBUG: 192.168.56.1011: analysis #59 still processing
2022-11-11 15:26:42,783 [cuckoo.core.guest] DEBUG: 192.168.56.1011: analysis #59 still processing
2022-11-11 15:26:42,963 [cuckoo.core.resultserver] DEBUG: Task #59 is sending a BSON stream
2022-11-11 15:26:47,812 [cuckoo.core.guest] DEBUG: 192.168.56.1011: analysis #59 still processing
2022-11-11 15:26:52,855 [cuckoo.core.guest] DEBUG: 192.168.56.1011: analysis #59 still processing
2022-11-11 15:26:57,878 [cuckoo.core.guest] DEBUG: 192.168.56.1011: analysis #59 still processing
2022-11-11 15:27:02,904 [cuckoo.core.guest] DEBUG: 192.168.56.1011: analysis #59 still processing
2022-11-11 15:27:07,934 [cuckoo.core.guest] DEBUG: 192.168.56.1011: analysis #59 still processing
2022-11-11 15:27:12,960 [cuckoo.core.guest] DEBUG: 192.168.56.1011: analysis #59 still processing
2022-11-11 15:27:17,986 [cuckoo.core.guest] DEBUG: 192.168.56.1011: analysis #59 still processing
2022-11-11 15:27:23,014 [cuckoo.core.guest] DEBUG: 192.168.56.1011: analysis #59 still processing
2022-11-11 15:27:28,040 [cuckoo.core.guest] DEBUG: 192.168.56.1011: analysis #59 still processing
2022-11-11 15:27:33,068 [cuckoo.core.guest] DEBUG: 192.168.56.1011: analysis #59 still processing
2022-11-11 15:27:38,091 [cuckoo.core.guest] DEBUG: 192.168.56.1011: analysis #59 still processing
2022-11-11 15:27:43,115 [cuckoo.core.guest] DEBUG: 192.168.56.1011: analysis #59 still processing
2022-11-11 15:27:43,232 [cuckoo.core.resultserver] DEBUG: Task #59 is sending a BSON stream
2022-11-11 15:27:43,870 [cuckoo.core.resultserver] DEBUG: Task #59 is sending a BSON stream
2022-11-11 15:27:48,144 [cuckoo.core.guest] DEBUG: 192.168.56.1011: analysis #59 still processing
2022-11-11 15:27:53,182 [cuckoo.core.guest] DEBUG: 192.168.56.1011: analysis #59 still processing
2022-11-11 15:27:58,205 [cuckoo.core.guest] DEBUG: 192.168.56.1011: analysis #59 still processing
2022-11-11 15:27:58,763 [cuckoo.core.resultserver] DEBUG: Task #59 is sending a BSON stream
2022-11-11 15:28:00,026 [cuckoo.core.resultserver] DEBUG: Task #59 is sending a BSON stream
2022-11-11 15:28:00,949 [cuckoo.core.resultserver] DEBUG: Task #59 is sending a BSON stream
2022-11-11 15:28:03,233 [cuckoo.core.guest] DEBUG: 192.168.56.1011: analysis #59 still processing
2022-11-11 15:28:08,260 [cuckoo.core.guest] DEBUG: 192.168.56.1011: analysis #59 still processing
2022-11-11 15:28:13,289 [cuckoo.core.guest] DEBUG: 192.168.56.1011: analysis #59 still processing
2022-11-11 15:28:15,322 [cuckoo.core.resultserver] DEBUG: Task #59 is sending a BSON stream
2022-11-11 15:28:17,135 [cuckoo.core.resultserver] DEBUG: Task #59 is sending a BSON stream
2022-11-11 15:28:18,344 [cuckoo.core.resultserver] DEBUG: Task #59 is sending a BSON stream
2022-11-11 15:28:18,348 [cuckoo.core.guest] DEBUG: 192.168.56.1011: analysis #59 still processing
2022-11-11 15:28:23,394 [cuckoo.core.guest] DEBUG: 192.168.56.1011: analysis #59 still processing
2022-11-11 15:28:28,450 [cuckoo.core.guest] DEBUG: 192.168.56.1011: analysis #59 still processing
2022-11-11 15:28:31,845 [cuckoo.core.resultserver] DEBUG: Task #59 is sending a BSON stream
2022-11-11 15:28:33,499 [cuckoo.core.guest] DEBUG: 192.168.56.1011: analysis #59 still processing
2022-11-11 15:28:38,533 [cuckoo.core.guest] DEBUG: 192.168.56.1011: analysis #59 still processing
2022-11-11 15:28:43,560 [cuckoo.core.guest] DEBUG: 192.168.56.1011: analysis #59 still processing
2022-11-11 15:28:48,101 [cuckoo.core.resultserver] DEBUG: Task #59: File upload for 'files/6aed08355c5cf0b2_webbrowser.pyc'
2022-11-11 15:28:48,127 [cuckoo.core.resultserver] DEBUG: Task #59 uploaded file length: 19554
2022-11-11 15:28:48,234 [cuckoo.core.resultserver] DEBUG: Task #59: File upload for 'files/d1d2fde7c8701ff5_settings.dat'
2022-11-11 15:28:48,402 [cuckoo.core.resultserver] DEBUG: Task #59 uploaded file length: 40
2022-11-11 15:28:48,585 [cuckoo.core.guest] DEBUG: 192.168.56.1011: analysis #59 still processing
2022-11-11 15:28:48,687 [cuckoo.core.resultserver] DEBUG: Task #59: File upload for 'files/5cd2c4d9f1352492_variations'
2022-11-11 15:28:48,874 [cuckoo.core.resultserver] DEBUG: Task #59 uploaded file length: 86
2022-11-11 15:28:49,130 [cuckoo.core.resultserver] DEBUG: Task #59: File upload for 'files/da66dae9bc0d3832_debug.log'
2022-11-11 15:28:49,371 [cuckoo.core.resultserver] DEBUG: Task #59 uploaded file length: 327
2022-11-11 15:28:49,450 [cuckoo.core.resultserver] DEBUG: Task #59 had connection reset for <Context for LOG>
2022-11-11 15:28:49,589 [cuckoo.core.guest] INFO: 192.168.56.1011: analysis completed successfully
2022-11-11 15:28:49,596 [cuckoo.core.plugins] DEBUG: Stopped auxiliary module: Replay
2022-11-11 15:28:49,626 [cuckoo.core.plugins] DEBUG: Stopped auxiliary module: Sniffer
2022-11-11 15:28:49,627 [cuckoo.machinery.virtualbox] DEBUG: Stopping vm 192.168.56.1011
2022-11-11 15:28:50,836 [cuckoo.core.resultserver] DEBUG: Stopped tracking machine 192.168.56.101 for task #59
2022-11-11 15:28:50,871 [cuckoo.core.scheduler] DEBUG: Released database task #59
2022-11-11 15:28:50,888 [cuckoo.core.plugins] DEBUG: Executed processing module "AnalysisInfo" for task #59
2022-11-11 15:28:51,089 [cuckoo.core.plugins] DEBUG: Executed processing module "BehaviorAnalysis" for task #59
2022-11-11 15:28:51,096 [cuckoo.core.plugins] DEBUG: Executed processing module "Dropped" for task #59
2022-11-11 15:28:51,096 [cuckoo.core.plugins] DEBUG: Executed processing module "DroppedBuffer" for task #59
2022-11-11 15:28:51,098 [cuckoo.core.plugins] DEBUG: Executed processing module "MetaInfo" for task #59
2022-11-11 15:28:51,098 [cuckoo.core.plugins] DEBUG: Executed processing module "ProcessMemory" for task #59
2022-11-11 15:28:51,099 [cuckoo.core.plugins] DEBUG: Executed processing module "Procmon" for task #59
2022-11-11 15:28:51,099 [cuckoo.core.plugins] DEBUG: Executed processing module "Screenshots" for task #59
2022-11-11 15:28:51,100 [cuckoo.core.plugins] DEBUG: Executed processing module "Static" for task #59
2022-11-11 15:28:51,101 [cuckoo.core.plugins] DEBUG: Executed processing module "Strings" for task #59
2022-11-11 15:28:51,103 [cuckoo.core.plugins] DEBUG: Executed processing module "TargetInfo" for task #59
2022-11-11 15:28:51,221 [cuckoo.core.plugins] DEBUG: Executed processing module "NetworkAnalysis" for task #59
2022-11-11 15:28:51,222 [cuckoo.core.plugins] DEBUG: Executed processing module "Extracted" for task #59
2022-11-11 15:28:51,222 [cuckoo.core.plugins] DEBUG: Executed processing module "TLSMasterSecrets" for task #59
2022-11-11 15:28:51,224 [cuckoo.core.plugins] DEBUG: Executed processing module "Debug" for task #59
2022-11-11 15:28:51,277 [cuckoo.core.plugins] DEBUG: Running 542 signatures
2022-11-11 15:28:51,862 [cuckoo.core.plugins] DEBUG: Analysis matched signature: dead_host
2022-11-11 15:28:51,862 [cuckoo.core.plugins] DEBUG: Analysis matched signature: network_http
2022-11-11 15:28:51,862 [cuckoo.core.plugins] DEBUG: Analysis matched signature: applcation_raises_exception
2022-11-11 15:28:51,863 [cuckoo.core.plugins] DEBUG: Analysis matched signature: infostealer_browser
2022-11-11 15:28:51,863 [cuckoo.core.plugins] DEBUG: Analysis matched signature: checks_debugger
2022-11-11 15:28:51,863 [cuckoo.core.plugins] DEBUG: Analysis matched signature: console_output
2022-11-11 15:28:51,863 [cuckoo.core.plugins] DEBUG: Analysis matched signature: recon_fingerprint
2022-11-11 15:28:51,863 [cuckoo.core.plugins] DEBUG: Analysis matched signature: locates_browser
2022-11-11 15:28:51,863 [cuckoo.core.plugins] DEBUG: Analysis matched signature: antivm_memory_available
2022-11-11 15:28:51,863 [cuckoo.core.plugins] DEBUG: Analysis matched signature: process_martian
2022-11-11 15:28:51,863 [cuckoo.core.plugins] DEBUG: Analysis matched signature: raises_exception
2022-11-11 15:28:51,863 [cuckoo.core.plugins] DEBUG: Analysis matched signature: uses_windows_utilities
2022-11-11 15:28:52,807 [cuckoo.core.plugins] DEBUG: Executed reporting module "JsonDump"
2022-11-11 15:28:53,210 [cuckoo.core.plugins] DEBUG: Executed reporting module "MongoDB"
2022-11-11 15:28:53,210 [cuckoo.core.scheduler] INFO: Task #59: reports generation completed
2022-11-11 15:28:53,214 [cuckoo.core.scheduler] INFO: Task #59: analysis procedure completed
