2022-11-11 14:46:12,015 [analyzer] DEBUG: Starting analyzer from: C:\tmpgto74e
2022-11-11 14:46:12,015 [analyzer] DEBUG: Pipe server name: \??\PIPE\dPckEuxEDKRJohPmNykjVYxtEYBgnbo
2022-11-11 14:46:12,015 [analyzer] DEBUG: Log pipe server name: \??\PIPE\UCaLLzggOGzgwxLGRGhGbSuugcFofClR
2022-11-11 14:46:12,078 [analyzer] DEBUG: Started auxiliary module DbgView
2022-11-11 14:46:18,483 [analyzer] DEBUG: Started auxiliary module Disguise
2022-11-11 14:46:18,796 [analyzer] DEBUG: Loaded monitor into process with pid 504
2022-11-11 14:46:18,812 [analyzer] DEBUG: Started auxiliary module DumpTLSMasterSecrets
2022-11-11 14:46:18,812 [analyzer] DEBUG: Started auxiliary module Human
2022-11-11 14:46:18,812 [analyzer] DEBUG: Started auxiliary module InstallCertificate
2022-11-11 14:46:18,812 [analyzer] DEBUG: Started auxiliary module Reboot
2022-11-11 14:46:19,046 [analyzer] DEBUG: Started auxiliary module RecentFiles
2022-11-11 14:46:19,046 [analyzer] DEBUG: Started auxiliary module Screenshots
2022-11-11 14:46:19,046 [analyzer] DEBUG: Started auxiliary module LoadZer0m0n
2022-11-11 14:46:19,062 [modules.auxiliary.screenshots] INFO: Python Image Library (either PIL or Pillow) is not installed, screenshots are disabled.
2022-11-11 14:46:19,342 [lib.api.process] INFO: Successfully executed process from path 'C:\\Python27\\python.exe' with arguments [u'C:\\Users\\ADMINI~1\\AppData\\Local\\Temp\\3-NV.py'] and pid 2408
2022-11-11 14:46:19,858 [analyzer] DEBUG: Loaded monitor into process with pid 2408
2022-11-11 14:46:20,250 [analyzer] INFO: Added new file to list with pid 2408 and path C:\Python27\Lib\webbrowser.pyc
2022-11-11 20:49:01,723 [analyzer] INFO: Injected into process with pid 732 and name u'cmd.exe'
2022-11-11 20:49:02,082 [analyzer] DEBUG: Loaded monitor into process with pid 732
2022-11-11 20:49:02,302 [analyzer] INFO: Injected into process with pid 1676 and name u'notepad.exe'
2022-11-11 20:49:02,755 [analyzer] DEBUG: Loaded monitor into process with pid 1676
2022-11-11 20:49:05,740 [lib.api.process] INFO: Memory dump of process with pid 1676 completed
2022-11-11 20:49:07,365 [lib.api.process] INFO: Memory dump of process with pid 732 completed
2022-11-11 20:49:07,473 [analyzer] INFO: Process with pid 732 has terminated
2022-11-11 20:49:23,193 [analyzer] INFO: Injected into process with pid 2420 and name u'chrome.exe'
2022-11-11 20:49:23,552 [analyzer] DEBUG: Loaded monitor into process with pid 2420
2022-11-11 20:49:23,911 [analyzer] INFO: Injected into process with pid 2552 and name u'chrome.exe'
2022-11-11 20:49:24,255 [analyzer] DEBUG: Loaded monitor into process with pid 2552
2022-11-11 20:49:24,505 [analyzer] INFO: Injected into process with pid 2176 and name u'chrome.exe'
2022-11-11 20:49:24,865 [analyzer] DEBUG: Loaded monitor into process with pid 2176
2022-11-11 20:49:26,552 [analyzer] INFO: Added new file to list with pid 2176 and path C:\Users\Administrator\AppData\Local\Temp\0c331903-dd28-48f7-9b02-8687c3bf71a4.tmp
2022-11-11 20:49:29,786 [lib.api.process] ERROR: Failed to dump memory of 64-bit process with pid 2552.
2022-11-11 20:49:30,145 [analyzer] INFO: Added new file to list with pid 2176 and path C:\Users\Administrator\AppData\Local\Google\Chrome\User Data\Crashpad\reports\3571f596-87ff-4f05-ab10-dc2b13d66285.dmp
2022-11-11 20:49:30,770 [analyzer] INFO: Added new file to list with pid 2176 and path C:\Users\Administrator\AppData\Local\Google\Chrome\User Data\Crashpad\metadata
2022-11-11 20:49:31,598 [lib.api.process] ERROR: Failed to dump memory of 64-bit process with pid 2552.
2022-11-11 20:49:32,473 [analyzer] INFO: Process with pid 2552 has terminated
2022-11-11 20:49:32,943 [lib.api.process] ERROR: Failed to dump memory of 64-bit process with pid 2176.
2022-11-11 20:49:33,005 [analyzer] INFO: Added new file to list with pid 2420 and path C:\Program Files\Google\Chrome\Application\debug.log
2022-11-11 20:49:33,473 [analyzer] INFO: Process with pid 2176 has terminated
2022-11-11 20:49:38,598 [analyzer] INFO: Injected into process with pid 1872 and name u'chrome.exe'
2022-11-11 20:49:39,115 [analyzer] DEBUG: Loaded monitor into process with pid 1872
2022-11-11 20:49:39,240 [analyzer] INFO: Added new file to list with pid 2420 and path \Device\NamedPipe\wkssvc
2022-11-11 20:49:40,615 [lib.api.process] ERROR: Failed to dump memory of 64-bit process with pid 1872.
2022-11-11 20:49:41,223 [analyzer] INFO: Added new file to list with pid 2420 and path C:\Users\Administrator\AppData\Local\Google\Chrome\User Data\Variations
2022-11-11 20:49:41,490 [analyzer] INFO: Process with pid 1872 has terminated
2022-11-11 20:49:53,911 [analyzer] INFO: Injected into process with pid 2732 and name u'cmd.exe'
2022-11-11 20:49:54,365 [analyzer] DEBUG: Loaded monitor into process with pid 2732
2022-11-11 20:49:54,943 [analyzer] INFO: Injected into process with pid 2480 and name u'taskkill.exe'
2022-11-11 20:49:55,411 [analyzer] DEBUG: Loaded monitor into process with pid 2480
2022-11-11 20:49:58,568 [analyzer] INFO: Process with pid 2420 has terminated
2022-11-11 20:50:01,177 [lib.api.process] INFO: Memory dump of process with pid 1676 completed
2022-11-11 20:50:01,598 [analyzer] INFO: Process with pid 1676 has terminated
2022-11-11 20:50:03,255 [lib.api.process] INFO: Memory dump of process with pid 2480 completed
2022-11-11 20:50:03,598 [analyzer] INFO: Process with pid 2480 has terminated
2022-11-11 20:50:05,020 [lib.api.process] INFO: Memory dump of process with pid 2732 completed
2022-11-11 20:50:05,598 [analyzer] INFO: Process with pid 2732 has terminated
2022-11-11 20:50:10,473 [lib.api.process] INFO: Memory dump of process with pid 2408 completed
2022-11-11 20:50:10,615 [analyzer] INFO: Process with pid 2408 has terminated
2022-11-11 20:50:10,615 [analyzer] INFO: Process list is empty, terminating analysis.
2022-11-11 20:50:11,693 [analyzer] WARNING: File at path u'\\device\\namedpipe\\wkssvc' does not exist, skip.
2022-11-11 20:50:11,740 [analyzer] WARNING: File at path u'c:\\users\\administrator\\appdata\\local\\temp\\0c331903-dd28-48f7-9b02-8687c3bf71a4.tmp' does not exist, skip.
2022-11-11 20:50:11,818 [analyzer] INFO: Analysis completed.
