2022-11-11 14:46:12,015 [analyzer] DEBUG: Starting analyzer from: C:\tmpgto74e
2022-11-11 14:46:12,015 [analyzer] DEBUG: Pipe server name: \??\PIPE\FnoWcctCEISmeyNxmHlPydY
2022-11-11 14:46:12,015 [analyzer] DEBUG: Log pipe server name: \??\PIPE\JqSstHqOZzVzkMaMoZPryTUjccvkE
2022-11-11 14:46:12,078 [analyzer] DEBUG: Started auxiliary module DbgView
2022-11-11 14:46:18,687 [analyzer] DEBUG: Started auxiliary module Disguise
2022-11-11 14:46:19,000 [analyzer] DEBUG: Loaded monitor into process with pid 504
2022-11-11 14:46:19,000 [analyzer] DEBUG: Started auxiliary module DumpTLSMasterSecrets
2022-11-11 14:46:19,000 [analyzer] DEBUG: Started auxiliary module Human
2022-11-11 14:46:19,000 [analyzer] DEBUG: Started auxiliary module InstallCertificate
2022-11-11 14:46:19,000 [analyzer] DEBUG: Started auxiliary module Reboot
2022-11-11 14:46:19,250 [analyzer] DEBUG: Started auxiliary module RecentFiles
2022-11-11 14:46:19,250 [modules.auxiliary.screenshots] INFO: Python Image Library (either PIL or Pillow) is not installed, screenshots are disabled.
2022-11-11 14:46:19,250 [analyzer] DEBUG: Started auxiliary module Screenshots
2022-11-11 14:46:19,250 [analyzer] DEBUG: Started auxiliary module LoadZer0m0n
2022-11-11 14:46:19,530 [lib.api.process] INFO: Successfully executed process from path 'C:\\Python27\\python.exe' with arguments [u'C:\\Users\\ADMINI~1\\AppData\\Local\\Temp\\9-NV.py'] and pid 2416
2022-11-11 14:46:20,000 [analyzer] DEBUG: Loaded monitor into process with pid 2416
2022-11-11 14:46:20,390 [analyzer] INFO: Added new file to list with pid 2416 and path C:\Python27\Lib\webbrowser.pyc
2022-11-11 20:56:58,055 [analyzer] INFO: Injected into process with pid 2724 and name u'chrome.exe'
2022-11-11 20:56:58,414 [analyzer] DEBUG: Loaded monitor into process with pid 2724
2022-11-11 20:56:59,555 [lib.api.process] ERROR: Failed to dump memory of 64-bit process with pid 2724.
2022-11-11 20:57:00,476 [analyzer] INFO: Process with pid 2724 has terminated
2022-11-11 20:57:13,384 [analyzer] INFO: Injected into process with pid 2068 and name u'chrome.exe'
2022-11-11 20:57:13,711 [analyzer] DEBUG: Loaded monitor into process with pid 2068
2022-11-11 20:57:14,743 [lib.api.process] ERROR: Failed to dump memory of 64-bit process with pid 2068.
2022-11-11 20:57:15,476 [analyzer] INFO: Process with pid 2068 has terminated
2022-11-11 20:57:28,634 [analyzer] INFO: Injected into process with pid 2432 and name u'chrome.exe'
2022-11-11 20:57:28,993 [analyzer] DEBUG: Loaded monitor into process with pid 2432
2022-11-11 20:57:29,993 [lib.api.process] ERROR: Failed to dump memory of 64-bit process with pid 2432.
2022-11-11 20:57:30,476 [analyzer] INFO: Process with pid 2432 has terminated
2022-11-11 20:57:43,884 [analyzer] INFO: Injected into process with pid 2704 and name u'chrome.exe'
2022-11-11 20:57:44,226 [analyzer] DEBUG: Loaded monitor into process with pid 2704
2022-11-11 20:57:45,259 [lib.api.process] ERROR: Failed to dump memory of 64-bit process with pid 2704.
2022-11-11 20:57:45,476 [analyzer] INFO: Process with pid 2704 has terminated
2022-11-11 20:58:04,259 [lib.api.process] INFO: Memory dump of process with pid 2416 completed
2022-11-11 20:58:04,476 [analyzer] INFO: Process with pid 2416 has terminated
2022-11-11 20:58:04,476 [analyzer] INFO: Process list is empty, terminating analysis.
2022-11-11 20:58:05,509 [analyzer] INFO: Analysis completed.
