2022-11-11 13:41:30,089 [cuckoo.core.scheduler] INFO: Task #30: acquired machine 192.168.56.1011 (label=192.168.56.1011)
2022-11-11 13:41:30,090 [cuckoo.core.resultserver] DEBUG: Now tracking machine 192.168.56.101 for task #30
2022-11-11 13:41:30,090 [cuckoo.core.plugins] DEBUG: Started auxiliary module: Replay
2022-11-11 13:41:30,097 [cuckoo.auxiliary.sniffer] INFO: Started sniffer with PID 8335 (interface=vboxnet0, host=192.168.56.101)
2022-11-11 13:41:30,097 [cuckoo.core.plugins] DEBUG: Started auxiliary module: Sniffer
2022-11-11 13:41:30,116 [cuckoo.machinery.virtualbox] DEBUG: Starting vm 192.168.56.1011
2022-11-11 13:41:30,208 [cuckoo.machinery.virtualbox] DEBUG: Restoring virtual machine 192.168.56.1011 to its current snapshot
2022-11-11 13:41:32,476 [cuckoo.core.guest] INFO: Starting analysis #30 on guest (id=192.168.56.1011, ip=192.168.56.101)
2022-11-11 13:41:33,481 [cuckoo.core.guest] DEBUG: 192.168.56.1011: not ready yet
2022-11-11 13:41:34,485 [cuckoo.core.guest] DEBUG: 192.168.56.1011: not ready yet
2022-11-11 13:41:35,488 [cuckoo.core.guest] DEBUG: 192.168.56.1011: not ready yet
2022-11-11 13:41:35,543 [cuckoo.core.guest] DEBUG: 192.168.56.1011: not ready yet
2022-11-11 13:41:37,546 [cuckoo.core.guest] DEBUG: 192.168.56.1011: not ready yet
2022-11-11 13:41:38,548 [cuckoo.core.guest] DEBUG: 192.168.56.1011: not ready yet
2022-11-11 13:41:39,551 [cuckoo.core.guest] DEBUG: 192.168.56.1011: not ready yet
2022-11-11 13:41:39,606 [cuckoo.core.guest] DEBUG: 192.168.56.1011: not ready yet
2022-11-11 13:41:41,612 [cuckoo.core.guest] DEBUG: 192.168.56.1011: not ready yet
2022-11-11 13:41:42,615 [cuckoo.core.guest] DEBUG: 192.168.56.1011: not ready yet
2022-11-11 13:41:43,159 [cuckoo.core.guest] DEBUG: 192.168.56.1011: not ready yet
2022-11-11 13:41:45,162 [cuckoo.core.guest] DEBUG: 192.168.56.1011: not ready yet
2022-11-11 13:41:46,164 [cuckoo.core.guest] DEBUG: 192.168.56.1011: not ready yet
2022-11-11 13:41:47,165 [cuckoo.core.guest] DEBUG: 192.168.56.1011: not ready yet
2022-11-11 13:41:47,224 [cuckoo.core.guest] DEBUG: 192.168.56.1011: not ready yet
2022-11-11 13:41:49,228 [cuckoo.core.guest] DEBUG: 192.168.56.1011: not ready yet
2022-11-11 13:41:50,231 [cuckoo.core.guest] DEBUG: 192.168.56.1011: not ready yet
2022-11-11 13:41:51,234 [cuckoo.core.guest] DEBUG: 192.168.56.1011: not ready yet
2022-11-11 13:41:51,287 [cuckoo.core.guest] DEBUG: 192.168.56.1011: not ready yet
2022-11-11 13:41:53,290 [cuckoo.core.guest] DEBUG: 192.168.56.1011: not ready yet
2022-11-11 13:41:54,292 [cuckoo.core.guest] DEBUG: 192.168.56.1011: not ready yet
2022-11-11 13:41:55,295 [cuckoo.core.guest] DEBUG: 192.168.56.1011: not ready yet
2022-11-11 13:41:55,353 [cuckoo.core.guest] DEBUG: 192.168.56.1011: not ready yet
2022-11-11 13:41:57,356 [cuckoo.core.guest] DEBUG: 192.168.56.1011: not ready yet
2022-11-11 13:41:58,359 [cuckoo.core.guest] DEBUG: 192.168.56.1011: not ready yet
2022-11-11 13:41:59,362 [cuckoo.core.guest] DEBUG: 192.168.56.1011: not ready yet
2022-11-11 13:41:59,414 [cuckoo.core.guest] DEBUG: 192.168.56.1011: not ready yet
2022-11-11 13:42:01,421 [cuckoo.core.guest] DEBUG: 192.168.56.1011: not ready yet
2022-11-11 13:42:02,423 [cuckoo.core.guest] DEBUG: 192.168.56.1011: not ready yet
2022-11-11 13:42:03,427 [cuckoo.core.guest] DEBUG: 192.168.56.1011: not ready yet
2022-11-11 13:42:03,479 [cuckoo.core.guest] DEBUG: 192.168.56.1011: not ready yet
2022-11-11 13:42:05,487 [cuckoo.core.guest] DEBUG: 192.168.56.1011: not ready yet
2022-11-11 13:42:06,490 [cuckoo.core.guest] DEBUG: 192.168.56.1011: not ready yet
2022-11-11 13:42:07,493 [cuckoo.core.guest] DEBUG: 192.168.56.1011: not ready yet
2022-11-11 13:42:07,542 [cuckoo.core.guest] DEBUG: 192.168.56.1011: not ready yet
2022-11-11 13:42:08,679 [cuckoo.core.guest] INFO: Guest is running Cuckoo Agent 0.10 (id=192.168.56.1011, ip=192.168.56.101)
2022-11-11 13:42:08,747 [cuckoo.core.guest] DEBUG: Uploading analyzer to guest (id=192.168.56.1011, ip=192.168.56.101, monitor=latest, size=3884763)
2022-11-11 13:42:09,755 [cuckoo.core.resultserver] DEBUG: Task #30: live log analysis.log initialized.
2022-11-11 13:42:14,424 [cuckoo.core.guest] DEBUG: 192.168.56.1011: analysis #30 still processing
2022-11-11 13:42:16,491 [cuckoo.core.resultserver] DEBUG: Task #30 is sending a BSON stream
2022-11-11 13:42:17,368 [cuckoo.core.resultserver] DEBUG: Task #30 is sending a BSON stream
2022-11-11 13:42:19,450 [cuckoo.core.guest] DEBUG: 192.168.56.1011: analysis #30 still processing
2022-11-11 13:42:24,474 [cuckoo.core.guest] DEBUG: 192.168.56.1011: analysis #30 still processing
2022-11-11 13:42:29,498 [cuckoo.core.guest] DEBUG: 192.168.56.1011: analysis #30 still processing
2022-11-11 13:42:33,898 [cuckoo.core.resultserver] DEBUG: Task #30 is sending a BSON stream
2022-11-11 13:42:34,521 [cuckoo.core.guest] DEBUG: 192.168.56.1011: analysis #30 still processing
2022-11-11 13:42:34,574 [cuckoo.core.resultserver] DEBUG: Task #30 is sending a BSON stream
2022-11-11 13:42:39,556 [cuckoo.core.guest] DEBUG: 192.168.56.1011: analysis #30 still processing
2022-11-11 13:42:44,590 [cuckoo.core.guest] DEBUG: 192.168.56.1011: analysis #30 still processing
2022-11-11 13:42:49,643 [cuckoo.core.guest] DEBUG: 192.168.56.1011: analysis #30 still processing
2022-11-11 13:42:49,653 [cuckoo.core.resultserver] DEBUG: Task #30 is sending a BSON stream
2022-11-11 13:42:54,674 [cuckoo.core.guest] DEBUG: 192.168.56.1011: analysis #30 still processing
2022-11-11 13:42:59,702 [cuckoo.core.guest] DEBUG: 192.168.56.1011: analysis #30 still processing
2022-11-11 13:43:04,726 [cuckoo.core.guest] DEBUG: 192.168.56.1011: analysis #30 still processing
2022-11-11 13:43:04,741 [cuckoo.core.resultserver] DEBUG: Task #30 is sending a BSON stream
2022-11-11 13:43:05,259 [cuckoo.core.resultserver] DEBUG: Task #30 is sending a BSON stream
2022-11-11 13:43:07,379 [cuckoo.core.resultserver] DEBUG: Task #30: File upload for 'memory/2888-1.dmp'
2022-11-11 13:43:07,553 [cuckoo.core.resultserver] DEBUG: Task #30 is sending a BSON stream
2022-11-11 13:43:07,787 [cuckoo.core.resultserver] DEBUG: Task #30 is sending a BSON stream
2022-11-11 13:43:08,237 [cuckoo.core.resultserver] DEBUG: Task #30 uploaded file length: 18587704
2022-11-11 13:43:09,752 [cuckoo.core.guest] DEBUG: 192.168.56.1011: analysis #30 still processing
2022-11-11 13:43:09,929 [cuckoo.core.resultserver] DEBUG: Task #30: File upload for 'memory/2460-1.dmp'
2022-11-11 13:43:10,173 [cuckoo.core.resultserver] DEBUG: Task #30 is sending a BSON stream
2022-11-11 13:43:10,810 [cuckoo.core.resultserver] DEBUG: Task #30: File upload for 'files/e3b0c44298fc1c14_~SD74C8.tmp'
2022-11-11 13:43:10,822 [cuckoo.core.resultserver] DEBUG: Task #30 uploaded file length: 0
2022-11-11 13:43:11,471 [cuckoo.core.resultserver] DEBUG: Task #30 uploaded file length: 15745368
2022-11-11 13:43:11,773 [cuckoo.core.resultserver] DEBUG: Task #30: File upload for 'memory/2480-1.dmp'
2022-11-11 13:43:11,799 [cuckoo.core.resultserver] DEBUG: Task #30: File upload for 'memory/2676-1.dmp'
2022-11-11 13:43:12,054 [cuckoo.core.resultserver] DEBUG: Task #30 is sending a BSON stream
2022-11-11 13:43:12,556 [cuckoo.core.resultserver] DEBUG: Task #30 uploaded file length: 11390672
2022-11-11 13:43:12,788 [cuckoo.core.resultserver] DEBUG: Task #30 uploaded file length: 19796648
2022-11-11 13:43:13,460 [cuckoo.core.resultserver] DEBUG: Task #30: File upload for 'memory/1680-1.dmp'
2022-11-11 13:43:13,849 [cuckoo.core.resultserver] DEBUG: Task #30 uploaded file length: 9382672
2022-11-11 13:43:14,783 [cuckoo.core.guest] DEBUG: 192.168.56.1011: analysis #30 still processing
2022-11-11 13:43:15,656 [cuckoo.core.resultserver] DEBUG: Task #30: File upload for 'memory/1632-1.dmp'
2022-11-11 13:43:16,368 [cuckoo.core.resultserver] DEBUG: Task #30 uploaded file length: 20382304
2022-11-11 13:43:19,813 [cuckoo.core.guest] DEBUG: 192.168.56.1011: analysis #30 still processing
2022-11-11 13:43:24,852 [cuckoo.core.guest] DEBUG: 192.168.56.1011: analysis #30 still processing
2022-11-11 13:43:28,413 [cuckoo.core.resultserver] DEBUG: Task #30 is sending a BSON stream
2022-11-11 13:43:29,288 [cuckoo.core.resultserver] DEBUG: Task #30 is sending a BSON stream
2022-11-11 13:43:29,879 [cuckoo.core.guest] DEBUG: 192.168.56.1011: analysis #30 still processing
2022-11-11 13:43:30,060 [cuckoo.core.resultserver] DEBUG: Task #30 is sending a BSON stream
2022-11-11 13:43:34,906 [cuckoo.core.guest] DEBUG: 192.168.56.1011: analysis #30 still processing
2022-11-11 13:43:39,935 [cuckoo.core.guest] DEBUG: 192.168.56.1011: analysis #30 still processing
2022-11-11 13:43:44,741 [cuckoo.core.resultserver] DEBUG: Task #30 is sending a BSON stream
2022-11-11 13:43:44,961 [cuckoo.core.guest] DEBUG: 192.168.56.1011: analysis #30 still processing
2022-11-11 13:43:49,909 [cuckoo.core.resultserver] DEBUG: Task #30: File upload for 'memory/2588-1.dmp'
2022-11-11 13:43:49,987 [cuckoo.core.guest] DEBUG: 192.168.56.1011: analysis #30 still processing
2022-11-11 13:43:51,447 [cuckoo.core.resultserver] DEBUG: Task #30 uploaded file length: 9399056
2022-11-11 13:43:55,015 [cuckoo.core.guest] DEBUG: 192.168.56.1011: analysis #30 still processing
2022-11-11 13:43:56,546 [cuckoo.core.resultserver] DEBUG: Task #30 is sending a BSON stream
2022-11-11 13:43:58,012 [cuckoo.core.resultserver] DEBUG: Task #30 is sending a BSON stream
2022-11-11 13:44:00,047 [cuckoo.core.guest] DEBUG: 192.168.56.1011: analysis #30 still processing
2022-11-11 13:44:01,409 [cuckoo.core.resultserver] DEBUG: Task #30 is sending a BSON stream
2022-11-11 13:44:03,441 [cuckoo.core.resultserver] DEBUG: Task #30 is sending a BSON stream
2022-11-11 13:44:05,086 [cuckoo.core.guest] DEBUG: 192.168.56.1011: analysis #30 still processing
2022-11-11 13:44:10,123 [cuckoo.core.guest] DEBUG: 192.168.56.1011: analysis #30 still processing
2022-11-11 13:44:11,251 [cuckoo.core.resultserver] DEBUG: Task #30 is sending a BSON stream
2022-11-11 13:44:11,702 [cuckoo.core.resultserver] DEBUG: Task #30: File upload for 'memory/2436-1.dmp'
2022-11-11 13:44:11,773 [cuckoo.core.resultserver] DEBUG: Task #30: File upload for 'memory/832-1.dmp'
2022-11-11 13:44:14,431 [cuckoo.core.resultserver] DEBUG: Task #30 is sending a BSON stream
2022-11-11 13:44:15,172 [cuckoo.core.guest] DEBUG: 192.168.56.1011: analysis #30 still processing
2022-11-11 13:44:15,399 [cuckoo.core.resultserver] DEBUG: Task #30 uploaded file length: 41351360
2022-11-11 13:44:17,131 [cuckoo.core.resultserver] DEBUG: Task #30: File upload for 'files/aac4ac970ec47cd9_WelcomeScan.jpg'
2022-11-11 13:44:17,164 [cuckoo.core.resultserver] DEBUG: Task #30 uploaded file length: 516424
2022-11-11 13:44:18,504 [cuckoo.core.resultserver] DEBUG: Task #30: File upload for 'files/d3e8d47e8c1622ec_background.png'
2022-11-11 13:44:18,531 [cuckoo.core.resultserver] DEBUG: Task #30 uploaded file length: 129745
2022-11-11 13:44:18,561 [cuckoo.core.resultserver] DEBUG: Task #30: File upload for 'files/609824cc9c4f6c26_device.png'
2022-11-11 13:44:18,593 [cuckoo.core.resultserver] DEBUG: Task #30 uploaded file length: 44488
2022-11-11 13:44:18,807 [cuckoo.core.resultserver] DEBUG: Task #30: File upload for 'files/5c5b0de42d55486e_overlay.png'
2022-11-11 13:44:18,883 [cuckoo.core.resultserver] DEBUG: Task #30 uploaded file length: 28865
2022-11-11 13:44:19,030 [cuckoo.core.resultserver] DEBUG: Task #30: File upload for 'files/0f35ace5268db339_superbar.png'
2022-11-11 13:44:19,057 [cuckoo.core.resultserver] DEBUG: Task #30 uploaded file length: 39379
2022-11-11 13:44:19,367 [cuckoo.core.resultserver] DEBUG: Task #30 uploaded file length: 58663960
2022-11-11 13:44:19,368 [cuckoo.core.resultserver] DEBUG: Task #30: File upload for 'files/8bf0705e02cfee44_usertile10.bmp'
2022-11-11 13:44:19,423 [cuckoo.core.resultserver] DEBUG: Task #30 uploaded file length: 49208
2022-11-11 13:44:19,570 [cuckoo.core.resultserver] DEBUG: Task #30: File upload for 'files/b3de971f88cdd821_usertile11.bmp'
2022-11-11 13:44:19,594 [cuckoo.core.resultserver] DEBUG: Task #30 uploaded file length: 49208
2022-11-11 13:44:19,628 [cuckoo.core.resultserver] DEBUG: Task #30: File upload for 'files/96a7352a3a51d1a1_usertile12.bmp'
2022-11-11 13:44:19,667 [cuckoo.core.resultserver] DEBUG: Task #30 uploaded file length: 49208
2022-11-11 13:44:19,711 [cuckoo.core.resultserver] DEBUG: Task #30: File upload for 'files/18d6564632c7a550_usertile13.bmp'
2022-11-11 13:44:19,735 [cuckoo.core.resultserver] DEBUG: Task #30 uploaded file length: 48824
2022-11-11 13:44:19,767 [cuckoo.core.resultserver] DEBUG: Task #30: File upload for 'files/665784bf5a2b6813_usertile14.bmp'
2022-11-11 13:44:19,793 [cuckoo.core.resultserver] DEBUG: Task #30 uploaded file length: 49208
2022-11-11 13:44:19,834 [cuckoo.core.resultserver] DEBUG: Task #30: File upload for 'files/f120cb4f7f753941_usertile15.bmp'
2022-11-11 13:44:19,856 [cuckoo.core.resultserver] DEBUG: Task #30 uploaded file length: 49208
2022-11-11 13:44:19,905 [cuckoo.core.resultserver] DEBUG: Task #30: File upload for 'files/0618d6fc5a05288b_usertile16.bmp'
2022-11-11 13:44:19,932 [cuckoo.core.resultserver] DEBUG: Task #30 uploaded file length: 49208
2022-11-11 13:44:20,026 [cuckoo.core.resultserver] DEBUG: Task #30: File upload for 'files/b633e58cd5b32398_usertile17.bmp'
2022-11-11 13:44:20,051 [cuckoo.core.resultserver] DEBUG: Task #30 uploaded file length: 49208
2022-11-11 13:44:20,083 [cuckoo.core.resultserver] DEBUG: Task #30: File upload for 'files/2e6c724b2aae1602_usertile18.bmp'
2022-11-11 13:44:20,110 [cuckoo.core.resultserver] DEBUG: Task #30 uploaded file length: 49208
2022-11-11 13:44:20,145 [cuckoo.core.resultserver] DEBUG: Task #30: File upload for 'files/80134f6d607ea57b_usertile19.bmp'
2022-11-11 13:44:20,168 [cuckoo.core.resultserver] DEBUG: Task #30 uploaded file length: 49208
2022-11-11 13:44:20,204 [cuckoo.core.resultserver] DEBUG: Task #30: File upload for 'files/7defc9af8087ee56_usertile20.bmp'
2022-11-11 13:44:20,232 [cuckoo.core.resultserver] DEBUG: Task #30 uploaded file length: 49208
2022-11-11 13:44:20,265 [cuckoo.core.resultserver] DEBUG: Task #30: File upload for 'files/13248fde6c300667_usertile21.bmp'
2022-11-11 13:44:20,291 [cuckoo.core.resultserver] DEBUG: Task #30 uploaded file length: 49208
2022-11-11 13:44:20,316 [cuckoo.core.guest] DEBUG: 192.168.56.1011: analysis #30 still processing
2022-11-11 13:44:20,325 [cuckoo.core.resultserver] DEBUG: Task #30: File upload for 'files/9dde341957aa40a4_usertile22.bmp'
2022-11-11 13:44:20,349 [cuckoo.core.resultserver] DEBUG: Task #30 uploaded file length: 49208
2022-11-11 13:44:20,418 [cuckoo.core.resultserver] DEBUG: Task #30: File upload for 'files/fec9aafbd19c3dac_usertile23.bmp'
2022-11-11 13:44:20,439 [cuckoo.core.resultserver] DEBUG: Task #30 uploaded file length: 49208
2022-11-11 13:44:20,493 [cuckoo.core.resultserver] DEBUG: Task #30: File upload for 'files/eaed558d6439df7f_usertile24.bmp'
2022-11-11 13:44:20,517 [cuckoo.core.resultserver] DEBUG: Task #30 uploaded file length: 49208
2022-11-11 13:44:20,543 [cuckoo.core.resultserver] DEBUG: Task #30: File upload for 'files/92cc16e48749309c_usertile25.bmp'
2022-11-11 13:44:20,617 [cuckoo.core.resultserver] DEBUG: Task #30 uploaded file length: 49208
2022-11-11 13:44:20,711 [cuckoo.core.resultserver] DEBUG: Task #30: File upload for 'files/410fd53c9634965c_usertile26.bmp'
2022-11-11 13:44:20,737 [cuckoo.core.resultserver] DEBUG: Task #30 uploaded file length: 49208
2022-11-11 13:44:20,774 [cuckoo.core.resultserver] DEBUG: Task #30: File upload for 'files/cff71b59c648f096_usertile27.bmp'
2022-11-11 13:44:20,800 [cuckoo.core.resultserver] DEBUG: Task #30 uploaded file length: 49208
2022-11-11 13:44:20,842 [cuckoo.core.resultserver] DEBUG: Task #30: File upload for 'files/a341b43e0a07fcb9_usertile28.bmp'
2022-11-11 13:44:20,865 [cuckoo.core.resultserver] DEBUG: Task #30 uploaded file length: 49208
2022-11-11 13:44:20,896 [cuckoo.core.resultserver] DEBUG: Task #30: File upload for 'files/75de8e9eb7a045c4_usertile29.bmp'
2022-11-11 13:44:20,921 [cuckoo.core.resultserver] DEBUG: Task #30 uploaded file length: 49208
2022-11-11 13:44:20,954 [cuckoo.core.resultserver] DEBUG: Task #30: File upload for 'files/e69f8ed2ba8b1bf7_usertile30.bmp'
2022-11-11 13:44:20,979 [cuckoo.core.resultserver] DEBUG: Task #30 uploaded file length: 49208
2022-11-11 13:44:21,013 [cuckoo.core.resultserver] DEBUG: Task #30: File upload for 'files/622d8defdd6b6abd_usertile31.bmp'
2022-11-11 13:44:21,040 [cuckoo.core.resultserver] DEBUG: Task #30 uploaded file length: 49208
2022-11-11 13:44:21,070 [cuckoo.core.resultserver] DEBUG: Task #30: File upload for 'files/8aa19482c048d562_usertile32.bmp'
2022-11-11 13:44:21,095 [cuckoo.core.resultserver] DEBUG: Task #30 uploaded file length: 49208
2022-11-11 13:44:21,127 [cuckoo.core.resultserver] DEBUG: Task #30: File upload for 'files/973dade5897208ac_usertile33.bmp'
2022-11-11 13:44:21,152 [cuckoo.core.resultserver] DEBUG: Task #30 uploaded file length: 49208
2022-11-11 13:44:21,201 [cuckoo.core.resultserver] DEBUG: Task #30: File upload for 'files/45035faa302ab6a4_usertile34.bmp'
2022-11-11 13:44:21,227 [cuckoo.core.resultserver] DEBUG: Task #30 uploaded file length: 49208
2022-11-11 13:44:21,262 [cuckoo.core.resultserver] DEBUG: Task #30: File upload for 'files/b0c2252a53340d41_usertile35.bmp'
2022-11-11 13:44:21,290 [cuckoo.core.resultserver] DEBUG: Task #30 uploaded file length: 49208
2022-11-11 13:44:21,334 [cuckoo.core.resultserver] DEBUG: Task #30: File upload for 'files/e7e85353e559a647_usertile36.bmp'
2022-11-11 13:44:21,360 [cuckoo.core.resultserver] DEBUG: Task #30 uploaded file length: 49208
2022-11-11 13:44:21,674 [cuckoo.core.resultserver] DEBUG: Task #30 is sending a BSON stream
2022-11-11 13:44:21,677 [cuckoo.core.resultserver] DEBUG: Task #30: File upload for 'files/c238df51bf8d9f5d_usertile37.bmp'
2022-11-11 13:44:21,679 [cuckoo.core.resultserver] DEBUG: Task #30: File upload for 'memory/1736-1.dmp'
2022-11-11 13:44:21,741 [cuckoo.core.resultserver] DEBUG: Task #30 uploaded file length: 49208
2022-11-11 13:44:22,156 [cuckoo.core.resultserver] DEBUG: Task #30 is sending a BSON stream
2022-11-11 13:44:22,159 [cuckoo.core.resultserver] DEBUG: Task #30: File upload for 'files/bad04b1a9e50673c_usertile38.bmp'
2022-11-11 13:44:22,188 [cuckoo.core.resultserver] DEBUG: Task #30 uploaded file length: 49208
2022-11-11 13:44:22,267 [cuckoo.core.resultserver] DEBUG: Task #30: File upload for 'files/45f0957a66fcb8fb_usertile39.bmp'
2022-11-11 13:44:22,316 [cuckoo.core.resultserver] DEBUG: Task #30 uploaded file length: 49208
2022-11-11 13:44:22,364 [cuckoo.core.resultserver] DEBUG: Task #30: File upload for 'files/419b5f32629b747a_usertile40.bmp'
2022-11-11 13:44:22,391 [cuckoo.core.resultserver] DEBUG: Task #30 uploaded file length: 49208
2022-11-11 13:44:22,424 [cuckoo.core.resultserver] DEBUG: Task #30: File upload for 'files/34894323ff69b693_usertile41.bmp'
2022-11-11 13:44:22,449 [cuckoo.core.resultserver] DEBUG: Task #30 uploaded file length: 49208
2022-11-11 13:44:22,485 [cuckoo.core.resultserver] DEBUG: Task #30: File upload for 'files/1732b081443d1e29_usertile42.bmp'
2022-11-11 13:44:22,513 [cuckoo.core.resultserver] DEBUG: Task #30 uploaded file length: 49208
2022-11-11 13:44:22,763 [cuckoo.core.resultserver] DEBUG: Task #30: File upload for 'files/6403db3597d8f331_usertile43.bmp'
2022-11-11 13:44:22,785 [cuckoo.core.resultserver] DEBUG: Task #30 uploaded file length: 49208
2022-11-11 13:44:22,856 [cuckoo.core.resultserver] DEBUG: Task #30: File upload for 'files/22326779f5599fe8_usertile44.bmp'
2022-11-11 13:44:22,888 [cuckoo.core.resultserver] DEBUG: Task #30 uploaded file length: 49208
2022-11-11 13:44:23,152 [cuckoo.core.resultserver] DEBUG: Task #30: File upload for 'files/4a4c026852659981_WelcomeFax.tif'
2022-11-11 13:44:23,240 [cuckoo.core.resultserver] DEBUG: Task #30 uploaded file length: 89534
2022-11-11 13:44:23,648 [cuckoo.core.resultserver] DEBUG: Task #30 uploaded file length: 11083568
2022-11-11 13:44:25,358 [cuckoo.core.guest] DEBUG: 192.168.56.1011: analysis #30 still processing
2022-11-11 13:44:26,338 [cuckoo.core.resultserver] DEBUG: Task #30: File upload for 'memory/1660-1.dmp'
2022-11-11 13:44:26,703 [cuckoo.core.resultserver] DEBUG: Task #30 is sending a BSON stream
2022-11-11 13:44:27,866 [cuckoo.core.resultserver] DEBUG: Task #30 uploaded file length: 19800744
2022-11-11 13:44:28,253 [cuckoo.core.resultserver] DEBUG: Task #30 is sending a BSON stream
2022-11-11 13:44:28,365 [cuckoo.core.resultserver] DEBUG: Task #30: File upload for 'files/8faf69427d4c14ca_0.WNCRYT'
2022-11-11 13:44:28,389 [cuckoo.core.resultserver] DEBUG: Task #30 uploaded file length: 334
2022-11-11 13:44:28,425 [cuckoo.core.resultserver] DEBUG: Task #30: File upload for 'files/082ddaa4fc7eb8c9_1.WNCRYT'
2022-11-11 13:44:28,464 [cuckoo.core.resultserver] DEBUG: Task #30: File upload for 'files/7be3309af6d41141_unverified-microdesc-consensus'
2022-11-11 13:44:28,525 [cuckoo.core.resultserver] DEBUG: Task #30 uploaded file length: 213588
2022-11-11 13:44:28,568 [cuckoo.core.resultserver] DEBUG: Task #30: File upload for 'files/fd0563087d62aa28_10.WNCRYT'
2022-11-11 13:44:28,622 [cuckoo.core.resultserver] DEBUG: Task #30 uploaded file length: 592280
2022-11-11 13:44:28,680 [cuckoo.core.resultserver] DEBUG: Task #30: File upload for 'files/4f32e1518be3270f_100.WNCRYT'
2022-11-11 13:44:28,707 [cuckoo.core.resultserver] DEBUG: Task #30 uploaded file length: 1167
2022-11-11 13:44:28,733 [cuckoo.core.resultserver] DEBUG: Task #30: File upload for 'files/30a142a48e57f194_101.WNCRYT'
2022-11-11 13:44:28,757 [cuckoo.core.resultserver] DEBUG: Task #30 uploaded file length: 1835
2022-11-11 13:44:28,781 [cuckoo.core.resultserver] DEBUG: Task #30: File upload for 'files/42c34d02a6079c4d_102.WNCRYT'
2022-11-11 13:44:28,815 [cuckoo.core.resultserver] DEBUG: Task #30 uploaded file length: 2102
2022-11-11 13:44:28,848 [cuckoo.core.resultserver] DEBUG: Task #30: File upload for 'files/f9641a6ebe3845ce_103.WNCRYT'
2022-11-11 13:44:28,876 [cuckoo.core.resultserver] DEBUG: Task #30 uploaded file length: 2305
2022-11-11 13:44:28,905 [cuckoo.core.resultserver] DEBUG: Task #30: File upload for 'files/df7c4ba67457cb47_104.WNCRYT'
2022-11-11 13:44:28,927 [cuckoo.core.resultserver] DEBUG: Task #30 uploaded file length: 1133
2022-11-11 13:44:28,951 [cuckoo.core.resultserver] DEBUG: Task #30 uploaded file length: 2140287
2022-11-11 13:44:29,015 [cuckoo.core.resultserver] DEBUG: Task #30: File upload for 'files/54ae6d82446e0b02_105.WNCRYT'
2022-11-11 13:44:29,147 [cuckoo.core.resultserver] DEBUG: Task #30 uploaded file length: 2113
2022-11-11 13:44:30,356 [cuckoo.core.resultserver] DEBUG: Task #30: File upload for 'files/9c69094c0bd52d5a_106.WNCRYT'
2022-11-11 13:44:30,396 [cuckoo.core.guest] DEBUG: 192.168.56.1011: analysis #30 still processing
2022-11-11 13:44:30,581 [cuckoo.core.resultserver] DEBUG: Task #30 is sending a BSON stream
2022-11-11 13:44:30,825 [cuckoo.core.resultserver] DEBUG: Task #30 uploaded file length: 1421
2022-11-11 13:44:32,390 [cuckoo.core.resultserver] DEBUG: Task #30: File upload for 'files/ef81b41ec69f67a3_107.WNCRYT'
2022-11-11 13:44:32,416 [cuckoo.core.resultserver] DEBUG: Task #30 uploaded file length: 3330
2022-11-11 13:44:32,481 [cuckoo.core.resultserver] DEBUG: Task #30: File upload for 'files/1800c8ec457feaef_108.WNCRYT'
2022-11-11 13:44:32,543 [cuckoo.core.resultserver] DEBUG: Task #30 uploaded file length: 4466
2022-11-11 13:44:33,589 [cuckoo.core.resultserver] DEBUG: Task #30: File upload for 'files/a8d03aaaf372a201_109.WNCRYT'
2022-11-11 13:44:33,626 [cuckoo.core.resultserver] DEBUG: Task #30 uploaded file length: 3890
2022-11-11 13:44:33,722 [cuckoo.core.resultserver] DEBUG: Task #30: File upload for 'files/d2da3d12f6bd3ca3_11.WNCRYT'
2022-11-11 13:44:33,792 [cuckoo.core.resultserver] DEBUG: Task #30 uploaded file length: 472513
2022-11-11 13:44:34,437 [cuckoo.core.resultserver] DEBUG: Task #30: File upload for 'files/c10a183c31acc75a_110.WNCRYT'
2022-11-11 13:44:34,473 [cuckoo.core.resultserver] DEBUG: Task #30 uploaded file length: 6769
2022-11-11 13:44:34,595 [cuckoo.core.resultserver] DEBUG: Task #30: File upload for 'files/a3419af7bdefcb89_111.WNCRYT'
2022-11-11 13:44:34,677 [cuckoo.core.resultserver] DEBUG: Task #30 uploaded file length: 4506
2022-11-11 13:44:34,776 [cuckoo.core.resultserver] DEBUG: Task #30: File upload for 'files/6d58d7f39876ff0a_112.WNCRYT'
2022-11-11 13:44:34,819 [cuckoo.core.resultserver] DEBUG: Task #30 uploaded file length: 3866
2022-11-11 13:44:34,854 [cuckoo.core.resultserver] DEBUG: Task #30: File upload for 'memory/2888-2.dmp'
2022-11-11 13:44:35,088 [cuckoo.core.resultserver] DEBUG: Task #30: File upload for 'files/33ecaea6cfcb597b_113.WNCRYT'
2022-11-11 13:44:35,133 [cuckoo.core.resultserver] DEBUG: Task #30 uploaded file length: 3937
2022-11-11 13:44:35,137 [cuckoo.core.resultserver] DEBUG: Task #30: File upload for 'memory/832-2.dmp'
2022-11-11 13:44:35,254 [cuckoo.core.resultserver] DEBUG: Task #30: File upload for 'files/5544e31148edf7d0_114.WNCRYT'
2022-11-11 13:44:35,502 [cuckoo.core.resultserver] DEBUG: Task #30 uploaded file length: 8609
2022-11-11 13:44:36,124 [cuckoo.core.guest] DEBUG: 192.168.56.1011: analysis #30 still processing
2022-11-11 13:44:38,060 [cuckoo.core.resultserver] DEBUG: Task #30: File upload for 'files/b8158342926da30f_115.WNCRYT'
2022-11-11 13:44:38,060 [cuckoo.core.resultserver] DEBUG: Task #30: File upload for 'memory/1088-1.dmp'
2022-11-11 13:44:38,250 [cuckoo.core.resultserver] DEBUG: Task #30 uploaded file length: 2793
2022-11-11 13:44:38,349 [cuckoo.core.resultserver] DEBUG: Task #30: File upload for 'files/ed651a2c8eea8b37_116.WNCRYT'
2022-11-11 13:44:38,380 [cuckoo.core.resultserver] DEBUG: Task #30 uploaded file length: 3845
2022-11-11 13:44:38,495 [cuckoo.core.resultserver] DEBUG: Task #30: File upload for 'files/f9d5d6c76d7af143_117.WNCRYT'
2022-11-11 13:44:38,535 [cuckoo.core.resultserver] DEBUG: Task #30 uploaded file length: 3924
2022-11-11 13:44:38,681 [cuckoo.core.resultserver] DEBUG: Task #30: File upload for 'files/e7ba2f7a95679695_118.WNCRYT'
2022-11-11 13:44:38,740 [cuckoo.core.resultserver] DEBUG: Task #30 uploaded file length: 3727
2022-11-11 13:44:38,868 [cuckoo.core.resultserver] DEBUG: Task #30: File upload for 'files/76453fec72c59fd8_119.WNCRYT'
2022-11-11 13:44:38,945 [cuckoo.core.resultserver] DEBUG: Task #30 uploaded file length: 4588
2022-11-11 13:44:39,130 [cuckoo.core.resultserver] DEBUG: Task #30: File upload for 'files/eff3a60ff10c3476_12.WNCRYT'
2022-11-11 13:44:39,324 [cuckoo.core.resultserver] DEBUG: Task #30 uploaded file length: 48314
2022-11-11 13:44:40,161 [cuckoo.core.resultserver] DEBUG: Task #30: File upload for 'memory/2828-1.dmp'
2022-11-11 13:44:40,162 [cuckoo.core.resultserver] DEBUG: Task #30: File upload for 'files/2e0fa36f75b191a2_120.WNCRYT'
2022-11-11 13:44:40,255 [cuckoo.core.resultserver] DEBUG: Task #30 uploaded file length: 3557
2022-11-11 13:44:41,162 [cuckoo.core.guest] DEBUG: 192.168.56.1011: analysis #30 still processing
2022-11-11 13:44:41,825 [cuckoo.core.resultserver] DEBUG: Task #30: File upload for 'files/245a493cc7764886_121.WNCRYT'
2022-11-11 13:44:42,050 [cuckoo.core.resultserver] DEBUG: Task #30 uploaded file length: 22864696
2022-11-11 13:44:42,150 [cuckoo.core.resultserver] DEBUG: Task #30 uploaded file length: 7095
2022-11-11 13:44:44,177 [cuckoo.core.resultserver] DEBUG: Task #30: File upload for 'files/cb2d6f4ef8208837_122.WNCRYT'
2022-11-11 13:44:44,314 [cuckoo.core.resultserver] DEBUG: Task #30 uploaded file length: 20173432
2022-11-11 13:44:44,326 [cuckoo.core.resultserver] DEBUG: Task #30 uploaded file length: 62270784
2022-11-11 13:44:44,506 [cuckoo.core.resultserver] DEBUG: Task #30 uploaded file length: 3948
2022-11-11 13:44:44,932 [cuckoo.core.resultserver] DEBUG: Task #30: File upload for 'files/b55955993fb36fec_bytesobject.h.wncry'
2022-11-11 13:44:44,978 [cuckoo.core.resultserver] DEBUG: Task #30: File upload for 'files/611fe4feb0fb3a8d_123.WNCRYT'
2022-11-11 13:44:45,003 [cuckoo.core.resultserver] DEBUG: Task #30 uploaded file length: 1464
2022-11-11 13:44:45,045 [cuckoo.core.resultserver] DEBUG: Task #30 uploaded file length: 3973
2022-11-11 13:44:45,073 [cuckoo.core.resultserver] DEBUG: Task #30 uploaded file length: 56195720
2022-11-11 13:44:45,103 [cuckoo.core.resultserver] DEBUG: Task #30: File upload for 'files/fb088903920236ba_pyerrors.h.wncry'
2022-11-11 13:44:45,147 [cuckoo.core.resultserver] DEBUG: Task #30 uploaded file length: 12280
2022-11-11 13:44:45,246 [cuckoo.core.resultserver] DEBUG: Task #30: File upload for 'files/8bb2b0b311f83715_64.png.wncry'
2022-11-11 13:44:45,368 [cuckoo.core.resultserver] DEBUG: Task #30 uploaded file length: 3272
2022-11-11 13:44:45,457 [cuckoo.core.resultserver] DEBUG: Task #30: File upload for 'files/45369c1c8853ee34_124.WNCRYT'
2022-11-11 13:44:45,527 [cuckoo.core.resultserver] DEBUG: Task #30 uploaded file length: 7105
2022-11-11 13:44:45,576 [cuckoo.core.resultserver] DEBUG: Task #30: File upload for 'files/0c07e8123a6b8039_zh_sg.msg.wncry'
2022-11-11 13:44:45,611 [cuckoo.core.resultserver] DEBUG: Task #30 uploaded file length: 632
2022-11-11 13:44:46,048 [cuckoo.core.resultserver] DEBUG: Task #30: File upload for 'files/c32846c9860c265d_methodobject.h.wncry'
2022-11-11 13:44:46,354 [cuckoo.core.resultserver] DEBUG: Task #30 uploaded file length: 3624
2022-11-11 13:44:46,431 [cuckoo.core.resultserver] DEBUG: Task #30: File upload for 'files/3965322893101f48_125.WNCRYT'
2022-11-11 13:44:46,488 [cuckoo.core.resultserver] DEBUG: Task #30: File upload for 'files/a6ccfb7a0dd0a5fb_textfile.gif.wncry'
2022-11-11 13:44:46,581 [cuckoo.core.resultserver] DEBUG: Task #30 uploaded file length: 360
2022-11-11 13:44:46,664 [cuckoo.core.resultserver] DEBUG: Task #30: File upload for 'files/6db650836d64350b_m_turkish.wnry'
2022-11-11 13:44:46,718 [cuckoo.core.resultserver] DEBUG: Task #30 uploaded file length: 42582
2022-11-11 13:44:46,760 [cuckoo.core.resultserver] DEBUG: Task #30 uploaded file length: 3762
2022-11-11 13:44:46,790 [cuckoo.core.resultserver] DEBUG: Task #30: File upload for 'files/d32d6631ced0f699_euc_kr.txt.wncry'
2022-11-11 13:44:46,966 [cuckoo.core.resultserver] DEBUG: Task #30 uploaded file length: 744
2022-11-11 13:44:47,065 [cuckoo.core.guest] DEBUG: 192.168.56.1011: analysis #30 still processing
2022-11-11 13:44:47,085 [cuckoo.core.resultserver] DEBUG: Task #30: File upload for 'files/ff17f184cc2dd618_test_doctest.txt.wncry'
2022-11-11 13:44:47,153 [cuckoo.core.resultserver] DEBUG: Task #30: File upload for 'files/505ccfd91dc952c3_126.WNCRYT'
2022-11-11 13:44:47,247 [cuckoo.core.resultserver] DEBUG: Task #30 uploaded file length: 5816
2022-11-11 13:44:47,269 [cuckoo.core.resultserver] DEBUG: Task #30 uploaded file length: 600
2022-11-11 13:44:47,366 [cuckoo.core.resultserver] DEBUG: Task #30: File upload for 'files/3262c4bd1cd058cd_127.WNCRYT'
2022-11-11 13:44:47,428 [cuckoo.core.resultserver] DEBUG: Task #30: File upload for 'files/c98eaa0e9b342645_thumbcache_sr.db.wncry'
2022-11-11 13:44:47,568 [cuckoo.core.resultserver] DEBUG: Task #30 uploaded file length: 312
2022-11-11 13:44:47,603 [cuckoo.core.resultserver] DEBUG: Task #30 uploaded file length: 16182
2022-11-11 13:44:47,878 [cuckoo.core.resultserver] DEBUG: Task #30: File upload for 'files/02b4ef5c871ed89a_wmdefault.cs.wncry'
2022-11-11 13:44:47,886 [cuckoo.core.resultserver] DEBUG: Task #30: File upload for 'files/3cac411fa6d2e9a3_128.WNCRYT'
2022-11-11 13:44:48,015 [cuckoo.core.resultserver] DEBUG: Task #30 uploaded file length: 1736
2022-11-11 13:44:48,158 [cuckoo.core.resultserver] DEBUG: Task #30 uploaded file length: 3229
2022-11-11 13:44:48,229 [cuckoo.core.resultserver] DEBUG: Task #30: File upload for 'files/ca60e13dd22cfd34_ar_sy.msg.wncry'
2022-11-11 13:44:48,306 [cuckoo.core.resultserver] DEBUG: Task #30: File upload for 'files/ec4a2514ff760192_129.WNCRYT'
2022-11-11 13:44:48,396 [cuckoo.core.resultserver] DEBUG: Task #30 uploaded file length: 2104
2022-11-11 13:44:48,457 [cuckoo.core.resultserver] DEBUG: Task #30: File upload for 'files/92ab88f0f1b80413_namedcolors.txt.wncry'
2022-11-11 13:44:48,515 [cuckoo.core.resultserver] DEBUG: Task #30 uploaded file length: 1966
2022-11-11 13:44:48,664 [cuckoo.core.resultserver] DEBUG: Task #30 uploaded file length: 6104
2022-11-11 13:44:48,819 [cuckoo.core.resultserver] DEBUG: Task #30: File upload for 'files/8d558b62226795dc_13.WNCRYT'
2022-11-11 13:44:48,852 [cuckoo.core.resultserver] DEBUG: Task #30: File upload for 'files/e9f6ca662235fe0a_gbk-utf8.txt.wncry'
2022-11-11 13:44:48,962 [cuckoo.core.resultserver] DEBUG: Task #30 uploaded file length: 975325
2022-11-11 13:44:49,023 [cuckoo.core.resultserver] DEBUG: Task #30 uploaded file length: 1336
2022-11-11 13:44:49,163 [cuckoo.core.resultserver] DEBUG: Task #30: File upload for 'files/0595a246eeda128a_130.WNCRYT'
2022-11-11 13:44:49,171 [cuckoo.core.resultserver] DEBUG: Task #30: File upload for 'files/7a755796c8d59c34_ro.msg.wncry'
2022-11-11 13:44:49,256 [cuckoo.core.resultserver] DEBUG: Task #30: File upload for 'memory/2812-1.dmp'
2022-11-11 13:44:49,355 [cuckoo.core.resultserver] DEBUG: Task #30 uploaded file length: 18128
2022-11-11 13:44:49,383 [cuckoo.core.resultserver] DEBUG: Task #30 uploaded file length: 1464
2022-11-11 13:44:49,527 [cuckoo.core.resultserver] DEBUG: Task #30: File upload for 'files/952303585658d59b_131.WNCRYT'
2022-11-11 13:44:49,588 [cuckoo.core.resultserver] DEBUG: Task #30 uploaded file length: 1381
2022-11-11 13:44:49,625 [cuckoo.core.resultserver] DEBUG: Task #30: File upload for 'files/1848498558e0be48_en_sg.msg.wncry'
2022-11-11 13:44:49,679 [cuckoo.core.resultserver] DEBUG: Task #30 uploaded file length: 536
2022-11-11 13:44:49,748 [cuckoo.core.resultserver] DEBUG: Task #30: File upload for 'files/60c14066358af336_nl_be.msg.wncry'
2022-11-11 13:44:49,833 [cuckoo.core.resultserver] DEBUG: Task #30 uploaded file length: 568
2022-11-11 13:44:49,867 [cuckoo.core.resultserver] DEBUG: Task #30: File upload for 'files/8945d9f65c608be1_132.WNCRYT'
2022-11-11 13:44:49,924 [cuckoo.core.resultserver] DEBUG: Task #30 uploaded file length: 3809
2022-11-11 13:44:49,956 [cuckoo.core.resultserver] DEBUG: Task #30: File upload for 'files/2857afc182fd848c_es_ni.msg.wncry'
2022-11-11 13:44:50,039 [cuckoo.core.resultserver] DEBUG: Task #30 uploaded file length: 536
2022-11-11 13:44:50,059 [cuckoo.core.resultserver] DEBUG: Task #30: File upload for 'files/7b34ff6cc5433bc8_133.WNCRYT'
2022-11-11 13:44:50,121 [cuckoo.core.resultserver] DEBUG: Task #30: File upload for 'files/c0d838745b8f58c0_pmtonavtrr.doc.wncry'
2022-11-11 13:44:50,180 [cuckoo.core.resultserver] DEBUG: Task #30 uploaded file length: 93304
2022-11-11 13:44:50,321 [cuckoo.core.resultserver] DEBUG: Task #30: File upload for 'files/eecc12924af56903_cave_drawings.gif.wncry'
2022-11-11 13:44:50,354 [cuckoo.core.resultserver] DEBUG: Task #30 uploaded file length: 2184
2022-11-11 13:44:50,452 [cuckoo.core.resultserver] DEBUG: Task #30: File upload for 'files/6f127b65cee198ef_134.WNCRYT'
2022-11-11 13:44:50,603 [cuckoo.core.resultserver] DEBUG: Task #30 uploaded file length: 4872
2022-11-11 13:44:50,678 [cuckoo.core.resultserver] DEBUG: Task #30 uploaded file length: 12201
2022-11-11 13:44:51,175 [cuckoo.core.resultserver] DEBUG: Task #30: File upload for 'files/dc4ffba3b9cd2284_fr.msg.wncry'
2022-11-11 13:44:51,309 [cuckoo.core.resultserver] DEBUG: Task #30 uploaded file length: 1496
2022-11-11 13:44:51,325 [cuckoo.core.resultserver] DEBUG: Task #30: File upload for 'files/9e3114d945cfa1e3_135.WNCRYT'
2022-11-11 13:44:51,696 [cuckoo.core.resultserver] DEBUG: Task #30 uploaded file length: 1074
2022-11-11 13:44:51,925 [cuckoo.core.resultserver] DEBUG: Task #30 uploaded file length: 28071480
2022-11-11 13:44:51,933 [cuckoo.core.resultserver] DEBUG: Task #30: File upload for 'files/6aed08355c5cf0b2_webbrowser.pyc'
2022-11-11 13:44:52,162 [cuckoo.core.resultserver] DEBUG: Task #30 uploaded file length: 19554
2022-11-11 13:44:52,176 [cuckoo.core.guest] DEBUG: 192.168.56.1011: analysis #30 still processing
2022-11-11 13:44:52,374 [cuckoo.core.resultserver] DEBUG: Task #30: File upload for 'files/6168d264468f1ee8_136.WNCRYT'
2022-11-11 13:44:52,435 [cuckoo.core.resultserver] DEBUG: Task #30: File upload for 'files/c58bc3a4037d5ccb_thumbcache_96.db.wncry'
2022-11-11 13:44:52,510 [cuckoo.core.resultserver] DEBUG: Task #30 uploaded file length: 2575
2022-11-11 13:44:52,537 [cuckoo.core.resultserver] DEBUG: Task #30 uploaded file length: 1048856
2022-11-11 13:44:52,570 [cuckoo.core.resultserver] DEBUG: Task #30: File upload for 'files/66d653397cbb2dbb_zlib1.dll'
2022-11-11 13:44:52,598 [cuckoo.core.resultserver] DEBUG: Task #30 uploaded file length: 107520
2022-11-11 13:44:52,702 [cuckoo.core.resultserver] DEBUG: Task #30: File upload for 'files/6d2cc6cd63e9a3a7_137.WNCRYT'
2022-11-11 13:44:52,788 [cuckoo.core.resultserver] DEBUG: Task #30: File upload for 'files/cdc9d5bd4d06bd12_15.wncryt'
2022-11-11 13:44:52,789 [cuckoo.core.resultserver] DEBUG: Task #30 uploaded file length: 23871
2022-11-11 13:44:52,913 [cuckoo.core.resultserver] DEBUG: Task #30 uploaded file length: 535152
2022-11-11 13:44:53,437 [cuckoo.core.resultserver] DEBUG: Task #30: File upload for 'files/9e7582c1f0b0b3b5_138.WNCRYT'
2022-11-11 13:44:53,442 [cuckoo.core.resultserver] DEBUG: Task #30: File upload for 'files/1280d71c51ab27d1_96.png.wncry'
2022-11-11 13:44:53,473 [cuckoo.core.resultserver] DEBUG: Task #30 uploaded file length: 7000
2022-11-11 13:44:53,519 [cuckoo.core.resultserver] DEBUG: Task #30: File upload for 'files/72a4d8c102c21ac5_pl.msg.wncry'
2022-11-11 13:44:53,548 [cuckoo.core.resultserver] DEBUG: Task #30 uploaded file length: 1496
2022-11-11 13:44:53,610 [cuckoo.core.resultserver] DEBUG: Task #30: File upload for 'files/91d745c9019a8dac_es_pe.msg.wncry'
2022-11-11 13:44:53,699 [cuckoo.core.resultserver] DEBUG: Task #30 uploaded file length: 536
2022-11-11 13:44:53,755 [cuckoo.core.resultserver] DEBUG: Task #30: File upload for 'files/193778548146c7ff_shift_jisx0213.txt.wncry'
2022-11-11 13:44:53,790 [cuckoo.core.resultserver] DEBUG: Task #30 uploaded file length: 1080
2022-11-11 13:44:53,831 [cuckoo.core.resultserver] DEBUG: Task #30: File upload for 'files/783def0421ae42f4_timefuncs.h.wncry'
2022-11-11 13:44:53,905 [cuckoo.core.resultserver] DEBUG: Task #30 uploaded file length: 856
2022-11-11 13:44:53,971 [cuckoo.core.resultserver] DEBUG: Task #30: File upload for 'files/a04afc6084e532a4_euc_jp-utf8.txt.wncry'
2022-11-11 13:44:54,024 [cuckoo.core.resultserver] DEBUG: Task #30 uploaded file length: 1384
2022-11-11 13:44:54,095 [cuckoo.core.resultserver] DEBUG: Task #30: File upload for 'files/3474afb728599be0_kok_in.msg.wncry'
2022-11-11 13:44:54,144 [cuckoo.core.resultserver] DEBUG: Task #30 uploaded file length: 6406
2022-11-11 13:44:54,215 [cuckoo.core.resultserver] DEBUG: Task #30 uploaded file length: 536
2022-11-11 13:44:54,276 [cuckoo.core.resultserver] DEBUG: Task #30: File upload for 'files/a2ff3913a734d134_iso2022_jp-utf8.txt.wncry'
2022-11-11 13:44:54,445 [cuckoo.core.resultserver] DEBUG: Task #30 uploaded file length: 1384
2022-11-11 13:44:54,493 [cuckoo.core.resultserver] DEBUG: Task #30: File upload for 'files/e13cc9b13aa5074d_m_greek.wnry'
2022-11-11 13:44:54,552 [cuckoo.core.resultserver] DEBUG: Task #30 uploaded file length: 49044
2022-11-11 13:44:54,626 [cuckoo.core.resultserver] DEBUG: Task #30: File upload for 'files/24fcff23b0fc43a2_be.msg.wncry'
2022-11-11 13:44:54,805 [cuckoo.core.resultserver] DEBUG: Task #30 uploaded file length: 2392
2022-11-11 13:44:54,871 [cuckoo.core.resultserver] DEBUG: Task #30: File upload for 'files/f22dbb26a8028f60_asdl.h.wncry'
2022-11-11 13:44:54,886 [cuckoo.core.resultserver] DEBUG: Task #30: File upload for 'files/4a0073b134e09cdf_139.WNCRYT'
2022-11-11 13:44:54,975 [cuckoo.core.resultserver] DEBUG: Task #30 uploaded file length: 1432
2022-11-11 13:44:55,024 [cuckoo.core.resultserver] DEBUG: Task #30: File upload for 'files/dd1bd86367f12850_tcllogo.gif.wncry'
2022-11-11 13:44:55,132 [cuckoo.core.resultserver] DEBUG: Task #30 uploaded file length: 4222
2022-11-11 13:44:55,134 [cuckoo.core.resultserver] DEBUG: Task #30 uploaded file length: 2632
2022-11-11 13:44:55,795 [cuckoo.core.resultserver] DEBUG: Task #30: File upload for 'files/97ebce49b14c46be_t.wnry'
2022-11-11 13:44:55,932 [cuckoo.core.resultserver] DEBUG: Task #30: File upload for 'files/59b5698a7471bccb_14.WNCRYT'
2022-11-11 13:44:55,933 [cuckoo.core.resultserver] DEBUG: Task #30 uploaded file length: 65816
2022-11-11 13:44:56,006 [cuckoo.core.resultserver] DEBUG: Task #30: File upload for 'files/f41218827c32e2af_cellobject.h.wncry'
2022-11-11 13:44:56,131 [cuckoo.core.resultserver] DEBUG: Task #30 uploaded file length: 968
2022-11-11 13:44:56,223 [cuckoo.core.resultserver] DEBUG: Task #30: File upload for 'files/e6a522f30bcafb2c_news.txt.wncry'
2022-11-11 13:44:56,266 [cuckoo.core.resultserver] DEBUG: Task #30 uploaded file length: 694304
2022-11-11 13:44:56,308 [cuckoo.core.resultserver] DEBUG: Task #30 uploaded file length: 30056
2022-11-11 13:44:56,486 [cuckoo.core.resultserver] DEBUG: Task #30 is sending a BSON stream
2022-11-11 13:44:56,493 [cuckoo.core.resultserver] DEBUG: Task #30: File upload for 'files/4fa0b33b679a93ff_en.msg.wncry'
2022-11-11 13:44:56,494 [cuckoo.core.resultserver] DEBUG: Task #30: File upload for 'files/a7247ac66453663d_140.WNCRYT'
2022-11-11 13:44:56,548 [cuckoo.core.resultserver] DEBUG: Task #30 uploaded file length: 4184
2022-11-11 13:44:56,553 [cuckoo.core.resultserver] DEBUG: Task #30 uploaded file length: 2209
2022-11-11 13:44:56,701 [cuckoo.core.resultserver] DEBUG: Task #30: File upload for 'files/210b517738d37f08_96.png.wncry'
2022-11-11 13:44:56,701 [cuckoo.core.resultserver] DEBUG: Task #30: File upload for 'files/a4318d89fa4632a1_141.WNCRYT'
2022-11-11 13:44:56,749 [cuckoo.core.resultserver] DEBUG: Task #30 uploaded file length: 4152
2022-11-11 13:44:56,876 [cuckoo.core.resultserver] DEBUG: Task #30: File upload for 'files/56dfd8895ddfe7df_256.png.wncry'
2022-11-11 13:44:57,029 [cuckoo.core.resultserver] DEBUG: Task #30 uploaded file length: 25624
2022-11-11 13:44:57,031 [cuckoo.core.resultserver] DEBUG: Task #30 uploaded file length: 2950
2022-11-11 13:44:57,185 [cuckoo.core.resultserver] DEBUG: Task #30: File upload for 'files/3faf84e3dc054023_142.WNCRYT'
2022-11-11 13:44:57,203 [cuckoo.core.guest] DEBUG: 192.168.56.1011: analysis #30 still processing
2022-11-11 13:44:57,282 [cuckoo.core.resultserver] DEBUG: Task #30: File upload for 'files/9c2fefab265cf42c_hgdqftcezvb.txt.wncry'
2022-11-11 13:44:57,319 [cuckoo.core.resultserver] DEBUG: Task #30 uploaded file length: 618088
2022-11-11 13:44:57,353 [cuckoo.core.resultserver] DEBUG: Task #30 uploaded file length: 6381
2022-11-11 13:44:57,484 [cuckoo.core.resultserver] DEBUG: Task #30: File upload for 'files/8f4cb89639e3cec7_af.msg.wncry'
2022-11-11 13:44:57,486 [cuckoo.core.resultserver] DEBUG: Task #30: File upload for 'files/b5f9b106011e1d84_143.WNCRYT'
2022-11-11 13:44:57,540 [cuckoo.core.resultserver] DEBUG: Task #30 uploaded file length: 1272
2022-11-11 13:44:57,551 [cuckoo.core.resultserver] DEBUG: Task #30 uploaded file length: 5115
2022-11-11 13:44:57,625 [cuckoo.core.resultserver] DEBUG: Task #30: File upload for 'files/bfcac1d36f2cfb50_sv.msg.wncry'
2022-11-11 13:44:57,679 [cuckoo.core.resultserver] DEBUG: Task #30 uploaded file length: 1448
2022-11-11 13:44:57,689 [cuckoo.core.resultserver] DEBUG: Task #30: File upload for 'files/f47bd5823032233e_144.WNCRYT'
2022-11-11 13:44:57,736 [cuckoo.core.resultserver] DEBUG: Task #30 uploaded file length: 3981
2022-11-11 13:44:57,739 [cuckoo.core.resultserver] DEBUG: Task #30: File upload for 'files/e64178e339c8e10e_m_slovak.wnry'
2022-11-11 13:44:57,789 [cuckoo.core.resultserver] DEBUG: Task #30 uploaded file length: 41391
2022-11-11 13:44:57,917 [cuckoo.core.resultserver] DEBUG: Task #30: File upload for 'files/c0b56ef1b9203ef2_146.WNCRYT'
2022-11-11 13:44:57,945 [cuckoo.core.resultserver] DEBUG: Task #30: File upload for 'files/7a8388229d22da22_secmod.db.wncry'
2022-11-11 13:44:57,979 [cuckoo.core.resultserver] DEBUG: Task #30 uploaded file length: 14049
2022-11-11 13:44:57,999 [cuckoo.core.resultserver] DEBUG: Task #30 uploaded file length: 16664
2022-11-11 13:44:58,120 [cuckoo.core.resultserver] DEBUG: Task #30: File upload for 'files/bd66ab62e6fdf682_qcvybjvsvqv.txt.wncry'
2022-11-11 13:44:58,127 [cuckoo.core.resultserver] DEBUG: Task #30: File upload for 'files/aaae8a1bfa511159_147.WNCRYT'
2022-11-11 13:44:58,248 [cuckoo.core.resultserver] DEBUG: Task #30 uploaded file length: 1920
2022-11-11 13:44:58,280 [cuckoo.core.resultserver] DEBUG: Task #30 uploaded file length: 801560
2022-11-11 13:44:58,486 [cuckoo.core.resultserver] DEBUG: Task #30: File upload for 'files/bbfce1fd26089982_148.WNCRYT'
2022-11-11 13:44:58,521 [cuckoo.core.resultserver] DEBUG: Task #30: File upload for 'files/fe03a8dc04006251_pystrcmp.h.wncry'
2022-11-11 13:44:58,594 [cuckoo.core.resultserver] DEBUG: Task #30 uploaded file length: 15776
2022-11-11 13:44:58,725 [cuckoo.core.resultserver] DEBUG: Task #30 uploaded file length: 776
2022-11-11 13:44:58,828 [cuckoo.core.resultserver] DEBUG: Task #30: File upload for 'files/94a431168af0bb3e_149.WNCRYT'
2022-11-11 13:44:58,901 [cuckoo.core.resultserver] DEBUG: Task #30 uploaded file length: 4734
2022-11-11 13:44:58,999 [cuckoo.core.resultserver] DEBUG: Task #30: File upload for 'files/27ea699c3e4e1240_2.wncryt'
2022-11-11 13:44:59,144 [cuckoo.core.resultserver] DEBUG: Task #30 uploaded file length: 837328
2022-11-11 13:44:59,174 [cuckoo.core.resultserver] DEBUG: Task #30: File upload for 'files/5cd72812b9b4a54a_150.WNCRYT'
2022-11-11 13:44:59,319 [cuckoo.core.resultserver] DEBUG: Task #30 uploaded file length: 1990
2022-11-11 13:44:59,356 [cuckoo.core.resultserver] DEBUG: Task #30: File upload for 'files/dbf995f0fca103ef_tanspecks.jpg.wncry'
2022-11-11 13:44:59,482 [cuckoo.core.resultserver] DEBUG: Task #30: File upload for 'files/f3403cc1d39070e9_151.WNCRYT'
2022-11-11 13:44:59,548 [cuckoo.core.resultserver] DEBUG: Task #30 uploaded file length: 10569
2022-11-11 13:44:59,575 [cuckoo.core.resultserver] DEBUG: Task #30 uploaded file length: 3944
2022-11-11 13:44:59,731 [cuckoo.core.resultserver] DEBUG: Task #30: File upload for 'files/554444941e4ef36e_152.WNCRYT'
2022-11-11 13:44:59,799 [cuckoo.core.resultserver] DEBUG: Task #30 uploaded file length: 7505
2022-11-11 13:44:59,890 [cuckoo.core.resultserver] DEBUG: Task #30: File upload for 'files/eb5481b1bf7557bc_blue_gradient.jpg.wncry'
2022-11-11 13:44:59,952 [cuckoo.core.resultserver] DEBUG: Task #30: File upload for 'files/ff46dfd4d7644e20_153.WNCRYT'
2022-11-11 13:45:00,069 [cuckoo.core.resultserver] DEBUG: Task #30 uploaded file length: 3650
2022-11-11 13:45:00,098 [cuckoo.core.resultserver] DEBUG: Task #30 uploaded file length: 2856
2022-11-11 13:45:00,299 [cuckoo.core.resultserver] DEBUG: Task #30: File upload for 'files/4ccae0bccf24ff17_154.WNCRYT'
2022-11-11 13:45:00,341 [cuckoo.core.resultserver] DEBUG: Task #30: File upload for 'files/d359c13f284ffb67_sessionstore.js.wncry'
2022-11-11 13:45:00,571 [cuckoo.core.resultserver] DEBUG: Task #30 uploaded file length: 3168
2022-11-11 13:45:00,604 [cuckoo.core.resultserver] DEBUG: Task #30 uploaded file length: 3160
2022-11-11 13:45:00,782 [cuckoo.core.resultserver] DEBUG: Task #30: File upload for 'files/7e491e7b48d6e34f_m_japanese.wnry'
2022-11-11 13:45:00,797 [cuckoo.core.resultserver] DEBUG: Task #30: File upload for 'files/fabcf4ff64cb05a7_155.WNCRYT'
2022-11-11 13:45:00,965 [cuckoo.core.resultserver] DEBUG: Task #30 uploaded file length: 766115
2022-11-11 13:45:00,965 [cuckoo.core.resultserver] DEBUG: Task #30 uploaded file length: 81844
2022-11-11 13:45:01,145 [cuckoo.core.resultserver] DEBUG: Task #30: File upload for 'files/4ebdcd5903385b66_156.WNCRYT'
2022-11-11 13:45:01,190 [cuckoo.core.resultserver] DEBUG: Task #30: File upload for 'files/4afc75d2d1de8b0c_eo.msg.wncry'
2022-11-11 13:45:01,266 [cuckoo.core.resultserver] DEBUG: Task #30 uploaded file length: 7893
2022-11-11 13:45:01,322 [cuckoo.core.resultserver] DEBUG: Task #30 uploaded file length: 1512
2022-11-11 13:45:01,390 [cuckoo.core.resultserver] DEBUG: Task #30: File upload for 'files/cfc0821388950fad_es_do.msg.wncry'
2022-11-11 13:45:01,439 [cuckoo.core.resultserver] DEBUG: Task #30: File upload for 'files/84119bd588b9a0d5_157.WNCRYT'
2022-11-11 13:45:01,483 [cuckoo.core.resultserver] DEBUG: Task #30 uploaded file length: 536
2022-11-11 13:45:01,678 [cuckoo.core.resultserver] DEBUG: Task #30 uploaded file length: 1494
2022-11-11 13:45:01,741 [cuckoo.core.resultserver] DEBUG: Task #30: File upload for 'files/7160c02195d4d6a5_license.txt.wncry'
2022-11-11 13:45:01,772 [cuckoo.core.resultserver] DEBUG: Task #30 uploaded file length: 760
2022-11-11 13:45:01,784 [cuckoo.core.resultserver] DEBUG: Task #30: File upload for 'files/f1981dbb9399efba_16.WNCRYT'
2022-11-11 13:45:01,818 [cuckoo.core.resultserver] DEBUG: Task #30 uploaded file length: 882567
2022-11-11 13:45:01,915 [cuckoo.core.resultserver] DEBUG: Task #30: File upload for 'files/da79a03fc1b5a980_17.WNCRYT'
2022-11-11 13:45:01,982 [cuckoo.core.resultserver] DEBUG: Task #30: File upload for 'files/9f7c2451ce1db71b_lt.msg.wncry'
2022-11-11 13:45:02,001 [cuckoo.core.resultserver] DEBUG: Task #30 uploaded file length: 2946
2022-11-11 13:45:02,107 [cuckoo.core.resultserver] DEBUG: Task #30 uploaded file length: 1544
2022-11-11 13:45:02,215 [cuckoo.core.resultserver] DEBUG: Task #30: File upload for 'files/954f7d96502b5c5f_175.WNCRYT'
2022-11-11 13:45:02,264 [cuckoo.core.guest] DEBUG: 192.168.56.1011: analysis #30 still processing
2022-11-11 13:45:02,307 [cuckoo.core.resultserver] DEBUG: Task #30: File upload for 'files/d282020e4d34aee9_craw_window.js.wncry'
2022-11-11 13:45:02,329 [cuckoo.core.resultserver] DEBUG: Task #30 uploaded file length: 879394
2022-11-11 13:45:02,395 [cuckoo.core.resultserver] DEBUG: Task #30 uploaded file length: 261608
2022-11-11 13:45:02,668 [cuckoo.core.resultserver] DEBUG: Task #30: File upload for 'files/010f60d2927a35d0_176.WNCRYT'
2022-11-11 13:45:02,706 [cuckoo.core.resultserver] DEBUG: Task #30: File upload for 'files/452a2da3fc191de7_msg_39.txt.wncry'
2022-11-11 13:45:02,782 [cuckoo.core.resultserver] DEBUG: Task #30 uploaded file length: 2328
2022-11-11 13:45:02,798 [cuckoo.core.resultserver] DEBUG: Task #30 uploaded file length: 845941
2022-11-11 13:45:02,888 [cuckoo.core.resultserver] DEBUG: Task #30: File upload for 'files/e77a258108886fcf_msg_45.txt.wncry'
2022-11-11 13:45:03,020 [cuckoo.core.resultserver] DEBUG: Task #30 uploaded file length: 1288
2022-11-11 13:45:03,026 [cuckoo.core.resultserver] DEBUG: Task #30: File upload for 'files/3b92fede080f9b0e_177.WNCRYT'
2022-11-11 13:45:03,131 [cuckoo.core.resultserver] DEBUG: Task #30 uploaded file length: 595284
2022-11-11 13:45:03,195 [cuckoo.core.resultserver] DEBUG: Task #30: File upload for 'files/4d25591978b7efee_topbar_floating_button_close.png.wncry'
2022-11-11 13:45:03,259 [cuckoo.core.resultserver] DEBUG: Task #30 uploaded file length: 536
2022-11-11 13:45:03,291 [cuckoo.core.resultserver] DEBUG: Task #30: File upload for 'files/6ca0eafb20496edf_178.WNCRYT'
2022-11-11 13:45:03,410 [cuckoo.core.resultserver] DEBUG: Task #30: File upload for 'files/d6a94d77440db06a_eval.h.wncry'
2022-11-11 13:45:03,474 [cuckoo.core.resultserver] DEBUG: Task #30 uploaded file length: 872
2022-11-11 13:45:03,554 [cuckoo.core.resultserver] DEBUG: Task #30 uploaded file length: 775702
2022-11-11 13:45:03,629 [cuckoo.core.resultserver] DEBUG: Task #30: File upload for 'files/6da286a94ac2f66d_bn.msg.wncry'
2022-11-11 13:45:03,709 [cuckoo.core.resultserver] DEBUG: Task #30: File upload for 'files/84a4da0e4c52c469_179.WNCRYT'
2022-11-11 13:45:03,753 [cuckoo.core.resultserver] DEBUG: Task #30 uploaded file length: 2568
2022-11-11 13:45:03,892 [cuckoo.core.resultserver] DEBUG: Task #30 uploaded file length: 780831
2022-11-11 13:45:04,123 [cuckoo.core.resultserver] DEBUG: Task #30: File upload for 'files/301b4b677ff37ca6_es_gt.msg.wncry'
2022-11-11 13:45:04,123 [cuckoo.core.resultserver] DEBUG: Task #30: File upload for 'files/d13f073432749486_18.WNCRYT'
2022-11-11 13:45:04,267 [cuckoo.core.resultserver] DEBUG: Task #30 uploaded file length: 1070
2022-11-11 13:45:04,339 [cuckoo.core.resultserver] DEBUG: Task #30: File upload for 'files/d763f8e447ab68cd_state'
2022-11-11 13:45:04,359 [cuckoo.core.resultserver] DEBUG: Task #30 uploaded file length: 536
2022-11-11 13:45:04,468 [cuckoo.core.resultserver] DEBUG: Task #30 uploaded file length: 222
2022-11-11 13:45:04,544 [cuckoo.core.resultserver] DEBUG: Task #30: File upload for 'files/59fa0adce62abbea_bitset.h.wncry'
2022-11-11 13:45:04,631 [cuckoo.core.resultserver] DEBUG: Task #30 uploaded file length: 1112
2022-11-11 13:45:04,661 [cuckoo.core.resultserver] DEBUG: Task #30: File upload for 'files/ff86372ce43519d6_180.WNCRYT'
2022-11-11 13:45:04,920 [cuckoo.core.resultserver] DEBUG: Task #30: File upload for 'files/a5d6fbcbda9e5220_thumbcache_1024.db.wncry'
2022-11-11 13:45:05,016 [cuckoo.core.resultserver] DEBUG: Task #30 uploaded file length: 561276
2022-11-11 13:45:05,113 [cuckoo.core.resultserver] DEBUG: Task #30 uploaded file length: 312
2022-11-11 13:45:05,147 [cuckoo.core.resultserver] DEBUG: Task #30: File upload for 'files/7e5bdd023b6cf21e_181.WNCRYT'
2022-11-11 13:45:05,269 [cuckoo.core.resultserver] DEBUG: Task #30 uploaded file length: 777835
2022-11-11 13:45:05,280 [cuckoo.core.resultserver] DEBUG: Task #30: File upload for 'files/944dae7becb5e753_monet.jpg.wncry'
2022-11-11 13:45:05,453 [cuckoo.core.resultserver] DEBUG: Task #30 uploaded file length: 2504
2022-11-11 13:45:05,486 [cuckoo.core.resultserver] DEBUG: Task #30: File upload for 'files/b9352f2565260219_182.WNCRYT'
2022-11-11 13:45:05,649 [cuckoo.core.resultserver] DEBUG: Task #30: File upload for 'files/84e8cc75cb7f6297_{afbf9f1a-8ee8-4c77-af34-c647e37ca0d9}.1.ver0x0000000000000004.db.wncry'
2022-11-11 13:45:05,745 [cuckoo.core.resultserver] DEBUG: Task #30 uploaded file length: 620888
2022-11-11 13:45:05,832 [cuckoo.core.resultserver] DEBUG: Task #30 uploaded file length: 101688
2022-11-11 13:45:05,962 [cuckoo.core.resultserver] DEBUG: Task #30: File upload for 'files/a9db7b8ca15d04fc_floatobject.h.wncry'
2022-11-11 13:45:06,019 [cuckoo.core.resultserver] DEBUG: Task #30 uploaded file length: 5992
2022-11-11 13:45:06,113 [cuckoo.core.resultserver] DEBUG: Task #30: File upload for 'files/1703fb599d6dd1bb_graminit.h.wncry'
2022-11-11 13:45:06,175 [cuckoo.core.resultserver] DEBUG: Task #30 uploaded file length: 2296
2022-11-11 13:45:06,289 [cuckoo.core.resultserver] DEBUG: Task #30: File upload for 'files/cc9415c6d870ec5b_kw_gb.msg.wncry'
2022-11-11 13:45:06,355 [cuckoo.core.resultserver] DEBUG: Task #30 uploaded file length: 536
2022-11-11 13:45:06,425 [cuckoo.core.resultserver] DEBUG: Task #30: File upload for 'files/8a15abdcdffe2a97_183.WNCRYT'
2022-11-11 13:45:06,474 [cuckoo.core.resultserver] DEBUG: Task #30: File upload for 'files/70fb270497c75986_es_mx.msg.wncry'
2022-11-11 13:45:06,521 [cuckoo.core.resultserver] DEBUG: Task #30 uploaded file length: 46411
2022-11-11 13:45:06,699 [cuckoo.core.resultserver] DEBUG: Task #30 uploaded file length: 536
2022-11-11 13:45:06,752 [cuckoo.core.resultserver] DEBUG: Task #30: File upload for 'files/8bc1a431896adc9f_184.WNCRYT'
2022-11-11 13:45:06,873 [cuckoo.core.resultserver] DEBUG: Task #30 uploaded file length: 1144
2022-11-11 13:45:07,301 [cuckoo.core.guest] DEBUG: 192.168.56.1011: analysis #30 still processing
2022-11-11 13:45:07,459 [cuckoo.core.resultserver] DEBUG: Task #30: File upload for 'files/400e6e276fc3fa82_185.WNCRYT'
2022-11-11 13:45:07,606 [cuckoo.core.resultserver] DEBUG: Task #30: File upload for 'files/d1596e1f2379849f_kalimba.mp3.wncry'
2022-11-11 13:45:07,746 [cuckoo.core.resultserver] DEBUG: Task #30 uploaded file length: 1998
2022-11-11 13:45:08,159 [cuckoo.core.resultserver] DEBUG: Task #30 uploaded file length: 8414744
2022-11-11 13:45:08,224 [cuckoo.core.resultserver] DEBUG: Task #30: File upload for 'files/074b5ad8650e30a3_gb18030.txt.wncry'
2022-11-11 13:45:08,362 [cuckoo.core.resultserver] DEBUG: Task #30 uploaded file length: 1144
2022-11-11 13:45:08,414 [cuckoo.core.resultserver] DEBUG: Task #30: File upload for 'files/519ad66009a6c127_m_polish.wnry'
2022-11-11 13:45:08,463 [cuckoo.core.resultserver] DEBUG: Task #30 uploaded file length: 39896
2022-11-11 13:45:08,551 [cuckoo.core.resultserver] DEBUG: Task #30: File upload for 'files/9e227819a1491b5e_msg_40.txt.wncry'
2022-11-11 13:45:08,656 [cuckoo.core.resultserver] DEBUG: Task #30 uploaded file length: 488
2022-11-11 13:45:09,161 [cuckoo.core.resultserver] DEBUG: Task #30: File upload for 'files/1582d6984b4fd2ed_186.WNCRYT'
2022-11-11 13:45:09,162 [cuckoo.core.resultserver] DEBUG: Task #30: File upload for 'files/429f30b1d62351f0_sleep away.mp3.wncry'
2022-11-11 13:45:09,459 [cuckoo.core.resultserver] DEBUG: Task #30 uploaded file length: 4842872
2022-11-11 13:45:09,599 [cuckoo.core.resultserver] DEBUG: Task #30 uploaded file length: 1179
2022-11-11 13:45:09,763 [cuckoo.core.resultserver] DEBUG: Task #30: File upload for 'files/21fe33f2379c627d_msg_01.txt.wncry'
2022-11-11 13:45:09,993 [cuckoo.core.resultserver] DEBUG: Task #30 uploaded file length: 760
2022-11-11 13:45:10,077 [cuckoo.core.resultserver] DEBUG: Task #30: File upload for 'files/0b25556b83039c36_tulips.jpg.wncry'
2022-11-11 13:45:10,164 [cuckoo.core.resultserver] DEBUG: Task #30 uploaded file length: 621176
2022-11-11 13:45:10,223 [cuckoo.core.resultserver] DEBUG: Task #30: File upload for 'files/c375c46718138544_it.msg.wncry'
2022-11-11 13:45:10,308 [cuckoo.core.resultserver] DEBUG: Task #30 uploaded file length: 1528
2022-11-11 13:45:10,367 [cuckoo.core.guest] INFO: 192.168.56.1011: end of analysis reached!
2022-11-11 13:45:10,388 [cuckoo.core.plugins] DEBUG: Stopped auxiliary module: Replay
2022-11-11 13:45:10,430 [cuckoo.core.plugins] DEBUG: Stopped auxiliary module: Sniffer
2022-11-11 13:45:10,431 [cuckoo.machinery.virtualbox] DEBUG: Stopping vm 192.168.56.1011
2022-11-11 13:45:10,548 [cuckoo.core.resultserver] DEBUG: Task #30: File upload for 'files/6040f7f3de7ade84_cert8.db.wncry'
2022-11-11 13:45:10,555 [cuckoo.core.resultserver] DEBUG: Task #30: File upload for 'files/2dbfb55b484545b9_187.WNCRYT'
2022-11-11 13:45:11,659 [cuckoo.core.resultserver] DEBUG: Stopped tracking machine 192.168.56.101 for task #30
2022-11-11 13:45:11,659 [cuckoo.core.resultserver] DEBUG: Cancel <Context for BSON> for task 30
2022-11-11 13:45:11,659 [cuckoo.core.resultserver] DEBUG: Cancel <Context for BSON> for task 30
2022-11-11 13:45:11,659 [cuckoo.core.resultserver] DEBUG: Cancel <Context for FILE> for task 30
2022-11-11 13:45:11,659 [cuckoo.core.resultserver] DEBUG: Cancel <Context for BSON> for task 30
2022-11-11 13:45:11,659 [cuckoo.core.resultserver] DEBUG: Cancel <Context for BSON> for task 30
2022-11-11 13:45:11,659 [cuckoo.core.resultserver] DEBUG: Cancel <Context for BSON> for task 30
2022-11-11 13:45:11,659 [cuckoo.core.resultserver] DEBUG: Cancel <Context for BSON> for task 30
2022-11-11 13:45:11,660 [cuckoo.core.resultserver] DEBUG: Cancel <Context for BSON> for task 30
2022-11-11 13:45:11,660 [cuckoo.core.resultserver] DEBUG: Cancel <Context for BSON> for task 30
2022-11-11 13:45:11,660 [cuckoo.core.resultserver] DEBUG: Cancel <Context for BSON> for task 30
2022-11-11 13:45:11,660 [cuckoo.core.resultserver] DEBUG: Cancel <Context for LOG> for task 30
2022-11-11 13:45:11,660 [cuckoo.core.resultserver] DEBUG: Cancel <Context for BSON> for task 30
2022-11-11 13:45:11,660 [cuckoo.core.resultserver] DEBUG: Cancel <Context for BSON> for task 30
2022-11-11 13:45:11,660 [cuckoo.core.resultserver] DEBUG: Cancel <Context for BSON> for task 30
2022-11-11 13:45:11,660 [cuckoo.core.resultserver] DEBUG: Cancel <Context for BSON> for task 30
2022-11-11 13:45:11,660 [cuckoo.core.resultserver] DEBUG: Cancel <Context for BSON> for task 30
2022-11-11 13:45:11,660 [cuckoo.core.resultserver] DEBUG: Cancel <Context for BSON> for task 30
2022-11-11 13:45:11,660 [cuckoo.core.resultserver] DEBUG: Cancel <Context for BSON> for task 30
2022-11-11 13:45:11,660 [cuckoo.core.resultserver] DEBUG: Cancel <Context for BSON> for task 30
2022-11-11 13:45:11,660 [cuckoo.core.resultserver] DEBUG: Cancel <Context for BSON> for task 30
2022-11-11 13:45:11,660 [cuckoo.core.resultserver] DEBUG: Cancel <Context for BSON> for task 30
2022-11-11 13:45:11,660 [cuckoo.core.resultserver] DEBUG: Cancel <Context for BSON> for task 30
2022-11-11 13:45:11,660 [cuckoo.core.resultserver] DEBUG: Cancel <Context for FILE> for task 30
2022-11-11 13:45:11,660 [cuckoo.core.resultserver] DEBUG: Cancel <Context for BSON> for task 30
2022-11-11 13:45:11,660 [cuckoo.core.resultserver] DEBUG: Cancel <Context for BSON> for task 30
2022-11-11 13:45:11,660 [cuckoo.core.resultserver] DEBUG: Cancel <Context for BSON> for task 30
2022-11-11 13:45:11,660 [cuckoo.core.resultserver] DEBUG: Cancel <Context for BSON> for task 30
2022-11-11 13:45:11,660 [cuckoo.core.resultserver] DEBUG: Cancel <Context for BSON> for task 30
2022-11-11 13:45:11,660 [cuckoo.core.resultserver] DEBUG: Cancel <Context for BSON> for task 30
2022-11-11 13:45:11,660 [cuckoo.core.resultserver] DEBUG: Cancel <Context for BSON> for task 30
2022-11-11 13:45:11,661 [cuckoo.core.resultserver] DEBUG: Task #30 uploaded file length: 0
2022-11-11 13:45:11,663 [cuckoo.core.resultserver] DEBUG: Task #30 uploaded file length: 65816
2022-11-11 13:45:11,694 [cuckoo.core.scheduler] DEBUG: Released database task #30
2022-11-11 13:45:11,709 [cuckoo.core.plugins] DEBUG: Executed processing module "AnalysisInfo" for task #30
2022-11-11 13:45:13,369 [cuckoo.core.plugins] DEBUG: Executed processing module "BehaviorAnalysis" for task #30
2022-11-11 13:45:14,248 [cuckoo.core.plugins] DEBUG: Executed processing module "Dropped" for task #30
2022-11-11 13:45:14,270 [cuckoo.core.plugins] DEBUG: Executed processing module "DroppedBuffer" for task #30
2022-11-11 13:45:19,089 [cuckoo.core.plugins] DEBUG: Executed processing module "MetaInfo" for task #30
2022-11-11 13:45:22,012 [cuckoo.core.plugins] DEBUG: Executed processing module "ProcessMemory" for task #30
2022-11-11 13:45:22,012 [cuckoo.core.plugins] DEBUG: Executed processing module "Procmon" for task #30
2022-11-11 13:45:22,012 [cuckoo.core.plugins] DEBUG: Executed processing module "Screenshots" for task #30
2022-11-11 13:45:22,014 [cuckoo.core.plugins] DEBUG: Executed processing module "Static" for task #30
2022-11-11 13:45:22,015 [cuckoo.core.plugins] DEBUG: Executed processing module "Strings" for task #30
2022-11-11 13:45:22,017 [cuckoo.core.plugins] DEBUG: Executed processing module "TargetInfo" for task #30
2022-11-11 13:45:22,928 [cuckoo.core.plugins] DEBUG: Executed processing module "NetworkAnalysis" for task #30
2022-11-11 13:45:22,928 [cuckoo.core.plugins] DEBUG: Executed processing module "Extracted" for task #30
2022-11-11 13:45:22,928 [cuckoo.core.plugins] DEBUG: Executed processing module "TLSMasterSecrets" for task #30
2022-11-11 13:45:22,931 [cuckoo.core.plugins] DEBUG: Executed processing module "Debug" for task #30
2022-11-11 13:45:22,945 [cuckoo.core.plugins] DEBUG: Running 542 signatures
2022-11-11 13:45:27,650 [cuckoo.core.plugins] DEBUG: Analysis matched signature: dumped_buffer
2022-11-11 13:45:27,650 [cuckoo.core.plugins] DEBUG: Analysis matched signature: dead_host
2022-11-11 13:45:27,650 [cuckoo.core.plugins] DEBUG: Analysis matched signature: network_bind
2022-11-11 13:45:27,650 [cuckoo.core.plugins] DEBUG: Analysis matched signature: network_http
2022-11-11 13:45:27,650 [cuckoo.core.plugins] DEBUG: Analysis matched signature: nolookup_communication
2022-11-11 13:45:27,650 [cuckoo.core.plugins] DEBUG: Analysis matched signature: allocates_rwx
2022-11-11 13:45:27,650 [cuckoo.core.plugins] DEBUG: Analysis matched signature: antisandbox_sleep
2022-11-11 13:45:27,650 [cuckoo.core.plugins] DEBUG: Analysis matched signature: antivm_queries_computername
2022-11-11 13:45:27,651 [cuckoo.core.plugins] DEBUG: Analysis matched signature: antivm_disk_size
2022-11-11 13:45:27,651 [cuckoo.core.plugins] DEBUG: Analysis matched signature: applcation_raises_exception
2022-11-11 13:45:27,651 [cuckoo.core.plugins] DEBUG: Analysis matched signature: persistence_autorun
2022-11-11 13:45:27,651 [cuckoo.core.plugins] DEBUG: Analysis matched signature: infostealer_browser
2022-11-11 13:45:27,651 [cuckoo.core.plugins] DEBUG: Analysis matched signature: checks_debugger
2022-11-11 13:45:27,651 [cuckoo.core.plugins] DEBUG: Analysis matched signature: console_output
2022-11-11 13:45:27,651 [cuckoo.core.plugins] DEBUG: Analysis matched signature: creates_doc
2022-11-11 13:45:27,651 [cuckoo.core.plugins] DEBUG: Analysis matched signature: creates_exe
2022-11-11 13:45:27,651 [cuckoo.core.plugins] DEBUG: Analysis matched signature: creates_hidden_file
2022-11-11 13:45:27,651 [cuckoo.core.plugins] DEBUG: Analysis matched signature: creates_shortcut
2022-11-11 13:45:27,651 [cuckoo.core.plugins] DEBUG: Analysis matched signature: suspicious_process
2022-11-11 13:45:27,651 [cuckoo.core.plugins] DEBUG: Analysis matched signature: generates_crypto_key
2022-11-11 13:45:27,652 [cuckoo.core.plugins] DEBUG: Analysis matched signature: recon_fingerprint
2022-11-11 13:45:27,652 [cuckoo.core.plugins] DEBUG: Analysis matched signature: stealth_window
2022-11-11 13:45:27,652 [cuckoo.core.plugins] DEBUG: Analysis matched signature: injection_process_search
2022-11-11 13:45:27,652 [cuckoo.core.plugins] DEBUG: Analysis matched signature: locates_browser
2022-11-11 13:45:27,652 [cuckoo.core.plugins] DEBUG: Analysis matched signature: antivm_memory_available
2022-11-11 13:45:27,652 [cuckoo.core.plugins] DEBUG: Analysis matched signature: protection_rx
2022-11-11 13:45:27,652 [cuckoo.core.plugins] DEBUG: Analysis matched signature: modifies_boot_config
2022-11-11 13:45:27,652 [cuckoo.core.plugins] DEBUG: Analysis matched signature: antivm_network_adapters
2022-11-11 13:45:27,652 [cuckoo.core.plugins] DEBUG: Analysis matched signature: privilege_luid_check
2022-11-11 13:45:27,652 [cuckoo.core.plugins] DEBUG: Analysis matched signature: process_martian
2022-11-11 13:45:27,652 [cuckoo.core.plugins] DEBUG: Analysis matched signature: memdump_tor_urls
2022-11-11 13:45:27,652 [cuckoo.core.plugins] DEBUG: Analysis matched signature: memdump_urls
2022-11-11 13:45:27,652 [cuckoo.core.plugins] DEBUG: Analysis matched signature: raises_exception
2022-11-11 13:45:27,652 [cuckoo.core.plugins] DEBUG: Analysis matched signature: ransomware_file_moves
2022-11-11 13:45:27,653 [cuckoo.core.plugins] DEBUG: Analysis matched signature: ransomware_appends_extensions
2022-11-11 13:45:27,653 [cuckoo.core.plugins] DEBUG: Analysis matched signature: ransomware_dropped_files
2022-11-11 13:45:27,653 [cuckoo.core.plugins] DEBUG: Analysis matched signature: ransomware_extensions
2022-11-11 13:45:27,653 [cuckoo.core.plugins] DEBUG: Analysis matched signature: ransomware_mass_file_delete
2022-11-11 13:45:27,654 [cuckoo.core.plugins] DEBUG: Analysis matched signature: ransomware_message
2022-11-11 13:45:27,654 [cuckoo.core.plugins] DEBUG: Analysis matched signature: ransomware_shadowcopy
2022-11-11 13:45:27,654 [cuckoo.core.plugins] DEBUG: Analysis matched signature: injection_resumethread
2022-11-11 13:45:27,654 [cuckoo.core.plugins] DEBUG: Analysis matched signature: suspicious_command_tools
2022-11-11 13:45:27,654 [cuckoo.core.plugins] DEBUG: Analysis matched signature: terminates_remote_process
2022-11-11 13:45:27,654 [cuckoo.core.plugins] DEBUG: Analysis matched signature: network_tor
2022-11-11 13:45:27,654 [cuckoo.core.plugins] DEBUG: Analysis matched signature: uses_windows_utilities
2022-11-11 13:45:34,796 [cuckoo.core.plugins] DEBUG: Executed reporting module "JsonDump"
2022-11-11 13:45:38,331 [cuckoo.core.plugins] DEBUG: Executed reporting module "MongoDB"
2022-11-11 13:45:38,331 [cuckoo.core.scheduler] INFO: Task #30: reports generation completed
2022-11-11 13:45:38,335 [cuckoo.core.scheduler] INFO: Task #30: analysis procedure completed
