2022-11-11 14:55:54,548 [cuckoo.core.scheduler] INFO: Task #49: acquired machine 192.168.56.1011 (label=192.168.56.1011)
2022-11-11 14:55:54,548 [cuckoo.core.resultserver] DEBUG: Now tracking machine 192.168.56.101 for task #49
2022-11-11 14:55:54,548 [cuckoo.core.plugins] DEBUG: Started auxiliary module: Replay
2022-11-11 14:55:54,556 [cuckoo.auxiliary.sniffer] INFO: Started sniffer with PID 14721 (interface=vboxnet0, host=192.168.56.101)
2022-11-11 14:55:54,557 [cuckoo.core.plugins] DEBUG: Started auxiliary module: Sniffer
2022-11-11 14:55:54,572 [cuckoo.machinery.virtualbox] DEBUG: Starting vm 192.168.56.1011
2022-11-11 14:55:54,667 [cuckoo.machinery.virtualbox] DEBUG: Restoring virtual machine 192.168.56.1011 to its current snapshot
2022-11-11 14:55:56,762 [cuckoo.core.guest] INFO: Starting analysis #49 on guest (id=192.168.56.1011, ip=192.168.56.101)
2022-11-11 14:55:57,764 [cuckoo.core.guest] DEBUG: 192.168.56.1011: not ready yet
2022-11-11 14:55:58,768 [cuckoo.core.guest] DEBUG: 192.168.56.1011: not ready yet
2022-11-11 14:55:59,771 [cuckoo.core.guest] DEBUG: 192.168.56.1011: not ready yet
2022-11-11 14:56:00,775 [cuckoo.core.guest] DEBUG: 192.168.56.1011: not ready yet
2022-11-11 14:56:01,778 [cuckoo.core.guest] DEBUG: 192.168.56.1011: not ready yet
2022-11-11 14:56:02,780 [cuckoo.core.guest] DEBUG: 192.168.56.1011: not ready yet
2022-11-11 14:56:03,782 [cuckoo.core.guest] DEBUG: 192.168.56.1011: not ready yet
2022-11-11 14:56:04,784 [cuckoo.core.guest] DEBUG: 192.168.56.1011: not ready yet
2022-11-11 14:56:05,790 [cuckoo.core.guest] DEBUG: 192.168.56.1011: not ready yet
2022-11-11 14:56:06,793 [cuckoo.core.guest] DEBUG: 192.168.56.1011: not ready yet
2022-11-11 14:56:07,795 [cuckoo.core.guest] DEBUG: 192.168.56.1011: not ready yet
2022-11-11 14:56:08,799 [cuckoo.core.guest] DEBUG: 192.168.56.1011: not ready yet
2022-11-11 14:56:09,801 [cuckoo.core.guest] DEBUG: 192.168.56.1011: not ready yet
2022-11-11 14:56:10,804 [cuckoo.core.guest] DEBUG: 192.168.56.1011: not ready yet
2022-11-11 14:56:11,807 [cuckoo.core.guest] DEBUG: 192.168.56.1011: not ready yet
2022-11-11 14:56:12,810 [cuckoo.core.guest] DEBUG: 192.168.56.1011: not ready yet
2022-11-11 14:56:13,813 [cuckoo.core.guest] DEBUG: 192.168.56.1011: not ready yet
2022-11-11 14:56:14,815 [cuckoo.core.guest] DEBUG: 192.168.56.1011: not ready yet
2022-11-11 14:56:15,818 [cuckoo.core.guest] DEBUG: 192.168.56.1011: not ready yet
2022-11-11 14:56:16,821 [cuckoo.core.guest] DEBUG: 192.168.56.1011: not ready yet
2022-11-11 14:56:17,822 [cuckoo.core.guest] DEBUG: 192.168.56.1011: not ready yet
2022-11-11 14:56:18,825 [cuckoo.core.guest] DEBUG: 192.168.56.1011: not ready yet
2022-11-11 14:56:19,828 [cuckoo.core.guest] DEBUG: 192.168.56.1011: not ready yet
2022-11-11 14:56:20,830 [cuckoo.core.guest] DEBUG: 192.168.56.1011: not ready yet
2022-11-11 14:56:21,832 [cuckoo.core.guest] DEBUG: 192.168.56.1011: not ready yet
2022-11-11 14:56:22,835 [cuckoo.core.guest] DEBUG: 192.168.56.1011: not ready yet
2022-11-11 14:56:23,837 [cuckoo.core.guest] DEBUG: 192.168.56.1011: not ready yet
2022-11-11 14:56:24,840 [cuckoo.core.guest] DEBUG: 192.168.56.1011: not ready yet
2022-11-11 14:56:24,886 [cuckoo.core.guest] DEBUG: 192.168.56.1011: not ready yet
2022-11-11 14:56:26,889 [cuckoo.core.guest] DEBUG: 192.168.56.1011: not ready yet
2022-11-11 14:56:27,892 [cuckoo.core.guest] DEBUG: 192.168.56.1011: not ready yet
2022-11-11 14:56:28,894 [cuckoo.core.guest] DEBUG: 192.168.56.1011: not ready yet
2022-11-11 14:56:28,951 [cuckoo.core.guest] DEBUG: 192.168.56.1011: not ready yet
2022-11-11 14:56:30,954 [cuckoo.core.guest] DEBUG: 192.168.56.1011: not ready yet
2022-11-11 14:56:31,957 [cuckoo.core.guest] DEBUG: 192.168.56.1011: not ready yet
2022-11-11 14:56:32,923 [cuckoo.core.guest] INFO: Guest is running Cuckoo Agent 0.10 (id=192.168.56.1011, ip=192.168.56.101)
2022-11-11 14:56:32,937 [cuckoo.core.guest] DEBUG: Uploading analyzer to guest (id=192.168.56.1011, ip=192.168.56.101, monitor=latest, size=3884763)
2022-11-11 14:56:33,949 [cuckoo.core.resultserver] DEBUG: Task #49: live log analysis.log initialized.
2022-11-11 14:56:38,658 [cuckoo.core.guest] DEBUG: 192.168.56.1011: analysis #49 still processing
2022-11-11 14:56:40,870 [cuckoo.core.resultserver] DEBUG: Task #49 is sending a BSON stream
2022-11-11 14:56:41,714 [cuckoo.core.resultserver] DEBUG: Task #49 is sending a BSON stream
2022-11-11 14:56:43,693 [cuckoo.core.guest] DEBUG: 192.168.56.1011: analysis #49 still processing
2022-11-11 14:56:48,717 [cuckoo.core.guest] DEBUG: 192.168.56.1011: analysis #49 still processing
2022-11-11 14:56:53,738 [cuckoo.core.guest] DEBUG: 192.168.56.1011: analysis #49 still processing
2022-11-11 14:56:58,199 [cuckoo.core.resultserver] DEBUG: Task #49 is sending a BSON stream
2022-11-11 14:56:58,762 [cuckoo.core.guest] DEBUG: 192.168.56.1011: analysis #49 still processing
2022-11-11 14:57:03,789 [cuckoo.core.guest] DEBUG: 192.168.56.1011: analysis #49 still processing
2022-11-11 14:57:08,814 [cuckoo.core.guest] DEBUG: 192.168.56.1011: analysis #49 still processing
2022-11-11 14:57:13,494 [cuckoo.core.resultserver] DEBUG: Task #49 is sending a BSON stream
2022-11-11 14:57:13,838 [cuckoo.core.guest] DEBUG: 192.168.56.1011: analysis #49 still processing
2022-11-11 14:57:18,860 [cuckoo.core.guest] DEBUG: 192.168.56.1011: analysis #49 still processing
2022-11-11 14:57:23,888 [cuckoo.core.guest] DEBUG: 192.168.56.1011: analysis #49 still processing
2022-11-11 14:57:28,746 [cuckoo.core.resultserver] DEBUG: Task #49 is sending a BSON stream
2022-11-11 14:57:28,912 [cuckoo.core.guest] DEBUG: 192.168.56.1011: analysis #49 still processing
2022-11-11 14:57:33,934 [cuckoo.core.guest] DEBUG: 192.168.56.1011: analysis #49 still processing
2022-11-11 14:57:38,957 [cuckoo.core.guest] DEBUG: 192.168.56.1011: analysis #49 still processing
2022-11-11 14:57:43,982 [cuckoo.core.guest] DEBUG: 192.168.56.1011: analysis #49 still processing
2022-11-11 14:57:44,009 [cuckoo.core.resultserver] DEBUG: Task #49 is sending a BSON stream
2022-11-11 14:57:49,008 [cuckoo.core.guest] DEBUG: 192.168.56.1011: analysis #49 still processing
2022-11-11 14:57:54,028 [cuckoo.core.guest] DEBUG: 192.168.56.1011: analysis #49 still processing
2022-11-11 14:57:59,049 [cuckoo.core.guest] DEBUG: 192.168.56.1011: analysis #49 still processing
2022-11-11 14:58:02,719 [cuckoo.core.resultserver] DEBUG: Task #49: File upload for 'memory/2416-1.dmp'
2022-11-11 14:58:04,076 [cuckoo.core.guest] DEBUG: 192.168.56.1011: analysis #49 still processing
2022-11-11 14:58:04,260 [cuckoo.core.resultserver] DEBUG: Task #49 uploaded file length: 58971328
2022-11-11 14:58:05,501 [cuckoo.core.resultserver] DEBUG: Task #49: File upload for 'files/6aed08355c5cf0b2_webbrowser.pyc'
2022-11-11 14:58:05,521 [cuckoo.core.resultserver] DEBUG: Task #49 uploaded file length: 19554
2022-11-11 14:58:06,019 [cuckoo.core.resultserver] DEBUG: Task #49 had connection reset for <Context for LOG>
2022-11-11 14:58:06,085 [cuckoo.core.guest] INFO: 192.168.56.1011: analysis completed successfully
2022-11-11 14:58:06,095 [cuckoo.core.plugins] DEBUG: Stopped auxiliary module: Replay
2022-11-11 14:58:06,147 [cuckoo.core.plugins] DEBUG: Stopped auxiliary module: Sniffer
2022-11-11 14:58:06,148 [cuckoo.machinery.virtualbox] DEBUG: Stopping vm 192.168.56.1011
2022-11-11 14:58:07,342 [cuckoo.core.resultserver] DEBUG: Stopped tracking machine 192.168.56.101 for task #49
2022-11-11 14:58:07,365 [cuckoo.core.scheduler] DEBUG: Released database task #49
2022-11-11 14:58:07,378 [cuckoo.core.plugins] DEBUG: Executed processing module "AnalysisInfo" for task #49
2022-11-11 14:58:07,408 [cuckoo.core.plugins] DEBUG: Executed processing module "BehaviorAnalysis" for task #49
2022-11-11 14:58:07,410 [cuckoo.core.plugins] DEBUG: Executed processing module "Dropped" for task #49
2022-11-11 14:58:07,410 [cuckoo.core.plugins] DEBUG: Executed processing module "DroppedBuffer" for task #49
2022-11-11 14:58:08,013 [cuckoo.core.plugins] DEBUG: Executed processing module "MetaInfo" for task #49
2022-11-11 14:58:08,444 [cuckoo.core.plugins] DEBUG: Executed processing module "ProcessMemory" for task #49
2022-11-11 14:58:08,446 [cuckoo.core.plugins] DEBUG: Executed processing module "Procmon" for task #49
2022-11-11 14:58:08,446 [cuckoo.core.plugins] DEBUG: Executed processing module "Screenshots" for task #49
2022-11-11 14:58:08,454 [cuckoo.core.plugins] DEBUG: Executed processing module "Static" for task #49
2022-11-11 14:58:08,456 [cuckoo.core.plugins] DEBUG: Executed processing module "Strings" for task #49
2022-11-11 14:58:08,458 [cuckoo.core.plugins] DEBUG: Executed processing module "TargetInfo" for task #49
2022-11-11 14:58:18,504 [cuckoo.core.plugins] DEBUG: Executed processing module "NetworkAnalysis" for task #49
2022-11-11 14:58:18,504 [cuckoo.core.plugins] DEBUG: Executed processing module "Extracted" for task #49
2022-11-11 14:58:18,504 [cuckoo.core.plugins] DEBUG: Executed processing module "TLSMasterSecrets" for task #49
2022-11-11 14:58:18,506 [cuckoo.core.plugins] DEBUG: Executed processing module "Debug" for task #49
2022-11-11 14:58:18,520 [cuckoo.core.plugins] DEBUG: Running 542 signatures
2022-11-11 14:58:18,742 [cuckoo.core.plugins] DEBUG: Analysis matched signature: network_http
2022-11-11 14:58:18,742 [cuckoo.core.plugins] DEBUG: Analysis matched signature: applcation_raises_exception
2022-11-11 14:58:18,742 [cuckoo.core.plugins] DEBUG: Analysis matched signature: console_output
2022-11-11 14:58:18,743 [cuckoo.core.plugins] DEBUG: Analysis matched signature: locates_browser
2022-11-11 14:58:18,743 [cuckoo.core.plugins] DEBUG: Analysis matched signature: memdump_urls
2022-11-11 14:58:18,743 [cuckoo.core.plugins] DEBUG: Analysis matched signature: raises_exception
2022-11-11 14:58:18,743 [cuckoo.core.plugins] DEBUG: Analysis matched signature: uses_windows_utilities
2022-11-11 14:58:18,884 [cuckoo.core.plugins] DEBUG: Executed reporting module "JsonDump"
2022-11-11 14:58:18,942 [cuckoo.core.plugins] DEBUG: Executed reporting module "MongoDB"
2022-11-11 14:58:18,942 [cuckoo.core.scheduler] INFO: Task #49: reports generation completed
2022-11-11 14:58:18,946 [cuckoo.core.scheduler] INFO: Task #49: analysis procedure completed
