2022-11-11 14:46:12,000 [analyzer] DEBUG: Starting analyzer from: C:\tmpgto74e
2022-11-11 14:46:12,000 [analyzer] DEBUG: Pipe server name: \??\PIPE\ygTjbnHsJbJxISvHwiynBVTZK
2022-11-11 14:46:12,000 [analyzer] DEBUG: Log pipe server name: \??\PIPE\LFigynfqThWtbBOEAnv
2022-11-11 14:46:12,078 [analyzer] DEBUG: Started auxiliary module DbgView
2022-11-11 14:46:18,467 [analyzer] DEBUG: Started auxiliary module Disguise
2022-11-11 14:46:18,765 [analyzer] DEBUG: Loaded monitor into process with pid 504
2022-11-11 14:46:18,765 [analyzer] DEBUG: Started auxiliary module DumpTLSMasterSecrets
2022-11-11 14:46:18,765 [analyzer] DEBUG: Started auxiliary module Human
2022-11-11 14:46:18,780 [analyzer] DEBUG: Started auxiliary module InstallCertificate
2022-11-11 14:46:18,780 [analyzer] DEBUG: Started auxiliary module Reboot
2022-11-11 14:46:19,030 [analyzer] DEBUG: Started auxiliary module RecentFiles
2022-11-11 14:46:19,030 [analyzer] DEBUG: Started auxiliary module Screenshots
2022-11-11 14:46:19,030 [analyzer] DEBUG: Started auxiliary module LoadZer0m0n
2022-11-11 14:46:19,030 [modules.auxiliary.screenshots] INFO: Python Image Library (either PIL or Pillow) is not installed, screenshots are disabled.
2022-11-11 14:46:19,342 [lib.api.process] INFO: Successfully executed process from path 'C:\\Python27\\python.exe' with arguments [u'C:\\Users\\ADMINI~1\\AppData\\Local\\Temp\\18-NV.py'] and pid 1896
2022-11-11 14:46:19,828 [analyzer] DEBUG: Loaded monitor into process with pid 1896
2022-11-11 14:46:20,233 [analyzer] INFO: Added new file to list with pid 1896 and path C:\Python27\Lib\webbrowser.pyc
2022-11-11 21:07:57,328 [analyzer] INFO: Injected into process with pid 284 and name u'chrome.exe'
2022-11-11 21:07:57,671 [analyzer] DEBUG: Loaded monitor into process with pid 284
2022-11-11 21:07:58,030 [analyzer] INFO: Injected into process with pid 572 and name u'chrome.exe'
2022-11-11 21:07:58,375 [analyzer] DEBUG: Loaded monitor into process with pid 572
2022-11-11 21:07:58,641 [analyzer] INFO: Injected into process with pid 1856 and name u'chrome.exe'
2022-11-11 21:07:58,969 [analyzer] DEBUG: Loaded monitor into process with pid 1856
2022-11-11 21:08:00,625 [analyzer] INFO: Added new file to list with pid 1856 and path C:\Users\Administrator\AppData\Local\Temp\835e592d-6f3f-4f6d-ae5d-acc39f129990.tmp
2022-11-11 21:08:03,812 [lib.api.process] ERROR: Failed to dump memory of 64-bit process with pid 572.
2022-11-11 21:08:04,187 [analyzer] INFO: Added new file to list with pid 1856 and path C:\Users\Administrator\AppData\Local\Google\Chrome\User Data\Crashpad\reports\8d308207-36cd-4fbc-9c4c-a3f60a9a066c.dmp
2022-11-11 21:08:04,891 [analyzer] INFO: Added new file to list with pid 1856 and path C:\Users\Administrator\AppData\Local\Google\Chrome\User Data\Crashpad\metadata
2022-11-11 21:08:05,828 [lib.api.process] ERROR: Failed to dump memory of 64-bit process with pid 572.
2022-11-11 21:08:06,733 [analyzer] INFO: Process with pid 572 has terminated
2022-11-11 21:08:07,187 [lib.api.process] ERROR: Failed to dump memory of 64-bit process with pid 1856.
2022-11-11 21:08:07,250 [analyzer] INFO: Added new file to list with pid 284 and path C:\Program Files\Google\Chrome\Application\debug.log
2022-11-11 21:08:07,733 [analyzer] INFO: Process with pid 1856 has terminated
2022-11-11 21:08:12,671 [analyzer] INFO: Injected into process with pid 2296 and name u'cmd.exe'
2022-11-11 21:08:13,296 [analyzer] DEBUG: Loaded monitor into process with pid 2296
2022-11-11 21:08:13,655 [analyzer] INFO: Injected into process with pid 2268 and name u'notepad.exe'
2022-11-11 21:08:14,375 [analyzer] INFO: Added new file to list with pid 284 and path \Device\NamedPipe\wkssvc
2022-11-11 21:08:14,500 [analyzer] DEBUG: Loaded monitor into process with pid 2268
2022-11-11 21:08:16,500 [analyzer] INFO: Added new file to list with pid 284 and path C:\Users\Administrator\AppData\Local\Google\Chrome\User Data\Variations
2022-11-11 21:08:19,516 [lib.api.process] INFO: Memory dump of process with pid 2268 completed
2022-11-11 21:08:22,594 [lib.api.process] INFO: Memory dump of process with pid 2296 completed
2022-11-11 21:08:23,016 [analyzer] INFO: Process with pid 2296 has terminated
2022-11-11 21:08:32,016 [analyzer] INFO: Process with pid 284 has terminated
2022-11-11 21:08:37,796 [analyzer] INFO: Injected into process with pid 468 and name u'cmd.exe'
2022-11-11 21:08:38,125 [analyzer] DEBUG: Loaded monitor into process with pid 468
2022-11-11 21:08:38,296 [analyzer] INFO: Injected into process with pid 1444 and name u'taskkill.exe'
2022-11-11 21:08:38,719 [analyzer] DEBUG: Loaded monitor into process with pid 1444
2022-11-11 21:08:42,483 [lib.api.process] INFO: Memory dump of process with pid 2268 completed
2022-11-11 21:08:43,016 [analyzer] INFO: Process with pid 2268 has terminated
2022-11-11 21:08:44,578 [lib.api.process] INFO: Memory dump of process with pid 1444 completed
2022-11-11 21:08:45,016 [analyzer] INFO: Process with pid 1444 has terminated
2022-11-11 21:08:46,437 [lib.api.process] INFO: Memory dump of process with pid 468 completed
2022-11-11 21:08:47,016 [analyzer] INFO: Process with pid 468 has terminated
2022-11-11 21:09:01,858 [analyzer] INFO: Injected into process with pid 2824 and name u'chrome.exe'
2022-11-11 21:09:02,203 [analyzer] DEBUG: Loaded monitor into process with pid 2824
2022-11-11 21:09:03,358 [lib.api.process] ERROR: Failed to dump memory of 64-bit process with pid 2824.
2022-11-11 21:09:04,016 [analyzer] INFO: Process with pid 2824 has terminated
2022-11-11 21:09:17,108 [analyzer] INFO: Injected into process with pid 2180 and name u'chrome.exe'
2022-11-11 21:09:17,437 [analyzer] DEBUG: Loaded monitor into process with pid 2180
2022-11-11 21:09:18,578 [lib.api.process] ERROR: Failed to dump memory of 64-bit process with pid 2180.
2022-11-11 21:09:19,016 [analyzer] INFO: Process with pid 2180 has terminated
2022-11-11 21:09:32,375 [analyzer] INFO: Injected into process with pid 2864 and name u'chrome.exe'
2022-11-11 21:09:32,703 [analyzer] DEBUG: Loaded monitor into process with pid 2864
2022-11-11 21:09:33,719 [lib.api.process] ERROR: Failed to dump memory of 64-bit process with pid 2864.
2022-11-11 21:09:34,016 [analyzer] INFO: Process with pid 2864 has terminated
2022-11-11 21:09:40,016 [analyzer] INFO: Analysis timeout hit, terminating analysis.
2022-11-11 21:09:44,608 [lib.api.process] INFO: Memory dump of process with pid 1896 completed
2022-11-11 21:09:44,703 [analyzer] WARNING: File at path u'\\device\\namedpipe\\wkssvc' does not exist, skip.
2022-11-11 21:09:44,750 [analyzer] WARNING: File at path u'c:\\users\\administrator\\appdata\\local\\temp\\835e592d-6f3f-4f6d-ae5d-acc39f129990.tmp' does not exist, skip.
2022-11-11 21:09:44,828 [analyzer] INFO: Analysis completed.
