2022-11-11 14:03:39,957 [cuckoo.core.scheduler] INFO: Task #36: acquired machine 192.168.56.1011 (label=192.168.56.1011)
2022-11-11 14:03:39,958 [cuckoo.core.resultserver] DEBUG: Now tracking machine 192.168.56.101 for task #36
2022-11-11 14:03:39,958 [cuckoo.core.plugins] DEBUG: Started auxiliary module: Replay
2022-11-11 14:03:39,966 [cuckoo.auxiliary.sniffer] INFO: Started sniffer with PID 10122 (interface=vboxnet0, host=192.168.56.101)
2022-11-11 14:03:39,967 [cuckoo.core.plugins] DEBUG: Started auxiliary module: Sniffer
2022-11-11 14:03:39,987 [cuckoo.machinery.virtualbox] DEBUG: Starting vm 192.168.56.1011
2022-11-11 14:03:40,076 [cuckoo.machinery.virtualbox] DEBUG: Restoring virtual machine 192.168.56.1011 to its current snapshot
2022-11-11 14:03:42,326 [cuckoo.core.guest] INFO: Starting analysis #36 on guest (id=192.168.56.1011, ip=192.168.56.101)
2022-11-11 14:03:43,369 [cuckoo.core.guest] DEBUG: 192.168.56.1011: not ready yet
2022-11-11 14:03:44,373 [cuckoo.core.guest] DEBUG: 192.168.56.1011: not ready yet
2022-11-11 14:03:45,380 [cuckoo.core.guest] DEBUG: 192.168.56.1011: not ready yet
2022-11-11 14:03:46,461 [cuckoo.core.guest] DEBUG: 192.168.56.1011: not ready yet
2022-11-11 14:03:47,570 [cuckoo.core.guest] DEBUG: 192.168.56.1011: not ready yet
2022-11-11 14:03:48,573 [cuckoo.core.guest] DEBUG: 192.168.56.1011: not ready yet
2022-11-11 14:03:49,575 [cuckoo.core.guest] DEBUG: 192.168.56.1011: not ready yet
2022-11-11 14:03:50,584 [cuckoo.core.guest] DEBUG: 192.168.56.1011: not ready yet
2022-11-11 14:03:51,624 [cuckoo.core.guest] DEBUG: 192.168.56.1011: not ready yet
2022-11-11 14:03:52,657 [cuckoo.core.guest] DEBUG: 192.168.56.1011: not ready yet
2022-11-11 14:03:53,686 [cuckoo.core.guest] DEBUG: 192.168.56.1011: not ready yet
2022-11-11 14:03:54,689 [cuckoo.core.guest] DEBUG: 192.168.56.1011: not ready yet
2022-11-11 14:03:55,692 [cuckoo.core.guest] DEBUG: 192.168.56.1011: not ready yet
2022-11-11 14:03:56,696 [cuckoo.core.guest] DEBUG: 192.168.56.1011: not ready yet
2022-11-11 14:03:57,700 [cuckoo.core.guest] DEBUG: 192.168.56.1011: not ready yet
2022-11-11 14:03:58,704 [cuckoo.core.guest] DEBUG: 192.168.56.1011: not ready yet
2022-11-11 14:03:59,709 [cuckoo.core.guest] DEBUG: 192.168.56.1011: not ready yet
2022-11-11 14:04:00,718 [cuckoo.core.guest] DEBUG: 192.168.56.1011: not ready yet
2022-11-11 14:04:01,723 [cuckoo.core.guest] DEBUG: 192.168.56.1011: not ready yet
2022-11-11 14:04:02,727 [cuckoo.core.guest] DEBUG: 192.168.56.1011: not ready yet
2022-11-11 14:04:03,729 [cuckoo.core.guest] DEBUG: 192.168.56.1011: not ready yet
2022-11-11 14:04:04,732 [cuckoo.core.guest] DEBUG: 192.168.56.1011: not ready yet
2022-11-11 14:04:05,734 [cuckoo.core.guest] DEBUG: 192.168.56.1011: not ready yet
2022-11-11 14:04:06,737 [cuckoo.core.guest] DEBUG: 192.168.56.1011: not ready yet
2022-11-11 14:04:07,740 [cuckoo.core.guest] DEBUG: 192.168.56.1011: not ready yet
2022-11-11 14:04:08,744 [cuckoo.core.guest] DEBUG: 192.168.56.1011: not ready yet
2022-11-11 14:04:09,746 [cuckoo.core.guest] DEBUG: 192.168.56.1011: not ready yet
2022-11-11 14:04:10,749 [cuckoo.core.guest] DEBUG: 192.168.56.1011: not ready yet
2022-11-11 14:04:11,752 [cuckoo.core.guest] DEBUG: 192.168.56.1011: not ready yet
2022-11-11 14:04:12,756 [cuckoo.core.guest] DEBUG: 192.168.56.1011: not ready yet
2022-11-11 14:04:13,760 [cuckoo.core.guest] DEBUG: 192.168.56.1011: not ready yet
2022-11-11 14:04:14,763 [cuckoo.core.guest] DEBUG: 192.168.56.1011: not ready yet
2022-11-11 14:04:15,766 [cuckoo.core.guest] DEBUG: 192.168.56.1011: not ready yet
2022-11-11 14:04:16,768 [cuckoo.core.guest] DEBUG: 192.168.56.1011: not ready yet
2022-11-11 14:04:17,771 [cuckoo.core.guest] DEBUG: 192.168.56.1011: not ready yet
2022-11-11 14:04:18,773 [cuckoo.core.guest] DEBUG: 192.168.56.1011: not ready yet
2022-11-11 14:04:18,782 [cuckoo.core.guest] INFO: Guest is running Cuckoo Agent 0.10 (id=192.168.56.1011, ip=192.168.56.101)
2022-11-11 14:04:18,827 [cuckoo.core.guest] DEBUG: Uploading analyzer to guest (id=192.168.56.1011, ip=192.168.56.101, monitor=latest, size=3884763)
2022-11-11 14:04:19,849 [cuckoo.core.resultserver] DEBUG: Task #36: live log analysis.log initialized.
2022-11-11 14:04:24,564 [cuckoo.core.guest] DEBUG: 192.168.56.1011: analysis #36 still processing
2022-11-11 14:04:26,525 [cuckoo.core.resultserver] DEBUG: Task #36 is sending a BSON stream
2022-11-11 14:04:29,591 [cuckoo.core.guest] DEBUG: 192.168.56.1011: analysis #36 still processing
2022-11-11 14:04:30,434 [cuckoo.core.resultserver] DEBUG: Task #36 is sending a BSON stream
2022-11-11 14:04:34,618 [cuckoo.core.guest] DEBUG: 192.168.56.1011: analysis #36 still processing
2022-11-11 14:04:39,640 [cuckoo.core.guest] DEBUG: 192.168.56.1011: analysis #36 still processing
2022-11-11 14:04:44,664 [cuckoo.core.guest] DEBUG: 192.168.56.1011: analysis #36 still processing
2022-11-11 14:04:46,611 [cuckoo.core.resultserver] DEBUG: Task #36 is sending a BSON stream
2022-11-11 14:04:49,688 [cuckoo.core.guest] DEBUG: 192.168.56.1011: analysis #36 still processing
2022-11-11 14:04:54,712 [cuckoo.core.guest] DEBUG: 192.168.56.1011: analysis #36 still processing
2022-11-11 14:04:59,735 [cuckoo.core.guest] DEBUG: 192.168.56.1011: analysis #36 still processing
2022-11-11 14:05:01,994 [cuckoo.core.resultserver] DEBUG: Task #36 is sending a BSON stream
2022-11-11 14:05:02,781 [cuckoo.core.resultserver] DEBUG: Task #36 is sending a BSON stream
2022-11-11 14:05:03,386 [cuckoo.core.resultserver] DEBUG: Task #36 is sending a BSON stream
2022-11-11 14:05:04,839 [cuckoo.core.guest] DEBUG: 192.168.56.1011: analysis #36 still processing
2022-11-11 14:05:09,888 [cuckoo.core.guest] DEBUG: 192.168.56.1011: analysis #36 still processing
2022-11-11 14:05:14,917 [cuckoo.core.guest] DEBUG: 192.168.56.1011: analysis #36 still processing
2022-11-11 14:05:17,260 [cuckoo.core.resultserver] DEBUG: Task #36 is sending a BSON stream
2022-11-11 14:05:18,417 [cuckoo.core.resultserver] DEBUG: Task #36 is sending a BSON stream
2022-11-11 14:05:19,958 [cuckoo.core.guest] DEBUG: 192.168.56.1011: analysis #36 still processing
2022-11-11 14:05:22,297 [cuckoo.core.resultserver] DEBUG: Task #36: File upload for 'memory/1984-1.dmp'
2022-11-11 14:05:23,912 [cuckoo.core.resultserver] DEBUG: Task #36 uploaded file length: 32994056
2022-11-11 14:05:24,984 [cuckoo.core.guest] DEBUG: 192.168.56.1011: analysis #36 still processing
2022-11-11 14:05:25,573 [cuckoo.core.resultserver] DEBUG: Task #36: File upload for 'memory/1360-1.dmp'
2022-11-11 14:05:26,359 [cuckoo.core.resultserver] DEBUG: Task #36 uploaded file length: 19776264
2022-11-11 14:05:30,009 [cuckoo.core.guest] DEBUG: 192.168.56.1011: analysis #36 still processing
2022-11-11 14:05:35,039 [cuckoo.core.guest] DEBUG: 192.168.56.1011: analysis #36 still processing
2022-11-11 14:05:40,067 [cuckoo.core.guest] DEBUG: 192.168.56.1011: analysis #36 still processing
2022-11-11 14:05:41,856 [cuckoo.core.resultserver] DEBUG: Task #36 is sending a BSON stream
2022-11-11 14:05:42,575 [cuckoo.core.resultserver] DEBUG: Task #36 is sending a BSON stream
2022-11-11 14:05:43,181 [cuckoo.core.resultserver] DEBUG: Task #36 is sending a BSON stream
2022-11-11 14:05:45,091 [cuckoo.core.guest] DEBUG: 192.168.56.1011: analysis #36 still processing
2022-11-11 14:05:50,117 [cuckoo.core.guest] DEBUG: 192.168.56.1011: analysis #36 still processing
2022-11-11 14:05:55,156 [cuckoo.core.guest] DEBUG: 192.168.56.1011: analysis #36 still processing
2022-11-11 14:05:57,294 [cuckoo.core.resultserver] DEBUG: Task #36 is sending a BSON stream
2022-11-11 14:06:00,198 [cuckoo.core.guest] DEBUG: 192.168.56.1011: analysis #36 still processing
2022-11-11 14:06:05,228 [cuckoo.core.guest] DEBUG: 192.168.56.1011: analysis #36 still processing
2022-11-11 14:06:10,251 [cuckoo.core.guest] DEBUG: 192.168.56.1011: analysis #36 still processing
2022-11-11 14:06:12,650 [cuckoo.core.resultserver] DEBUG: Task #36 is sending a BSON stream
2022-11-11 14:06:13,417 [cuckoo.core.resultserver] DEBUG: Task #36 is sending a BSON stream
2022-11-11 14:06:15,277 [cuckoo.core.guest] DEBUG: 192.168.56.1011: analysis #36 still processing
2022-11-11 14:06:20,310 [cuckoo.core.guest] DEBUG: 192.168.56.1011: analysis #36 still processing
2022-11-11 14:06:21,087 [cuckoo.core.resultserver] DEBUG: Task #36: File upload for 'memory/1984-2.dmp'
2022-11-11 14:06:22,005 [cuckoo.core.resultserver] DEBUG: Task #36 uploaded file length: 47859256
2022-11-11 14:06:23,674 [cuckoo.core.resultserver] DEBUG: Task #36: File upload for 'memory/1164-1.dmp'
2022-11-11 14:06:24,131 [cuckoo.core.resultserver] DEBUG: Task #36 uploaded file length: 24910544
2022-11-11 14:06:25,340 [cuckoo.core.guest] DEBUG: 192.168.56.1011: analysis #36 still processing
2022-11-11 14:06:25,527 [cuckoo.core.resultserver] DEBUG: Task #36: File upload for 'memory/644-1.dmp'
2022-11-11 14:06:26,009 [cuckoo.core.resultserver] DEBUG: Task #36 uploaded file length: 22827808
2022-11-11 14:06:29,521 [cuckoo.core.resultserver] DEBUG: Task #36: File upload for 'memory/2424-1.dmp'
2022-11-11 14:06:30,365 [cuckoo.core.guest] DEBUG: 192.168.56.1011: analysis #36 still processing
2022-11-11 14:06:30,675 [cuckoo.core.resultserver] DEBUG: Task #36 uploaded file length: 58979064
2022-11-11 14:06:30,713 [cuckoo.core.resultserver] DEBUG: Task #36: File upload for 'files/6aed08355c5cf0b2_webbrowser.pyc'
2022-11-11 14:06:30,733 [cuckoo.core.resultserver] DEBUG: Task #36 uploaded file length: 19554
2022-11-11 14:06:30,755 [cuckoo.core.resultserver] DEBUG: Task #36: File upload for 'files/2741df9ee9e9d988_variations'
2022-11-11 14:06:30,775 [cuckoo.core.resultserver] DEBUG: Task #36 uploaded file length: 86
2022-11-11 14:06:30,796 [cuckoo.core.resultserver] DEBUG: Task #36: File upload for 'files/359881737554ae25_0d29256f-f1ba-49ad-bdd6-607ec6746115.dmp'
2022-11-11 14:06:30,816 [cuckoo.core.resultserver] DEBUG: Task #36 uploaded file length: 57676
2022-11-11 14:06:30,838 [cuckoo.core.resultserver] DEBUG: Task #36: File upload for 'files/abf5b754f8491260_debug.log'
2022-11-11 14:06:30,859 [cuckoo.core.resultserver] DEBUG: Task #36 uploaded file length: 218
2022-11-11 14:06:30,881 [cuckoo.core.resultserver] DEBUG: Task #36: File upload for 'files/d95c818e1f713c73_metadata'
2022-11-11 14:06:30,901 [cuckoo.core.resultserver] DEBUG: Task #36 uploaded file length: 114
2022-11-11 14:06:30,919 [cuckoo.core.resultserver] DEBUG: Task #36 had connection reset for <Context for LOG>
2022-11-11 14:06:31,367 [cuckoo.core.guest] INFO: 192.168.56.1011: analysis completed successfully
2022-11-11 14:06:31,372 [cuckoo.core.plugins] DEBUG: Stopped auxiliary module: Replay
2022-11-11 14:06:31,407 [cuckoo.core.plugins] DEBUG: Stopped auxiliary module: Sniffer
2022-11-11 14:06:31,407 [cuckoo.machinery.virtualbox] DEBUG: Stopping vm 192.168.56.1011
2022-11-11 14:06:32,617 [cuckoo.core.resultserver] DEBUG: Stopped tracking machine 192.168.56.101 for task #36
2022-11-11 14:06:32,639 [cuckoo.core.scheduler] DEBUG: Released database task #36
2022-11-11 14:06:32,652 [cuckoo.core.plugins] DEBUG: Executed processing module "AnalysisInfo" for task #36
2022-11-11 14:06:32,813 [cuckoo.core.plugins] DEBUG: Executed processing module "BehaviorAnalysis" for task #36
2022-11-11 14:06:32,822 [cuckoo.core.plugins] DEBUG: Executed processing module "Dropped" for task #36
2022-11-11 14:06:32,822 [cuckoo.core.plugins] DEBUG: Executed processing module "DroppedBuffer" for task #36
2022-11-11 14:06:34,888 [cuckoo.core.plugins] DEBUG: Executed processing module "MetaInfo" for task #36
2022-11-11 14:06:36,313 [cuckoo.core.plugins] DEBUG: Executed processing module "ProcessMemory" for task #36
2022-11-11 14:06:36,313 [cuckoo.core.plugins] DEBUG: Executed processing module "Procmon" for task #36
2022-11-11 14:06:36,313 [cuckoo.core.plugins] DEBUG: Executed processing module "Screenshots" for task #36
2022-11-11 14:06:36,316 [cuckoo.core.plugins] DEBUG: Executed processing module "Static" for task #36
2022-11-11 14:06:36,317 [cuckoo.core.plugins] DEBUG: Executed processing module "Strings" for task #36
2022-11-11 14:06:36,319 [cuckoo.core.plugins] DEBUG: Executed processing module "TargetInfo" for task #36
2022-11-11 14:06:56,357 [cuckoo.core.plugins] DEBUG: Executed processing module "NetworkAnalysis" for task #36
2022-11-11 14:06:56,357 [cuckoo.core.plugins] DEBUG: Executed processing module "Extracted" for task #36
2022-11-11 14:06:56,357 [cuckoo.core.plugins] DEBUG: Executed processing module "TLSMasterSecrets" for task #36
2022-11-11 14:06:56,359 [cuckoo.core.plugins] DEBUG: Executed processing module "Debug" for task #36
2022-11-11 14:06:56,374 [cuckoo.core.plugins] DEBUG: Running 542 signatures
2022-11-11 14:06:56,918 [cuckoo.core.plugins] DEBUG: Analysis matched signature: dead_host
2022-11-11 14:06:56,918 [cuckoo.core.plugins] DEBUG: Analysis matched signature: network_http
2022-11-11 14:06:56,918 [cuckoo.core.plugins] DEBUG: Analysis matched signature: nolookup_communication
2022-11-11 14:06:56,918 [cuckoo.core.plugins] DEBUG: Analysis matched signature: antivm_queries_computername
2022-11-11 14:06:56,918 [cuckoo.core.plugins] DEBUG: Analysis matched signature: applcation_raises_exception
2022-11-11 14:06:56,918 [cuckoo.core.plugins] DEBUG: Analysis matched signature: infostealer_browser
2022-11-11 14:06:56,918 [cuckoo.core.plugins] DEBUG: Analysis matched signature: checks_debugger
2022-11-11 14:06:56,918 [cuckoo.core.plugins] DEBUG: Analysis matched signature: console_output
2022-11-11 14:06:56,918 [cuckoo.core.plugins] DEBUG: Analysis matched signature: suspicious_process
2022-11-11 14:06:56,918 [cuckoo.core.plugins] DEBUG: Analysis matched signature: recon_fingerprint
2022-11-11 14:06:56,918 [cuckoo.core.plugins] DEBUG: Analysis matched signature: has_wmi
2022-11-11 14:06:56,918 [cuckoo.core.plugins] DEBUG: Analysis matched signature: locates_browser
2022-11-11 14:06:56,919 [cuckoo.core.plugins] DEBUG: Analysis matched signature: antivm_memory_available
2022-11-11 14:06:56,919 [cuckoo.core.plugins] DEBUG: Analysis matched signature: privilege_luid_check
2022-11-11 14:06:56,919 [cuckoo.core.plugins] DEBUG: Analysis matched signature: process_martian
2022-11-11 14:06:56,919 [cuckoo.core.plugins] DEBUG: Analysis matched signature: memdump_urls
2022-11-11 14:06:56,919 [cuckoo.core.plugins] DEBUG: Analysis matched signature: raises_exception
2022-11-11 14:06:56,919 [cuckoo.core.plugins] DEBUG: Analysis matched signature: injection_resumethread
2022-11-11 14:06:56,919 [cuckoo.core.plugins] DEBUG: Analysis matched signature: terminates_remote_process
2022-11-11 14:06:56,919 [cuckoo.core.plugins] DEBUG: Analysis matched signature: uses_windows_utilities
2022-11-11 14:06:57,721 [cuckoo.core.plugins] DEBUG: Executed reporting module "JsonDump"
2022-11-11 14:06:58,060 [cuckoo.core.plugins] DEBUG: Executed reporting module "MongoDB"
2022-11-11 14:06:58,060 [cuckoo.core.scheduler] INFO: Task #36: reports generation completed
2022-11-11 14:06:58,066 [cuckoo.core.scheduler] INFO: Task #36: analysis procedure completed
