2022-11-11 14:46:12,000 [analyzer] DEBUG: Starting analyzer from: C:\tmpgto74e
2022-11-11 14:46:12,000 [analyzer] DEBUG: Pipe server name: \??\PIPE\FpSXaVkywzrWKHtIDuAn
2022-11-11 14:46:12,000 [analyzer] DEBUG: Log pipe server name: \??\PIPE\eFEFkyqxpTwuavhQBxSFrQRS
2022-11-11 14:46:12,078 [analyzer] DEBUG: Started auxiliary module DbgView
2022-11-11 14:46:18,562 [analyzer] DEBUG: Started auxiliary module Disguise
2022-11-11 14:46:18,842 [analyzer] DEBUG: Loaded monitor into process with pid 504
2022-11-11 14:46:18,842 [analyzer] DEBUG: Started auxiliary module DumpTLSMasterSecrets
2022-11-11 14:46:18,858 [analyzer] DEBUG: Started auxiliary module Human
2022-11-11 14:46:18,858 [analyzer] DEBUG: Started auxiliary module InstallCertificate
2022-11-11 14:46:18,858 [analyzer] DEBUG: Started auxiliary module Reboot
2022-11-11 14:46:19,092 [analyzer] DEBUG: Started auxiliary module RecentFiles
2022-11-11 14:46:19,092 [analyzer] DEBUG: Started auxiliary module Screenshots
2022-11-11 14:46:19,092 [analyzer] DEBUG: Started auxiliary module LoadZer0m0n
2022-11-11 14:46:19,092 [modules.auxiliary.screenshots] INFO: Python Image Library (either PIL or Pillow) is not installed, screenshots are disabled.
2022-11-11 14:46:19,405 [lib.api.process] INFO: Successfully executed process from path 'C:\\Python27\\python.exe' with arguments [u'C:\\Users\\ADMINI~1\\AppData\\Local\\Temp\\20-NV.py'] and pid 2412
2022-11-11 14:46:19,890 [analyzer] DEBUG: Loaded monitor into process with pid 2412
2022-11-11 14:46:20,312 [analyzer] INFO: Added new file to list with pid 2412 and path C:\Python27\Lib\webbrowser.pyc
2022-11-11 21:10:51,125 [analyzer] INFO: Injected into process with pid 492 and name u'chrome.exe'
2022-11-11 21:10:51,470 [analyzer] DEBUG: Loaded monitor into process with pid 492
2022-11-11 21:10:51,812 [analyzer] INFO: Injected into process with pid 572 and name u'chrome.exe'
2022-11-11 21:10:52,157 [analyzer] DEBUG: Loaded monitor into process with pid 572
2022-11-11 21:10:52,423 [analyzer] INFO: Injected into process with pid 1856 and name u'chrome.exe'
2022-11-11 21:10:52,750 [analyzer] DEBUG: Loaded monitor into process with pid 1856
2022-11-11 21:10:53,953 [lib.api.process] ERROR: Failed to dump memory of 64-bit process with pid 1856.
2022-11-11 21:10:54,500 [analyzer] INFO: Process with pid 1856 has terminated
2022-11-11 21:10:55,016 [lib.api.process] ERROR: Failed to dump memory of 64-bit process with pid 572.
2022-11-11 21:10:55,078 [analyzer] INFO: Added new file to list with pid 492 and path C:\Program Files\Google\Chrome\Application\debug.log
2022-11-11 21:10:55,500 [analyzer] INFO: Process with pid 572 has terminated
2022-11-11 21:11:01,062 [analyzer] INFO: Added new file to list with pid 492 and path \Device\NamedPipe\wkssvc
2022-11-11 21:11:03,157 [analyzer] INFO: Added new file to list with pid 492 and path C:\Users\Administrator\AppData\Local\Google\Chrome\User Data\Variations
2022-11-11 21:11:06,595 [analyzer] INFO: Injected into process with pid 2576 and name u'chrome.exe'
2022-11-11 21:11:07,345 [analyzer] DEBUG: Loaded monitor into process with pid 2576
2022-11-11 21:11:08,673 [lib.api.process] ERROR: Failed to dump memory of 64-bit process with pid 2576.
2022-11-11 21:11:09,641 [analyzer] INFO: Process with pid 2576 has terminated
2022-11-11 21:11:17,687 [analyzer] INFO: Process with pid 492 has terminated
2022-11-11 21:11:21,845 [analyzer] INFO: Injected into process with pid 660 and name u'chrome.exe'
2022-11-11 21:11:22,173 [analyzer] DEBUG: Loaded monitor into process with pid 660
2022-11-11 21:11:23,266 [lib.api.process] ERROR: Failed to dump memory of 64-bit process with pid 660.
2022-11-11 21:11:23,687 [analyzer] INFO: Process with pid 660 has terminated
2022-11-11 21:11:37,125 [analyzer] INFO: Injected into process with pid 2400 and name u'chrome.exe'
2022-11-11 21:11:37,453 [analyzer] DEBUG: Loaded monitor into process with pid 2400
2022-11-11 21:11:37,766 [analyzer] INFO: Injected into process with pid 2680 and name u'chrome.exe'
2022-11-11 21:11:38,109 [analyzer] DEBUG: Loaded monitor into process with pid 2680
2022-11-11 21:11:38,359 [analyzer] INFO: Injected into process with pid 2268 and name u'chrome.exe'
2022-11-11 21:11:38,687 [analyzer] DEBUG: Loaded monitor into process with pid 2268
2022-11-11 21:11:39,782 [lib.api.process] ERROR: Failed to dump memory of 64-bit process with pid 2268.
2022-11-11 21:11:40,687 [analyzer] INFO: Process with pid 2268 has terminated
2022-11-11 21:11:40,798 [lib.api.process] ERROR: Failed to dump memory of 64-bit process with pid 2680.
2022-11-11 21:11:41,687 [analyzer] INFO: Process with pid 2680 has terminated
2022-11-11 21:11:52,859 [analyzer] INFO: Injected into process with pid 2984 and name u'chrome.exe'
2022-11-11 21:11:53,407 [analyzer] DEBUG: Loaded monitor into process with pid 2984
2022-11-11 21:11:54,203 [analyzer] INFO: Injected into process with pid 3044 and name u'chrome.exe'
2022-11-11 21:11:54,720 [analyzer] DEBUG: Loaded monitor into process with pid 3044
2022-11-11 21:11:55,062 [analyzer] INFO: Added new file to list with pid 3044 and path \Device\NamedPipe\crashpad_2984_QTEJZMANEVYLNTII
2022-11-11 21:11:55,125 [analyzer] INFO: Added new file to list with pid 2984 and path C:\Users\Administrator\AppData\Local\Google\Chrome\User Data\Crashpad\settings.dat
2022-11-11 21:12:08,578 [analyzer] INFO: Injected into process with pid 596 and name u'chrome.exe'
2022-11-11 21:12:09,328 [analyzer] DEBUG: Loaded monitor into process with pid 596
2022-11-11 21:12:13,532 [lib.api.process] ERROR: Failed to dump memory of 64-bit process with pid 596.
2022-11-11 21:12:14,109 [analyzer] INFO: Process with pid 596 has terminated
2022-11-11 21:12:15,562 [modules.auxiliary.human] INFO: Found button u'Check online for a solution and close the program', clicking it
2022-11-11 21:12:20,309 [modules.auxiliary.human] INFO: Found button u'Close the program', clicking it
2022-11-11 21:12:27,980 [analyzer] INFO: Injected into process with pid 1180 and name u'chrome.exe'
2022-11-11 21:12:29,153 [analyzer] DEBUG: Loaded monitor into process with pid 1180
2022-11-11 21:12:31,369 [lib.api.process] ERROR: Failed to dump memory of 64-bit process with pid 1180.
2022-11-11 21:12:31,763 [analyzer] INFO: Process with pid 1180 has terminated
2022-11-11 21:12:35,250 [modules.auxiliary.human] INFO: Found button u'Check online for a solution and close the program', clicking it
2022-11-11 21:12:36,151 [modules.auxiliary.human] INFO: Found button u'Close the program', clicking it
2022-11-11 21:12:37,177 [analyzer] INFO: Analysis timeout hit, terminating analysis.
2022-11-11 21:12:38,667 [analyzer] ERROR: Pipe command handler exception occurred (command KILL args '2412').
Traceback (most recent call last):
  File "C:/tmpgto74e/analyzer.py", line 405, in dispatch
    response = fn(arguments)
  File "C:/tmpgto74e/analyzer.py", line 339, in _handle_kill
    dump_memory(int(data))
  File "C:\tmpgto74e\lib\common\decide.py", line 11, in dump_memory
    Process(pid=pid).dump_memory()
  File "C:\tmpgto74e\lib\api\process.py", line 579, in dump_memory
    os.unlink(dump_path)
WindowsError: [Error 32] The process cannot access the file because it is being used by another process: 'c:\\users\\admini~1\\appdata\\local\\temp\\tmprdyfug'
2022-11-11 21:12:39,063 [lib.api.process] ERROR: Failed to dump memory of 64-bit process with pid 2412.
2022-11-11 21:12:39,063 [lib.api.process] WARNING: The process with pid 2400 is not alive, memory dump aborted
2022-11-11 21:12:49,523 [lib.api.process] ERROR: Failed to dump memory of 64-bit process with pid 2984.
2022-11-11 21:12:50,467 [lib.api.process] ERROR: Failed to dump memory of 64-bit process with pid 3044.
2022-11-11 21:12:50,467 [lib.api.process] ERROR: Failed to dump memory of 64-bit process with pid 3044.
2022-11-11 21:12:50,513 [analyzer] WARNING: File at path u'\\device\\namedpipe\\crashpad_2984_qtejzmanevylntii' does not exist, skip.
2022-11-11 21:12:50,605 [analyzer] WARNING: File at path u'\\device\\namedpipe\\wkssvc' does not exist, skip.
2022-11-11 21:12:50,628 [analyzer] INFO: Analysis completed.
