2022-11-11 13:41:29,000 [analyzer] DEBUG: Starting analyzer from: C:\tmpgto74e
2022-11-11 13:41:29,015 [analyzer] DEBUG: Pipe server name: \??\PIPE\PPGvFeJiVFBDfYlNnIiLBgHOnml
2022-11-11 13:41:29,015 [analyzer] DEBUG: Log pipe server name: \??\PIPE\QArFyFtNrHuRpcxbpeAlBrZZFnyNxsW
2022-11-11 13:41:29,092 [analyzer] DEBUG: Started auxiliary module DbgView
2022-11-11 13:41:35,717 [analyzer] DEBUG: Started auxiliary module Disguise
2022-11-11 13:41:36,015 [analyzer] DEBUG: Loaded monitor into process with pid 504
2022-11-11 13:41:36,015 [analyzer] DEBUG: Started auxiliary module DumpTLSMasterSecrets
2022-11-11 13:41:36,015 [analyzer] DEBUG: Started auxiliary module Human
2022-11-11 13:41:36,015 [analyzer] DEBUG: Started auxiliary module InstallCertificate
2022-11-11 13:41:36,015 [analyzer] DEBUG: Started auxiliary module Reboot
2022-11-11 13:41:36,187 [analyzer] DEBUG: Started auxiliary module RecentFiles
2022-11-11 13:41:36,187 [analyzer] DEBUG: Started auxiliary module Screenshots
2022-11-11 13:41:36,187 [analyzer] DEBUG: Started auxiliary module LoadZer0m0n
2022-11-11 13:41:36,187 [modules.auxiliary.screenshots] INFO: Python Image Library (either PIL or Pillow) is not installed, screenshots are disabled.
2022-11-11 13:41:36,453 [lib.api.process] INFO: Successfully executed process from path 'C:\\Python27\\python.exe' with arguments [u'C:\\Users\\ADMINI~1\\AppData\\Local\\Temp\\19-V.py'] and pid 2424
2022-11-11 20:14:43,579 [analyzer] DEBUG: Loaded monitor into process with pid 2424
2022-11-11 20:14:43,970 [analyzer] INFO: Added new file to list with pid 2424 and path C:\Python27\Lib\webbrowser.pyc
2022-11-11 20:15:02,157 [analyzer] INFO: Injected into process with pid 732 and name u'chrome.exe'
2022-11-11 20:15:02,517 [analyzer] DEBUG: Loaded monitor into process with pid 732
2022-11-11 20:15:03,720 [lib.api.process] ERROR: Failed to dump memory of 64-bit process with pid 732.
2022-11-11 20:15:04,095 [analyzer] INFO: Process with pid 732 has terminated
2022-11-11 20:15:17,486 [analyzer] INFO: Injected into process with pid 1460 and name u'chrome.exe'
2022-11-11 20:15:17,799 [analyzer] DEBUG: Loaded monitor into process with pid 1460
2022-11-11 20:15:18,142 [analyzer] INFO: Injected into process with pid 1412 and name u'chrome.exe'
2022-11-11 20:15:18,470 [analyzer] DEBUG: Loaded monitor into process with pid 1412
2022-11-11 20:15:18,736 [analyzer] INFO: Injected into process with pid 2532 and name u'chrome.exe'
2022-11-11 20:15:19,065 [analyzer] DEBUG: Loaded monitor into process with pid 2532
2022-11-11 20:15:20,157 [lib.api.process] ERROR: Failed to dump memory of 64-bit process with pid 2532.
2022-11-11 20:15:21,111 [analyzer] INFO: Process with pid 2532 has terminated
2022-11-11 20:15:21,190 [lib.api.process] ERROR: Failed to dump memory of 64-bit process with pid 1412.
2022-11-11 20:15:21,236 [analyzer] INFO: Added new file to list with pid 1460 and path C:\Program Files\Google\Chrome\Application\debug.log
2022-11-11 20:15:22,111 [analyzer] INFO: Process with pid 1412 has terminated
2022-11-11 20:15:26,970 [analyzer] INFO: Added new file to list with pid 1460 and path \Device\NamedPipe\wkssvc
2022-11-11 20:15:28,579 [analyzer] INFO: Added new file to list with pid 1460 and path C:\Users\Administrator\AppData\Local\Google\Chrome\User Data\Variations
2022-11-11 20:15:33,049 [analyzer] INFO: Injected into process with pid 1824 and name u'chrome.exe'
2022-11-11 20:15:33,502 [analyzer] DEBUG: Loaded monitor into process with pid 1824
2022-11-11 20:15:34,065 [analyzer] INFO: Injected into process with pid 2624 and name u'chrome.exe'
2022-11-11 20:15:34,704 [analyzer] DEBUG: Loaded monitor into process with pid 2624
2022-11-11 20:15:35,049 [analyzer] INFO: Added new file to list with pid 2624 and path \Device\NamedPipe\crashpad_1824_WFCVVSBPJDHHKMDU
2022-11-11 20:15:35,111 [analyzer] INFO: Added new file to list with pid 1824 and path C:\Users\Administrator\AppData\Local\Google\Chrome\User Data\Crashpad\settings.dat
2022-11-11 20:15:49,282 [analyzer] INFO: Injected into process with pid 2560 and name u'chrome.exe'
2022-11-11 20:15:50,954 [analyzer] DEBUG: Loaded monitor into process with pid 2560
2022-11-11 20:15:52,345 [analyzer] INFO: Injected into process with pid 2444 and name u'chrome.exe'
2022-11-11 20:15:54,095 [analyzer] DEBUG: Loaded monitor into process with pid 2444
2022-11-11 20:15:54,892 [analyzer] INFO: Injected into process with pid 2192 and name u'chrome.exe'
2022-11-11 20:15:55,736 [analyzer] DEBUG: Loaded monitor into process with pid 2192
2022-11-11 20:15:57,204 [modules.auxiliary.human] INFO: Found button u'Check online for a solution and close the program', clicking it
2022-11-11 20:15:57,940 [lib.api.process] ERROR: Failed to dump memory of 64-bit process with pid 2192.
2022-11-11 20:15:58,204 [modules.auxiliary.human] INFO: Found button u'Close the program', clicking it
2022-11-11 20:15:58,642 [analyzer] INFO: Process with pid 2192 has terminated
2022-11-11 20:15:59,627 [lib.api.process] ERROR: Failed to dump memory of 64-bit process with pid 2444.
2022-11-11 20:15:59,720 [analyzer] INFO: Process with pid 2444 has terminated
2022-11-11 20:16:13,954 [analyzer] INFO: Process with pid 1824 has terminated
2022-11-11 20:16:15,736 [lib.api.process] ERROR: Failed to dump memory of 64-bit process with pid 2624.
2022-11-11 20:16:15,986 [analyzer] INFO: Process with pid 2624 has terminated
2022-11-11 20:16:19,579 [analyzer] INFO: Injected into process with pid 2172 and name u'cmd.exe'
2022-11-11 20:16:20,595 [analyzer] DEBUG: Loaded monitor into process with pid 2172
2022-11-11 20:16:20,970 [analyzer] INFO: Injected into process with pid 1832 and name u'wannacry.exe'
2022-11-11 20:16:22,454 [analyzer] DEBUG: Loaded monitor into process with pid 1832
2022-11-11 20:16:22,532 [analyzer] INFO: Added new file to list with pid 1832 and path C:\Users\Administrator\Desktop\b.wnry
2022-11-11 20:16:23,079 [analyzer] INFO: Added new file to list with pid 1832 and path C:\Users\Administrator\Desktop\c.wnry
2022-11-11 20:16:23,095 [analyzer] INFO: Added new file to list with pid 1832 and path C:\Users\Administrator\Desktop\msg\m_bulgarian.wnry
2022-11-11 20:16:23,142 [analyzer] INFO: Added new file to list with pid 1832 and path C:\Users\Administrator\Desktop\msg\m_chinese (simplified).wnry
2022-11-11 20:16:23,174 [analyzer] INFO: Added new file to list with pid 1832 and path C:\Users\Administrator\Desktop\msg\m_chinese (traditional).wnry
2022-11-11 20:16:23,252 [analyzer] INFO: Added new file to list with pid 1832 and path C:\Users\Administrator\Desktop\msg\m_croatian.wnry
2022-11-11 20:16:23,299 [analyzer] INFO: Added new file to list with pid 1832 and path C:\Users\Administrator\Desktop\msg\m_czech.wnry
2022-11-11 20:16:23,345 [analyzer] INFO: Added new file to list with pid 1832 and path C:\Users\Administrator\Desktop\msg\m_danish.wnry
2022-11-11 20:16:23,361 [analyzer] INFO: Added new file to list with pid 1832 and path C:\Users\Administrator\Desktop\msg\m_dutch.wnry
2022-11-11 20:16:23,377 [analyzer] INFO: Added new file to list with pid 1832 and path C:\Users\Administrator\Desktop\msg\m_english.wnry
2022-11-11 20:16:23,392 [analyzer] INFO: Added new file to list with pid 1832 and path C:\Users\Administrator\Desktop\msg\m_filipino.wnry
2022-11-11 20:16:23,407 [analyzer] INFO: Added new file to list with pid 1832 and path C:\Users\Administrator\Desktop\msg\m_finnish.wnry
2022-11-11 20:16:23,424 [analyzer] INFO: Added new file to list with pid 1832 and path C:\Users\Administrator\Desktop\msg\m_french.wnry
2022-11-11 20:16:23,440 [analyzer] INFO: Added new file to list with pid 1832 and path C:\Users\Administrator\Desktop\msg\m_german.wnry
2022-11-11 20:16:23,470 [analyzer] INFO: Added new file to list with pid 1832 and path C:\Users\Administrator\Desktop\msg\m_greek.wnry
2022-11-11 20:16:23,502 [analyzer] INFO: Added new file to list with pid 1832 and path C:\Users\Administrator\Desktop\msg\m_indonesian.wnry
2022-11-11 20:16:23,549 [analyzer] INFO: Added new file to list with pid 1832 and path C:\Users\Administrator\Desktop\msg\m_italian.wnry
2022-11-11 20:16:23,565 [analyzer] INFO: Added new file to list with pid 1832 and path C:\Users\Administrator\Desktop\msg\m_japanese.wnry
2022-11-11 20:16:23,595 [analyzer] INFO: Added new file to list with pid 1832 and path C:\Users\Administrator\Desktop\msg\m_korean.wnry
2022-11-11 20:16:23,627 [analyzer] INFO: Added new file to list with pid 1832 and path C:\Users\Administrator\Desktop\msg\m_latvian.wnry
2022-11-11 20:16:23,657 [analyzer] INFO: Added new file to list with pid 1832 and path C:\Users\Administrator\Desktop\msg\m_norwegian.wnry
2022-11-11 20:16:23,674 [analyzer] INFO: Added new file to list with pid 1832 and path C:\Users\Administrator\Desktop\msg\m_polish.wnry
2022-11-11 20:16:23,704 [analyzer] INFO: Added new file to list with pid 1832 and path C:\Users\Administrator\Desktop\msg\m_portuguese.wnry
2022-11-11 20:16:23,720 [analyzer] INFO: Added new file to list with pid 1832 and path C:\Users\Administrator\Desktop\msg\m_romanian.wnry
2022-11-11 20:16:23,767 [analyzer] INFO: Added new file to list with pid 1832 and path C:\Users\Administrator\Desktop\msg\m_russian.wnry
2022-11-11 20:16:23,782 [analyzer] INFO: Added new file to list with pid 1832 and path C:\Users\Administrator\Desktop\msg\m_slovak.wnry
2022-11-11 20:16:23,799 [analyzer] INFO: Added new file to list with pid 1832 and path C:\Users\Administrator\Desktop\msg\m_spanish.wnry
2022-11-11 20:16:23,829 [analyzer] INFO: Added new file to list with pid 1832 and path C:\Users\Administrator\Desktop\msg\m_swedish.wnry
2022-11-11 20:16:23,861 [analyzer] INFO: Added new file to list with pid 1832 and path C:\Users\Administrator\Desktop\msg\m_turkish.wnry
2022-11-11 20:16:23,877 [analyzer] INFO: Added new file to list with pid 1832 and path C:\Users\Administrator\Desktop\msg\m_vietnamese.wnry
2022-11-11 20:16:23,907 [analyzer] INFO: Added new file to list with pid 1832 and path C:\Users\Administrator\Desktop\r.wnry
2022-11-11 20:16:23,907 [analyzer] INFO: Added new file to list with pid 1832 and path C:\Users\Administrator\Desktop\s.wnry
2022-11-11 20:16:24,877 [analyzer] INFO: Added new file to list with pid 1832 and path C:\Users\Administrator\Desktop\t.wnry
2022-11-11 20:16:24,907 [analyzer] INFO: Added new file to list with pid 1832 and path C:\Users\Administrator\Desktop\taskdl.exe
2022-11-11 20:16:24,924 [analyzer] INFO: Added new file to list with pid 1832 and path C:\Users\Administrator\Desktop\taskse.exe
2022-11-11 20:16:24,954 [analyzer] INFO: Added new file to list with pid 1832 and path C:\Users\Administrator\Desktop\u.wnry
2022-11-11 20:16:25,486 [analyzer] INFO: Injected into process with pid 1448 and name u'attrib.exe'
2022-11-11 20:16:26,579 [analyzer] INFO: Injected into process with pid 2764 and name u'icacls.exe'
2022-11-11 20:16:27,502 [analyzer] DEBUG: Loaded monitor into process with pid 1448
2022-11-11 20:16:28,157 [analyzer] DEBUG: Loaded monitor into process with pid 2764
2022-11-11 20:16:28,611 [analyzer] INFO: Added new file to list with pid 1832 and path C:\Users\Administrator\Desktop\00000000.pky
2022-11-11 20:16:28,627 [analyzer] INFO: Added new file to list with pid 1832 and path C:\Users\Administrator\Desktop\00000000.eky
2022-11-11 20:16:28,986 [lib.api.process] INFO: Memory dump of process with pid 1832 completed
2022-11-11 20:16:28,986 [analyzer] INFO: Added new file to list with pid 1832 and path C:\Users\Administrator\Desktop\00000000.res
2022-11-11 20:16:30,299 [analyzer] INFO: Injected into process with pid 2608 and name u'taskdl.exe'
2022-11-11 20:16:30,315 [analyzer] INFO: Added new file to list with pid 1832 and path C:\Users\Administrator\Desktop\82821668218190.bat
2022-11-11 20:16:30,861 [analyzer] DEBUG: Loaded monitor into process with pid 2608
2022-11-11 20:16:32,032 [analyzer] INFO: Injected into process with pid 2760 and name u'cmd.exe'
2022-11-11 20:16:32,032 [analyzer] INFO: Added new file to list with pid 1832 and path C:\Users\Administrator\Desktop\@Please_Read_Me@.txt
2022-11-11 20:16:32,267 [analyzer] INFO: Added new file to list with pid 1832 and path C:\Users\Administrator\Desktop\82821668218190.bat.WNCRYT
2022-11-11 20:16:32,329 [analyzer] ERROR: Pipe command handler exception occurred (command KILL args '1448').
Traceback (most recent call last):
  File "C:/tmpgto74e/analyzer.py", line 405, in dispatch
    response = fn(arguments)
  File "C:/tmpgto74e/analyzer.py", line 339, in _handle_kill
    dump_memory(int(data))
  File "C:\tmpgto74e\lib\common\decide.py", line 11, in dump_memory
    Process(pid=pid).dump_memory()
  File "C:\tmpgto74e\lib\api\process.py", line 579, in dump_memory
    os.unlink(dump_path)
WindowsError: [Error 32] The process cannot access the file because it is being used by another process: 'c:\\users\\admini~1\\appdata\\local\\temp\\tmplaflbm'
2022-11-11 20:16:32,486 [analyzer] INFO: Added new file to list with pid 1832 and path C:\Users\Administrator\Documents\aDLJnfAZhBHJ.txt.WNCRYT
2022-11-11 20:16:32,532 [analyzer] INFO: Added new file to list with pid 1832 and path C:\Users\Administrator\Documents\aDLJnfAZhBHJ.txt
2022-11-11 20:16:32,611 [analyzer] INFO: Process with pid 1448 has terminated
2022-11-11 20:16:32,674 [analyzer] INFO: Added new file to list with pid 1832 and path C:\Users\Administrator\Documents\elTUvRUvXQITv.docx.WNCRYT
2022-11-11 20:16:33,829 [lib.api.process] INFO: Memory dump of process with pid 2764 completed
2022-11-11 20:16:33,907 [analyzer] DEBUG: Loaded monitor into process with pid 2760
2022-11-11 20:16:34,752 [analyzer] INFO: Process with pid 2764 has terminated
2022-11-11 20:16:36,440 [lib.api.process] INFO: Memory dump of process with pid 2608 completed
2022-11-11 20:16:36,845 [analyzer] INFO: Process with pid 2608 has terminated
2022-11-11 20:16:36,877 [analyzer] ERROR: Pipe command handler exception occurred (command KILL args '2172').
Traceback (most recent call last):
  File "C:/tmpgto74e/analyzer.py", line 405, in dispatch
    response = fn(arguments)
  File "C:/tmpgto74e/analyzer.py", line 339, in _handle_kill
    dump_memory(int(data))
  File "C:\tmpgto74e\lib\common\decide.py", line 11, in dump_memory
    Process(pid=pid).dump_memory()
  File "C:\tmpgto74e\lib\api\process.py", line 579, in dump_memory
    os.unlink(dump_path)
WindowsError: [Error 32] The process cannot access the file because it is being used by another process: 'c:\\users\\admini~1\\appdata\\local\\temp\\tmp829evl'
2022-11-11 20:16:37,861 [analyzer] INFO: Process with pid 2172 has terminated
2022-11-11 20:16:39,424 [lib.api.process] INFO: Memory dump of process with pid 2760 completed
2022-11-11 20:16:39,815 [analyzer] INFO: Added new file to list with pid 1832 and path C:\Users\Administrator\Documents\elTUvRUvXQITv.docx
2022-11-11 20:16:39,861 [analyzer] INFO: Added new file to list with pid 1832 and path C:\Users\Administrator\Documents\hbZxJEJVHgIBm.doc.WNCRYT
2022-11-11 20:16:39,907 [analyzer] INFO: Added new file to list with pid 1832 and path C:\Users\Administrator\Documents\hbZxJEJVHgIBm.doc
2022-11-11 20:16:39,970 [analyzer] INFO: Added new file to list with pid 1832 and path C:\Users\Administrator\Documents\ikmqTPFxiVhzO.pptx.WNCRYT
2022-11-11 20:16:39,986 [analyzer] INFO: Process with pid 2760 has terminated
2022-11-11 20:16:40,032 [analyzer] INFO: Added new file to list with pid 1832 and path C:\Users\Administrator\Documents\ikmqTPFxiVhzO.pptx
2022-11-11 20:16:40,065 [analyzer] INFO: Added new file to list with pid 1832 and path C:\Users\Administrator\Documents\jndZftDIbfDmu.docx.WNCRYT
2022-11-11 20:16:40,111 [analyzer] INFO: Added new file to list with pid 1832 and path C:\Users\Administrator\Documents\jndZftDIbfDmu.docx
2022-11-11 20:16:40,157 [analyzer] INFO: Added new file to list with pid 1832 and path C:\Users\Administrator\Documents\MHlnStLapSTq.ppt.WNCRYT
2022-11-11 20:16:40,204 [analyzer] INFO: Added new file to list with pid 1832 and path C:\Users\Administrator\Documents\MHlnStLapSTq.ppt
2022-11-11 20:16:40,236 [analyzer] INFO: Added new file to list with pid 1832 and path C:\Users\Administrator\Documents\PMtOnaVtrR.doc.WNCRYT
2022-11-11 20:16:40,267 [analyzer] INFO: Added new file to list with pid 1832 and path C:\Users\Administrator\Documents\PMtOnaVtrR.doc
2022-11-11 20:16:40,361 [analyzer] INFO: Added new file to list with pid 1832 and path C:\Users\Administrator\Documents\QBqBGqRIzHHm.pptx.WNCRYT
2022-11-11 20:16:40,407 [analyzer] INFO: Added new file to list with pid 1832 and path C:\Users\Administrator\Documents\QBqBGqRIzHHm.pptx
2022-11-11 20:16:40,440 [analyzer] INFO: Added new file to list with pid 1832 and path C:\Users\Administrator\Documents\TVEFmKOgEj.ppt.WNCRYT
2022-11-11 20:16:40,517 [analyzer] INFO: Added new file to list with pid 1832 and path C:\Users\Administrator\Documents\TVEFmKOgEj.ppt
2022-11-11 20:16:40,579 [analyzer] INFO: Added new file to list with pid 1832 and path C:\Users\Administrator\Documents\UXTeByzEQLigV.doc.WNCRYT
2022-11-11 20:16:40,611 [analyzer] INFO: Added new file to list with pid 1832 and path C:\Users\Administrator\Documents\UXTeByzEQLigV.doc
2022-11-11 20:16:40,627 [analyzer] INFO: Added new file to list with pid 1832 and path C:\Users\Administrator\Documents\VinQTDHgXtOvcgeHn.txt.WNCRYT
2022-11-11 20:16:40,674 [analyzer] INFO: Added new file to list with pid 1832 and path C:\Users\Administrator\Documents\VinQTDHgXtOvcgeHn.txt
2022-11-11 20:16:40,704 [analyzer] INFO: Added new file to list with pid 1832 and path C:\Users\Administrator\Documents\zZetkfbqjb.rtf.WNCRYT
2022-11-11 20:16:40,752 [analyzer] INFO: Added new file to list with pid 1832 and path C:\Users\Administrator\Documents\zZetkfbqjb.rtf
2022-11-11 20:16:40,767 [analyzer] INFO: Added new file to list with pid 1832 and path C:\Users\Administrator\Documents\zZYCWXkIYTQ.ppt.WNCRYT
2022-11-11 20:16:40,845 [analyzer] INFO: Added new file to list with pid 1832 and path C:\Users\Administrator\Documents\zZYCWXkIYTQ.ppt
2022-11-11 20:16:41,236 [analyzer] INFO: Added new file to list with pid 1832 and path C:\Python27\LICENSE.txt.WNCRYT
2022-11-11 20:16:41,282 [analyzer] INFO: Added new file to list with pid 1832 and path C:\Python27\NEWS.txt.WNCRYT
2022-11-11 20:16:41,315 [analyzer] INFO: Added new file to list with pid 1832 and path C:\Python27\README.txt.WNCRYT
2022-11-11 20:16:41,861 [analyzer] INFO: Added new file to list with pid 1832 and path C:\Python27\Lib\email\test\data\msg_02.txt.WNCRYT
2022-11-11 20:16:41,907 [analyzer] INFO: Added new file to list with pid 1832 and path C:\Python27\Lib\email\test\data\msg_06.txt.WNCRYT
2022-11-11 20:16:41,940 [analyzer] INFO: Added new file to list with pid 1832 and path C:\Python27\Lib\email\test\data\msg_07.txt.WNCRYT
2022-11-11 20:16:41,970 [analyzer] INFO: Added new file to list with pid 1832 and path C:\Python27\Lib\email\test\data\msg_13.txt.WNCRYT
2022-11-11 20:16:41,986 [analyzer] INFO: Added new file to list with pid 1832 and path C:\Python27\Lib\email\test\data\msg_15.txt.WNCRYT
2022-11-11 20:16:42,017 [analyzer] INFO: Added new file to list with pid 1832 and path C:\Python27\Lib\email\test\data\msg_16.txt.WNCRYT
2022-11-11 20:16:42,049 [analyzer] INFO: Added new file to list with pid 1832 and path C:\Python27\Lib\email\test\data\msg_22.txt.WNCRYT
2022-11-11 20:16:42,065 [analyzer] INFO: Process with pid 2560 has terminated
2022-11-11 20:16:42,079 [analyzer] INFO: Added new file to list with pid 1832 and path C:\Python27\Lib\email\test\data\msg_25.txt.WNCRYT
2022-11-11 20:16:42,111 [analyzer] INFO: Added new file to list with pid 1832 and path C:\Python27\Lib\email\test\data\msg_26.txt.WNCRYT
2022-11-11 20:16:42,127 [analyzer] INFO: Added new file to list with pid 1832 and path C:\Python27\Lib\email\test\data\msg_38.txt.WNCRYT
2022-11-11 20:16:42,157 [analyzer] INFO: Added new file to list with pid 1832 and path C:\Python27\Lib\email\test\data\msg_39.txt.WNCRYT
2022-11-11 20:16:42,174 [analyzer] INFO: Added new file to list with pid 1832 and path C:\Python27\Lib\email\test\data\msg_43.txt.WNCRYT
2022-11-11 20:16:42,299 [analyzer] INFO: Added new file to list with pid 1832 and path C:\Python27\Lib\idlelib\CREDITS.txt.WNCRYT
2022-11-11 20:16:42,315 [analyzer] INFO: Added new file to list with pid 1832 and path C:\Python27\Lib\idlelib\extend.txt.WNCRYT
2022-11-11 20:16:42,345 [analyzer] INFO: Added new file to list with pid 1832 and path C:\Python27\Lib\idlelib\help.txt.WNCRYT
2022-11-11 20:16:42,361 [analyzer] INFO: Added new file to list with pid 1832 and path C:\Python27\Lib\idlelib\HISTORY.txt.WNCRYT
2022-11-11 20:16:42,392 [analyzer] INFO: Added new file to list with pid 1832 and path C:\Python27\Lib\idlelib\NEWS.txt.WNCRYT
2022-11-11 20:16:42,424 [analyzer] INFO: Added new file to list with pid 1832 and path C:\Python27\Lib\idlelib\README.txt.WNCRYT
2022-11-11 20:16:42,440 [analyzer] INFO: Added new file to list with pid 1832 and path C:\Python27\Lib\idlelib\TODO.txt.WNCRYT
2022-11-11 20:16:42,517 [analyzer] INFO: Added new file to list with pid 1832 and path C:\Python27\Lib\idlelib\idle_test\README.txt.WNCRYT
2022-11-11 20:16:42,767 [analyzer] INFO: Added new file to list with pid 1832 and path C:\Python27\Lib\lib2to3\Grammar.txt.WNCRYT
2022-11-11 20:16:43,517 [analyzer] INFO: Added new file to list with pid 1832 and path C:\Python27\Lib\test\cmath_testcases.txt.WNCRYT
2022-11-11 20:16:43,565 [analyzer] INFO: Added new file to list with pid 1832 and path C:\Users\Administrator\Desktop\f.wnry
2022-11-11 20:16:43,579 [analyzer] INFO: Added new file to list with pid 1832 and path C:\Python27\Lib\test\exception_hierarchy.txt.WNCRYT
2022-11-11 20:16:43,627 [analyzer] INFO: Added new file to list with pid 1832 and path C:\Python27\Lib\test\floating_points.txt.WNCRYT
2022-11-11 20:16:43,657 [analyzer] INFO: Added new file to list with pid 1832 and path C:\Python27\Lib\test\formatfloat_testcases.txt.WNCRYT
2022-11-11 20:16:43,736 [analyzer] INFO: Added new file to list with pid 1832 and path C:\Python27\Lib\test\ieee754.txt.WNCRYT
2022-11-11 20:16:43,767 [analyzer] INFO: Added new file to list with pid 1832 and path C:\Python27\Lib\test\math_testcases.txt.WNCRYT
2022-11-11 20:16:43,815 [analyzer] INFO: Added new file to list with pid 1832 and path C:\Python27\Lib\test\tokenize_tests.txt.WNCRYT
2022-11-11 20:16:43,877 [analyzer] INFO: Added new file to list with pid 1832 and path C:\Python27\Lib\test\cjkencodings\euc_jisx0213-utf8.txt.WNCRYT
2022-11-11 20:16:43,892 [analyzer] INFO: Added new file to list with pid 1832 and path C:\Python27\Lib\test\cjkencodings\euc_jp-utf8.txt.WNCRYT
2022-11-11 20:16:43,924 [analyzer] INFO: Added new file to list with pid 1832 and path C:\Python27\Lib\test\cjkencodings\gb18030-utf8.txt.WNCRYT
2022-11-11 20:16:43,940 [analyzer] INFO: Added new file to list with pid 1832 and path C:\Python27\Lib\test\cjkencodings\gbk-utf8.txt.WNCRYT
2022-11-11 20:16:43,954 [analyzer] INFO: Added new file to list with pid 1832 and path C:\Python27\Lib\test\cjkencodings\iso2022_jp-utf8.txt.WNCRYT
2022-11-11 20:16:43,970 [analyzer] INFO: Added new file to list with pid 1832 and path C:\Python27\Lib\test\cjkencodings\shift_jis-utf8.txt.WNCRYT
2022-11-11 20:16:43,986 [analyzer] INFO: Added new file to list with pid 1832 and path C:\Python27\Lib\test\cjkencodings\shift_jisx0213-utf8.txt.WNCRYT
2022-11-11 20:16:44,079 [analyzer] INFO: Added new file to list with pid 1832 and path C:\Python27\Lib\test\leakers\README.txt.WNCRYT
2022-11-11 20:16:44,157 [analyzer] INFO: Analysis timeout hit, terminating analysis.
2022-11-11 20:16:44,657 [analyzer] INFO: Added new file to list with pid 1832 and path C:\Python27\tcl\tcl8.5\msgs\ar.msg.WNCRYT
2022-11-11 20:16:44,674 [analyzer] INFO: Added new file to list with pid 1832 and path C:\Python27\tcl\tcl8.5\msgs\ar_jo.msg.WNCRYT
2022-11-11 20:16:44,704 [analyzer] INFO: Added new file to list with pid 1832 and path C:\Python27\tcl\tcl8.5\msgs\ar_lb.msg.WNCRYT
2022-11-11 20:16:44,736 [analyzer] INFO: Added new file to list with pid 1832 and path C:\Python27\tcl\tcl8.5\msgs\ar_sy.msg.WNCRYT
2022-11-11 20:16:44,752 [analyzer] INFO: Added new file to list with pid 1832 and path C:\Python27\tcl\tcl8.5\msgs\be.msg.WNCRYT
2022-11-11 20:16:44,767 [analyzer] INFO: Added new file to list with pid 1832 and path C:\Python27\tcl\tcl8.5\msgs\bg.msg.WNCRYT
2022-11-11 20:16:44,782 [analyzer] INFO: Added new file to list with pid 1832 and path C:\Python27\tcl\tcl8.5\msgs\bn.msg.WNCRYT
2022-11-11 20:16:44,815 [analyzer] INFO: Added new file to list with pid 1832 and path C:\Python27\tcl\tcl8.5\msgs\ca.msg.WNCRYT
2022-11-11 20:16:44,829 [analyzer] INFO: Added new file to list with pid 1832 and path C:\Python27\tcl\tcl8.5\msgs\cs.msg.WNCRYT
2022-11-11 20:16:44,877 [analyzer] INFO: Added new file to list with pid 1832 and path C:\Python27\tcl\tcl8.5\msgs\da.msg.WNCRYT
2022-11-11 20:16:44,907 [analyzer] INFO: Added new file to list with pid 1832 and path C:\Python27\tcl\tcl8.5\msgs\de.msg.WNCRYT
2022-11-11 20:16:44,924 [analyzer] INFO: Added new file to list with pid 1832 and path C:\Python27\tcl\tcl8.5\msgs\de_be.msg.WNCRYT
2022-11-11 20:16:44,954 [analyzer] INFO: Added new file to list with pid 1832 and path C:\Python27\tcl\tcl8.5\msgs\el.msg.WNCRYT
2022-11-11 20:16:44,970 [analyzer] INFO: Added new file to list with pid 1832 and path C:\Python27\tcl\tcl8.5\msgs\eo.msg.WNCRYT
2022-11-11 20:16:44,986 [analyzer] INFO: Added new file to list with pid 1832 and path C:\Python27\tcl\tcl8.5\msgs\es.msg.WNCRYT
2022-11-11 20:16:45,002 [analyzer] INFO: Added new file to list with pid 1832 and path C:\Python27\tcl\tcl8.5\msgs\et.msg.WNCRYT
2022-11-11 20:16:45,032 [analyzer] INFO: Added new file to list with pid 1832 and path C:\Python27\tcl\tcl8.5\msgs\fa.msg.WNCRYT
2022-11-11 20:16:45,049 [analyzer] INFO: Added new file to list with pid 1832 and path C:\Python27\tcl\tcl8.5\msgs\fa_in.msg.WNCRYT
2022-11-11 20:16:45,065 [analyzer] INFO: Added new file to list with pid 1832 and path C:\Python27\tcl\tcl8.5\msgs\fi.msg.WNCRYT
2022-11-11 20:16:45,079 [analyzer] INFO: Added new file to list with pid 1832 and path C:\Python27\tcl\tcl8.5\msgs\fr.msg.WNCRYT
2022-11-11 20:16:45,111 [analyzer] INFO: Added new file to list with pid 1832 and path C:\Python27\tcl\tcl8.5\msgs\ga.msg.WNCRYT
2022-11-11 20:16:45,142 [analyzer] INFO: Added new file to list with pid 1832 and path C:\Python27\tcl\tcl8.5\msgs\gv.msg.WNCRYT
2022-11-11 20:16:45,157 [analyzer] INFO: Added new file to list with pid 1832 and path C:\Python27\tcl\tcl8.5\msgs\he.msg.WNCRYT
2022-11-11 20:16:45,174 [analyzer] INFO: Added new file to list with pid 1832 and path C:\Python27\tcl\tcl8.5\msgs\hi.msg.WNCRYT
2022-11-11 20:16:45,204 [analyzer] INFO: Added new file to list with pid 1832 and path C:\Python27\tcl\tcl8.5\msgs\hr.msg.WNCRYT
2022-11-11 20:16:45,220 [analyzer] INFO: Added new file to list with pid 1832 and path C:\Python27\tcl\tcl8.5\msgs\hu.msg.WNCRYT
2022-11-11 20:16:45,236 [analyzer] INFO: Added new file to list with pid 1832 and path C:\Python27\tcl\tcl8.5\msgs\is.msg.WNCRYT
2022-11-11 20:16:45,267 [analyzer] INFO: Added new file to list with pid 1832 and path C:\Python27\tcl\tcl8.5\msgs\it.msg.WNCRYT
2022-11-11 20:16:45,282 [analyzer] INFO: Added new file to list with pid 1832 and path C:\Python27\tcl\tcl8.5\msgs\ja.msg.WNCRYT
2022-11-11 20:16:45,299 [analyzer] INFO: Added new file to list with pid 1832 and path C:\Python27\tcl\tcl8.5\msgs\ko.msg.WNCRYT
2022-11-11 20:16:45,329 [analyzer] INFO: Added new file to list with pid 1832 and path C:\Python27\tcl\tcl8.5\msgs\kok.msg.WNCRYT
2022-11-11 20:16:45,345 [analyzer] INFO: Added new file to list with pid 1832 and path C:\Python27\tcl\tcl8.5\msgs\lt.msg.WNCRYT
2022-11-11 20:16:45,361 [analyzer] INFO: Added new file to list with pid 1832 and path C:\Python27\tcl\tcl8.5\msgs\lv.msg.WNCRYT
2022-11-11 20:16:45,392 [analyzer] INFO: Added new file to list with pid 1832 and path C:\Python27\tcl\tcl8.5\msgs\mk.msg.WNCRYT
2022-11-11 20:16:45,407 [analyzer] INFO: Added new file to list with pid 1832 and path C:\Python27\tcl\tcl8.5\msgs\mr.msg.WNCRYT
2022-11-11 20:16:45,424 [analyzer] INFO: Added new file to list with pid 1832 and path C:\Python27\tcl\tcl8.5\msgs\nb.msg.WNCRYT
2022-11-11 20:16:45,454 [analyzer] INFO: Added new file to list with pid 1832 and path C:\Python27\tcl\tcl8.5\msgs\nl.msg.WNCRYT
2022-11-11 20:16:45,502 [analyzer] INFO: Added new file to list with pid 1832 and path C:\Python27\tcl\tcl8.5\msgs\nn.msg.WNCRYT
2022-11-11 20:16:45,532 [analyzer] INFO: Added new file to list with pid 1832 and path C:\Python27\tcl\tcl8.5\msgs\pl.msg.WNCRYT
2022-11-11 20:16:45,549 [analyzer] INFO: Added new file to list with pid 1832 and path C:\Python27\tcl\tcl8.5\msgs\pt.msg.WNCRYT
2022-11-11 20:16:45,579 [analyzer] INFO: Added new file to list with pid 1832 and path C:\Python27\tcl\tcl8.5\msgs\ro.msg.WNCRYT
2022-11-11 20:16:45,611 [analyzer] INFO: Added new file to list with pid 1832 and path C:\Python27\tcl\tcl8.5\msgs\ru.msg.WNCRYT
2022-11-11 20:16:45,627 [analyzer] INFO: Added new file to list with pid 1832 and path C:\Python27\tcl\tcl8.5\msgs\sh.msg.WNCRYT
2022-11-11 20:16:45,657 [analyzer] INFO: Added new file to list with pid 1832 and path C:\Python27\tcl\tcl8.5\msgs\sk.msg.WNCRYT
2022-11-11 20:16:45,704 [analyzer] INFO: Added new file to list with pid 1832 and path C:\Python27\tcl\tcl8.5\msgs\sl.msg.WNCRYT
2022-11-11 20:16:45,720 [analyzer] INFO: Added new file to list with pid 1832 and path C:\Python27\tcl\tcl8.5\msgs\sq.msg.WNCRYT
2022-11-11 20:16:45,752 [analyzer] INFO: Added new file to list with pid 1832 and path C:\Python27\tcl\tcl8.5\msgs\sr.msg.WNCRYT
2022-11-11 20:16:45,767 [analyzer] INFO: Added new file to list with pid 1832 and path C:\Python27\tcl\tcl8.5\msgs\sv.msg.WNCRYT
2022-11-11 20:16:45,799 [analyzer] INFO: Added new file to list with pid 1832 and path C:\Python27\tcl\tcl8.5\msgs\ta.msg.WNCRYT
2022-11-11 20:16:45,815 [analyzer] INFO: Added new file to list with pid 1832 and path C:\Python27\tcl\tcl8.5\msgs\te.msg.WNCRYT
2022-11-11 20:16:45,829 [analyzer] INFO: Added new file to list with pid 1832 and path C:\Python27\tcl\tcl8.5\msgs\th.msg.WNCRYT
2022-11-11 20:16:45,861 [analyzer] INFO: Added new file to list with pid 1832 and path C:\Python27\tcl\tcl8.5\msgs\tr.msg.WNCRYT
2022-11-11 20:16:45,877 [analyzer] INFO: Added new file to list with pid 1832 and path C:\Python27\tcl\tcl8.5\msgs\uk.msg.WNCRYT
2022-11-11 20:16:45,907 [analyzer] INFO: Added new file to list with pid 1832 and path C:\Python27\tcl\tcl8.5\msgs\vi.msg.WNCRYT
2022-11-11 20:16:45,940 [analyzer] INFO: Added new file to list with pid 1832 and path C:\Python27\tcl\tcl8.5\msgs\zh.msg.WNCRYT
2022-11-11 20:16:46,704 [analyzer] INFO: Added new file to list with pid 1832 and path C:\Python27\tcl\tix8.4.3\pref\WmDefault.txt.WNCRYT
2022-11-11 20:16:46,767 [analyzer] INFO: Added new file to list with pid 1832 and path C:\Python27\tcl\tk8.5\demos\en.msg.WNCRYT
2022-11-11 20:16:46,799 [analyzer] INFO: Added new file to list with pid 1832 and path C:\Python27\tcl\tk8.5\demos\nl.msg.WNCRYT
2022-11-11 20:16:46,907 [analyzer] INFO: Added new file to list with pid 1832 and path C:\Python27\tcl\tk8.5\msgs\cs.msg.WNCRYT
2022-11-11 20:16:46,940 [analyzer] INFO: Added new file to list with pid 1832 and path C:\Python27\tcl\tk8.5\msgs\da.msg.WNCRYT
2022-11-11 20:16:46,986 [analyzer] INFO: Added new file to list with pid 1832 and path C:\Python27\tcl\tk8.5\msgs\de.msg.WNCRYT
2022-11-11 20:16:47,002 [analyzer] INFO: Added new file to list with pid 1832 and path C:\Python27\tcl\tk8.5\msgs\el.msg.WNCRYT
2022-11-11 20:16:47,017 [analyzer] INFO: Added new file to list with pid 1832 and path C:\Python27\tcl\tk8.5\msgs\en.msg.WNCRYT
2022-11-11 20:16:47,049 [analyzer] INFO: Added new file to list with pid 1832 and path C:\Python27\tcl\tk8.5\msgs\eo.msg.WNCRYT
2022-11-11 20:16:47,079 [analyzer] INFO: Added new file to list with pid 1832 and path C:\Python27\tcl\tk8.5\msgs\es.msg.WNCRYT
2022-11-11 20:16:47,095 [analyzer] INFO: Added new file to list with pid 1832 and path C:\Python27\tcl\tk8.5\msgs\fr.msg.WNCRYT
2022-11-11 20:16:47,111 [analyzer] INFO: Added new file to list with pid 1832 and path C:\Python27\tcl\tk8.5\msgs\hu.msg.WNCRYT
2022-11-11 20:16:47,142 [analyzer] INFO: Added new file to list with pid 1832 and path C:\Python27\tcl\tk8.5\msgs\it.msg.WNCRYT
2022-11-11 20:16:47,157 [analyzer] INFO: Added new file to list with pid 1832 and path C:\Python27\tcl\tk8.5\msgs\nl.msg.WNCRYT
2022-11-11 20:16:47,174 [analyzer] INFO: Added new file to list with pid 1832 and path C:\Python27\tcl\tk8.5\msgs\pl.msg.WNCRYT
2022-11-11 20:16:47,190 [analyzer] INFO: Added new file to list with pid 1832 and path C:\Python27\tcl\tk8.5\msgs\pt.msg.WNCRYT
2022-11-11 20:16:47,220 [analyzer] INFO: Added new file to list with pid 1832 and path C:\Python27\tcl\tk8.5\msgs\ru.msg.WNCRYT
2022-11-11 20:16:47,236 [analyzer] INFO: Added new file to list with pid 1832 and path C:\Python27\tcl\tk8.5\msgs\sv.msg.WNCRYT
2022-11-11 20:16:47,345 [analyzer] INFO: Added new file to list with pid 1832 and path C:\Python27\Tools\pynche\namedcolors.txt.WNCRYT
2022-11-11 20:16:47,361 [analyzer] INFO: Added new file to list with pid 1832 and path C:\Python27\Tools\pynche\README.txt.WNCRYT
2022-11-11 20:16:47,377 [analyzer] INFO: Added new file to list with pid 1832 and path C:\Python27\Tools\pynche\webcolors.txt.WNCRYT
2022-11-11 20:16:47,392 [analyzer] INFO: Added new file to list with pid 1832 and path C:\Python27\Tools\pynche\websafe.txt.WNCRYT
2022-11-11 20:16:47,440 [analyzer] INFO: Added new file to list with pid 1832 and path C:\Python27\Tools\pynche\X\rgb.txt.WNCRYT
2022-11-11 20:16:47,470 [analyzer] INFO: Added new file to list with pid 1832 and path C:\Python27\Tools\pynche\X\xlicense.txt.WNCRYT
2022-11-11 20:16:47,517 [analyzer] INFO: Added new file to list with pid 1832 and path C:\Python27\Tools\Scripts\README.txt.WNCRYT
2022-11-11 20:16:47,565 [analyzer] INFO: Added new file to list with pid 1832 and path C:\Python27\Tools\versioncheck\README.txt.WNCRYT
2022-11-11 20:16:51,565 [lib.api.process] INFO: Memory dump of process with pid 2424 completed
2022-11-11 20:16:51,565 [lib.api.process] WARNING: The process with pid 1460 is not alive, memory dump aborted
2022-11-11 20:16:52,486 [analyzer] INFO: Injected into process with pid 2948 and name u'chrome.exe'
2022-11-11 20:16:52,940 [analyzer] DEBUG: Loaded monitor into process with pid 2948
2022-11-11 20:16:53,502 [analyzer] INFO: Injected into process with pid 1112 and name u'chrome.exe'
2022-11-11 20:16:53,954 [analyzer] DEBUG: Loaded monitor into process with pid 1112
2022-11-11 20:16:54,736 [analyzer] INFO: Added new file to list with pid 1112 and path \Device\NamedPipe\crashpad_2948_EMMFNMOPRSVFCIGC
2022-11-11 20:16:55,642 [analyzer] INFO: Added new file to list with pid 1832 and path C:\Users\Administrator\AppData\Local\Microsoft\Internet Explorer\brndlog.txt.WNCRYT
2022-11-11 20:16:56,361 [analyzer] INFO: Added new file to list with pid 1832 and path C:\Users\Administrator\AppData\Local\Microsoft\Windows\WER\ReportQueue\AppCrash_chrome.exe_8072a19bd353c849616bf337355be9698188b_cab_0a23786d\WER2DB9.tmp.appcompat.txt.WNCRYT
2022-11-11 20:16:56,782 [analyzer] INFO: Added new file to list with pid 1832 and path C:\Users\Administrator\AppData\Local\Microsoft\Windows Mail\Stationery\Bears.jpg.WNCRYT
2022-11-11 20:16:56,829 [analyzer] INFO: Added new file to list with pid 1832 and path C:\Users\Administrator\AppData\Local\Microsoft\Windows Mail\Stationery\Blue_Gradient.jpg.WNCRYT
2022-11-11 20:16:56,845 [analyzer] INFO: Added new file to list with pid 1832 and path C:\Users\Administrator\AppData\Local\Microsoft\Windows Mail\Stationery\Garden.jpg.WNCRYT
2022-11-11 20:16:56,877 [analyzer] INFO: Added new file to list with pid 1832 and path C:\Users\Administrator\AppData\Local\Microsoft\Windows Mail\Stationery\GreenBubbles.jpg.WNCRYT
2022-11-11 20:16:56,907 [analyzer] INFO: Added new file to list with pid 1832 and path C:\Users\Administrator\AppData\Local\Microsoft\Windows Mail\Stationery\HandPrints.jpg.WNCRYT
2022-11-11 20:16:56,924 [analyzer] INFO: Added new file to list with pid 1832 and path C:\Users\Administrator\AppData\Local\Microsoft\Windows Mail\Stationery\Monet.jpg.WNCRYT
2022-11-11 20:16:56,954 [analyzer] INFO: Added new file to list with pid 1832 and path C:\Users\Administrator\AppData\Local\Microsoft\Windows Mail\Stationery\Notebook.jpg.WNCRYT
2022-11-11 20:16:56,970 [analyzer] INFO: Added new file to list with pid 1832 and path C:\Users\Administrator\AppData\Local\Microsoft\Windows Mail\Stationery\OrangeCircles.jpg.WNCRYT
2022-11-11 20:16:56,986 [analyzer] INFO: Added new file to list with pid 1832 and path C:\Users\Administrator\AppData\Local\Microsoft\Windows Mail\Stationery\Peacock.jpg.WNCRYT
2022-11-11 20:16:57,017 [analyzer] INFO: Added new file to list with pid 1832 and path C:\Users\Administrator\AppData\Local\Microsoft\Windows Mail\Stationery\Pine_Lumber.jpg.WNCRYT
2022-11-11 20:16:57,032 [analyzer] INFO: Added new file to list with pid 1832 and path C:\Users\Administrator\AppData\Local\Microsoft\Windows Mail\Stationery\Pretty_Peacock.jpg.WNCRYT
2022-11-11 20:16:57,065 [analyzer] INFO: Added new file to list with pid 1832 and path C:\Users\Administrator\AppData\Local\Microsoft\Windows Mail\Stationery\Psychedelic.jpg.WNCRYT
2022-11-11 20:16:57,079 [analyzer] INFO: Added new file to list with pid 1832 and path C:\Users\Administrator\AppData\Local\Microsoft\Windows Mail\Stationery\Roses.jpg.WNCRYT
2022-11-11 20:16:57,111 [analyzer] INFO: Added new file to list with pid 1832 and path C:\Users\Administrator\AppData\Local\Microsoft\Windows Mail\Stationery\Sand_Paper.jpg.WNCRYT
2022-11-11 20:16:57,142 [analyzer] INFO: Added new file to list with pid 1832 and path C:\Users\Administrator\AppData\Local\Microsoft\Windows Mail\Stationery\ShadesOfBlue.jpg.WNCRYT
2022-11-11 20:16:57,190 [analyzer] INFO: Added new file to list with pid 1832 and path C:\Users\Administrator\AppData\Local\Microsoft\Windows Mail\Stationery\Small_News.jpg.WNCRYT
2022-11-11 20:16:57,267 [analyzer] INFO: Added new file to list with pid 1832 and path C:\Users\Administrator\AppData\Local\Microsoft\Windows Mail\Stationery\SoftBlue.jpg.WNCRYT
2022-11-11 20:16:57,282 [analyzer] INFO: Added new file to list with pid 1832 and path C:\Users\Administrator\AppData\Local\Microsoft\Windows Mail\Stationery\Stars.jpg.WNCRYT
2022-11-11 20:16:57,361 [analyzer] INFO: Added new file to list with pid 1832 and path C:\Users\Administrator\AppData\Local\Microsoft\Windows Mail\Stationery\Tanspecks.jpg.WNCRYT
2022-11-11 20:16:57,392 [analyzer] INFO: Added new file to list with pid 1832 and path C:\Users\Administrator\AppData\Local\Microsoft\Windows Mail\Stationery\White_Chocolate.jpg.WNCRYT
2022-11-11 20:17:03,315 [lib.api.process] INFO: Memory dump of process with pid 1832 completed
2022-11-11 20:17:04,877 [analyzer] INFO: Added new file to list with pid 1832 and path C:\Users\Administrator\AppData\Roaming\Microsoft\Windows\Themes\TranscodedWallpaper.jpg.WNCRYT
2022-11-11 20:17:05,190 [analyzer] INFO: Added new file to list with pid 1832 and path C:\Users\Administrator\AppData\Roaming\Mozilla\Firefox\Profiles\qdxlcenb.default\AlternateServices.txt.WNCRYT
2022-11-11 20:17:05,236 [analyzer] INFO: Added new file to list with pid 1832 and path C:\Users\Administrator\AppData\Roaming\Mozilla\Firefox\Profiles\qdxlcenb.default\SiteSecurityServiceState.txt.WNCRYT
2022-11-11 20:17:06,815 [analyzer] INFO: Injected into process with pid 860 and name u'taskdl.exe'
2022-11-11 20:17:09,190 [analyzer] DEBUG: Loaded monitor into process with pid 860
2022-11-11 20:17:09,377 [lib.api.process] ERROR: Failed to dump memory of 64-bit process with pid 2948.
2022-11-11 20:17:10,657 [analyzer] INFO: Injected into process with pid 2020 and name u'cmd.exe'
2022-11-11 20:17:11,782 [analyzer] DEBUG: Loaded monitor into process with pid 2020
2022-11-11 20:17:13,204 [analyzer] INFO: Injected into process with pid 1384 and name u'notepad.exe'
2022-11-11 20:17:13,220 [analyzer] ERROR: Pipe command handler exception occurred (command KILL args '860').
Traceback (most recent call last):
  File "C:/tmpgto74e/analyzer.py", line 405, in dispatch
    response = fn(arguments)
  File "C:/tmpgto74e/analyzer.py", line 339, in _handle_kill
    dump_memory(int(data))
  File "C:\tmpgto74e\lib\common\decide.py", line 11, in dump_memory
    Process(pid=pid).dump_memory()
  File "C:\tmpgto74e\lib\api\process.py", line 579, in dump_memory
    os.unlink(dump_path)
WindowsError: [Error 32] The process cannot access the file because it is being used by another process: 'c:\\users\\admini~1\\appdata\\local\\temp\\tmp31xkaj'
2022-11-11 20:17:13,907 [analyzer] INFO: Added new file to list with pid 1832 and path C:\ProgramData\Microsoft\Windows NT\MSScan\WelcomeScan.jpg.WNCRYT
2022-11-11 20:17:14,454 [analyzer] DEBUG: Loaded monitor into process with pid 1384
2022-11-11 20:17:16,815 [analyzer] INFO: Added new file to list with pid 1832 and path C:\Users\Public\Pictures\Sample Pictures\Chrysanthemum.jpg.WNCRYT
2022-11-11 20:17:16,877 [analyzer] INFO: Added new file to list with pid 1832 and path C:\Users\Public\Pictures\Sample Pictures\Desert.jpg.WNCRYT
2022-11-11 20:17:16,940 [analyzer] INFO: Added new file to list with pid 1832 and path C:\Users\Public\Pictures\Sample Pictures\Hydrangeas.jpg.WNCRYT
2022-11-11 20:17:17,002 [analyzer] INFO: Added new file to list with pid 1832 and path C:\Users\Public\Pictures\Sample Pictures\Jellyfish.jpg.WNCRYT
2022-11-11 20:17:17,049 [analyzer] INFO: Added new file to list with pid 1832 and path C:\Users\Public\Pictures\Sample Pictures\Koala.jpg.WNCRYT
2022-11-11 20:17:17,111 [analyzer] INFO: Added new file to list with pid 1832 and path C:\Users\Public\Pictures\Sample Pictures\Lighthouse.jpg.WNCRYT
2022-11-11 20:17:17,127 [lib.api.process] ERROR: Failed to dump memory of 64-bit process with pid 1112.
2022-11-11 20:17:17,127 [lib.api.process] WARNING: The process with pid 860 is not alive, memory dump aborted
2022-11-11 20:17:17,157 [analyzer] INFO: Added new file to list with pid 1832 and path C:\Users\Public\Pictures\Sample Pictures\Penguins.jpg.WNCRYT
2022-11-11 20:17:17,252 [analyzer] INFO: Added new file to list with pid 1832 and path C:\Users\Public\Pictures\Sample Pictures\Tulips.jpg.WNCRYT
2022-11-11 20:17:17,690 [analyzer] INFO: Added new file to list with pid 1832 and path C:\Python27\include\abstract.h.WNCRYT
2022-11-11 20:17:17,736 [analyzer] INFO: Added new file to list with pid 1832 and path C:\Python27\include\asdl.h.WNCRYT
2022-11-11 20:17:17,767 [analyzer] INFO: Added new file to list with pid 1832 and path C:\Python27\include\bytearrayobject.h.WNCRYT
2022-11-11 20:17:17,782 [analyzer] INFO: Added new file to list with pid 1832 and path C:\Python27\include\bytesobject.h.WNCRYT
2022-11-11 20:17:17,799 [analyzer] INFO: Added new file to list with pid 1832 and path C:\Python27\include\bytes_methods.h.WNCRYT
2022-11-11 20:17:17,815 [analyzer] INFO: Added new file to list with pid 1832 and path C:\Python27\include\ceval.h.WNCRYT
2022-11-11 20:17:17,861 [analyzer] INFO: Added new file to list with pid 1832 and path C:\Python27\include\classobject.h.WNCRYT
2022-11-11 20:17:17,892 [analyzer] INFO: Added new file to list with pid 1832 and path C:\Python27\include\cobject.h.WNCRYT
2022-11-11 20:17:17,924 [analyzer] INFO: Added new file to list with pid 1832 and path C:\Python27\include\code.h.WNCRYT
2022-11-11 20:17:17,940 [analyzer] INFO: Added new file to list with pid 1832 and path C:\Python27\include\codecs.h.WNCRYT
2022-11-11 20:17:17,986 [analyzer] INFO: Added new file to list with pid 1832 and path C:\Python27\include\compile.h.WNCRYT
2022-11-11 20:17:18,002 [analyzer] INFO: Added new file to list with pid 1832 and path C:\Python27\include\complexobject.h.WNCRYT
2022-11-11 20:17:18,032 [analyzer] INFO: Added new file to list with pid 1832 and path C:\Python27\include\cStringIO.h.WNCRYT
2022-11-11 20:17:18,095 [analyzer] INFO: Added new file to list with pid 1832 and path C:\Python27\include\datetime.h.WNCRYT
2022-11-11 20:17:18,111 [analyzer] INFO: Added new file to list with pid 1832 and path C:\Python27\include\descrobject.h.WNCRYT
2022-11-11 20:17:18,204 [analyzer] INFO: Added new file to list with pid 1832 and path C:\Python27\include\dictobject.h.WNCRYT
2022-11-11 20:17:18,252 [analyzer] INFO: Added new file to list with pid 1832 and path C:\Python27\include\errcode.h.WNCRYT
2022-11-11 20:17:18,267 [analyzer] INFO: Added new file to list with pid 1832 and path C:\Python27\include\fileobject.h.WNCRYT
2022-11-11 20:17:18,329 [analyzer] INFO: Added new file to list with pid 1832 and path C:\Python27\include\floatobject.h.WNCRYT
2022-11-11 20:17:18,361 [analyzer] INFO: Added new file to list with pid 1832 and path C:\Python27\include\frameobject.h.WNCRYT
2022-11-11 20:17:18,392 [analyzer] INFO: Added new file to list with pid 1832 and path C:\Python27\include\funcobject.h.WNCRYT
2022-11-11 20:17:18,424 [analyzer] INFO: Added new file to list with pid 1832 and path C:\Python27\include\graminit.h.WNCRYT
2022-11-11 20:17:18,440 [analyzer] INFO: Added new file to list with pid 1832 and path C:\Python27\include\grammar.h.WNCRYT
2022-11-11 20:17:18,470 [analyzer] INFO: Added new file to list with pid 1832 and path C:\Python27\include\import.h.WNCRYT
2022-11-11 20:17:18,486 [analyzer] INFO: Added new file to list with pid 1832 and path C:\Python27\include\intobject.h.WNCRYT
2022-11-11 20:17:18,517 [analyzer] INFO: Added new file to list with pid 1832 and path C:\Python27\include\listobject.h.WNCRYT
2022-11-11 20:17:18,532 [analyzer] INFO: Added new file to list with pid 1832 and path C:\Python27\include\longintrepr.h.WNCRYT
2022-11-11 20:17:18,565 [analyzer] INFO: Added new file to list with pid 1832 and path C:\Python27\include\longobject.h.WNCRYT
2022-11-11 20:17:18,595 [analyzer] INFO: Added new file to list with pid 1832 and path C:\Python27\include\memoryobject.h.WNCRYT
2022-11-11 20:17:18,611 [analyzer] INFO: Added new file to list with pid 1832 and path C:\Python27\include\methodobject.h.WNCRYT
2022-11-11 20:17:18,627 [analyzer] INFO: Added new file to list with pid 1832 and path C:\Python27\include\modsupport.h.WNCRYT
2022-11-11 20:17:18,674 [analyzer] INFO: Added new file to list with pid 1832 and path C:\Python27\include\object.h.WNCRYT
2022-11-11 20:17:18,704 [analyzer] INFO: Added new file to list with pid 1832 and path C:\Python27\include\objimpl.h.WNCRYT
2022-11-11 20:17:18,767 [analyzer] INFO: Added new file to list with pid 1832 and path C:\Python27\include\opcode.h.WNCRYT
2022-11-11 20:17:18,799 [analyzer] INFO: Added new file to list with pid 1832 and path C:\Python27\include\osdefs.h.WNCRYT
2022-11-11 20:17:18,815 [analyzer] INFO: Added new file to list with pid 1832 and path C:\Python27\include\parsetok.h.WNCRYT
2022-11-11 20:17:18,829 [analyzer] INFO: Added new file to list with pid 1832 and path C:\Python27\include\patchlevel.h.WNCRYT
2022-11-11 20:17:18,861 [analyzer] INFO: Added new file to list with pid 1832 and path C:\Python27\include\pgenheaders.h.WNCRYT
2022-11-11 20:17:18,877 [analyzer] INFO: Added new file to list with pid 1832 and path C:\Python27\include\pyarena.h.WNCRYT
2022-11-11 20:17:18,986 [analyzer] INFO: Added new file to list with pid 1832 and path C:\Python27\include\pycapsule.h.WNCRYT
2022-11-11 20:17:19,032 [analyzer] INFO: Added new file to list with pid 1832 and path C:\Python27\include\pyconfig.h.WNCRYT
2022-11-11 20:17:19,095 [analyzer] INFO: Added new file to list with pid 1832 and path C:\Python27\include\pyctype.h.WNCRYT
2022-11-11 20:17:19,142 [analyzer] INFO: Added new file to list with pid 1832 and path C:\Python27\include\pydebug.h.WNCRYT
2022-11-11 20:17:19,157 [analyzer] INFO: Added new file to list with pid 1832 and path C:\Python27\include\pyerrors.h.WNCRYT
2022-11-11 20:17:19,190 [analyzer] INFO: Added new file to list with pid 1832 and path C:\Python27\include\pyexpat.h.WNCRYT
2022-11-11 20:17:19,220 [analyzer] INFO: Added new file to list with pid 1832 and path C:\Python27\include\pyfpe.h.WNCRYT
2022-11-11 20:17:19,236 [analyzer] INFO: Added new file to list with pid 1832 and path C:\Python27\include\pymacconfig.h.WNCRYT
2022-11-11 20:17:19,252 [analyzer] INFO: Added new file to list with pid 1832 and path C:\Python27\include\pymactoolbox.h.WNCRYT
2022-11-11 20:17:19,282 [analyzer] INFO: Added new file to list with pid 1832 and path C:\Python27\include\pymath.h.WNCRYT
2022-11-11 20:17:19,315 [analyzer] INFO: Added new file to list with pid 1832 and path C:\Python27\include\pymem.h.WNCRYT
2022-11-11 20:17:19,329 [analyzer] INFO: Added new file to list with pid 1832 and path C:\Python27\include\pyport.h.WNCRYT
2022-11-11 20:17:19,361 [analyzer] INFO: Added new file to list with pid 1832 and path C:\Python27\include\pystate.h.WNCRYT
2022-11-11 20:17:19,392 [analyzer] INFO: Added new file to list with pid 1832 and path C:\Python27\include\pystrtod.h.WNCRYT
2022-11-11 20:17:19,407 [analyzer] INFO: Added new file to list with pid 1832 and path C:\Python27\include\Python-ast.h.WNCRYT
2022-11-11 20:17:19,424 [analyzer] INFO: Added new file to list with pid 1832 and path C:\Python27\include\Python.h.WNCRYT
2022-11-11 20:17:19,440 [analyzer] INFO: Added new file to list with pid 1832 and path C:\Python27\include\pythonrun.h.WNCRYT
2022-11-11 20:17:19,502 [analyzer] INFO: Added new file to list with pid 1832 and path C:\Python27\include\pythread.h.WNCRYT
2022-11-11 20:17:19,517 [analyzer] INFO: Added new file to list with pid 1832 and path C:\Python27\include\py_curses.h.WNCRYT
2022-11-11 20:17:19,532 [analyzer] INFO: Added new file to list with pid 1832 and path C:\Python27\include\setobject.h.WNCRYT
2022-11-11 20:17:19,611 [analyzer] INFO: Added new file to list with pid 1832 and path C:\Python27\include\sliceobject.h.WNCRYT
2022-11-11 20:17:19,642 [analyzer] INFO: Added new file to list with pid 1832 and path C:\Python27\include\stringobject.h.WNCRYT
2022-11-11 20:17:19,657 [analyzer] INFO: Added new file to list with pid 1832 and path C:\Python27\include\structmember.h.WNCRYT
2022-11-11 20:17:19,704 [analyzer] INFO: Added new file to list with pid 1832 and path C:\Python27\include\symtable.h.WNCRYT
2022-11-11 20:17:19,752 [analyzer] INFO: Added new file to list with pid 1832 and path C:\Python27\include\token.h.WNCRYT
2022-11-11 20:17:19,782 [analyzer] INFO: Added new file to list with pid 1832 and path C:\Python27\include\tupleobject.h.WNCRYT
2022-11-11 20:17:19,829 [analyzer] INFO: Added new file to list with pid 1832 and path C:\Python27\include\unicodeobject.h.WNCRYT
2022-11-11 20:17:19,861 [analyzer] INFO: Added new file to list with pid 1832 and path C:\Python27\include\weakrefobject.h.WNCRYT
2022-11-11 20:17:19,940 [analyzer] INFO: Added new file to list with pid 1832 and path C:\Python27\Lib\test\185test.db.WNCRYT
2022-11-11 20:17:20,002 [analyzer] INFO: Added new file to list with pid 1832 and path C:\Python27\Lib\test\badcert.pem.WNCRYT
2022-11-11 20:17:20,065 [analyzer] INFO: Added new file to list with pid 1832 and path C:\Python27\Lib\test\badkey.pem.WNCRYT
2022-11-11 20:17:20,095 [analyzer] INFO: Added new file to list with pid 1832 and path C:\Python27\Lib\test\https_svn_python_org_root.pem.WNCRYT
2022-11-11 20:17:20,174 [analyzer] INFO: Added new file to list with pid 1832 and path C:\Python27\Lib\test\keycert.pem.WNCRYT
2022-11-11 20:17:20,252 [analyzer] INFO: Added new file to list with pid 1832 and path C:\Python27\Lib\test\nokia.pem.WNCRYT
2022-11-11 20:17:20,282 [analyzer] INFO: Added new file to list with pid 1832 and path C:\Python27\Lib\test\nullbytecert.pem.WNCRYT
2022-11-11 20:17:20,315 [analyzer] INFO: Added new file to list with pid 1832 and path C:\Python27\Lib\test\sha256.pem.WNCRYT
2022-11-11 20:17:20,345 [analyzer] INFO: Added new file to list with pid 1832 and path C:\Python27\Lib\test\testtar.tar.WNCRYT
2022-11-11 20:17:20,377 [analyzer] INFO: Added new file to list with pid 1832 and path C:\Python27\Lib\test\wrongcert.pem.WNCRYT
2022-11-11 20:17:20,407 [analyzer] INFO: Added new file to list with pid 1832 and path C:\Python27\tcl\tclConfig.sh.WNCRYT
2022-11-11 20:17:20,440 [analyzer] INFO: Added new file to list with pid 1832 and path C:\Python27\tcl\tix8.4.3\demos\bitmaps\tix.gif.WNCRYT
2022-11-11 20:17:20,470 [analyzer] INFO: Added new file to list with pid 1832 and path C:\Python27\tcl\tix8.4.3\pref\Bisque.cs.WNCRYT
2022-11-11 20:17:20,486 [analyzer] INFO: Added new file to list with pid 1832 and path C:\Python27\tcl\tix8.4.3\pref\Blue.cs.WNCRYT
2022-11-11 20:17:20,517 [analyzer] INFO: Added new file to list with pid 1832 and path C:\Python27\tcl\tix8.4.3\pref\Gray.cs.WNCRYT
2022-11-11 20:17:20,532 [analyzer] INFO: Added new file to list with pid 1832 and path C:\Python27\tcl\tix8.4.3\pref\SGIGray.cs.WNCRYT
2022-11-11 20:17:20,565 [analyzer] INFO: Added new file to list with pid 1832 and path C:\Python27\tcl\tix8.4.3\pref\TixGray.cs.WNCRYT
2022-11-11 20:17:20,595 [analyzer] INFO: Added new file to list with pid 1832 and path C:\Python27\tcl\tix8.4.3\pref\TkWin.cs.WNCRYT
2022-11-11 20:17:20,611 [analyzer] INFO: Added new file to list with pid 1832 and path C:\Python27\tcl\tix8.4.3\pref\WmDefault.cs.WNCRYT
2022-11-11 20:17:20,642 [analyzer] INFO: Added new file to list with pid 1832 and path C:\Python27\tcl\tk8.5\demos\images\earth.gif.WNCRYT
2022-11-11 20:17:20,674 [analyzer] INFO: Added new file to list with pid 1832 and path C:\Python27\tcl\tk8.5\demos\images\earthris.gif.WNCRYT
2022-11-11 20:17:20,690 [analyzer] INFO: Added new file to list with pid 1832 and path C:\Python27\tcl\tk8.5\demos\images\tcllogo.gif.WNCRYT
2022-11-11 20:17:20,720 [analyzer] INFO: Added new file to list with pid 1832 and path C:\Python27\tcl\tk8.5\images\logo100.gif.WNCRYT
2022-11-11 20:17:20,752 [analyzer] INFO: Added new file to list with pid 1832 and path C:\Python27\tcl\tk8.5\images\logo64.gif.WNCRYT
2022-11-11 20:17:20,767 [analyzer] INFO: Added new file to list with pid 1832 and path C:\Python27\tcl\tk8.5\images\logoLarge.gif.WNCRYT
2022-11-11 20:17:20,799 [analyzer] INFO: Added new file to list with pid 1832 and path C:\Python27\tcl\tk8.5\images\logoMed.gif.WNCRYT
2022-11-11 20:17:20,845 [analyzer] INFO: Added new file to list with pid 1832 and path C:\Python27\tcl\tk8.5\images\pwrdLogo100.gif.WNCRYT
2022-11-11 20:17:20,907 [analyzer] INFO: Added new file to list with pid 1832 and path C:\Python27\tcl\tk8.5\images\pwrdLogo150.gif.WNCRYT
2022-11-11 20:17:20,940 [analyzer] INFO: Added new file to list with pid 1832 and path C:\Python27\tcl\tk8.5\images\pwrdLogo175.gif.WNCRYT
2022-11-11 20:17:20,970 [analyzer] INFO: Added new file to list with pid 1832 and path C:\Python27\tcl\tk8.5\images\pwrdLogo200.gif.WNCRYT
2022-11-11 20:17:21,017 [analyzer] INFO: Added new file to list with pid 1832 and path C:\Python27\tcl\tk8.5\images\pwrdLogo75.gif.WNCRYT
2022-11-11 20:17:21,032 [analyzer] INFO: Added new file to list with pid 1832 and path C:\Python27\tcl\tk8.5\images\tai-ku.gif.WNCRYT
2022-11-11 20:17:21,049 [analyzer] INFO: Added new file to list with pid 1832 and path C:\Users\Administrator\AppData\Local\IconCache.db.WNCRYT
2022-11-11 20:17:21,111 [analyzer] INFO: Added new file to list with pid 1832 and path C:\Users\Administrator\AppData\Local\Google\Chrome\User Data\Default\heavy_ad_intervention_opt_out.db.WNCRYT
2022-11-11 20:17:21,157 [analyzer] INFO: Added new file to list with pid 1832 and path C:\Users\Administrator\AppData\Local\Google\Chrome\User Data\Default\Extensions\ghbmnnjooekpmoecnnnilnnbdlolhkhi\1.47.0_0\128.png.WNCRYT
2022-11-11 20:17:21,174 [analyzer] INFO: Added new file to list with pid 1832 and path C:\Users\Administrator\AppData\Local\Google\Chrome\User Data\Default\Extensions\ghbmnnjooekpmoecnnnilnnbdlolhkhi\1.47.0_0\eventpage_bin_prod.js.WNCRYT
2022-11-11 20:17:21,204 [analyzer] INFO: Added new file to list with pid 1832 and path C:\Users\Administrator\AppData\Local\Google\Chrome\User Data\Default\Extensions\nmmhkkegccagdldgiimedpiccmgmieda\1.0.0.6_0\craw_background.js.WNCRYT
2022-11-11 20:17:21,267 [analyzer] INFO: Added new file to list with pid 1832 and path C:\Users\Administrator\AppData\Local\Google\Chrome\User Data\Default\Extensions\nmmhkkegccagdldgiimedpiccmgmieda\1.0.0.6_0\craw_window.js.WNCRYT
2022-11-11 20:17:21,299 [analyzer] INFO: Added new file to list with pid 1832 and path C:\Users\Administrator\AppData\Local\Google\Chrome\User Data\Default\Extensions\nmmhkkegccagdldgiimedpiccmgmieda\1.0.0.6_0\images\flapper.gif.WNCRYT
2022-11-11 20:17:21,329 [analyzer] INFO: Added new file to list with pid 1832 and path C:\Users\Administrator\AppData\Local\Google\Chrome\User Data\Default\Extensions\nmmhkkegccagdldgiimedpiccmgmieda\1.0.0.6_0\images\icon_128.png.WNCRYT
2022-11-11 20:17:21,377 [analyzer] INFO: Added new file to list with pid 1832 and path C:\Users\Administrator\AppData\Local\Google\Chrome\User Data\Default\Web Applications\Manifest Resources\aghbiahbpaijignceidepookljebhfak\Icons\128.png.WNCRYT
2022-11-11 20:17:21,392 [analyzer] INFO: Added new file to list with pid 1832 and path C:\Users\Administrator\AppData\Local\Google\Chrome\User Data\Default\Web Applications\Manifest Resources\aghbiahbpaijignceidepookljebhfak\Icons\192.png.WNCRYT
2022-11-11 20:17:21,424 [analyzer] INFO: Added new file to list with pid 1832 and path C:\Users\Administrator\AppData\Local\Google\Chrome\User Data\Default\Web Applications\Manifest Resources\aghbiahbpaijignceidepookljebhfak\Icons\256.png.WNCRYT
2022-11-11 20:17:21,454 [analyzer] INFO: Added new file to list with pid 1832 and path C:\Users\Administrator\AppData\Local\Google\Chrome\User Data\Default\Web Applications\Manifest Resources\aghbiahbpaijignceidepookljebhfak\Icons\32.png.WNCRYT
2022-11-11 20:17:21,486 [analyzer] INFO: Added new file to list with pid 1832 and path C:\Users\Administrator\AppData\Local\Google\Chrome\User Data\Default\Web Applications\Manifest Resources\aghbiahbpaijignceidepookljebhfak\Icons\48.png.WNCRYT
2022-11-11 20:17:21,502 [analyzer] INFO: Added new file to list with pid 1832 and path C:\Users\Administrator\AppData\Local\Google\Chrome\User Data\Default\Web Applications\Manifest Resources\aghbiahbpaijignceidepookljebhfak\Icons\64.png.WNCRYT
2022-11-11 20:17:21,549 [analyzer] INFO: Added new file to list with pid 1832 and path C:\Users\Administrator\AppData\Local\Google\Chrome\User Data\Default\Web Applications\Manifest Resources\aghbiahbpaijignceidepookljebhfak\Icons\96.png.WNCRYT
2022-11-11 20:17:21,565 [analyzer] INFO: Added new file to list with pid 1832 and path C:\Users\Administrator\AppData\Local\Google\Chrome\User Data\Default\Web Applications\Manifest Resources\agimnkijcaahngcdmfeangaknmldooml\Icons\128.png.WNCRYT
2022-11-11 20:17:21,595 [analyzer] INFO: Added new file to list with pid 1832 and path C:\Users\Administrator\AppData\Local\Google\Chrome\User Data\Default\Web Applications\Manifest Resources\agimnkijcaahngcdmfeangaknmldooml\Icons\192.png.WNCRYT
2022-11-11 20:17:21,627 [analyzer] INFO: Added new file to list with pid 1832 and path C:\Users\Administrator\AppData\Local\Google\Chrome\User Data\Default\Web Applications\Manifest Resources\agimnkijcaahngcdmfeangaknmldooml\Icons\256.png.WNCRYT
2022-11-11 20:17:21,657 [analyzer] INFO: Added new file to list with pid 1832 and path C:\Users\Administrator\AppData\Local\Google\Chrome\User Data\Default\Web Applications\Manifest Resources\agimnkijcaahngcdmfeangaknmldooml\Icons\32.png.WNCRYT
2022-11-11 20:17:21,704 [analyzer] INFO: Added new file to list with pid 1832 and path C:\Users\Administrator\AppData\Local\Google\Chrome\User Data\Default\Web Applications\Manifest Resources\agimnkijcaahngcdmfeangaknmldooml\Icons\48.png.WNCRYT
2022-11-11 20:17:21,752 [analyzer] INFO: Added new file to list with pid 1832 and path C:\Users\Administrator\AppData\Local\Google\Chrome\User Data\Default\Web Applications\Manifest Resources\agimnkijcaahngcdmfeangaknmldooml\Icons\64.png.WNCRYT
2022-11-11 20:17:21,767 [analyzer] INFO: Added new file to list with pid 1832 and path C:\Users\Administrator\AppData\Local\Google\Chrome\User Data\Default\Web Applications\Manifest Resources\agimnkijcaahngcdmfeangaknmldooml\Icons\96.png.WNCRYT
2022-11-11 20:17:21,845 [analyzer] INFO: Added new file to list with pid 1832 and path C:\Users\Administrator\AppData\Local\Google\Chrome\User Data\Default\Web Applications\Manifest Resources\fhihpiojkbmbpdjeoajapmgkhlnakfjf\Icons\128.png.WNCRYT
2022-11-11 20:17:21,940 [analyzer] INFO: Added new file to list with pid 1832 and path C:\Users\Administrator\AppData\Local\Google\Chrome\User Data\Default\Web Applications\Manifest Resources\fhihpiojkbmbpdjeoajapmgkhlnakfjf\Icons\192.png.WNCRYT
2022-11-11 20:17:21,954 [analyzer] INFO: Added new file to list with pid 1832 and path C:\Users\Administrator\AppData\Local\Google\Chrome\User Data\Default\Web Applications\Manifest Resources\fhihpiojkbmbpdjeoajapmgkhlnakfjf\Icons\256.png.WNCRYT
2022-11-11 20:17:22,002 [analyzer] INFO: Added new file to list with pid 1832 and path C:\Users\Administrator\AppData\Local\Google\Chrome\User Data\Default\Web Applications\Manifest Resources\fhihpiojkbmbpdjeoajapmgkhlnakfjf\Icons\32.png.WNCRYT
2022-11-11 20:17:22,032 [analyzer] INFO: Added new file to list with pid 1832 and path C:\Users\Administrator\AppData\Local\Google\Chrome\User Data\Default\Web Applications\Manifest Resources\fhihpiojkbmbpdjeoajapmgkhlnakfjf\Icons\48.png.WNCRYT
2022-11-11 20:17:22,065 [analyzer] INFO: Added new file to list with pid 1832 and path C:\Users\Administrator\AppData\Local\Google\Chrome\User Data\Default\Web Applications\Manifest Resources\fhihpiojkbmbpdjeoajapmgkhlnakfjf\Icons\64.png.WNCRYT
2022-11-11 20:17:22,095 [analyzer] INFO: Added new file to list with pid 1832 and path C:\Users\Administrator\AppData\Local\Google\Chrome\User Data\Default\Web Applications\Manifest Resources\fhihpiojkbmbpdjeoajapmgkhlnakfjf\Icons\96.png.WNCRYT
2022-11-11 20:17:22,127 [analyzer] INFO: Added new file to list with pid 1832 and path C:\Users\Administrator\AppData\Local\Google\Chrome\User Data\Default\Web Applications\Manifest Resources\fmgjjmmmlfnkbppncabfkddbjimcfncm\Icons\128.png.WNCRYT
2022-11-11 20:17:22,157 [analyzer] INFO: Added new file to list with pid 1832 and path C:\Users\Administrator\AppData\Local\Google\Chrome\User Data\Default\Web Applications\Manifest Resources\fmgjjmmmlfnkbppncabfkddbjimcfncm\Icons\192.png.WNCRYT
2022-11-11 20:17:22,190 [analyzer] INFO: Added new file to list with pid 1832 and path C:\Users\Administrator\AppData\Local\Google\Chrome\User Data\Default\Web Applications\Manifest Resources\fmgjjmmmlfnkbppncabfkddbjimcfncm\Icons\256.png.WNCRYT
2022-11-11 20:17:22,220 [analyzer] INFO: Added new file to list with pid 1832 and path C:\Users\Administrator\AppData\Local\Google\Chrome\User Data\Default\Web Applications\Manifest Resources\fmgjjmmmlfnkbppncabfkddbjimcfncm\Icons\32.png.WNCRYT
2022-11-11 20:17:22,236 [analyzer] INFO: Added new file to list with pid 1832 and path C:\Users\Administrator\AppData\Local\Google\Chrome\User Data\Default\Web Applications\Manifest Resources\fmgjjmmmlfnkbppncabfkddbjimcfncm\Icons\48.png.WNCRYT
2022-11-11 20:17:22,267 [analyzer] INFO: Added new file to list with pid 1832 and path C:\Users\Administrator\AppData\Local\Google\Chrome\User Data\Default\Web Applications\Manifest Resources\fmgjjmmmlfnkbppncabfkddbjimcfncm\Icons\64.png.WNCRYT
2022-11-11 20:17:22,299 [analyzer] INFO: Added new file to list with pid 1832 and path C:\Users\Administrator\AppData\Local\Google\Chrome\User Data\Default\Web Applications\Manifest Resources\fmgjjmmmlfnkbppncabfkddbjimcfncm\Icons\96.png.WNCRYT
2022-11-11 20:17:22,377 [analyzer] INFO: Added new file to list with pid 1832 and path C:\Users\Administrator\AppData\Local\Google\Chrome\User Data\Default\Web Applications\Manifest Resources\kefjledonklijopmnomlcbpllchaibag\Icons\128.png.WNCRYT
2022-11-11 20:17:22,392 [analyzer] INFO: Added new file to list with pid 1832 and path C:\Users\Administrator\AppData\Local\Google\Chrome\User Data\Default\Web Applications\Manifest Resources\kefjledonklijopmnomlcbpllchaibag\Icons\192.png.WNCRYT
2022-11-11 20:17:22,424 [analyzer] INFO: Added new file to list with pid 1832 and path C:\Users\Administrator\AppData\Local\Google\Chrome\User Data\Default\Web Applications\Manifest Resources\kefjledonklijopmnomlcbpllchaibag\Icons\256.png.WNCRYT
2022-11-11 20:17:22,454 [analyzer] INFO: Added new file to list with pid 1832 and path C:\Users\Administrator\AppData\Local\Google\Chrome\User Data\Default\Web Applications\Manifest Resources\kefjledonklijopmnomlcbpllchaibag\Icons\48.png.WNCRYT
2022-11-11 20:17:22,486 [analyzer] INFO: Added new file to list with pid 1832 and path C:\Users\Administrator\AppData\Local\Google\Chrome\User Data\Default\Web Applications\Manifest Resources\kefjledonklijopmnomlcbpllchaibag\Icons\64.png.WNCRYT
2022-11-11 20:17:22,502 [analyzer] INFO: Added new file to list with pid 1832 and path C:\Users\Administrator\AppData\Local\Google\Chrome\User Data\Default\Web Applications\Manifest Resources\kefjledonklijopmnomlcbpllchaibag\Icons\96.png.WNCRYT
2022-11-11 20:17:22,532 [analyzer] INFO: Added new file to list with pid 1832 and path C:\Users\Administrator\AppData\Local\Google\Chrome\User Data\Default\Web Applications\Manifest Resources\mpnpojknpmmopombnjdcgaaiekajbnjb\Icons\128.png.WNCRYT
2022-11-11 20:17:22,565 [analyzer] INFO: Added new file to list with pid 1832 and path C:\Users\Administrator\AppData\Local\Google\Chrome\User Data\Default\Web Applications\Manifest Resources\mpnpojknpmmopombnjdcgaaiekajbnjb\Icons\192.png.WNCRYT
2022-11-11 20:17:22,595 [analyzer] INFO: Added new file to list with pid 1832 and path C:\Users\Administrator\AppData\Local\Google\Chrome\User Data\Default\Web Applications\Manifest Resources\mpnpojknpmmopombnjdcgaaiekajbnjb\Icons\256.png.WNCRYT
2022-11-11 20:17:22,611 [analyzer] INFO: Added new file to list with pid 1832 and path C:\Users\Administrator\AppData\Local\Google\Chrome\User Data\Default\Web Applications\Manifest Resources\mpnpojknpmmopombnjdcgaaiekajbnjb\Icons\48.png.WNCRYT
2022-11-11 20:17:22,657 [analyzer] INFO: Added new file to list with pid 1832 and path C:\Users\Administrator\AppData\Local\Google\Chrome\User Data\Default\Web Applications\Manifest Resources\mpnpojknpmmopombnjdcgaaiekajbnjb\Icons\64.png.WNCRYT
2022-11-11 20:17:22,690 [analyzer] INFO: Added new file to list with pid 1832 and path C:\Users\Administrator\AppData\Local\Google\Chrome\User Data\Default\Web Applications\Manifest Resources\mpnpojknpmmopombnjdcgaaiekajbnjb\Icons\96.png.WNCRYT
2022-11-11 20:17:22,720 [analyzer] INFO: Added new file to list with pid 1832 and path C:\Users\Administrator\AppData\Local\Microsoft\Internet Explorer\brndlog.bak.WNCRYT
2022-11-11 20:17:22,736 [analyzer] INFO: Added new file to list with pid 1832 and path C:\Users\Administrator\AppData\Local\Microsoft\Windows\Caches\cversions.1.db.WNCRYT
2022-11-11 20:17:22,767 [analyzer] INFO: Added new file to list with pid 1832 and path C:\Users\Administrator\AppData\Local\Microsoft\Windows\Caches\{AFBF9F1A-8EE8-4C77-AF34-C647E37CA0D9}.1.ver0x0000000000000004.db.WNCRYT
2022-11-11 20:17:22,815 [analyzer] INFO: Added new file to list with pid 1832 and path C:\Users\Administrator\AppData\Local\Microsoft\Windows\Caches\{AFBF9F1A-8EE8-4C77-AF34-C647E37CA0D9}.1.ver0x0000000000000005.db.WNCRYT
2022-11-11 20:17:22,829 [analyzer] INFO: Added new file to list with pid 1832 and path C:\Users\Administrator\AppData\Local\Microsoft\Windows\Explorer\thumbcache_256.db.WNCRYT
2022-11-11 20:17:22,892 [analyzer] INFO: Added new file to list with pid 1832 and path C:\Users\Administrator\AppData\Local\Microsoft\Windows\Explorer\thumbcache_96.db.WNCRYT
2022-11-11 20:17:22,986 [analyzer] INFO: Added new file to list with pid 1832 and path C:\Users\Administrator\AppData\Local\Microsoft\Windows\Explorer\thumbcache_idx.db.WNCRYT
2022-11-11 20:17:23,017 [analyzer] INFO: Added new file to list with pid 1832 and path C:\Users\Administrator\AppData\Local\Microsoft\Windows Mail\Stationery\Cave_Drawings.gif.WNCRYT
2022-11-11 20:17:23,049 [analyzer] INFO: Added new file to list with pid 1832 and path C:\Users\Administrator\AppData\Local\Microsoft\Windows Mail\Stationery\Connectivity.gif.WNCRYT
2022-11-11 20:17:23,079 [analyzer] INFO: Added new file to list with pid 1832 and path C:\Users\Administrator\AppData\Local\Microsoft\Windows Mail\Stationery\Stucco.gif.WNCRYT
2022-11-11 20:17:23,127 [analyzer] INFO: Added new file to list with pid 1832 and path C:\Users\Administrator\AppData\Local\Microsoft\Windows Mail\Stationery\Tiki.gif.WNCRYT
2022-11-11 20:17:23,157 [analyzer] INFO: Added new file to list with pid 1832 and path C:\Users\Administrator\AppData\Local\Microsoft\Windows Mail\Stationery\Wrinkled_Paper.gif.WNCRYT
2022-11-11 20:17:23,190 [analyzer] INFO: Added new file to list with pid 1832 and path C:\Users\Administrator\AppData\Local\Mozilla\Firefox\Profiles\qdxlcenb.default\thumbnails\d75277cdffef995a46ae59bdaef1db86.png.WNCRYT
2022-11-11 20:17:23,220 [analyzer] INFO: Added new file to list with pid 1832 and path C:\Users\Administrator\AppData\Roaming\Mozilla\Firefox\Profiles\qdxlcenb.default\cert8.db.WNCRYT
2022-11-11 20:17:23,252 [analyzer] INFO: Added new file to list with pid 1832 and path C:\Users\Administrator\AppData\Roaming\Mozilla\Firefox\Profiles\qdxlcenb.default\cert9.db.WNCRYT
2022-11-11 20:17:23,315 [analyzer] INFO: Added new file to list with pid 1832 and path C:\Users\Administrator\AppData\Roaming\Mozilla\Firefox\Profiles\qdxlcenb.default\key3.db.WNCRYT
2022-11-11 20:17:23,361 [analyzer] INFO: Added new file to list with pid 1832 and path C:\Users\Administrator\AppData\Roaming\Mozilla\Firefox\Profiles\qdxlcenb.default\key4.db.WNCRYT
2022-11-11 20:17:23,424 [analyzer] INFO: Added new file to list with pid 1832 and path C:\Users\Administrator\AppData\Roaming\Mozilla\Firefox\Profiles\qdxlcenb.default\prefs.js.WNCRYT
2022-11-11 20:17:23,470 [analyzer] INFO: Added new file to list with pid 1832 and path C:\Users\Administrator\AppData\Roaming\Mozilla\Firefox\Profiles\qdxlcenb.default\secmod.db.WNCRYT
2022-11-11 20:17:23,532 [analyzer] INFO: Added new file to list with pid 1832 and path C:\Users\Administrator\AppData\Roaming\Mozilla\Firefox\Profiles\qdxlcenb.default\sessionstore.js.WNCRYT
2022-11-11 20:17:23,579 [analyzer] INFO: Added new file to list with pid 1832 and path C:\ProgramData\Microsoft\Device Stage\Device\{113527a4-45d4-4b6f-b567-97838f1b04b0}\background.png.WNCRYT
2022-11-11 20:17:23,627 [analyzer] INFO: Added new file to list with pid 1832 and path C:\ProgramData\Microsoft\Device Stage\Device\{113527a4-45d4-4b6f-b567-97838f1b04b0}\device.png.WNCRYT
2022-11-11 20:17:23,657 [analyzer] INFO: Added new file to list with pid 1832 and path C:\ProgramData\Microsoft\Device Stage\Device\{113527a4-45d4-4b6f-b567-97838f1b04b0}\overlay.png.WNCRYT
2022-11-11 20:17:23,720 [analyzer] INFO: Added new file to list with pid 1832 and path C:\ProgramData\Microsoft\Device Stage\Device\{113527a4-45d4-4b6f-b567-97838f1b04b0}\superbar.png.WNCRYT
2022-11-11 20:17:23,767 [analyzer] INFO: Added new file to list with pid 1832 and path C:\ProgramData\Microsoft\Device Stage\Device\{8702d817-5aad-4674-9ef3-4d3decd87120}\background.png.WNCRYT
2022-11-11 20:17:23,799 [analyzer] INFO: Added new file to list with pid 1832 and path C:\ProgramData\Microsoft\Device Stage\Device\{8702d817-5aad-4674-9ef3-4d3decd87120}\watermark.png.WNCRYT
2022-11-11 20:17:23,829 [analyzer] INFO: Added new file to list with pid 1832 and path C:\ProgramData\Microsoft\User Account Pictures\guest.bmp.WNCRYT
2022-11-11 20:17:23,877 [analyzer] INFO: Added new file to list with pid 1832 and path C:\ProgramData\Microsoft\User Account Pictures\user.bmp.WNCRYT
2022-11-11 20:17:23,924 [analyzer] INFO: Added new file to list with pid 1832 and path C:\ProgramData\Microsoft\User Account Pictures\Default Pictures\usertile10.bmp.WNCRYT
2022-11-11 20:17:23,954 [analyzer] INFO: Added new file to list with pid 1832 and path C:\ProgramData\Microsoft\User Account Pictures\Default Pictures\usertile11.bmp.WNCRYT
2022-11-11 20:17:24,002 [analyzer] INFO: Added new file to list with pid 1832 and path C:\ProgramData\Microsoft\User Account Pictures\Default Pictures\usertile12.bmp.WNCRYT
2022-11-11 20:17:24,049 [analyzer] INFO: Added new file to list with pid 1832 and path C:\ProgramData\Microsoft\User Account Pictures\Default Pictures\usertile13.bmp.WNCRYT
2022-11-11 20:17:24,111 [analyzer] INFO: Added new file to list with pid 1832 and path C:\ProgramData\Microsoft\User Account Pictures\Default Pictures\usertile14.bmp.WNCRYT
2022-11-11 20:17:24,142 [analyzer] INFO: Added new file to list with pid 1832 and path C:\ProgramData\Microsoft\User Account Pictures\Default Pictures\usertile15.bmp.WNCRYT
2022-11-11 20:17:24,190 [analyzer] INFO: Added new file to list with pid 1832 and path C:\ProgramData\Microsoft\User Account Pictures\Default Pictures\usertile16.bmp.WNCRYT
2022-11-11 20:17:24,220 [analyzer] INFO: Added new file to list with pid 1832 and path C:\ProgramData\Microsoft\User Account Pictures\Default Pictures\usertile17.bmp.WNCRYT
2022-11-11 20:17:24,236 [analyzer] INFO: Added new file to list with pid 1832 and path C:\ProgramData\Microsoft\User Account Pictures\Default Pictures\usertile18.bmp.WNCRYT
2022-11-11 20:17:24,267 [analyzer] INFO: Added new file to list with pid 1832 and path C:\ProgramData\Microsoft\User Account Pictures\Default Pictures\usertile19.bmp.WNCRYT
2022-11-11 20:17:24,282 [analyzer] INFO: Added new file to list with pid 1832 and path C:\ProgramData\Microsoft\User Account Pictures\Default Pictures\usertile20.bmp.WNCRYT
2022-11-11 20:17:24,299 [analyzer] INFO: Added new file to list with pid 1832 and path C:\ProgramData\Microsoft\User Account Pictures\Default Pictures\usertile21.bmp.WNCRYT
2022-11-11 20:17:24,329 [analyzer] INFO: Added new file to list with pid 1832 and path C:\ProgramData\Microsoft\User Account Pictures\Default Pictures\usertile22.bmp.WNCRYT
2022-11-11 20:17:24,345 [analyzer] INFO: Added new file to list with pid 1832 and path C:\ProgramData\Microsoft\User Account Pictures\Default Pictures\usertile23.bmp.WNCRYT
2022-11-11 20:17:24,361 [analyzer] INFO: Added new file to list with pid 1832 and path C:\ProgramData\Microsoft\User Account Pictures\Default Pictures\usertile24.bmp.WNCRYT
2022-11-11 20:17:24,392 [analyzer] INFO: Added new file to list with pid 1832 and path C:\ProgramData\Microsoft\User Account Pictures\Default Pictures\usertile25.bmp.WNCRYT
2022-11-11 20:17:24,424 [analyzer] INFO: Added new file to list with pid 1832 and path C:\ProgramData\Microsoft\User Account Pictures\Default Pictures\usertile26.bmp.WNCRYT
2022-11-11 20:17:24,454 [analyzer] INFO: Added new file to list with pid 1832 and path C:\ProgramData\Microsoft\User Account Pictures\Default Pictures\usertile27.bmp.WNCRYT
2022-11-11 20:17:24,486 [analyzer] INFO: Added new file to list with pid 1832 and path C:\ProgramData\Microsoft\User Account Pictures\Default Pictures\usertile28.bmp.WNCRYT
2022-11-11 20:17:24,502 [analyzer] INFO: Added new file to list with pid 1832 and path C:\ProgramData\Microsoft\User Account Pictures\Default Pictures\usertile29.bmp.WNCRYT
2022-11-11 20:17:24,532 [analyzer] INFO: Added new file to list with pid 1832 and path C:\ProgramData\Microsoft\User Account Pictures\Default Pictures\usertile30.bmp.WNCRYT
2022-11-11 20:17:24,549 [analyzer] INFO: Added new file to list with pid 1832 and path C:\ProgramData\Microsoft\User Account Pictures\Default Pictures\usertile31.bmp.WNCRYT
2022-11-11 20:17:24,782 [analyzer] INFO: Added new file to list with pid 1832 and path C:\ProgramData\Microsoft\User Account Pictures\Default Pictures\usertile32.bmp.WNCRYT
2022-11-11 20:17:24,861 [analyzer] INFO: Added new file to list with pid 1832 and path C:\ProgramData\Microsoft\User Account Pictures\Default Pictures\usertile33.bmp.WNCRYT
2022-11-11 20:17:24,892 [analyzer] INFO: Added new file to list with pid 1832 and path C:\ProgramData\Microsoft\User Account Pictures\Default Pictures\usertile34.bmp.WNCRYT
2022-11-11 20:17:24,907 [analyzer] INFO: Added new file to list with pid 1832 and path C:\ProgramData\Microsoft\User Account Pictures\Default Pictures\usertile35.bmp.WNCRYT
2022-11-11 20:17:24,924 [analyzer] INFO: Added new file to list with pid 1832 and path C:\ProgramData\Microsoft\User Account Pictures\Default Pictures\usertile36.bmp.WNCRYT
2022-11-11 20:17:24,940 [analyzer] INFO: Added new file to list with pid 1832 and path C:\ProgramData\Microsoft\User Account Pictures\Default Pictures\usertile37.bmp.WNCRYT
2022-11-11 20:17:24,970 [analyzer] INFO: Added new file to list with pid 1832 and path C:\ProgramData\Microsoft\User Account Pictures\Default Pictures\usertile38.bmp.WNCRYT
2022-11-11 20:17:24,986 [analyzer] INFO: Added new file to list with pid 1832 and path C:\ProgramData\Microsoft\User Account Pictures\Default Pictures\usertile39.bmp.WNCRYT
2022-11-11 20:17:25,017 [analyzer] INFO: Added new file to list with pid 1832 and path C:\ProgramData\Microsoft\User Account Pictures\Default Pictures\usertile40.bmp.WNCRYT
2022-11-11 20:17:25,049 [analyzer] INFO: Added new file to list with pid 1832 and path C:\ProgramData\Microsoft\User Account Pictures\Default Pictures\usertile41.bmp.WNCRYT
2022-11-11 20:17:25,065 [analyzer] INFO: Added new file to list with pid 1832 and path C:\ProgramData\Microsoft\User Account Pictures\Default Pictures\usertile42.bmp.WNCRYT
2022-11-11 20:17:25,079 [analyzer] INFO: Added new file to list with pid 1832 and path C:\ProgramData\Microsoft\User Account Pictures\Default Pictures\usertile43.bmp.WNCRYT
2022-11-11 20:17:25,111 [analyzer] INFO: Added new file to list with pid 1832 and path C:\ProgramData\Microsoft\User Account Pictures\Default Pictures\usertile44.bmp.WNCRYT
2022-11-11 20:17:25,127 [analyzer] INFO: Added new file to list with pid 1832 and path C:\ProgramData\Microsoft\Windows\Caches\cversions.2.db.WNCRYT
2022-11-11 20:17:25,142 [analyzer] INFO: Added new file to list with pid 1832 and path C:\ProgramData\Microsoft\Windows\Caches\{40FC8D7D-05ED-4FEB-B03B-6C100659EF5C}.2.ver0x0000000000000001.db.WNCRYT
2022-11-11 20:17:25,174 [analyzer] INFO: Added new file to list with pid 1832 and path C:\ProgramData\Microsoft\Windows\Caches\{4E4260A4-7E39-442E-BC22-7FF751D1C161}.2.ver0x0000000000000002.db.WNCRYT
2022-11-11 20:17:25,190 [analyzer] INFO: Added new file to list with pid 1832 and path C:\ProgramData\Microsoft\Windows\Caches\{6AF0698E-D558-4F6E-9B3C-3716689AF493}.2.ver0x0000000000000005.db.WNCRYT
2022-11-11 20:17:25,252 [analyzer] INFO: Added new file to list with pid 1832 and path C:\ProgramData\Microsoft\Windows\Caches\{6AF0698E-D558-4F6E-9B3C-3716689AF493}.2.ver0x0000000000000008.db.WNCRYT
2022-11-11 20:17:25,282 [analyzer] INFO: Added new file to list with pid 1832 and path C:\ProgramData\Microsoft\Windows\Caches\{6AF0698E-D558-4F6E-9B3C-3716689AF493}.2.ver0x000000000000000a.db.WNCRYT
2022-11-11 20:17:25,315 [analyzer] INFO: Added new file to list with pid 1832 and path C:\ProgramData\Microsoft\Windows\Caches\{DDF571F2-BE98-426D-8288-1A9A39C3FDA2}.2.ver0x0000000000000002.db.WNCRYT
2022-11-11 20:17:25,377 [analyzer] INFO: Added new file to list with pid 1832 and path C:\ProgramData\Microsoft\Windows\Ringtones\Ringtone 01.wma.WNCRYT
2022-11-11 20:17:25,392 [analyzer] INFO: Added new file to list with pid 1832 and path C:\ProgramData\Microsoft\Windows\Ringtones\Ringtone 02.wma.WNCRYT
2022-11-11 20:17:25,424 [analyzer] INFO: Added new file to list with pid 1832 and path C:\ProgramData\Microsoft\Windows\Ringtones\Ringtone 03.wma.WNCRYT
2022-11-11 20:17:25,470 [analyzer] INFO: Added new file to list with pid 1832 and path C:\ProgramData\Microsoft\Windows\Ringtones\Ringtone 04.wma.WNCRYT
2022-11-11 20:17:25,517 [analyzer] INFO: Added new file to list with pid 1832 and path C:\ProgramData\Microsoft\Windows\Ringtones\Ringtone 05.wma.WNCRYT
2022-11-11 20:17:25,565 [analyzer] INFO: Added new file to list with pid 1832 and path C:\ProgramData\Microsoft\Windows\Ringtones\Ringtone 06.wma.WNCRYT
2022-11-11 20:17:25,595 [analyzer] INFO: Added new file to list with pid 1832 and path C:\ProgramData\Microsoft\Windows\Ringtones\Ringtone 07.wma.WNCRYT
2022-11-11 20:17:25,642 [analyzer] INFO: Added new file to list with pid 1832 and path C:\ProgramData\Microsoft\Windows\Ringtones\Ringtone 08.wma.WNCRYT
2022-11-11 20:17:25,657 [analyzer] INFO: Added new file to list with pid 1832 and path C:\ProgramData\Microsoft\Windows\Ringtones\Ringtone 09.wma.WNCRYT
2022-11-11 20:17:25,690 [analyzer] INFO: Added new file to list with pid 1832 and path C:\ProgramData\Microsoft\Windows\Ringtones\Ringtone 10.wma.WNCRYT
2022-11-11 20:17:25,720 [analyzer] INFO: Added new file to list with pid 1832 and path C:\ProgramData\Microsoft\Windows NT\MSFax\VirtualInbox\en-US\WelcomeFax.tif.WNCRYT
2022-11-11 20:17:25,736 [analyzer] INFO: Added new file to list with pid 1832 and path C:\Users\Public\Music\Sample Music\Kalimba.mp3.WNCRYT
2022-11-11 20:17:26,392 [analyzer] INFO: Added new file to list with pid 1832 and path C:\Users\Public\Music\Sample Music\Maid with the Flaxen Hair.mp3.WNCRYT
2022-11-11 20:17:26,627 [analyzer] INFO: Added new file to list with pid 1832 and path C:\Users\Public\Music\Sample Music\Sleep Away.mp3.WNCRYT
2022-11-11 20:17:26,782 [lib.api.process] INFO: Memory dump of process with pid 2020 completed
2022-11-11 20:17:26,970 [analyzer] INFO: Added new file to list with pid 1832 and path C:\Users\Public\Videos\Sample Videos\Wildlife.wmv.WNCRYT
2022-11-11 20:17:28,690 [analyzer] INFO: Added new file to list with pid 1832 and path C:\Python27\include\ast.h.WNCRYT
2022-11-11 20:17:28,720 [analyzer] INFO: Added new file to list with pid 1832 and path C:\Python27\include\bitset.h.WNCRYT
2022-11-11 20:17:28,736 [analyzer] INFO: Added new file to list with pid 1832 and path C:\Python27\include\boolobject.h.WNCRYT
2022-11-11 20:17:28,752 [analyzer] INFO: Added new file to list with pid 1832 and path C:\Python27\include\bufferobject.h.WNCRYT
2022-11-11 20:17:28,782 [analyzer] INFO: Added new file to list with pid 1832 and path C:\Python27\include\cellobject.h.WNCRYT
2022-11-11 20:17:28,799 [analyzer] INFO: Added new file to list with pid 1832 and path C:\Python27\include\dtoa.h.WNCRYT
2022-11-11 20:17:28,815 [analyzer] INFO: Added new file to list with pid 1832 and path C:\Python27\include\enumobject.h.WNCRYT
2022-11-11 20:17:28,845 [analyzer] INFO: Added new file to list with pid 1832 and path C:\Python27\include\eval.h.WNCRYT
2022-11-11 20:17:28,861 [analyzer] INFO: Added new file to list with pid 1832 and path C:\Python27\include\genobject.h.WNCRYT
2022-11-11 20:17:28,877 [analyzer] INFO: Added new file to list with pid 1832 and path C:\Python27\include\intrcheck.h.WNCRYT
2022-11-11 20:17:28,940 [analyzer] INFO: Added new file to list with pid 1832 and path C:\Python27\include\iterobject.h.WNCRYT
2022-11-11 20:17:28,970 [analyzer] INFO: Added new file to list with pid 1832 and path C:\Python27\include\marshal.h.WNCRYT
2022-11-11 20:17:29,002 [analyzer] INFO: Added new file to list with pid 1832 and path C:\Python27\include\metagrammar.h.WNCRYT
2022-11-11 20:17:29,032 [analyzer] INFO: Added new file to list with pid 1832 and path C:\Python27\include\moduleobject.h.WNCRYT
2022-11-11 20:17:29,065 [analyzer] INFO: Added new file to list with pid 1832 and path C:\Python27\include\node.h.WNCRYT
2022-11-11 20:17:29,095 [analyzer] INFO: Added new file to list with pid 1832 and path C:\Python27\include\pgen.h.WNCRYT
2022-11-11 20:17:29,142 [analyzer] INFO: Added new file to list with pid 1832 and path C:\Python27\include\pygetopt.h.WNCRYT
2022-11-11 20:17:29,174 [analyzer] INFO: Added new file to list with pid 1832 and path C:\Python27\include\pystrcmp.h.WNCRYT
2022-11-11 20:17:29,204 [analyzer] INFO: Added new file to list with pid 1832 and path C:\Python27\include\rangeobject.h.WNCRYT
2022-11-11 20:17:29,236 [analyzer] INFO: Added new file to list with pid 1832 and path C:\Python27\include\structseq.h.WNCRYT
2022-11-11 20:17:29,267 [analyzer] INFO: Added new file to list with pid 1832 and path C:\Python27\include\sysmodule.h.WNCRYT
2022-11-11 20:17:29,299 [analyzer] INFO: Added new file to list with pid 1832 and path C:\Python27\include\timefuncs.h.WNCRYT
2022-11-11 20:17:29,329 [analyzer] INFO: Added new file to list with pid 1832 and path C:\Python27\include\traceback.h.WNCRYT
2022-11-11 20:17:29,361 [analyzer] INFO: Added new file to list with pid 1832 and path C:\Python27\include\ucnhash.h.WNCRYT
2022-11-11 20:17:29,392 [analyzer] INFO: Added new file to list with pid 1832 and path C:\Python27\include\warnings.h.WNCRYT
2022-11-11 20:17:29,424 [analyzer] INFO: Added new file to list with pid 1832 and path C:\Python27\Lib\email\test\data\msg_01.txt.WNCRYT
2022-11-11 20:17:29,470 [analyzer] INFO: Added new file to list with pid 1832 and path C:\Python27\Lib\email\test\data\msg_03.txt.WNCRYT
2022-11-11 20:17:29,502 [analyzer] INFO: Added new file to list with pid 1832 and path C:\Python27\Lib\email\test\data\msg_04.txt.WNCRYT
2022-11-11 20:17:29,532 [analyzer] INFO: Added new file to list with pid 1832 and path C:\Python27\Lib\email\test\data\msg_05.txt.WNCRYT
2022-11-11 20:17:29,565 [analyzer] INFO: Added new file to list with pid 1832 and path C:\Python27\Lib\email\test\data\msg_08.txt.WNCRYT
2022-11-11 20:17:29,595 [analyzer] INFO: Added new file to list with pid 1832 and path C:\Python27\Lib\email\test\data\msg_09.txt.WNCRYT
2022-11-11 20:17:29,627 [analyzer] INFO: Added new file to list with pid 1832 and path C:\Python27\Lib\email\test\data\msg_10.txt.WNCRYT
2022-11-11 20:17:29,657 [analyzer] INFO: Added new file to list with pid 1832 and path C:\Python27\Lib\email\test\data\msg_11.txt.WNCRYT
2022-11-11 20:17:29,690 [analyzer] INFO: Added new file to list with pid 1832 and path C:\Python27\Lib\email\test\data\msg_12.txt.WNCRYT
2022-11-11 20:17:29,736 [analyzer] INFO: Added new file to list with pid 1832 and path C:\Python27\Lib\email\test\data\msg_12a.txt.WNCRYT
2022-11-11 20:17:29,767 [analyzer] INFO: Added new file to list with pid 1832 and path C:\Python27\Lib\email\test\data\msg_14.txt.WNCRYT
2022-11-11 20:17:29,799 [analyzer] INFO: Added new file to list with pid 1832 and path C:\Python27\Lib\email\test\data\msg_17.txt.WNCRYT
2022-11-11 20:17:29,845 [analyzer] INFO: Added new file to list with pid 1832 and path C:\Python27\Lib\email\test\data\msg_18.txt.WNCRYT
2022-11-11 20:17:29,877 [analyzer] INFO: Added new file to list with pid 1832 and path C:\Python27\Lib\email\test\data\msg_19.txt.WNCRYT
2022-11-11 20:17:29,907 [analyzer] INFO: Added new file to list with pid 1832 and path C:\Python27\Lib\email\test\data\msg_20.txt.WNCRYT
2022-11-11 20:17:29,940 [analyzer] INFO: Added new file to list with pid 1832 and path C:\Python27\Lib\email\test\data\msg_21.txt.WNCRYT
2022-11-11 20:17:29,986 [analyzer] INFO: Added new file to list with pid 1832 and path C:\Python27\Lib\email\test\data\msg_23.txt.WNCRYT
2022-11-11 20:17:30,017 [analyzer] INFO: Added new file to list with pid 1832 and path C:\Python27\Lib\email\test\data\msg_24.txt.WNCRYT
2022-11-11 20:17:30,049 [analyzer] INFO: Added new file to list with pid 1832 and path C:\Python27\Lib\email\test\data\msg_27.txt.WNCRYT
2022-11-11 20:17:30,095 [analyzer] INFO: Added new file to list with pid 1832 and path C:\Python27\Lib\email\test\data\msg_28.txt.WNCRYT
2022-11-11 20:17:30,127 [analyzer] INFO: Added new file to list with pid 1832 and path C:\Python27\Lib\email\test\data\msg_29.txt.WNCRYT
2022-11-11 20:17:30,174 [analyzer] INFO: Added new file to list with pid 1832 and path C:\Python27\Lib\email\test\data\msg_30.txt.WNCRYT
2022-11-11 20:17:30,204 [analyzer] INFO: Added new file to list with pid 1832 and path C:\Python27\Lib\email\test\data\msg_31.txt.WNCRYT
2022-11-11 20:17:30,252 [analyzer] INFO: Added new file to list with pid 1832 and path C:\Python27\Lib\email\test\data\msg_32.txt.WNCRYT
2022-11-11 20:17:30,299 [analyzer] INFO: Added new file to list with pid 1832 and path C:\Python27\Lib\email\test\data\msg_33.txt.WNCRYT
2022-11-11 20:17:30,345 [analyzer] INFO: Added new file to list with pid 1832 and path C:\Python27\Lib\email\test\data\msg_34.txt.WNCRYT
2022-11-11 20:17:30,377 [analyzer] INFO: Added new file to list with pid 1832 and path C:\Python27\Lib\email\test\data\msg_35.txt.WNCRYT
2022-11-11 20:17:30,424 [analyzer] INFO: Added new file to list with pid 1832 and path C:\Python27\Lib\email\test\data\msg_36.txt.WNCRYT
2022-11-11 20:17:30,454 [analyzer] INFO: Added new file to list with pid 1832 and path C:\Python27\Lib\email\test\data\msg_37.txt.WNCRYT
2022-11-11 20:17:30,502 [analyzer] INFO: Added new file to list with pid 1832 and path C:\Python27\Lib\email\test\data\msg_40.txt.WNCRYT
2022-11-11 20:17:30,532 [analyzer] INFO: Added new file to list with pid 1832 and path C:\Python27\Lib\email\test\data\msg_41.txt.WNCRYT
2022-11-11 20:17:30,565 [analyzer] INFO: Added new file to list with pid 1832 and path C:\Python27\Lib\email\test\data\msg_42.txt.WNCRYT
2022-11-11 20:17:30,611 [analyzer] INFO: Added new file to list with pid 1832 and path C:\Python27\Lib\email\test\data\msg_44.txt.WNCRYT
2022-11-11 20:17:30,642 [analyzer] INFO: Added new file to list with pid 1832 and path C:\Python27\Lib\email\test\data\msg_45.txt.WNCRYT
2022-11-11 20:17:30,690 [analyzer] INFO: Added new file to list with pid 1832 and path C:\Python27\Lib\email\test\data\msg_46.txt.WNCRYT
2022-11-11 20:17:30,720 [analyzer] INFO: Added new file to list with pid 1832 and path C:\Python27\Lib\email\test\data\PyBanner048.gif.WNCRYT
2022-11-11 20:17:30,752 [analyzer] INFO: Added new file to list with pid 1832 and path C:\Python27\Lib\idlelib\idle.bat.WNCRYT
2022-11-11 20:17:30,782 [analyzer] INFO: Added new file to list with pid 1832 and path C:\Python27\Lib\idlelib\Icons\folder.gif.WNCRYT
2022-11-11 20:17:30,829 [analyzer] INFO: Added new file to list with pid 1832 and path C:\Python27\Lib\idlelib\Icons\minusnode.gif.WNCRYT
2022-11-11 20:17:30,861 [analyzer] INFO: Added new file to list with pid 1832 and path C:\Python27\Lib\idlelib\Icons\openfolder.gif.WNCRYT
2022-11-11 20:17:30,892 [analyzer] INFO: Added new file to list with pid 1832 and path C:\Python27\Lib\idlelib\Icons\plusnode.gif.WNCRYT
2022-11-11 20:17:30,924 [analyzer] INFO: Added new file to list with pid 1832 and path C:\Python27\Lib\idlelib\Icons\python.gif.WNCRYT
2022-11-11 20:17:30,970 [analyzer] INFO: Added new file to list with pid 1832 and path C:\Python27\Lib\idlelib\Icons\tk.gif.WNCRYT
2022-11-11 20:17:31,002 [analyzer] INFO: Added new file to list with pid 1832 and path C:\Python27\Lib\lib2to3\PatternGrammar.txt.WNCRYT
2022-11-11 20:17:31,032 [analyzer] INFO: Added new file to list with pid 1832 and path C:\Python27\Lib\site-packages\README.txt.WNCRYT
2022-11-11 20:17:31,065 [analyzer] INFO: Added new file to list with pid 1832 and path C:\Python27\Lib\test\check_soundcard.vbs.WNCRYT
2022-11-11 20:17:31,095 [analyzer] INFO: Added new file to list with pid 1832 and path C:\Python27\Lib\test\empty.vbs.WNCRYT
2022-11-11 20:17:31,157 [analyzer] INFO: Added new file to list with pid 1832 and path C:\Python27\Lib\test\nullcert.pem.WNCRYT
2022-11-11 20:17:31,190 [analyzer] INFO: Added new file to list with pid 1832 and path C:\Python27\Lib\test\test_doctest.txt.WNCRYT
2022-11-11 20:17:31,220 [analyzer] INFO: Added new file to list with pid 1832 and path C:\Python27\Lib\test\test_doctest2.txt.WNCRYT
2022-11-11 20:17:31,252 [analyzer] INFO: Added new file to list with pid 1832 and path C:\Python27\Lib\test\test_doctest3.txt.WNCRYT
2022-11-11 20:17:31,299 [analyzer] INFO: Added new file to list with pid 1832 and path C:\Python27\Lib\test\test_doctest4.txt.WNCRYT
2022-11-11 20:17:31,329 [analyzer] INFO: Added new file to list with pid 1832 and path C:\Python27\Lib\test\zipdir.zip.WNCRYT
2022-11-11 20:17:31,361 [analyzer] INFO: Added new file to list with pid 1832 and path C:\Python27\Lib\test\cjkencodings\big5-utf8.txt.WNCRYT
2022-11-11 20:17:31,424 [analyzer] INFO: Added new file to list with pid 1832 and path C:\Python27\Lib\test\cjkencodings\big5.txt.WNCRYT
2022-11-11 20:17:31,454 [analyzer] INFO: Added new file to list with pid 1832 and path C:\Python27\Lib\test\cjkencodings\big5hkscs-utf8.txt.WNCRYT
2022-11-11 20:17:31,502 [analyzer] INFO: Added new file to list with pid 1832 and path C:\Python27\Lib\test\cjkencodings\big5hkscs.txt.WNCRYT
2022-11-11 20:17:33,642 [lib.api.process] INFO: Memory dump of process with pid 1384 completed
