2022-11-11 15:01:50,477 [cuckoo.core.scheduler] INFO: Task #51: acquired machine 192.168.56.1011 (label=192.168.56.1011)
2022-11-11 15:01:50,478 [cuckoo.core.resultserver] DEBUG: Now tracking machine 192.168.56.101 for task #51
2022-11-11 15:01:50,478 [cuckoo.core.plugins] DEBUG: Started auxiliary module: Replay
2022-11-11 15:01:50,488 [cuckoo.auxiliary.sniffer] INFO: Started sniffer with PID 15208 (interface=vboxnet0, host=192.168.56.101)
2022-11-11 15:01:50,488 [cuckoo.core.plugins] DEBUG: Started auxiliary module: Sniffer
2022-11-11 15:01:50,503 [cuckoo.machinery.virtualbox] DEBUG: Starting vm 192.168.56.1011
2022-11-11 15:01:50,629 [cuckoo.machinery.virtualbox] DEBUG: Restoring virtual machine 192.168.56.1011 to its current snapshot
2022-11-11 15:01:53,057 [cuckoo.core.guest] INFO: Starting analysis #51 on guest (id=192.168.56.1011, ip=192.168.56.101)
2022-11-11 15:01:54,060 [cuckoo.core.guest] DEBUG: 192.168.56.1011: not ready yet
2022-11-11 15:01:55,062 [cuckoo.core.guest] DEBUG: 192.168.56.1011: not ready yet
2022-11-11 15:01:56,064 [cuckoo.core.guest] DEBUG: 192.168.56.1011: not ready yet
2022-11-11 15:01:57,068 [cuckoo.core.guest] DEBUG: 192.168.56.1011: not ready yet
2022-11-11 15:01:58,071 [cuckoo.core.guest] DEBUG: 192.168.56.1011: not ready yet
2022-11-11 15:01:59,075 [cuckoo.core.guest] DEBUG: 192.168.56.1011: not ready yet
2022-11-11 15:02:00,079 [cuckoo.core.guest] DEBUG: 192.168.56.1011: not ready yet
2022-11-11 15:02:01,081 [cuckoo.core.guest] DEBUG: 192.168.56.1011: not ready yet
2022-11-11 15:02:02,085 [cuckoo.core.guest] DEBUG: 192.168.56.1011: not ready yet
2022-11-11 15:02:03,087 [cuckoo.core.guest] DEBUG: 192.168.56.1011: not ready yet
2022-11-11 15:02:04,090 [cuckoo.core.guest] DEBUG: 192.168.56.1011: not ready yet
2022-11-11 15:02:05,093 [cuckoo.core.guest] DEBUG: 192.168.56.1011: not ready yet
2022-11-11 15:02:06,099 [cuckoo.core.guest] DEBUG: 192.168.56.1011: not ready yet
2022-11-11 15:02:07,102 [cuckoo.core.guest] DEBUG: 192.168.56.1011: not ready yet
2022-11-11 15:02:08,104 [cuckoo.core.guest] DEBUG: 192.168.56.1011: not ready yet
2022-11-11 15:02:09,107 [cuckoo.core.guest] DEBUG: 192.168.56.1011: not ready yet
2022-11-11 15:02:10,108 [cuckoo.core.guest] DEBUG: 192.168.56.1011: not ready yet
2022-11-11 15:02:11,114 [cuckoo.core.guest] DEBUG: 192.168.56.1011: not ready yet
2022-11-11 15:02:12,116 [cuckoo.core.guest] DEBUG: 192.168.56.1011: not ready yet
2022-11-11 15:02:13,122 [cuckoo.core.guest] DEBUG: 192.168.56.1011: not ready yet
2022-11-11 15:02:14,125 [cuckoo.core.guest] DEBUG: 192.168.56.1011: not ready yet
2022-11-11 15:02:15,132 [cuckoo.core.guest] DEBUG: 192.168.56.1011: not ready yet
2022-11-11 15:02:16,136 [cuckoo.core.guest] DEBUG: 192.168.56.1011: not ready yet
2022-11-11 15:02:17,141 [cuckoo.core.guest] DEBUG: 192.168.56.1011: not ready yet
2022-11-11 15:02:18,145 [cuckoo.core.guest] DEBUG: 192.168.56.1011: not ready yet
2022-11-11 15:02:19,147 [cuckoo.core.guest] DEBUG: 192.168.56.1011: not ready yet
2022-11-11 15:02:20,150 [cuckoo.core.guest] DEBUG: 192.168.56.1011: not ready yet
2022-11-11 15:02:21,157 [cuckoo.core.guest] DEBUG: 192.168.56.1011: not ready yet
2022-11-11 15:02:22,159 [cuckoo.core.guest] DEBUG: 192.168.56.1011: not ready yet
2022-11-11 15:02:23,164 [cuckoo.core.guest] DEBUG: 192.168.56.1011: not ready yet
2022-11-11 15:02:24,166 [cuckoo.core.guest] DEBUG: 192.168.56.1011: not ready yet
2022-11-11 15:02:25,168 [cuckoo.core.guest] DEBUG: 192.168.56.1011: not ready yet
2022-11-11 15:02:26,171 [cuckoo.core.guest] DEBUG: 192.168.56.1011: not ready yet
2022-11-11 15:02:27,173 [cuckoo.core.guest] DEBUG: 192.168.56.1011: not ready yet
2022-11-11 15:02:28,176 [cuckoo.core.guest] DEBUG: 192.168.56.1011: not ready yet
2022-11-11 15:02:29,178 [cuckoo.core.guest] DEBUG: 192.168.56.1011: not ready yet
2022-11-11 15:02:29,188 [cuckoo.core.guest] INFO: Guest is running Cuckoo Agent 0.10 (id=192.168.56.1011, ip=192.168.56.101)
2022-11-11 15:02:29,206 [cuckoo.core.guest] DEBUG: Uploading analyzer to guest (id=192.168.56.1011, ip=192.168.56.101, monitor=latest, size=3884763)
2022-11-11 15:02:30,411 [cuckoo.core.resultserver] DEBUG: Task #51: live log analysis.log initialized.
2022-11-11 15:02:34,930 [cuckoo.core.guest] DEBUG: 192.168.56.1011: analysis #51 still processing
2022-11-11 15:02:39,954 [cuckoo.core.guest] DEBUG: 192.168.56.1011: analysis #51 still processing
2022-11-11 15:02:40,269 [cuckoo.core.resultserver] DEBUG: Task #51 is sending a BSON stream
2022-11-11 15:02:41,129 [cuckoo.core.resultserver] DEBUG: Task #51 is sending a BSON stream
2022-11-11 15:02:44,976 [cuckoo.core.guest] DEBUG: 192.168.56.1011: analysis #51 still processing
2022-11-11 15:02:50,000 [cuckoo.core.guest] DEBUG: 192.168.56.1011: analysis #51 still processing
2022-11-11 15:02:55,025 [cuckoo.core.guest] DEBUG: 192.168.56.1011: analysis #51 still processing
2022-11-11 15:02:57,271 [cuckoo.core.resultserver] DEBUG: Task #51 is sending a BSON stream
2022-11-11 15:02:57,941 [cuckoo.core.resultserver] DEBUG: Task #51 is sending a BSON stream
2022-11-11 15:02:58,538 [cuckoo.core.resultserver] DEBUG: Task #51 is sending a BSON stream
2022-11-11 15:03:00,053 [cuckoo.core.guest] DEBUG: 192.168.56.1011: analysis #51 still processing
2022-11-11 15:03:05,083 [cuckoo.core.guest] DEBUG: 192.168.56.1011: analysis #51 still processing
2022-11-11 15:03:10,111 [cuckoo.core.guest] DEBUG: 192.168.56.1011: analysis #51 still processing
2022-11-11 15:03:12,911 [cuckoo.core.resultserver] DEBUG: Task #51 is sending a BSON stream
2022-11-11 15:03:15,136 [cuckoo.core.guest] DEBUG: 192.168.56.1011: analysis #51 still processing
2022-11-11 15:03:20,180 [cuckoo.core.guest] DEBUG: 192.168.56.1011: analysis #51 still processing
2022-11-11 15:03:25,238 [cuckoo.core.guest] DEBUG: 192.168.56.1011: analysis #51 still processing
2022-11-11 15:03:28,035 [cuckoo.core.resultserver] DEBUG: Task #51 is sending a BSON stream
2022-11-11 15:03:28,805 [cuckoo.core.resultserver] DEBUG: Task #51 is sending a BSON stream
2022-11-11 15:03:29,599 [cuckoo.core.resultserver] DEBUG: Task #51 is sending a BSON stream
2022-11-11 15:03:30,278 [cuckoo.core.guest] DEBUG: 192.168.56.1011: analysis #51 still processing
2022-11-11 15:03:32,866 [cuckoo.core.resultserver] DEBUG: Task #51: File upload for 'memory/2416-1.dmp'
2022-11-11 15:03:34,553 [cuckoo.core.resultserver] DEBUG: Task #51 uploaded file length: 58663960
2022-11-11 15:03:35,316 [cuckoo.core.guest] DEBUG: 192.168.56.1011: analysis #51 still processing
2022-11-11 15:03:40,347 [cuckoo.core.guest] DEBUG: 192.168.56.1011: analysis #51 still processing
2022-11-11 15:03:45,372 [cuckoo.core.guest] DEBUG: 192.168.56.1011: analysis #51 still processing
2022-11-11 15:03:50,400 [cuckoo.core.guest] DEBUG: 192.168.56.1011: analysis #51 still processing
2022-11-11 15:03:54,041 [cuckoo.core.resultserver] DEBUG: Task #51: File upload for 'files/914c713acf7193eb_debug.log'
2022-11-11 15:03:54,060 [cuckoo.core.resultserver] DEBUG: Task #51 uploaded file length: 218
2022-11-11 15:03:54,081 [cuckoo.core.resultserver] DEBUG: Task #51: File upload for 'files/6aed08355c5cf0b2_webbrowser.pyc'
2022-11-11 15:03:54,101 [cuckoo.core.resultserver] DEBUG: Task #51 uploaded file length: 19554
2022-11-11 15:03:54,122 [cuckoo.core.resultserver] DEBUG: Task #51: File upload for 'files/2741df9ee9e9d988_variations'
2022-11-11 15:03:54,141 [cuckoo.core.resultserver] DEBUG: Task #51 uploaded file length: 86
2022-11-11 15:03:54,417 [cuckoo.core.guest] INFO: 192.168.56.1011: analysis completed successfully
2022-11-11 15:03:54,422 [cuckoo.core.plugins] DEBUG: Stopped auxiliary module: Replay
2022-11-11 15:03:54,454 [cuckoo.core.plugins] DEBUG: Stopped auxiliary module: Sniffer
2022-11-11 15:03:54,454 [cuckoo.machinery.virtualbox] DEBUG: Stopping vm 192.168.56.1011
2022-11-11 15:03:54,571 [cuckoo.core.resultserver] DEBUG: Task #51 had connection reset for <Context for LOG>
2022-11-11 15:03:55,654 [cuckoo.core.resultserver] DEBUG: Stopped tracking machine 192.168.56.101 for task #51
2022-11-11 15:03:55,678 [cuckoo.core.scheduler] DEBUG: Released database task #51
2022-11-11 15:03:55,692 [cuckoo.core.plugins] DEBUG: Executed processing module "AnalysisInfo" for task #51
2022-11-11 15:03:55,793 [cuckoo.core.plugins] DEBUG: Executed processing module "BehaviorAnalysis" for task #51
2022-11-11 15:03:55,799 [cuckoo.core.plugins] DEBUG: Executed processing module "Dropped" for task #51
2022-11-11 15:03:55,799 [cuckoo.core.plugins] DEBUG: Executed processing module "DroppedBuffer" for task #51
2022-11-11 15:03:56,436 [cuckoo.core.plugins] DEBUG: Executed processing module "MetaInfo" for task #51
2022-11-11 15:03:56,861 [cuckoo.core.plugins] DEBUG: Executed processing module "ProcessMemory" for task #51
2022-11-11 15:03:56,861 [cuckoo.core.plugins] DEBUG: Executed processing module "Procmon" for task #51
2022-11-11 15:03:56,861 [cuckoo.core.plugins] DEBUG: Executed processing module "Screenshots" for task #51
2022-11-11 15:03:56,863 [cuckoo.core.plugins] DEBUG: Executed processing module "Static" for task #51
2022-11-11 15:03:56,864 [cuckoo.core.plugins] DEBUG: Executed processing module "Strings" for task #51
2022-11-11 15:03:56,866 [cuckoo.core.plugins] DEBUG: Executed processing module "TargetInfo" for task #51
2022-11-11 15:04:06,897 [cuckoo.core.plugins] DEBUG: Executed processing module "NetworkAnalysis" for task #51
2022-11-11 15:04:06,897 [cuckoo.core.plugins] DEBUG: Executed processing module "Extracted" for task #51
2022-11-11 15:04:06,897 [cuckoo.core.plugins] DEBUG: Executed processing module "TLSMasterSecrets" for task #51
2022-11-11 15:04:06,898 [cuckoo.core.plugins] DEBUG: Executed processing module "Debug" for task #51
2022-11-11 15:04:06,913 [cuckoo.core.plugins] DEBUG: Running 542 signatures
2022-11-11 15:04:07,305 [cuckoo.core.plugins] DEBUG: Analysis matched signature: network_http
2022-11-11 15:04:07,305 [cuckoo.core.plugins] DEBUG: Analysis matched signature: applcation_raises_exception
2022-11-11 15:04:07,305 [cuckoo.core.plugins] DEBUG: Analysis matched signature: infostealer_browser
2022-11-11 15:04:07,305 [cuckoo.core.plugins] DEBUG: Analysis matched signature: checks_debugger
2022-11-11 15:04:07,305 [cuckoo.core.plugins] DEBUG: Analysis matched signature: console_output
2022-11-11 15:04:07,305 [cuckoo.core.plugins] DEBUG: Analysis matched signature: recon_fingerprint
2022-11-11 15:04:07,305 [cuckoo.core.plugins] DEBUG: Analysis matched signature: locates_browser
2022-11-11 15:04:07,305 [cuckoo.core.plugins] DEBUG: Analysis matched signature: antivm_memory_available
2022-11-11 15:04:07,306 [cuckoo.core.plugins] DEBUG: Analysis matched signature: process_martian
2022-11-11 15:04:07,306 [cuckoo.core.plugins] DEBUG: Analysis matched signature: memdump_urls
2022-11-11 15:04:07,306 [cuckoo.core.plugins] DEBUG: Analysis matched signature: raises_exception
2022-11-11 15:04:07,802 [cuckoo.core.plugins] DEBUG: Executed reporting module "JsonDump"
2022-11-11 15:04:08,007 [cuckoo.core.plugins] DEBUG: Executed reporting module "MongoDB"
2022-11-11 15:04:08,007 [cuckoo.core.scheduler] INFO: Task #51: reports generation completed
2022-11-11 15:04:08,013 [cuckoo.core.scheduler] INFO: Task #51: analysis procedure completed
