2022-11-11 14:06:33,074 [cuckoo.core.scheduler] INFO: Task #37: acquired machine 192.168.56.1011 (label=192.168.56.1011)
2022-11-11 14:06:33,074 [cuckoo.core.resultserver] DEBUG: Now tracking machine 192.168.56.101 for task #37
2022-11-11 14:06:33,074 [cuckoo.core.plugins] DEBUG: Started auxiliary module: Replay
2022-11-11 14:06:33,081 [cuckoo.auxiliary.sniffer] INFO: Started sniffer with PID 10366 (interface=vboxnet0, host=192.168.56.101)
2022-11-11 14:06:33,082 [cuckoo.core.plugins] DEBUG: Started auxiliary module: Sniffer
2022-11-11 14:06:33,096 [cuckoo.machinery.virtualbox] DEBUG: Starting vm 192.168.56.1011
2022-11-11 14:06:33,233 [cuckoo.machinery.virtualbox] DEBUG: Restoring virtual machine 192.168.56.1011 to its current snapshot
2022-11-11 14:06:35,643 [cuckoo.core.guest] INFO: Starting analysis #37 on guest (id=192.168.56.1011, ip=192.168.56.101)
2022-11-11 14:06:36,645 [cuckoo.core.guest] DEBUG: 192.168.56.1011: not ready yet
2022-11-11 14:06:37,648 [cuckoo.core.guest] DEBUG: 192.168.56.1011: not ready yet
2022-11-11 14:06:38,655 [cuckoo.core.guest] DEBUG: 192.168.56.1011: not ready yet
2022-11-11 14:06:39,658 [cuckoo.core.guest] DEBUG: 192.168.56.1011: not ready yet
2022-11-11 14:06:40,661 [cuckoo.core.guest] DEBUG: 192.168.56.1011: not ready yet
2022-11-11 14:06:41,664 [cuckoo.core.guest] DEBUG: 192.168.56.1011: not ready yet
2022-11-11 14:06:42,668 [cuckoo.core.guest] DEBUG: 192.168.56.1011: not ready yet
2022-11-11 14:06:43,671 [cuckoo.core.guest] DEBUG: 192.168.56.1011: not ready yet
2022-11-11 14:06:44,672 [cuckoo.core.guest] DEBUG: 192.168.56.1011: not ready yet
2022-11-11 14:06:45,677 [cuckoo.core.guest] DEBUG: 192.168.56.1011: not ready yet
2022-11-11 14:06:46,678 [cuckoo.core.guest] DEBUG: 192.168.56.1011: not ready yet
2022-11-11 14:06:47,681 [cuckoo.core.guest] DEBUG: 192.168.56.1011: not ready yet
2022-11-11 14:06:48,683 [cuckoo.core.guest] DEBUG: 192.168.56.1011: not ready yet
2022-11-11 14:06:49,686 [cuckoo.core.guest] DEBUG: 192.168.56.1011: not ready yet
2022-11-11 14:06:50,689 [cuckoo.core.guest] DEBUG: 192.168.56.1011: not ready yet
2022-11-11 14:06:51,693 [cuckoo.core.guest] DEBUG: 192.168.56.1011: not ready yet
2022-11-11 14:06:52,695 [cuckoo.core.guest] DEBUG: 192.168.56.1011: not ready yet
2022-11-11 14:06:53,699 [cuckoo.core.guest] DEBUG: 192.168.56.1011: not ready yet
2022-11-11 14:06:54,712 [cuckoo.core.guest] DEBUG: 192.168.56.1011: not ready yet
2022-11-11 14:06:55,715 [cuckoo.core.guest] DEBUG: 192.168.56.1011: not ready yet
2022-11-11 14:06:56,717 [cuckoo.core.guest] DEBUG: 192.168.56.1011: not ready yet
2022-11-11 14:06:57,721 [cuckoo.core.guest] DEBUG: 192.168.56.1011: not ready yet
2022-11-11 14:06:58,725 [cuckoo.core.guest] DEBUG: 192.168.56.1011: not ready yet
2022-11-11 14:06:59,728 [cuckoo.core.guest] DEBUG: 192.168.56.1011: not ready yet
2022-11-11 14:07:00,730 [cuckoo.core.guest] DEBUG: 192.168.56.1011: not ready yet
2022-11-11 14:07:01,734 [cuckoo.core.guest] DEBUG: 192.168.56.1011: not ready yet
2022-11-11 14:07:02,740 [cuckoo.core.guest] DEBUG: 192.168.56.1011: not ready yet
2022-11-11 14:07:03,743 [cuckoo.core.guest] DEBUG: 192.168.56.1011: not ready yet
2022-11-11 14:07:04,744 [cuckoo.core.guest] DEBUG: 192.168.56.1011: not ready yet
2022-11-11 14:07:05,747 [cuckoo.core.guest] DEBUG: 192.168.56.1011: not ready yet
2022-11-11 14:07:06,750 [cuckoo.core.guest] DEBUG: 192.168.56.1011: not ready yet
2022-11-11 14:07:07,754 [cuckoo.core.guest] DEBUG: 192.168.56.1011: not ready yet
2022-11-11 14:07:08,757 [cuckoo.core.guest] DEBUG: 192.168.56.1011: not ready yet
2022-11-11 14:07:09,761 [cuckoo.core.guest] DEBUG: 192.168.56.1011: not ready yet
2022-11-11 14:07:09,818 [cuckoo.core.guest] DEBUG: 192.168.56.1011: not ready yet
2022-11-11 14:07:11,662 [cuckoo.core.guest] INFO: Guest is running Cuckoo Agent 0.10 (id=192.168.56.1011, ip=192.168.56.101)
2022-11-11 14:07:11,681 [cuckoo.core.guest] DEBUG: Uploading analyzer to guest (id=192.168.56.1011, ip=192.168.56.101, monitor=latest, size=3884763)
2022-11-11 14:07:12,713 [cuckoo.core.resultserver] DEBUG: Task #37: live log analysis.log initialized.
2022-11-11 14:07:17,399 [cuckoo.core.guest] DEBUG: 192.168.56.1011: analysis #37 still processing
2022-11-11 14:07:19,340 [cuckoo.core.resultserver] DEBUG: Task #37 is sending a BSON stream
2022-11-11 14:07:20,121 [cuckoo.core.resultserver] DEBUG: Task #37 is sending a BSON stream
2022-11-11 14:07:22,433 [cuckoo.core.guest] DEBUG: 192.168.56.1011: analysis #37 still processing
2022-11-11 14:07:27,462 [cuckoo.core.guest] DEBUG: 192.168.56.1011: analysis #37 still processing
2022-11-11 14:07:32,485 [cuckoo.core.guest] DEBUG: 192.168.56.1011: analysis #37 still processing
2022-11-11 14:07:36,884 [cuckoo.core.resultserver] DEBUG: Task #37 is sending a BSON stream
2022-11-11 14:07:37,512 [cuckoo.core.guest] DEBUG: 192.168.56.1011: analysis #37 still processing
2022-11-11 14:07:37,556 [cuckoo.core.resultserver] DEBUG: Task #37 is sending a BSON stream
2022-11-11 14:07:38,152 [cuckoo.core.resultserver] DEBUG: Task #37 is sending a BSON stream
2022-11-11 14:07:42,542 [cuckoo.core.guest] DEBUG: 192.168.56.1011: analysis #37 still processing
2022-11-11 14:07:47,571 [cuckoo.core.guest] DEBUG: 192.168.56.1011: analysis #37 still processing
2022-11-11 14:07:52,165 [cuckoo.core.resultserver] DEBUG: Task #37 is sending a BSON stream
2022-11-11 14:07:52,600 [cuckoo.core.guest] DEBUG: 192.168.56.1011: analysis #37 still processing
2022-11-11 14:07:53,182 [cuckoo.core.resultserver] DEBUG: Task #37 is sending a BSON stream
2022-11-11 14:07:57,652 [cuckoo.core.guest] DEBUG: 192.168.56.1011: analysis #37 still processing
2022-11-11 14:07:57,716 [cuckoo.core.resultserver] DEBUG: Task #37: File upload for 'memory/3068-1.dmp'
2022-11-11 14:07:59,673 [cuckoo.core.resultserver] DEBUG: Task #37 uploaded file length: 33063808
2022-11-11 14:08:01,588 [cuckoo.core.resultserver] DEBUG: Task #37: File upload for 'memory/2836-1.dmp'
2022-11-11 14:08:02,468 [cuckoo.core.resultserver] DEBUG: Task #37 uploaded file length: 19784456
2022-11-11 14:08:02,696 [cuckoo.core.guest] DEBUG: 192.168.56.1011: analysis #37 still processing
2022-11-11 14:08:07,719 [cuckoo.core.guest] DEBUG: 192.168.56.1011: analysis #37 still processing
2022-11-11 14:08:12,743 [cuckoo.core.guest] DEBUG: 192.168.56.1011: analysis #37 still processing
2022-11-11 14:08:17,770 [cuckoo.core.guest] DEBUG: 192.168.56.1011: analysis #37 still processing
2022-11-11 14:08:17,933 [cuckoo.core.resultserver] DEBUG: Task #37 is sending a BSON stream
2022-11-11 14:08:18,606 [cuckoo.core.resultserver] DEBUG: Task #37 is sending a BSON stream
2022-11-11 14:08:19,206 [cuckoo.core.resultserver] DEBUG: Task #37 is sending a BSON stream
2022-11-11 14:08:22,798 [cuckoo.core.guest] DEBUG: 192.168.56.1011: analysis #37 still processing
2022-11-11 14:08:27,835 [cuckoo.core.guest] DEBUG: 192.168.56.1011: analysis #37 still processing
2022-11-11 14:08:32,882 [cuckoo.core.guest] DEBUG: 192.168.56.1011: analysis #37 still processing
2022-11-11 14:08:33,651 [cuckoo.core.resultserver] DEBUG: Task #37 is sending a BSON stream
2022-11-11 14:08:37,944 [cuckoo.core.guest] DEBUG: 192.168.56.1011: analysis #37 still processing
2022-11-11 14:08:42,987 [cuckoo.core.guest] DEBUG: 192.168.56.1011: analysis #37 still processing
2022-11-11 14:08:48,012 [cuckoo.core.guest] DEBUG: 192.168.56.1011: analysis #37 still processing
2022-11-11 14:08:48,822 [cuckoo.core.resultserver] DEBUG: Task #37 is sending a BSON stream
2022-11-11 14:08:49,478 [cuckoo.core.resultserver] DEBUG: Task #37 is sending a BSON stream
2022-11-11 14:08:50,091 [cuckoo.core.resultserver] DEBUG: Task #37 is sending a BSON stream
2022-11-11 14:08:53,042 [cuckoo.core.guest] DEBUG: 192.168.56.1011: analysis #37 still processing
2022-11-11 14:08:58,070 [cuckoo.core.guest] DEBUG: 192.168.56.1011: analysis #37 still processing
2022-11-11 14:09:03,094 [cuckoo.core.guest] DEBUG: 192.168.56.1011: analysis #37 still processing
2022-11-11 14:09:04,136 [cuckoo.core.resultserver] DEBUG: Task #37 is sending a BSON stream
2022-11-11 14:09:04,828 [cuckoo.core.resultserver] DEBUG: Task #37 is sending a BSON stream
2022-11-11 14:09:08,121 [cuckoo.core.guest] DEBUG: 192.168.56.1011: analysis #37 still processing
2022-11-11 14:09:08,583 [cuckoo.core.resultserver] DEBUG: Task #37: File upload for 'memory/1148-1.dmp'
2022-11-11 14:09:09,815 [cuckoo.core.resultserver] DEBUG: Task #37 uploaded file length: 18604112
2022-11-11 14:09:10,869 [cuckoo.core.resultserver] DEBUG: Task #37 is sending a BSON stream
2022-11-11 14:09:11,233 [cuckoo.core.resultserver] DEBUG: Task #37 is sending a BSON stream
2022-11-11 14:09:13,191 [cuckoo.core.guest] DEBUG: 192.168.56.1011: analysis #37 still processing
2022-11-11 14:09:14,252 [cuckoo.core.resultserver] DEBUG: Task #37: File upload for 'memory/684-1.dmp'
2022-11-11 14:09:14,347 [cuckoo.core.resultserver] DEBUG: Task #37 is sending a BSON stream
2022-11-11 14:09:14,513 [cuckoo.core.resultserver] DEBUG: Task #37: File upload for 'memory/2652-1.dmp'
2022-11-11 14:09:15,338 [cuckoo.core.resultserver] DEBUG: Task #37 uploaded file length: 15745368
2022-11-11 14:09:15,747 [cuckoo.core.resultserver] DEBUG: Task #37 uploaded file length: 19780264
2022-11-11 14:09:16,370 [cuckoo.core.resultserver] DEBUG: Task #37: File upload for 'memory/2408-1.dmp'
2022-11-11 14:09:16,786 [cuckoo.core.resultserver] DEBUG: Task #37 uploaded file length: 11398864
2022-11-11 14:09:16,853 [cuckoo.core.resultserver] DEBUG: Task #37: File upload for 'files/e3b0c44298fc1c14_~SD6B1F.tmp'
2022-11-11 14:09:16,864 [cuckoo.core.resultserver] DEBUG: Task #37 uploaded file length: 0
2022-11-11 14:09:17,518 [cuckoo.core.resultserver] DEBUG: Task #37 is sending a BSON stream
2022-11-11 14:09:17,571 [cuckoo.core.resultserver] DEBUG: Task #37: File upload for 'memory/2952-1.dmp'
2022-11-11 14:09:18,219 [cuckoo.core.guest] DEBUG: 192.168.56.1011: analysis #37 still processing
2022-11-11 14:09:18,540 [cuckoo.core.resultserver] DEBUG: Task #37 uploaded file length: 9399056
2022-11-11 14:09:23,248 [cuckoo.core.guest] DEBUG: 192.168.56.1011: analysis #37 still processing
2022-11-11 14:09:28,235 [cuckoo.core.resultserver] DEBUG: Task #37: File upload for 'memory/2432-1.dmp'
2022-11-11 14:09:28,274 [cuckoo.core.guest] DEBUG: 192.168.56.1011: analysis #37 still processing
2022-11-11 14:09:30,349 [cuckoo.core.resultserver] DEBUG: Task #37 uploaded file length: 20390496
2022-11-11 14:09:31,462 [cuckoo.core.resultserver] DEBUG: Task #37 is sending a BSON stream
2022-11-11 14:09:33,313 [cuckoo.core.guest] DEBUG: 192.168.56.1011: analysis #37 still processing
2022-11-11 14:09:35,909 [cuckoo.core.resultserver] DEBUG: Task #37: File upload for 'memory/3068-2.dmp'
2022-11-11 14:09:37,606 [cuckoo.core.resultserver] DEBUG: Task #37 uploaded file length: 47678912
2022-11-11 14:09:38,348 [cuckoo.core.guest] DEBUG: 192.168.56.1011: analysis #37 still processing
2022-11-11 14:09:41,461 [cuckoo.core.resultserver] DEBUG: Task #37: File upload for 'memory/1148-2.dmp'
2022-11-11 14:09:43,171 [cuckoo.core.resultserver] DEBUG: Task #37 uploaded file length: 48519384
2022-11-11 14:09:43,256 [cuckoo.core.resultserver] DEBUG: Task #37: File upload for 'files/ff56947973e9bfda_vi.msg.wncry'
2022-11-11 14:09:43,283 [cuckoo.core.resultserver] DEBUG: Task #37 uploaded file length: 1704
2022-11-11 14:09:43,312 [cuckoo.core.resultserver] DEBUG: Task #37: File upload for 'files/faa3bebf80d04258_en.msg.wncry'
2022-11-11 14:09:43,337 [cuckoo.core.resultserver] DEBUG: Task #37 uploaded file length: 3080
2022-11-11 14:09:43,366 [cuckoo.core.resultserver] DEBUG: Task #37: File upload for 'files/93f246bcf049f518_00000000.eky'
2022-11-11 14:09:43,373 [cuckoo.core.guest] DEBUG: 192.168.56.1011: analysis #37 still processing
2022-11-11 14:09:43,390 [cuckoo.core.resultserver] DEBUG: Task #37 uploaded file length: 1284
2022-11-11 14:09:43,425 [cuckoo.core.resultserver] DEBUG: Task #37: File upload for 'files/9d77c4cf0830ac8c_it.msg.wncry'
2022-11-11 14:09:43,449 [cuckoo.core.resultserver] DEBUG: Task #37 uploaded file length: 3848
2022-11-11 14:09:43,474 [cuckoo.core.resultserver] DEBUG: Task #37: File upload for 'files/54082e0a6e3273fc_es.msg.wncry'
2022-11-11 14:09:43,500 [cuckoo.core.resultserver] DEBUG: Task #37 uploaded file length: 4216
2022-11-11 14:09:43,526 [cuckoo.core.resultserver] DEBUG: Task #37: File upload for 'files/a38cf5fda555e203_sand_paper.jpg.wncry'
2022-11-11 14:09:43,555 [cuckoo.core.resultserver] DEBUG: Task #37 uploaded file length: 16056
2022-11-11 14:09:43,587 [cuckoo.core.resultserver] DEBUG: Task #37: File upload for 'files/fe0572be07b33d9a_tvefmkogej.ppt'
2022-11-11 14:09:43,627 [cuckoo.core.resultserver] DEBUG: Task #37 uploaded file length: 975325
2022-11-11 14:09:43,666 [cuckoo.core.resultserver] DEBUG: Task #37: File upload for 'files/45446dc463e96c32_websafe.txt.wncry'
2022-11-11 14:09:43,695 [cuckoo.core.resultserver] DEBUG: Task #37 uploaded file length: 2248
2022-11-11 14:09:43,750 [cuckoo.core.resultserver] DEBUG: Task #37: File upload for 'files/febbf1d0ae44f167_ncvwnifhnfg.pptx.wncry'
2022-11-11 14:09:43,788 [cuckoo.core.resultserver] DEBUG: Task #37 uploaded file length: 549768
2022-11-11 14:09:43,889 [cuckoo.core.resultserver] DEBUG: Task #37: File upload for 'files/6db650836d64350b_m_turkish.wnry'
2022-11-11 14:09:43,922 [cuckoo.core.resultserver] DEBUG: Task #37 uploaded file length: 42582
2022-11-11 14:09:43,970 [cuckoo.core.resultserver] DEBUG: Task #37: File upload for 'files/40cc59df11a05cbe_f.wnry'
2022-11-11 14:09:44,003 [cuckoo.core.resultserver] DEBUG: Task #37 uploaded file length: 103
2022-11-11 14:09:44,037 [cuckoo.core.resultserver] DEBUG: Task #37: File upload for 'files/575b36aa9c20ff96_hr.msg.wncry'
2022-11-11 14:09:44,071 [cuckoo.core.resultserver] DEBUG: Task #37 uploaded file length: 1416
2022-11-11 14:09:44,107 [cuckoo.core.resultserver] DEBUG: Task #37: File upload for 'files/4ee10b4a0032b726_hu.msg.wncry'
2022-11-11 14:09:44,143 [cuckoo.core.resultserver] DEBUG: Task #37 uploaded file length: 4872
2022-11-11 14:09:44,186 [cuckoo.core.resultserver] DEBUG: Task #37: File upload for 'files/08acf2f8f8d59ff0_zzycwxkiytq.ppt'
2022-11-11 14:09:44,222 [cuckoo.core.resultserver] DEBUG: Task #37 uploaded file length: 882567
2022-11-11 14:09:44,257 [cuckoo.core.resultserver] DEBUG: Task #37: File upload for 'files/9b563f2f6541f553_monet.jpg.wncry'
2022-11-11 14:09:44,284 [cuckoo.core.resultserver] DEBUG: Task #37 uploaded file length: 2504
2022-11-11 14:09:44,319 [cuckoo.core.resultserver] DEBUG: Task #37: File upload for 'files/912685e48451dad2_sk.msg.wncry'
2022-11-11 14:09:44,353 [cuckoo.core.resultserver] DEBUG: Task #37 uploaded file length: 1496
2022-11-11 14:09:44,391 [cuckoo.core.resultserver] DEBUG: Task #37: File upload for 'files/f1cd683612cc4392_ieee754.txt.wncry'
2022-11-11 14:09:44,425 [cuckoo.core.resultserver] DEBUG: Task #37 uploaded file length: 3752
2022-11-11 14:09:44,460 [cuckoo.core.resultserver] DEBUG: Task #37: File upload for 'files/2b64bf3a28fc9727_extend.txt.wncry'
2022-11-11 14:09:44,492 [cuckoo.core.resultserver] DEBUG: Task #37 uploaded file length: 4008
2022-11-11 14:09:44,523 [cuckoo.core.resultserver] DEBUG: Task #37: File upload for 'files/6bda96cfa0c79d68_ru.msg.wncry'
2022-11-11 14:09:44,557 [cuckoo.core.resultserver] DEBUG: Task #37 uploaded file length: 7400
2022-11-11 14:09:44,596 [cuckoo.core.resultserver] DEBUG: Task #37: File upload for 'files/a75bb44284b9db8d_m_danish.wnry'
2022-11-11 14:09:44,627 [cuckoo.core.resultserver] DEBUG: Task #37 uploaded file length: 37045
2022-11-11 14:09:44,662 [cuckoo.core.resultserver] DEBUG: Task #37: File upload for 'files/7b26f3697c1e7b10_blue_gradient.jpg.wncry'
2022-11-11 14:09:44,692 [cuckoo.core.resultserver] DEBUG: Task #37 uploaded file length: 2856
2022-11-11 14:09:44,728 [cuckoo.core.resultserver] DEBUG: Task #37: File upload for 'files/5fcb90eb6814a71d_ca.msg.wncry'
2022-11-11 14:09:44,762 [cuckoo.core.resultserver] DEBUG: Task #37 uploaded file length: 1384
2022-11-11 14:09:44,798 [cuckoo.core.resultserver] DEBUG: Task #37: File upload for 'files/8ccf0681c88536e7_softblue.jpg.wncry'
2022-11-11 14:09:44,840 [cuckoo.core.resultserver] DEBUG: Task #37 uploaded file length: 10856
2022-11-11 14:09:44,873 [cuckoo.core.resultserver] DEBUG: Task #37: File upload for 'files/17b5f49f6d3f6a5d_readme.txt.wncry'
2022-11-11 14:09:44,904 [cuckoo.core.resultserver] DEBUG: Task #37 uploaded file length: 4920
2022-11-11 14:09:44,939 [cuckoo.core.resultserver] DEBUG: Task #37: File upload for 'files/86f2ea15ffe3c904_shift_jis-utf8.txt.wncry'
2022-11-11 14:09:44,973 [cuckoo.core.resultserver] DEBUG: Task #37 uploaded file length: 1384
2022-11-11 14:09:45,018 [cuckoo.core.resultserver] DEBUG: Task #37: File upload for 'files/a0356696877f2d94_m_latvian.wnry'
2022-11-11 14:09:45,055 [cuckoo.core.resultserver] DEBUG: Task #37 uploaded file length: 41169
2022-11-11 14:09:45,093 [cuckoo.core.resultserver] DEBUG: Task #37: File upload for 'files/5afa4753afa048c6_m_czech.wnry'
2022-11-11 14:09:45,140 [cuckoo.core.resultserver] DEBUG: Task #37 uploaded file length: 40512
2022-11-11 14:09:45,179 [cuckoo.core.resultserver] DEBUG: Task #37: File upload for 'files/146f61db72297c9c_m_swedish.wnry'
2022-11-11 14:09:45,214 [cuckoo.core.resultserver] DEBUG: Task #37 uploaded file length: 38483
2022-11-11 14:09:45,250 [cuckoo.core.resultserver] DEBUG: Task #37: File upload for 'files/1534c0fcdf83b2fd_msg_07.txt.wncry'
2022-11-11 14:09:45,283 [cuckoo.core.resultserver] DEBUG: Task #37 uploaded file length: 5592
2022-11-11 14:09:45,322 [cuckoo.core.resultserver] DEBUG: Task #37: File upload for 'files/7cea3c8d344c5631_43851668228556.bat.wncry'
2022-11-11 14:09:45,356 [cuckoo.core.resultserver] DEBUG: Task #37 uploaded file length: 616
2022-11-11 14:09:45,387 [cuckoo.core.resultserver] DEBUG: Task #37: File upload for 'files/9863ef70067d2240_msg_02.txt.wncry'
2022-11-11 14:09:45,425 [cuckoo.core.resultserver] DEBUG: Task #37 uploaded file length: 3240
2022-11-11 14:09:45,456 [cuckoo.core.resultserver] DEBUG: Task #37: File upload for 'files/0accd035e907b34c_fa_in.msg.wncry'
2022-11-11 14:09:45,483 [cuckoo.core.resultserver] DEBUG: Task #37 uploaded file length: 2248
2022-11-11 14:09:45,547 [cuckoo.core.resultserver] DEBUG: Task #37: File upload for 'files/b94ff5ea3a93bda3_ar_sy.msg.wncry'
2022-11-11 14:09:45,581 [cuckoo.core.resultserver] DEBUG: Task #37 uploaded file length: 2104
2022-11-11 14:09:45,623 [cuckoo.core.resultserver] DEBUG: Task #37: File upload for 'files/f01131cc87d98c68_rjavfvxtaoiiuqgk.docm.wncry'
2022-11-11 14:09:45,661 [cuckoo.core.resultserver] DEBUG: Task #37 uploaded file length: 262392
2022-11-11 14:09:45,704 [cuckoo.core.resultserver] DEBUG: Task #37: File upload for 'files/b883a6d260261c65_hdqwxugiupjobq.ppt'
2022-11-11 14:09:45,736 [cuckoo.core.resultserver] DEBUG: Task #37 uploaded file length: 187546
2022-11-11 14:09:45,771 [cuckoo.core.resultserver] DEBUG: Task #37: File upload for 'files/a61e450fa7d0d314_da.msg.wncry'
2022-11-11 14:09:45,805 [cuckoo.core.resultserver] DEBUG: Task #37 uploaded file length: 4152
2022-11-11 14:09:45,839 [cuckoo.core.resultserver] DEBUG: Task #37: File upload for 'files/a5428fb3d9013545_alternateservices.txt.wncry'
2022-11-11 14:09:45,874 [cuckoo.core.resultserver] DEBUG: Task #37 uploaded file length: 8184
2022-11-11 14:09:45,909 [cuckoo.core.resultserver] DEBUG: Task #37: File upload for 'files/519ad66009a6c127_m_polish.wnry'
2022-11-11 14:09:45,944 [cuckoo.core.resultserver] DEBUG: Task #37 uploaded file length: 39896
2022-11-11 14:09:45,979 [cuckoo.core.resultserver] DEBUG: Task #37: File upload for 'files/26fd072fda6e12f8_m_english.wnry'
2022-11-11 14:09:46,012 [cuckoo.core.resultserver] DEBUG: Task #37 uploaded file length: 36973
2022-11-11 14:09:46,063 [cuckoo.core.resultserver] DEBUG: Task #37: File upload for 'files/e3a51e2b7b696a27_msg_38.txt.wncry'
2022-11-11 14:09:46,147 [cuckoo.core.resultserver] DEBUG: Task #37 uploaded file length: 2936
2022-11-11 14:09:46,208 [cuckoo.core.resultserver] DEBUG: Task #37: File upload for 'files/c073048198ecf2fa_namedcolors.txt.wncry'
2022-11-11 14:09:46,237 [cuckoo.core.resultserver] DEBUG: Task #37 uploaded file length: 6104
2022-11-11 14:09:46,294 [cuckoo.core.resultserver] DEBUG: Task #37: File upload for 'files/b4ebd51eb452a830_peacock.jpg.wncry'
2022-11-11 14:09:46,329 [cuckoo.core.resultserver] DEBUG: Task #37 uploaded file length: 5400
2022-11-11 14:09:46,378 [cuckoo.core.resultserver] DEBUG: Task #37: File upload for 'files/b55b2b15aaf13b3d_readme.txt.wncry'
2022-11-11 14:09:46,529 [cuckoo.core.resultserver] DEBUG: Task #37 uploaded file length: 4104
2022-11-11 14:09:46,631 [cuckoo.core.resultserver] DEBUG: Task #37: File upload for 'files/a3e81bf186c5df7e_white_chocolate.jpg.wncry'
2022-11-11 14:09:46,659 [cuckoo.core.resultserver] DEBUG: Task #37 uploaded file length: 3448
2022-11-11 14:09:46,727 [cuckoo.core.resultserver] DEBUG: Task #37: File upload for 'files/c36303dd3717d786_pine_lumber.jpg.wncry'
2022-11-11 14:09:46,755 [cuckoo.core.resultserver] DEBUG: Task #37 uploaded file length: 4264
2022-11-11 14:09:46,788 [cuckoo.core.resultserver] DEBUG: Task #37: File upload for 'files/9f57189f8e60c015_fi.msg.wncry'
2022-11-11 14:09:46,834 [cuckoo.core.resultserver] DEBUG: Task #37 uploaded file length: 1432
2022-11-11 14:09:46,879 [cuckoo.core.resultserver] DEBUG: Task #37: File upload for 'files/37d3938e597cf6ff_webcolors.txt.wncry'
2022-11-11 14:09:46,906 [cuckoo.core.resultserver] DEBUG: Task #37 uploaded file length: 3512
2022-11-11 14:09:46,943 [cuckoo.core.resultserver] DEBUG: Task #37 is sending a BSON stream
2022-11-11 14:09:46,956 [cuckoo.core.resultserver] DEBUG: Task #37: File upload for 'files/b73f63920662e54c_da.msg.wncry'
2022-11-11 14:09:46,999 [cuckoo.core.resultserver] DEBUG: Task #37 uploaded file length: 1448
2022-11-11 14:09:47,122 [cuckoo.core.resultserver] DEBUG: Task #37: File upload for 'files/f5d73f09d6127b72_pmtonavtrr.doc'
2022-11-11 14:09:47,147 [cuckoo.core.resultserver] DEBUG: Task #37 uploaded file length: 93012
2022-11-11 14:09:47,207 [cuckoo.core.resultserver] DEBUG: Task #37: File upload for 'files/c785b5806d5341f7_rjavfvxtaoiiuqgk.docm'
2022-11-11 14:09:47,305 [cuckoo.core.resultserver] DEBUG: Task #37 uploaded file length: 262112
2022-11-11 14:09:47,353 [cuckoo.core.resultserver] DEBUG: Task #37: File upload for 'files/8db242584f539f2b_ro.msg.wncry'
2022-11-11 14:09:47,381 [cuckoo.core.resultserver] DEBUG: Task #37 uploaded file length: 1464
2022-11-11 14:09:47,407 [cuckoo.core.resultserver] DEBUG: Task #37: File upload for 'files/c8d305f12e1db589_it.msg.wncry'
2022-11-11 14:09:47,448 [cuckoo.core.resultserver] DEBUG: Task #37 uploaded file length: 1528
2022-11-11 14:09:47,526 [cuckoo.core.resultserver] DEBUG: Task #37: File upload for 'files/7635a8c013623d49_shift_jisx0213-utf8.txt.wncry'
2022-11-11 14:09:47,574 [cuckoo.core.resultserver] DEBUG: Task #37 uploaded file length: 1432
2022-11-11 14:09:47,610 [cuckoo.core.resultserver] DEBUG: Task #37: File upload for 'files/c055bdbca5ae7c6a_th.msg.wncry'
2022-11-11 14:09:47,658 [cuckoo.core.resultserver] DEBUG: Task #37 uploaded file length: 2600
2022-11-11 14:09:47,694 [cuckoo.core.resultserver] DEBUG: Task #37: File upload for 'files/a971d0a022b8d381_eo.msg.wncry'
2022-11-11 14:09:47,756 [cuckoo.core.resultserver] DEBUG: Task #37 uploaded file length: 1512
2022-11-11 14:09:47,812 [cuckoo.core.resultserver] DEBUG: Task #37: File upload for 'files/841162d885a7b4ea_roses.jpg.wncry'
2022-11-11 14:09:47,856 [cuckoo.core.resultserver] DEBUG: Task #37 uploaded file length: 2200
2022-11-11 14:09:47,902 [cuckoo.core.resultserver] DEBUG: Task #37: File upload for 'files/9816799f3f82d103_pretty_peacock.jpg.wncry'
2022-11-11 14:09:47,928 [cuckoo.core.resultserver] DEBUG: Task #37 uploaded file length: 5400
2022-11-11 14:09:47,970 [cuckoo.core.resultserver] DEBUG: Task #37: File upload for 'files/fe2f22ce90be73f8_pmtonavtrr.doc.wncry'
2022-11-11 14:09:47,993 [cuckoo.core.resultserver] DEBUG: Task #37 is sending a BSON stream
2022-11-11 14:09:48,007 [cuckoo.core.resultserver] DEBUG: Task #37 uploaded file length: 93304
2022-11-11 14:09:48,151 [cuckoo.core.resultserver] DEBUG: Task #37: File upload for 'files/b34d0eb5620fbee4_shadesofblue.jpg.wncry'
2022-11-11 14:09:48,201 [cuckoo.core.resultserver] DEBUG: Task #37 uploaded file length: 5016
2022-11-11 14:09:48,307 [cuckoo.core.resultserver] DEBUG: Task #37: File upload for 'files/93b1b413fb5d7c80_hi.msg.wncry'
2022-11-11 14:09:48,339 [cuckoo.core.resultserver] DEBUG: Task #37 uploaded file length: 2024
2022-11-11 14:09:48,396 [cuckoo.core.resultserver] DEBUG: Task #37: File upload for 'files/8f27ed2678c97897_history.txt.wncry'
2022-11-11 14:09:48,403 [cuckoo.core.guest] DEBUG: 192.168.56.1011: analysis #37 still processing
2022-11-11 14:09:48,429 [cuckoo.core.resultserver] DEBUG: Task #37 uploaded file length: 10904
2022-11-11 14:09:48,466 [cuckoo.core.resultserver] DEBUG: Task #37: File upload for 'files/8017823c5330bc56_fr.msg.wncry'
2022-11-11 14:09:48,579 [cuckoo.core.resultserver] DEBUG: Task #37 uploaded file length: 1496
2022-11-11 14:09:48,650 [cuckoo.core.resultserver] DEBUG: Task #37: File upload for 'files/228b2b7b19c3b07f_el.msg.wncry'
2022-11-11 14:09:48,676 [cuckoo.core.resultserver] DEBUG: Task #37 uploaded file length: 2536
2022-11-11 14:09:48,712 [cuckoo.core.resultserver] DEBUG: Task #37: File upload for 'files/0917123d3f8a9f92_xlicense.txt.wncry'
2022-11-11 14:09:48,741 [cuckoo.core.resultserver] DEBUG: Task #37 uploaded file length: 1672
2022-11-11 14:09:48,778 [cuckoo.core.resultserver] DEBUG: Task #37: File upload for 'files/5597059fe01d51c8_ta.msg.wncry'
2022-11-11 14:09:48,805 [cuckoo.core.resultserver] DEBUG: Task #37 uploaded file length: 2120
2022-11-11 14:09:48,842 [cuckoo.core.resultserver] DEBUG: Task #37: File upload for 'files/845d0e178aeebd6c_m_chinese (simplified).wnry'
2022-11-11 14:09:48,885 [cuckoo.core.resultserver] DEBUG: Task #37 uploaded file length: 54359
2022-11-11 14:09:48,980 [cuckoo.core.resultserver] DEBUG: Task #37: File upload for 'files/d385da233cf61601_bfqgsbilkhcpc.docm'
2022-11-11 14:09:49,034 [cuckoo.core.resultserver] DEBUG: Task #37 uploaded file length: 138787
2022-11-11 14:09:49,056 [cuckoo.core.resultserver] DEBUG: Task #37 is sending a BSON stream
2022-11-11 14:09:49,246 [cuckoo.core.resultserver] DEBUG: Task #37: File upload for 'files/6aed08355c5cf0b2_webbrowser.pyc'
2022-11-11 14:09:49,277 [cuckoo.core.resultserver] DEBUG: Task #37 uploaded file length: 19554
2022-11-11 14:09:49,318 [cuckoo.core.resultserver] DEBUG: Task #37: File upload for 'files/4d966a9bbcbdf53a_handprints.jpg.wncry'
2022-11-11 14:09:49,352 [cuckoo.core.resultserver] DEBUG: Task #37 uploaded file length: 4504
2022-11-11 14:09:49,393 [cuckoo.core.resultserver] DEBUG: Task #37: File upload for 'files/ddbf7a392a9ce281_tvefmkogej.ppt.wncry'
2022-11-11 14:09:49,428 [cuckoo.core.resultserver] DEBUG: Task #37 uploaded file length: 975608
2022-11-11 14:09:49,482 [cuckoo.core.resultserver] DEBUG: Task #37: File upload for 'files/ce0d770cd3557644_ko.msg.wncry'
2022-11-11 14:09:49,587 [cuckoo.core.resultserver] DEBUG: Task #37 uploaded file length: 1848
2022-11-11 14:09:49,679 [cuckoo.core.resultserver] DEBUG: Task #37: File upload for 'files/25f8569539d3b79c_sh.msg.wncry'
2022-11-11 14:09:49,715 [cuckoo.core.resultserver] DEBUG: Task #37 uploaded file length: 1448
2022-11-11 14:09:49,834 [cuckoo.core.resultserver] DEBUG: Task #37: File upload for 'files/8f00d1afa70e0a41_mhlnstlapstq.ppt.wncry'
2022-11-11 14:09:49,862 [cuckoo.core.resultserver] DEBUG: Task #37 uploaded file length: 105432
2022-11-11 14:09:49,920 [cuckoo.core.resultserver] DEBUG: Task #37: File upload for 'files/402751fa49e0cb68_r.wnry'
2022-11-11 14:09:49,940 [cuckoo.core.resultserver] DEBUG: Task #37 uploaded file length: 864
2022-11-11 14:09:49,962 [cuckoo.core.resultserver] DEBUG: Task #37: File upload for 'files/27bf40e1823a4de0_readme.txt.wncry'
2022-11-11 14:09:50,007 [cuckoo.core.resultserver] DEBUG: Task #37 uploaded file length: 55496
2022-11-11 14:09:50,074 [cuckoo.core.resultserver] DEBUG: Task #37: File upload for 'files/ef0ed0b717d1b956_c.wnry'
2022-11-11 14:09:50,096 [cuckoo.core.resultserver] DEBUG: Task #37 uploaded file length: 780
2022-11-11 14:09:50,119 [cuckoo.core.resultserver] DEBUG: Task #37: File upload for 'files/72f20024b2f69b45_m_spanish.wnry'
2022-11-11 14:09:50,142 [cuckoo.core.resultserver] DEBUG: Task #37 uploaded file length: 37381
2022-11-11 14:09:50,164 [cuckoo.core.resultserver] DEBUG: Task #37: File upload for 'files/d8489f8c16318e52_m_filipino.wnry'
2022-11-11 14:09:50,187 [cuckoo.core.resultserver] DEBUG: Task #37 uploaded file length: 37580
2022-11-11 14:09:50,495 [cuckoo.core.resultserver] DEBUG: Task #37: File upload for 'memory/828-1.dmp'
2022-11-11 14:09:50,500 [cuckoo.core.resultserver] DEBUG: Task #37: File upload for 'files/ce3a449344c05e54_readme.txt.wncry'
2022-11-11 14:09:50,541 [cuckoo.core.resultserver] DEBUG: Task #37 uploaded file length: 1416
2022-11-11 14:09:50,603 [cuckoo.core.resultserver] DEBUG: Task #37: File upload for 'files/bd6d91530dc200fd_gbk-utf8.txt.wncry'
2022-11-11 14:09:50,638 [cuckoo.core.resultserver] DEBUG: Task #37 uploaded file length: 1336
2022-11-11 14:09:50,675 [cuckoo.core.resultserver] DEBUG: Task #37: File upload for 'files/70c0f32ed379ae89_m_romanian.wnry'
2022-11-11 14:09:50,713 [cuckoo.core.resultserver] DEBUG: Task #37 uploaded file length: 52161
2022-11-11 14:09:50,824 [cuckoo.core.resultserver] DEBUG: Task #37: File upload for 'files/ab5c4ccc72133ff0_is.msg.wncry'
2022-11-11 14:09:50,879 [cuckoo.core.resultserver] DEBUG: Task #37 uploaded file length: 9382672
2022-11-11 14:09:50,898 [cuckoo.core.resultserver] DEBUG: Task #37 uploaded file length: 1544
2022-11-11 14:09:50,953 [cuckoo.core.resultserver] DEBUG: Task #37: File upload for 'files/4daf1aa951e6eaeb_credits.txt.wncry'
2022-11-11 14:09:51,006 [cuckoo.core.resultserver] DEBUG: Task #37 uploaded file length: 2184
2022-11-11 14:09:51,046 [cuckoo.core.resultserver] DEBUG: Task #37: File upload for 'files/5aa60d49802431af_hbzxjejvhgibm.doc.wncry'
2022-11-11 14:09:51,082 [cuckoo.core.resultserver] DEBUG: Task #37 uploaded file length: 837608
2022-11-11 14:09:51,185 [cuckoo.core.resultserver] DEBUG: Task #37: File upload for 'files/5a2e66a5fd73fe3a_pl.msg.wncry'
2022-11-11 14:09:51,224 [cuckoo.core.resultserver] DEBUG: Task #37 uploaded file length: 4232
2022-11-11 14:09:51,367 [cuckoo.core.resultserver] DEBUG: Task #37: File upload for 'files/49f2c739e7d9745c_m_italian.wnry'
2022-11-11 14:09:51,409 [cuckoo.core.resultserver] DEBUG: Task #37 uploaded file length: 36883
2022-11-11 14:09:51,469 [cuckoo.core.resultserver] DEBUG: Task #37: File upload for 'files/8d1384f191109be1_es.msg.wncry'
2022-11-11 14:09:51,531 [cuckoo.core.resultserver] DEBUG: Task #37 uploaded file length: 1464
2022-11-11 14:09:51,614 [cuckoo.core.resultserver] DEBUG: Task #37: File upload for 'files/b9c5d4339809e0ad_u.wnry'
2022-11-11 14:09:51,668 [cuckoo.core.resultserver] DEBUG: Task #37 uploaded file length: 245760
2022-11-11 14:09:51,902 [cuckoo.core.resultserver] DEBUG: Task #37: File upload for 'files/35c48b543c96263a_hdqwxugiupjobq.ppt.wncry'
2022-11-11 14:09:51,957 [cuckoo.core.resultserver] DEBUG: Task #37 uploaded file length: 187832
2022-11-11 14:09:52,055 [cuckoo.core.resultserver] DEBUG: Task #37: File upload for 'files/d68f7f0923b66a9a_cs.msg.wncry'
2022-11-11 14:09:52,099 [cuckoo.core.resultserver] DEBUG: Task #37 uploaded file length: 1592
2022-11-11 14:09:52,122 [cuckoo.core.resultserver] DEBUG: Task #37: File upload for 'files/afe34d632b684e1f_psychedelic.jpg.wncry'
2022-11-11 14:09:52,201 [cuckoo.core.resultserver] DEBUG: Task #37 uploaded file length: 14344
2022-11-11 14:09:52,562 [cuckoo.core.resultserver] DEBUG: Task #37: File upload for 'files/56c8a3bcec806b09_msg_25.txt.wncry'
2022-11-11 14:09:52,584 [cuckoo.core.resultserver] DEBUG: Task #37 uploaded file length: 5528
2022-11-11 14:09:52,720 [cuckoo.core.resultserver] DEBUG: Task #37: File upload for 'files/5827f94b66f4ac1a_vinqtdhgxtovcgehn.txt.wncry'
2022-11-11 14:09:52,745 [cuckoo.core.resultserver] DEBUG: Task #37 uploaded file length: 694584
2022-11-11 14:09:52,767 [cuckoo.core.resultserver] DEBUG: Task #37: File upload for 'files/052c2910167bedbd_stars.jpg.wncry'
2022-11-11 14:09:52,788 [cuckoo.core.resultserver] DEBUG: Task #37 uploaded file length: 7800
2022-11-11 14:09:52,814 [cuckoo.core.resultserver] DEBUG: Task #37: File upload for 'files/8a65b89f32622748_lt.msg.wncry'
2022-11-11 14:09:52,844 [cuckoo.core.resultserver] DEBUG: Task #37 uploaded file length: 1544
2022-11-11 14:09:52,869 [cuckoo.core.resultserver] DEBUG: Task #37: File upload for 'files/699fd3ef61488864_pl.msg.wncry'
2022-11-11 14:09:52,956 [cuckoo.core.resultserver] DEBUG: Task #37 uploaded file length: 1496
2022-11-11 14:09:52,981 [cuckoo.core.resultserver] DEBUG: Task #37: File upload for 'files/9f15ec19f2baa13c_lv.msg.wncry'
2022-11-11 14:09:53,002 [cuckoo.core.resultserver] DEBUG: Task #37 uploaded file length: 1512
2022-11-11 14:09:53,062 [cuckoo.core.resultserver] DEBUG: Task #37: File upload for 'files/6cee158af81c4833_ikmqtpfxivhzo.pptx'
2022-11-11 14:09:53,087 [cuckoo.core.resultserver] DEBUG: Task #37 uploaded file length: 134713
2022-11-11 14:09:53,166 [cuckoo.core.resultserver] DEBUG: Task #37: File upload for 'files/c2a4d4bc8939f6ab_euc_jisx0213-utf8.txt.wncry'
2022-11-11 14:09:53,189 [cuckoo.core.resultserver] DEBUG: Task #37 uploaded file length: 1432
2022-11-11 14:09:53,317 [cuckoo.core.resultserver] DEBUG: Task #37: File upload for 'files/c111a2485dc30055_mr.msg.wncry'
2022-11-11 14:09:53,338 [cuckoo.core.resultserver] DEBUG: Task #37 uploaded file length: 2088
2022-11-11 14:09:53,364 [cuckoo.core.resultserver] DEBUG: Task #37: File upload for 'files/11edaef5c77e2d6d_wmdefault.txt.wncry'
2022-11-11 14:09:53,385 [cuckoo.core.resultserver] DEBUG: Task #37 uploaded file length: 4760
2022-11-11 14:09:53,409 [cuckoo.core.resultserver] DEBUG: Task #37: File upload for 'files/08a9b5fb9606a240_euc_jp-utf8.txt.wncry'
2022-11-11 14:09:53,431 [cuckoo.core.resultserver] DEBUG: Task #37 uploaded file length: 1384
2022-11-11 14:09:53,454 [cuckoo.core.resultserver] DEBUG: Task #37: File upload for 'files/4a468603fdcb7a2e_taskdl.exe'
2022-11-11 14:09:53,466 [cuckoo.core.guest] DEBUG: 192.168.56.1011: analysis #37 still processing
2022-11-11 14:09:53,478 [cuckoo.core.resultserver] DEBUG: Task #37 uploaded file length: 20480
2022-11-11 14:09:53,501 [cuckoo.core.resultserver] DEBUG: Task #37: File upload for 'files/1a0fa741a9d9ee6d_orangecircles.jpg.wncry'
2022-11-11 14:09:53,524 [cuckoo.core.resultserver] DEBUG: Task #37 uploaded file length: 6664
2022-11-11 14:09:53,620 [cuckoo.core.resultserver] DEBUG: Task #37: File upload for 'files/373fd1174796d978_ru.msg.wncry'
2022-11-11 14:09:53,643 [cuckoo.core.resultserver] DEBUG: Task #37 uploaded file length: 2328
2022-11-11 14:09:53,729 [cuckoo.core.resultserver] DEBUG: Task #37: File upload for 'files/86e03eb13bbb7ae0_formatfloat_testcases.txt.wncry'
2022-11-11 14:09:53,750 [cuckoo.core.resultserver] DEBUG: Task #37 uploaded file length: 8680
2022-11-11 14:09:53,779 [cuckoo.core.resultserver] DEBUG: Task #37: File upload for 'files/48c88a28717c9134_feencownufrozjlm.doc'
2022-11-11 14:09:53,833 [cuckoo.core.resultserver] DEBUG: Task #37 uploaded file length: 852371
2022-11-11 14:09:53,914 [cuckoo.core.resultserver] DEBUG: Task #37: File upload for 'files/54dd12ba0d558a73_eo.msg.wncry'
2022-11-11 14:09:53,935 [cuckoo.core.resultserver] DEBUG: Task #37 uploaded file length: 4136
2022-11-11 14:09:53,959 [cuckoo.core.resultserver] DEBUG: Task #37: File upload for 'files/47b4c86a0b65d069_sv.msg.wncry'
2022-11-11 14:09:53,980 [cuckoo.core.resultserver] DEBUG: Task #37 uploaded file length: 4056
2022-11-11 14:09:54,004 [cuckoo.core.resultserver] DEBUG: Task #37: File upload for 'files/d04b29d98c07cbce_floating_points.txt.wncry'
2022-11-11 14:09:54,037 [cuckoo.core.resultserver] DEBUG: Task #37 uploaded file length: 17624
2022-11-11 14:09:54,061 [cuckoo.core.resultserver] DEBUG: Task #37: File upload for 'files/5c7f6ad1ec4bc2c8_m_chinese (traditional).wnry'
2022-11-11 14:09:54,083 [cuckoo.core.resultserver] DEBUG: Task #37 uploaded file length: 79346
2022-11-11 14:09:54,235 [cuckoo.core.resultserver] DEBUG: Task #37: File upload for 'files/d5e19569e577081b_hu.msg.wncry'
2022-11-11 14:09:54,245 [cuckoo.core.resultserver] DEBUG: Task #37: File upload for 'memory/3068-3.dmp'
2022-11-11 14:09:54,335 [cuckoo.core.resultserver] DEBUG: Task #37 uploaded file length: 1608
2022-11-11 14:09:54,446 [cuckoo.core.resultserver] DEBUG: Task #37: File upload for 'files/fd4ce1760fdcf450_sq.msg.wncry'
2022-11-11 14:09:54,539 [cuckoo.core.resultserver] DEBUG: Task #37 uploaded file length: 1560
2022-11-11 14:09:54,614 [cuckoo.core.resultserver] DEBUG: Task #37: File upload for 'files/6928a88ecbce2da9_desert.jpg.wncry'
2022-11-11 14:09:54,684 [cuckoo.core.resultserver] DEBUG: Task #37 uploaded file length: 846232
2022-11-11 14:09:54,759 [cuckoo.core.resultserver] DEBUG: Task #37: File upload for 'files/25733870a63d9ff9_hydrangeas.jpg.wncry'
2022-11-11 14:09:54,897 [cuckoo.core.resultserver] DEBUG: Task #37 uploaded file length: 595576
2022-11-11 14:09:54,977 [cuckoo.core.resultserver] DEBUG: Task #37: File upload for 'files/c456eb16ca3b246b_jellyfish.jpg.wncry'
2022-11-11 14:09:55,015 [cuckoo.core.resultserver] DEBUG: Task #37 uploaded file length: 775992
2022-11-11 14:09:55,100 [cuckoo.core.resultserver] DEBUG: Task #37: File upload for 'files/567bf84b1195dfc3_he.msg.wncry'
2022-11-11 14:09:55,243 [cuckoo.core.resultserver] DEBUG: Task #37 uploaded file length: 2216
2022-11-11 14:09:55,276 [cuckoo.core.resultserver] DEBUG: Task #37: File upload for 'files/92b85ad1bc3be42d_penguins.jpg.wncry'
2022-11-11 14:09:55,305 [cuckoo.core.resultserver] DEBUG: Task #37 uploaded file length: 778120
2022-11-11 14:09:55,369 [cuckoo.core.resultserver] DEBUG: Task #37: File upload for 'files/a21c07addc47bfbf_lighthouse.jpg.wncry'
2022-11-11 14:09:55,395 [cuckoo.core.resultserver] DEBUG: Task #37 uploaded file length: 561560
2022-11-11 14:09:55,428 [cuckoo.core.resultserver] DEBUG: Task #37: File upload for 'files/0c1e733760ff4e9a_tulips.jpg.wncry'
2022-11-11 14:09:55,466 [cuckoo.core.resultserver] DEBUG: Task #37 uploaded file length: 621176
2022-11-11 14:09:55,509 [cuckoo.core.resultserver] DEBUG: Task #37: File upload for 'files/4d7021e67e402015_abstract.h.WNCRYT'
2022-11-11 14:09:55,541 [cuckoo.core.resultserver] DEBUG: Task #37: File upload for 'files/4d7021e67e402015_abstract.h.wncryt'
2022-11-11 14:09:55,588 [cuckoo.core.resultserver] DEBUG: Task #37 uploaded file length: 46696
2022-11-11 14:09:55,596 [cuckoo.core.resultserver] DEBUG: Task #37 uploaded file length: 46696
2022-11-11 14:09:55,741 [cuckoo.core.resultserver] DEBUG: Task #37: File upload for 'files/097d2a5d13990ae1_koala.jpg.wncry'
2022-11-11 14:09:55,779 [cuckoo.core.resultserver] DEBUG: Task #37 uploaded file length: 781112
2022-11-11 14:09:55,812 [cuckoo.core.resultserver] DEBUG: Task #37: File upload for 'files/ca91a502e9b541ea_bytesobject.h.wncry'
2022-11-11 14:09:55,840 [cuckoo.core.resultserver] DEBUG: Task #37 uploaded file length: 1464
2022-11-11 14:09:55,889 [cuckoo.core.resultserver] DEBUG: Task #37: File upload for 'files/f069de1263d01d6c_cobject.h.wncryt'
2022-11-11 14:09:55,899 [cuckoo.core.resultserver] DEBUG: Task #37: File upload for 'files/f069de1263d01d6c_cobject.h.WNCRYT'
2022-11-11 14:09:55,934 [cuckoo.core.resultserver] DEBUG: Task #37 uploaded file length: 3304
2022-11-11 14:09:55,946 [cuckoo.core.resultserver] DEBUG: Task #37 uploaded file length: 3304
2022-11-11 14:09:55,981 [cuckoo.core.resultserver] DEBUG: Task #37: File upload for 'files/ae421f3647f56610_bytes_methods.h.wncry'
2022-11-11 14:09:56,081 [cuckoo.core.resultserver] DEBUG: Task #37 uploaded file length: 3160
2022-11-11 14:09:56,130 [cuckoo.core.resultserver] DEBUG: Task #37: File upload for 'files/bea27de8eaf95e0b_cstringio.h.wncry'
2022-11-11 14:09:56,294 [cuckoo.core.resultserver] DEBUG: Task #37 uploaded file length: 2360
2022-11-11 14:09:56,434 [cuckoo.core.resultserver] DEBUG: Task #37: File upload for 'files/142111dff3af78c7_floatobject.h.wncry'
2022-11-11 14:09:56,496 [cuckoo.core.resultserver] DEBUG: Task #37 uploaded file length: 5992
2022-11-11 14:09:56,589 [cuckoo.core.resultserver] DEBUG: Task #37: File upload for 'files/8a8209ac070c641a_graminit.h.wncry'
2022-11-11 14:09:56,648 [cuckoo.core.resultserver] DEBUG: Task #37 uploaded file length: 2296
2022-11-11 14:09:56,734 [cuckoo.core.resultserver] DEBUG: Task #37: File upload for 'files/201c2bd28937bd5b_object.h.wncry'
2022-11-11 14:09:56,769 [cuckoo.core.resultserver] DEBUG: Task #37 uploaded file length: 40120
2022-11-11 14:09:56,926 [cuckoo.core.resultserver] DEBUG: Task #37: File upload for 'files/f54a80b4d596cc1a_methodobject.h.wncry'
2022-11-11 14:09:56,976 [cuckoo.core.resultserver] DEBUG: Task #37 uploaded file length: 47662504
2022-11-11 14:09:57,018 [cuckoo.core.resultserver] DEBUG: Task #37 uploaded file length: 3624
2022-11-11 14:09:57,053 [cuckoo.core.resultserver] DEBUG: Task #37: File upload for 'files/d8f68a66be61891f_pyerrors.h.wncry'
2022-11-11 14:09:57,085 [cuckoo.core.resultserver] DEBUG: Task #37 uploaded file length: 12280
2022-11-11 14:09:57,130 [cuckoo.core.resultserver] DEBUG: Task #37: File upload for 'files/46e1c22550ab3b69_help.txt.wncry'
2022-11-11 14:09:57,156 [cuckoo.core.resultserver] DEBUG: Task #37 uploaded file length: 12584
2022-11-11 14:09:57,182 [cuckoo.core.resultserver] DEBUG: Task #37: File upload for 'files/f1f53d3f257a1475_longintrepr.h.wncry'
2022-11-11 14:09:57,213 [cuckoo.core.resultserver] DEBUG: Task #37 uploaded file length: 4296
2022-11-11 14:09:57,260 [cuckoo.core.resultserver] DEBUG: Task #37: File upload for 'files/386ab4b03fbe2dfe_pymath.h.wncry'
2022-11-11 14:09:57,301 [cuckoo.core.resultserver] DEBUG: Task #37 uploaded file length: 7000
2022-11-11 14:09:57,342 [cuckoo.core.resultserver] DEBUG: Task #37: File upload for 'files/2adc900fafa9938d_m_german.wnry'
2022-11-11 14:09:57,376 [cuckoo.core.resultserver] DEBUG: Task #37 uploaded file length: 37181
2022-11-11 14:09:57,411 [cuckoo.core.resultserver] DEBUG: Task #37: File upload for 'files/2531b6bb0ef9db8a_pymacconfig.h.wncry'
2022-11-11 14:09:57,439 [cuckoo.core.resultserver] DEBUG: Task #37 uploaded file length: 3384
2022-11-11 14:09:57,474 [cuckoo.core.resultserver] DEBUG: Task #37: File upload for 'files/b9e7f90b27a63a2d_msg_22.txt.wncry'
2022-11-11 14:09:57,502 [cuckoo.core.resultserver] DEBUG: Task #37 uploaded file length: 2232
2022-11-11 14:09:57,542 [cuckoo.core.resultserver] DEBUG: Task #37: File upload for 'files/3d5d3174c33d2841_setobject.h.wncry'
2022-11-11 14:09:57,578 [cuckoo.core.resultserver] DEBUG: Task #37 uploaded file length: 3464
2022-11-11 14:09:57,606 [cuckoo.core.resultserver] DEBUG: Task #37: File upload for 'files/07e9d2d2a2a3c751_grammar.h.wncry'
2022-11-11 14:09:57,637 [cuckoo.core.resultserver] DEBUG: Task #37 uploaded file length: 2408
2022-11-11 14:09:57,666 [cuckoo.core.resultserver] DEBUG: Task #37: File upload for 'files/6bb372ff2b8715b8_token.h.wncry'
2022-11-11 14:09:57,694 [cuckoo.core.resultserver] DEBUG: Task #37 uploaded file length: 2168
2022-11-11 14:09:57,747 [cuckoo.core.resultserver] DEBUG: Task #37: File upload for 'files/e8e070c50bc19dfe_patchlevel.h.wncry'
2022-11-11 14:09:57,784 [cuckoo.core.resultserver] DEBUG: Task #37 uploaded file length: 1784
2022-11-11 14:09:57,841 [cuckoo.core.resultserver] DEBUG: Task #37: File upload for 'files/87ac9d4e2ec1d0ba_weakrefobject.h.wncry'
2022-11-11 14:09:57,870 [cuckoo.core.resultserver] DEBUG: Task #37 uploaded file length: 3176
2022-11-11 14:09:57,915 [cuckoo.core.resultserver] DEBUG: Task #37: File upload for 'files/66fe80d29fb3a9d0_nokia.pem.wncry'
2022-11-11 14:09:58,025 [cuckoo.core.resultserver] DEBUG: Task #37 uploaded file length: 2248
2022-11-11 14:09:58,145 [cuckoo.core.resultserver] DEBUG: Task #37: File upload for 'files/4be9b0fb0312502e_nullbytecert.pem.wncry'
2022-11-11 14:09:58,172 [cuckoo.core.resultserver] DEBUG: Task #37 uploaded file length: 5816
2022-11-11 14:09:58,194 [cuckoo.core.resultserver] DEBUG: Task #37: File upload for 'files/f19a098e0bc2677c_notebook.jpg.wncry'
2022-11-11 14:09:58,219 [cuckoo.core.resultserver] DEBUG: Task #37 uploaded file length: 3240
2022-11-11 14:09:58,244 [cuckoo.core.resultserver] DEBUG: Task #37: File upload for 'files/ae40301a16e6b93a_pyctype.h.wncry'
2022-11-11 14:09:58,267 [cuckoo.core.resultserver] DEBUG: Task #37 uploaded file length: 1592
2022-11-11 14:09:58,289 [cuckoo.core.resultserver] DEBUG: Task #37: File upload for 'files/32f40b8dbfedc156_ar_lb.msg.wncry'
2022-11-11 14:09:58,313 [cuckoo.core.resultserver] DEBUG: Task #37 uploaded file length: 2104
2022-11-11 14:09:58,381 [cuckoo.core.resultserver] DEBUG: Task #37: File upload for 'files/3e233bffb7cd8ea5_pyexpat.h.wncry'
2022-11-11 14:09:58,429 [cuckoo.core.resultserver] DEBUG: Task #37 uploaded file length: 2344
2022-11-11 14:09:58,494 [cuckoo.core.guest] DEBUG: 192.168.56.1011: analysis #37 still processing
2022-11-11 14:09:58,682 [cuckoo.core.resultserver] DEBUG: Task #37: File upload for 'files/5282353931e2924a_wrongcert.pem.wncry'
2022-11-11 14:09:58,716 [cuckoo.core.resultserver] DEBUG: Task #37 uploaded file length: 2200
2022-11-11 14:09:58,763 [cuckoo.core.resultserver] DEBUG: Task #37: File upload for 'files/2970b807dff481a4_sgigray.cs.wncry'
2022-11-11 14:09:58,790 [cuckoo.core.resultserver] DEBUG: Task #37 uploaded file length: 1320
2022-11-11 14:09:58,815 [cuckoo.core.resultserver] DEBUG: Task #37: File upload for 'files/0093a67e53960022_pwrdlogo150.gif.wncryt'
2022-11-11 14:09:58,876 [cuckoo.core.resultserver] DEBUG: Task #37: File upload for 'files/0093a67e53960022_pwrdLogo150.gif.WNCRYT'
2022-11-11 14:09:58,898 [cuckoo.core.resultserver] DEBUG: Task #37 uploaded file length: 2776
2022-11-11 14:09:58,923 [cuckoo.core.resultserver] DEBUG: Task #37 uploaded file length: 2776
2022-11-11 14:09:58,959 [cuckoo.core.resultserver] DEBUG: Task #37: File upload for 'files/bb51781c1c72bada_wmdefault.cs.wncry'
2022-11-11 14:09:58,982 [cuckoo.core.resultserver] DEBUG: Task #37 uploaded file length: 1736
2022-11-11 14:09:59,040 [cuckoo.core.resultserver] DEBUG: Task #37: File upload for 'files/475968b2b74e9908_pwrdlogo100.gif.wncry'
2022-11-11 14:09:59,065 [cuckoo.core.resultserver] DEBUG: Task #37 uploaded file length: 1896
2022-11-11 14:09:59,153 [cuckoo.core.resultserver] DEBUG: Task #37: File upload for 'files/1abcea6d346937d4_tixgray.cs.wncry'
2022-11-11 14:09:59,186 [cuckoo.core.resultserver] DEBUG: Task #37 uploaded file length: 1320
2022-11-11 14:09:59,227 [cuckoo.core.resultserver] DEBUG: Task #37: File upload for 'files/1be91b9e687bbbe4_128.png.WNCRYT'
2022-11-11 14:09:59,264 [cuckoo.core.resultserver] DEBUG: Task #37: File upload for 'files/1be91b9e687bbbe4_128.png.wncryt'
2022-11-11 14:09:59,287 [cuckoo.core.resultserver] DEBUG: Task #37 uploaded file length: 5272
2022-11-11 14:09:59,315 [cuckoo.core.resultserver] DEBUG: Task #37: File upload for 'files/66d375ae83e11430_iconcache.db.wncry'
2022-11-11 14:09:59,327 [cuckoo.core.resultserver] DEBUG: Task #37 uploaded file length: 5272
2022-11-11 14:09:59,379 [cuckoo.core.resultserver] DEBUG: Task #37 uploaded file length: 787688
2022-11-11 14:09:59,409 [cuckoo.core.resultserver] DEBUG: Task #37: File upload for 'files/b6eb0b0eab1ebdce_tai-ku.gif.wncry'
2022-11-11 14:09:59,433 [cuckoo.core.resultserver] DEBUG: Task #37 uploaded file length: 5768
2022-11-11 14:09:59,484 [cuckoo.core.resultserver] DEBUG: Task #37: File upload for 'files/0b8f3f803a97fffd_gray.cs.wncry'
2022-11-11 14:09:59,513 [cuckoo.core.resultserver] DEBUG: Task #37 uploaded file length: 1336
2022-11-11 14:09:59,548 [cuckoo.core.resultserver] DEBUG: Task #37: File upload for 'files/bb0ca1ab1470e584_craw_window.js.WNCRYT'
2022-11-11 14:09:59,596 [cuckoo.core.resultserver] DEBUG: Task #37: File upload for 'files/bb0ca1ab1470e584_craw_window.js.wncryt'
2022-11-11 14:09:59,606 [cuckoo.core.resultserver] DEBUG: Task #37 uploaded file length: 261608
2022-11-11 14:09:59,763 [cuckoo.core.resultserver] DEBUG: Task #37 uploaded file length: 261608
2022-11-11 14:09:59,819 [cuckoo.core.resultserver] DEBUG: Task #37: File upload for 'files/708f223c6b6da2d5_128.png.wncry'
2022-11-11 14:10:00,169 [cuckoo.core.resultserver] DEBUG: Task #37 uploaded file length: 8248
2022-11-11 14:10:00,198 [cuckoo.core.resultserver] DEBUG: Task #37: File upload for 'memory/2380-1.dmp'
2022-11-11 14:10:00,218 [cuckoo.core.resultserver] DEBUG: Task #37: File upload for 'files/06d8298c800bc1f8_128.png.wncry'
2022-11-11 14:10:00,254 [cuckoo.core.resultserver] DEBUG: Task #37 uploaded file length: 10360
2022-11-11 14:10:00,283 [cuckoo.core.resultserver] DEBUG: Task #37: File upload for 'files/eedf88fc1f54a17d_f.wnry'
2022-11-11 14:10:00,331 [cuckoo.core.resultserver] DEBUG: Task #37 uploaded file length: 261
2022-11-11 14:10:00,392 [cuckoo.core.resultserver] DEBUG: Task #37: File upload for 'files/d7e795f1ef7770fd_192.png.wncry'
2022-11-11 14:10:00,418 [cuckoo.core.resultserver] DEBUG: Task #37 uploaded file length: 1576
2022-11-11 14:10:00,482 [cuckoo.core.resultserver] DEBUG: Task #37: File upload for 'files/68dd21befcf75780_192.png.wncry'
2022-11-11 14:10:00,525 [cuckoo.core.resultserver] DEBUG: Task #37 uploaded file length: 7240
2022-11-11 14:10:00,566 [cuckoo.core.resultserver] DEBUG: Task #37: File upload for 'files/61fe863d311558e1_64.png.wncry'
2022-11-11 14:10:00,598 [cuckoo.core.resultserver] DEBUG: Task #37 uploaded file length: 3272
2022-11-11 14:10:00,632 [cuckoo.core.resultserver] DEBUG: Task #37: File upload for 'files/fbbfb996b327f4a1_96.png.wncry'
2022-11-11 14:10:00,678 [cuckoo.core.resultserver] DEBUG: Task #37 uploaded file length: 4152
2022-11-11 14:10:00,711 [cuckoo.core.resultserver] DEBUG: Task #37: File upload for 'files/e1e531eaa2037a8a_32.png.wncry'
2022-11-11 14:10:00,773 [cuckoo.core.resultserver] DEBUG: Task #37 uploaded file length: 1848
2022-11-11 14:10:00,860 [cuckoo.core.resultserver] DEBUG: Task #37: File upload for 'files/18d691ef9c051b28_48.png.wncry'
2022-11-11 14:10:00,952 [cuckoo.core.resultserver] DEBUG: Task #37 uploaded file length: 1432
2022-11-11 14:10:00,988 [cuckoo.core.resultserver] DEBUG: Task #37: File upload for 'files/eb86873ac5cf34de_64.png.wncry'
2022-11-11 14:10:01,076 [cuckoo.core.resultserver] DEBUG: Task #37 uploaded file length: 1512
2022-11-11 14:10:01,175 [cuckoo.core.resultserver] DEBUG: Task #37: File upload for 'files/a1feb77b70d52ed8_thumbcache_96.db.WNCRYT'
2022-11-11 14:10:01,242 [cuckoo.core.resultserver] DEBUG: Task #37: File upload for 'files/a1feb77b70d52ed8_thumbcache_96.db.wncryt'
2022-11-11 14:10:01,260 [cuckoo.core.resultserver] DEBUG: Task #37 uploaded file length: 1048856
2022-11-11 14:10:01,331 [cuckoo.core.resultserver] DEBUG: Task #37 uploaded file length: 1048856
2022-11-11 14:10:01,366 [cuckoo.core.resultserver] DEBUG: Task #37: File upload for 'files/104c02329325cd7a_f.wnry'
2022-11-11 14:10:01,398 [cuckoo.core.resultserver] DEBUG: Task #37 uploaded file length: 396
2022-11-11 14:10:01,567 [cuckoo.core.resultserver] DEBUG: Task #37: File upload for 'files/243ba4f6295d8d83_{afbf9f1a-8ee8-4c77-af34-c647e37ca0d9}.1.ver0x0000000000000004.db.wncry'
2022-11-11 14:10:01,613 [cuckoo.core.resultserver] DEBUG: Task #37 uploaded file length: 101688
2022-11-11 14:10:01,619 [cuckoo.core.resultserver] DEBUG: Task #37 uploaded file length: 24906448
2022-11-11 14:10:01,676 [cuckoo.core.resultserver] DEBUG: Task #37: File upload for 'files/d5b30d4103308af8_cert9.db.wncryt'
2022-11-11 14:10:01,718 [cuckoo.core.resultserver] DEBUG: Task #37: File upload for 'files/d5b30d4103308af8_cert9.db.WNCRYT'
2022-11-11 14:10:01,734 [cuckoo.core.resultserver] DEBUG: Task #37 uploaded file length: 229656
2022-11-11 14:10:01,751 [cuckoo.core.resultserver] DEBUG: Task #37 uploaded file length: 229656
2022-11-11 14:10:01,777 [cuckoo.core.resultserver] DEBUG: Task #37: File upload for 'files/db1c9307e6dac5e9_thumbcache_idx.db.wncry'
2022-11-11 14:10:01,840 [cuckoo.core.resultserver] DEBUG: Task #37 uploaded file length: 3544
2022-11-11 14:10:01,910 [cuckoo.core.resultserver] DEBUG: Task #37: File upload for 'files/787d341c3e7c3a31_key4.db.WNCRYT'
2022-11-11 14:10:01,912 [cuckoo.core.resultserver] DEBUG: Task #37: File upload for 'files/787d341c3e7c3a31_key4.db.wncryt'
2022-11-11 14:10:01,937 [cuckoo.core.resultserver] DEBUG: Task #37 uploaded file length: 295192
2022-11-11 14:10:01,970 [cuckoo.core.resultserver] DEBUG: Task #37 uploaded file length: 295192
2022-11-11 14:10:02,541 [cuckoo.core.resultserver] DEBUG: Task #37: File upload for 'files/37e9dce828ced529_192.png.wncry'
2022-11-11 14:10:02,612 [cuckoo.core.resultserver] DEBUG: Task #37 uploaded file length: 5976
2022-11-11 14:10:02,900 [cuckoo.core.resultserver] DEBUG: Task #37: File upload for 'files/33e522bf7f684411_greenbubbles.jpg.wncry'
2022-11-11 14:10:02,922 [cuckoo.core.resultserver] DEBUG: Task #37 uploaded file length: 6696
2022-11-11 14:10:02,945 [cuckoo.core.resultserver] DEBUG: Task #37: File upload for 'files/fc9f3cc652961d10_32.png.wncry'
2022-11-11 14:10:03,008 [cuckoo.core.resultserver] DEBUG: Task #37 uploaded file length: 2104
2022-11-11 14:10:03,126 [cuckoo.core.resultserver] DEBUG: Task #37: File upload for 'files/8985838d632d93a5_testtar.tar.wncry'
2022-11-11 14:10:03,148 [cuckoo.core.resultserver] DEBUG: Task #37 uploaded file length: 281880
2022-11-11 14:10:03,188 [cuckoo.core.resultserver] DEBUG: Task #37: File upload for 'files/a693f04ab7629ec5_64.png.wncry'
2022-11-11 14:10:03,210 [cuckoo.core.resultserver] DEBUG: Task #37 uploaded file length: 1592
2022-11-11 14:10:03,323 [cuckoo.core.resultserver] DEBUG: Task #37: File upload for 'files/375746330c8a482b_96.png.wncry'
2022-11-11 14:10:03,344 [cuckoo.core.resultserver] DEBUG: Task #37 uploaded file length: 1752
2022-11-11 14:10:03,372 [cuckoo.core.resultserver] DEBUG: Task #37: File upload for 'files/3d670349f0a89f6b_tix.gif.wncry'
2022-11-11 14:10:03,395 [cuckoo.core.resultserver] DEBUG: Task #37 uploaded file length: 11336
2022-11-11 14:10:03,418 [cuckoo.core.resultserver] DEBUG: Task #37: File upload for 'files/5175450faec25859_pycapsule.h.wncry'
2022-11-11 14:10:03,439 [cuckoo.core.resultserver] DEBUG: Task #37 uploaded file length: 2024
2022-11-11 14:10:03,461 [cuckoo.core.resultserver] DEBUG: Task #37: File upload for 'files/ed8a8cc5e40344f6_kok.msg.wncry'
2022-11-11 14:10:03,483 [cuckoo.core.resultserver] DEBUG: Task #37 uploaded file length: 2248
2022-11-11 14:10:03,523 [cuckoo.core.guest] DEBUG: 192.168.56.1011: analysis #37 still processing
2022-11-11 14:10:03,539 [cuckoo.core.resultserver] DEBUG: Task #37: File upload for 'files/021d33899439b8a8_pgenheaders.h.wncry'
2022-11-11 14:10:03,579 [cuckoo.core.resultserver] DEBUG: Task #37 uploaded file length: 1480
2022-11-11 14:10:03,624 [cuckoo.core.resultserver] DEBUG: Task #37: File upload for 'files/bb10994f311d5e37_funcobject.h.wncry'
2022-11-11 14:10:03,654 [cuckoo.core.resultserver] DEBUG: Task #37 uploaded file length: 3352
2022-11-11 14:10:03,661 [cuckoo.core.resultserver] DEBUG: Task #37: File upload for 'memory/2828-1.dmp'
2022-11-11 14:10:03,757 [cuckoo.core.resultserver] DEBUG: Task #37: File upload for 'files/6454b5b845c45d59_sitesecurityservicestate.txt.wncry'
2022-11-11 14:10:03,787 [cuckoo.core.resultserver] DEBUG: Task #37 uploaded file length: 1784
2022-11-11 14:10:03,829 [cuckoo.core.resultserver] DEBUG: Task #37: File upload for 'files/3a2d23c71292ebb6_errcode.h.wncry'
2022-11-11 14:10:03,950 [cuckoo.core.resultserver] DEBUG: Task #37 uploaded file length: 1688
2022-11-11 14:10:04,056 [cuckoo.core.resultserver] DEBUG: Task #37: File upload for 'files/0f4fc4e86b7476eb_192.png.wncry'
2022-11-11 14:10:04,121 [cuckoo.core.resultserver] DEBUG: Task #37 uploaded file length: 1496
2022-11-11 14:10:04,160 [cuckoo.core.resultserver] DEBUG: Task #37: File upload for 'files/9b509b0ec06b916f_32.png.wncry'
2022-11-11 14:10:04,202 [cuckoo.core.resultserver] DEBUG: Task #37 uploaded file length: 1320
2022-11-11 14:10:04,328 [cuckoo.core.resultserver] DEBUG: Task #37: File upload for 'files/8076d869d41a80d9_thumbcache_256.db.wncry'
2022-11-11 14:10:04,397 [cuckoo.core.resultserver] DEBUG: Task #37 uploaded file length: 1048856
2022-11-11 14:10:04,437 [cuckoo.core.resultserver] DEBUG: Task #37: File upload for 'files/b29bebc71443379b_uk.msg.wncry'
2022-11-11 14:10:04,482 [cuckoo.core.resultserver] DEBUG: Task #37 uploaded file length: 2408
2022-11-11 14:10:04,510 [cuckoo.core.resultserver] DEBUG: Task #37: File upload for 'files/12685344a3e94dc5_48.png.wncry'
2022-11-11 14:10:04,544 [cuckoo.core.resultserver] DEBUG: Task #37 uploaded file length: 2664
2022-11-11 14:10:04,658 [cuckoo.core.resultserver] DEBUG: Task #37: File upload for 'files/ee0cbdfb7913acc8_d75277cdffef995a46ae59bdaef1db86.png.wncry'
2022-11-11 14:10:04,698 [cuckoo.core.resultserver] DEBUG: Task #37 uploaded file length: 6792
2022-11-11 14:10:04,729 [cuckoo.core.resultserver] DEBUG: Task #37: File upload for 'files/be6bafd184a68aa8_{afbf9f1a-8ee8-4c77-af34-c647e37ca0d9}.1.ver0x0000000000000005.db.wncry'
2022-11-11 14:10:04,757 [cuckoo.core.resultserver] DEBUG: Task #37 uploaded file length: 96184
2022-11-11 14:10:04,845 [cuckoo.core.resultserver] DEBUG: Task #37: File upload for 'files/8ee34a6ba7ce5d0b_64.png.wncry'
2022-11-11 14:10:04,871 [cuckoo.core.resultserver] DEBUG: Task #37 uploaded file length: 4120
2022-11-11 14:10:04,899 [cuckoo.core.resultserver] DEBUG: Task #37: File upload for 'files/5a38a1d59d9d79ca_pwrdlogo75.gif.wncry'
2022-11-11 14:10:04,947 [cuckoo.core.resultserver] DEBUG: Task #37 uploaded file length: 1464
2022-11-11 14:10:04,978 [cuckoo.core.resultserver] DEBUG: Task #37: File upload for 'files/555779b394ad45aa_96.png.wncry'
2022-11-11 14:10:05,040 [cuckoo.core.resultserver] DEBUG: Task #37 uploaded file length: 7000
2022-11-11 14:10:05,093 [cuckoo.core.resultserver] DEBUG: Task #37: File upload for 'files/4101574456f1dc3e_badkey.pem.wncry'
2022-11-11 14:10:05,126 [cuckoo.core.resultserver] DEBUG: Task #37 uploaded file length: 2488
2022-11-11 14:10:05,156 [cuckoo.core.resultserver] DEBUG: Task #37: File upload for 'files/5f9315177bd0087d_185test.db.wncry'
2022-11-11 14:10:05,194 [cuckoo.core.resultserver] DEBUG: Task #37 uploaded file length: 22827808
2022-11-11 14:10:05,227 [cuckoo.core.resultserver] DEBUG: Task #37 uploaded file length: 16664
2022-11-11 14:10:05,321 [cuckoo.core.resultserver] DEBUG: Task #37: File upload for 'files/2e73fed4d80a187a_mk.msg.wncry'
2022-11-11 14:10:05,363 [cuckoo.core.resultserver] DEBUG: Task #37 uploaded file length: 2392
2022-11-11 14:10:05,398 [cuckoo.core.resultserver] DEBUG: Task #37: File upload for 'files/eff2bb4603fb7f5c_128.png.wncry'
2022-11-11 14:10:05,449 [cuckoo.core.resultserver] DEBUG: Task #37 uploaded file length: 5672
2022-11-11 14:10:05,487 [cuckoo.core.resultserver] DEBUG: Task #37: File upload for 'files/13f676e36fd9cadc_badcert.pem.wncry'
2022-11-11 14:10:05,514 [cuckoo.core.resultserver] DEBUG: Task #37 uploaded file length: 2248
2022-11-11 14:10:05,561 [cuckoo.core.resultserver] DEBUG: Task #37: File upload for 'files/b5532239a1efab91_logo100.gif.wncry'
2022-11-11 14:10:05,605 [cuckoo.core.resultserver] DEBUG: Task #37 uploaded file length: 2632
2022-11-11 14:10:05,645 [cuckoo.core.resultserver] DEBUG: Task #37: File upload for 'files/ec66a9efcff1b4f0_compile.h.wncry'
2022-11-11 14:10:05,681 [cuckoo.core.resultserver] DEBUG: Task #37 uploaded file length: 1400
2022-11-11 14:10:05,717 [cuckoo.core.resultserver] DEBUG: Task #37: File upload for 'files/a1e600b0960cf5a1_48.png.wncry'
2022-11-11 14:10:05,739 [cuckoo.core.resultserver] DEBUG: Task #37 uploaded file length: 3160
2022-11-11 14:10:05,777 [cuckoo.core.resultserver] DEBUG: Task #37: File upload for 'files/4260fccd55eee273_sha256.pem.wncry'
2022-11-11 14:10:05,801 [cuckoo.core.resultserver] DEBUG: Task #37 uploaded file length: 8728
2022-11-11 14:10:05,832 [cuckoo.core.resultserver] DEBUG: Task #37: File upload for 'files/434b73caa3e8d50f_codecs.h.wncry'
2022-11-11 14:10:05,861 [cuckoo.core.resultserver] DEBUG: Task #37 uploaded file length: 5480
2022-11-11 14:10:05,893 [cuckoo.core.resultserver] DEBUG: Task #37: File upload for 'files/165cbc7badb4ab56_pythonrun.h.wncry'
2022-11-11 14:10:05,914 [cuckoo.core.resultserver] DEBUG: Task #37 uploaded file length: 7704
2022-11-11 14:10:05,959 [cuckoo.core.resultserver] DEBUG: Task #37: File upload for 'files/14bcac34141d5118_unicodeobject.h.wncry'
2022-11-11 14:10:05,981 [cuckoo.core.resultserver] DEBUG: Task #37 uploaded file length: 53864
2022-11-11 14:10:06,006 [cuckoo.core.resultserver] DEBUG: Task #37: File upload for 'files/4a29f0310773ba08_earthris.gif.wncry'
2022-11-11 14:10:06,028 [cuckoo.core.resultserver] DEBUG: Task #37 uploaded file length: 6632
2022-11-11 14:10:06,052 [cuckoo.core.resultserver] DEBUG: Task #37: File upload for 'files/d12ab75a6c5d0eac_objimpl.h.wncry'
2022-11-11 14:10:06,076 [cuckoo.core.resultserver] DEBUG: Task #37 uploaded file length: 14600
2022-11-11 14:10:06,099 [cuckoo.core.resultserver] DEBUG: Task #37: File upload for 'files/b80d1f202c4c1c57_iso2022_jp-utf8.txt.wncry'
2022-11-11 14:10:06,122 [cuckoo.core.resultserver] DEBUG: Task #37 uploaded file length: 1384
2022-11-11 14:10:06,181 [cuckoo.core.resultserver] DEBUG: Task #37: File upload for 'files/e13cc9b13aa5074d_m_greek.wnry'
2022-11-11 14:10:06,202 [cuckoo.core.resultserver] DEBUG: Task #37 uploaded file length: 49044
2022-11-11 14:10:06,249 [cuckoo.core.resultserver] DEBUG: Task #37: File upload for 'files/1ff7b39710e12ff5_be.msg.wncry'
2022-11-11 14:10:06,276 [cuckoo.core.resultserver] DEBUG: Task #37 uploaded file length: 2392
2022-11-11 14:10:07,210 [cuckoo.core.resultserver] DEBUG: Task #37: File upload for 'files/1c0dd18bcff239f1_wildlife.wmv.wncryt'
2022-11-11 14:10:08,322 [cuckoo.core.resultserver] DEBUG: Task #37 uploaded file length: 26246312
2022-11-11 14:10:08,354 [cuckoo.core.resultserver] DEBUG: Task #37: File upload for 'files/0b19fb4b0f8ffd2f_96.png.wncry'
2022-11-11 14:10:08,384 [cuckoo.core.resultserver] DEBUG: Task #37 uploaded file length: 2136
2022-11-11 14:10:08,418 [cuckoo.core.resultserver] DEBUG: Task #37: File upload for 'files/c85f70a3e8ff4059_256.png.wncry'
2022-11-11 14:10:08,448 [cuckoo.core.resultserver] DEBUG: Task #37 uploaded file length: 4856
2022-11-11 14:10:08,482 [cuckoo.core.resultserver] DEBUG: Task #37: File upload for 'files/e10681676307dfbd_asdl.h.wncry'
2022-11-11 14:10:08,515 [cuckoo.core.resultserver] DEBUG: Task #37 uploaded file length: 1432
2022-11-11 14:10:08,546 [cuckoo.core.resultserver] DEBUG: Task #37: File upload for 'files/d71356072cfffa79_tkwin.cs.wncry'
2022-11-11 14:10:08,557 [cuckoo.core.guest] DEBUG: 192.168.56.1011: analysis #37 still processing
2022-11-11 14:10:08,569 [cuckoo.core.resultserver] DEBUG: Task #37: File upload for 'files/1723af1d79db4899_Wildlife.wmv.WNCRYT'
2022-11-11 14:10:08,593 [cuckoo.core.resultserver] DEBUG: Task #37 uploaded file length: 2536
2022-11-11 14:10:08,638 [cuckoo.core.resultserver] DEBUG: Task #37: File upload for 'files/9d84ef3c749c8557_ncvwnifhnfg.pptx'
2022-11-11 14:10:08,676 [cuckoo.core.resultserver] DEBUG: Task #37 uploaded file length: 549484
2022-11-11 14:10:08,708 [cuckoo.core.resultserver] DEBUG: Task #37: File upload for 'files/30ede96e9b98b4ea_43851668228556.bat'
2022-11-11 14:10:08,738 [cuckoo.core.resultserver] DEBUG: Task #37 uploaded file length: 334
2022-11-11 14:10:08,783 [cuckoo.core.resultserver] DEBUG: Task #37: File upload for 'files/0f6b4a4a47536586_msg_26.txt.wncry'
2022-11-11 14:10:08,805 [cuckoo.core.resultserver] DEBUG: Task #37 uploaded file length: 2392
2022-11-11 14:10:08,829 [cuckoo.core.resultserver] DEBUG: Task #37: File upload for 'files/faf045624802476f_tcllogo.gif.wncry'
2022-11-11 14:10:08,870 [cuckoo.core.resultserver] DEBUG: Task #37 uploaded file length: 2632
2022-11-11 14:10:08,903 [cuckoo.core.resultserver] DEBUG: Task #37: File upload for 'files/97ebce49b14c46be_t.wnry'
2022-11-11 14:10:08,946 [cuckoo.core.resultserver] DEBUG: Task #37 uploaded file length: 65816
2022-11-11 14:10:09,017 [cuckoo.core.resultserver] DEBUG: Task #37: File upload for 'files/dbfd704453425c7c_128.png.wncry'
2022-11-11 14:10:09,037 [cuckoo.core.resultserver] DEBUG: Task #37 uploaded file length: 2600
2022-11-11 14:10:09,063 [cuckoo.core.resultserver] DEBUG: Task #37: File upload for 'files/2e6ab991ad5aee09_news.txt.wncry'
2022-11-11 14:10:09,107 [cuckoo.core.resultserver] DEBUG: Task #37 uploaded file length: 30056
2022-11-11 14:10:09,136 [cuckoo.core.resultserver] DEBUG: Task #37: File upload for 'files/1cfdfd2f9b420423_code.h.wncry'
2022-11-11 14:10:09,165 [cuckoo.core.resultserver] DEBUG: Task #37 uploaded file length: 4296
2022-11-11 14:10:09,190 [cuckoo.core.resultserver] DEBUG: Task #37: File upload for 'files/912c995f899fa1e4_fa.msg.wncry'
2022-11-11 14:10:09,210 [cuckoo.core.resultserver] DEBUG: Task #37 uploaded file length: 1944
2022-11-11 14:10:09,234 [cuckoo.core.resultserver] DEBUG: Task #37: File upload for 'files/0b9eb40fc9b4bce7_64.png.wncry'
2022-11-11 14:10:09,261 [cuckoo.core.resultserver] DEBUG: Task #37 uploaded file length: 4072
2022-11-11 14:10:09,289 [cuckoo.core.resultserver] DEBUG: Task #37: File upload for 'files/2ed489b905d20ca0_mhlnstlapstq.ppt'
2022-11-11 14:10:09,320 [cuckoo.core.resultserver] DEBUG: Task #37 uploaded file length: 105145
2022-11-11 14:10:09,351 [cuckoo.core.resultserver] DEBUG: Task #37: File upload for 'files/65210f4b10af1758_en.msg.wncry'
2022-11-11 14:10:09,393 [cuckoo.core.resultserver] DEBUG: Task #37 uploaded file length: 4184
2022-11-11 14:10:09,430 [cuckoo.core.resultserver] DEBUG: Task #37: File upload for 'files/151ed18fda3c92c3_brndlog.txt.wncry'
2022-11-11 14:10:09,525 [cuckoo.core.resultserver] DEBUG: Task #37 uploaded file length: 12488
2022-11-11 14:10:09,554 [cuckoo.core.resultserver] DEBUG: Task #37: File upload for 'files/4b178788f0998db3_256.png.wncry'
2022-11-11 14:10:09,606 [cuckoo.core.resultserver] DEBUG: Task #37 uploaded file length: 25624
2022-11-11 14:10:09,640 [cuckoo.core.resultserver] DEBUG: Task #37: File upload for 'files/7801661be5fba317_gv.msg.wncry'
2022-11-11 14:10:09,668 [cuckoo.core.resultserver] DEBUG: Task #37 uploaded file length: 1320
2022-11-11 14:10:09,703 [cuckoo.core.resultserver] DEBUG: Task #37: File upload for 'files/8ddf163520302268_pythread.h.wncry'
2022-11-11 14:10:09,734 [cuckoo.core.resultserver] DEBUG: Task #37 uploaded file length: 1480
2022-11-11 14:10:09,768 [cuckoo.core.resultserver] DEBUG: Task #37: File upload for 'files/05fde3c340883391_sv.msg.wncry'
2022-11-11 14:10:09,796 [cuckoo.core.resultserver] DEBUG: Task #37 uploaded file length: 1448
2022-11-11 14:10:09,833 [cuckoo.core.resultserver] DEBUG: Task #37: File upload for 'files/ba58ad0f35a9274f_zzycwxkiytq.ppt.wncry'
2022-11-11 14:10:09,863 [cuckoo.core.resultserver] DEBUG: Task #37 uploaded file length: 882856
2022-11-11 14:10:09,885 [cuckoo.core.resultserver] DEBUG: Task #37 uploaded file length: 26246312
2022-11-11 14:10:09,900 [cuckoo.core.resultserver] DEBUG: Task #37: File upload for 'files/a5e27fcc0637fed1_logo64.gif.wncry'
2022-11-11 14:10:09,933 [cuckoo.core.resultserver] DEBUG: Task #37 uploaded file length: 1960
2022-11-11 14:10:09,966 [cuckoo.core.resultserver] DEBUG: Task #37: File upload for 'files/dae5a7c4b7850ded_ast.h.wncry'
2022-11-11 14:10:09,997 [cuckoo.core.resultserver] DEBUG: Task #37 uploaded file length: 536
2022-11-11 14:10:10,037 [cuckoo.core.resultserver] DEBUG: Task #37: File upload for 'files/f1e6dba1472daf80_boolobject.h.wncry'
2022-11-11 14:10:10,073 [cuckoo.core.resultserver] DEBUG: Task #37 uploaded file length: 1240
2022-11-11 14:10:10,106 [cuckoo.core.resultserver] DEBUG: Task #37: File upload for 'files/f20f59a6117c81d8_cellobject.h.wncry'
2022-11-11 14:10:10,137 [cuckoo.core.resultserver] DEBUG: Task #37 uploaded file length: 968
2022-11-11 14:10:10,169 [cuckoo.core.resultserver] DEBUG: Task #37: File upload for 'files/84778388f9b1f1fe_genobject.h.wncry'
2022-11-11 14:10:10,198 [cuckoo.core.resultserver] DEBUG: Task #37 uploaded file length: 1224
2022-11-11 14:10:10,239 [cuckoo.core.resultserver] DEBUG: Task #37: File upload for 'files/ff68a554ef06cfe5_iterobject.h.wncry'
2022-11-11 14:10:10,266 [cuckoo.core.resultserver] DEBUG: Task #37 uploaded file length: 840
2022-11-11 14:10:10,299 [cuckoo.core.resultserver] DEBUG: Task #37: File upload for 'files/f1ec19a83da9bc15_node.h.wncry'
2022-11-11 14:10:10,338 [cuckoo.core.resultserver] DEBUG: Task #37 uploaded file length: 1288
2022-11-11 14:10:10,372 [cuckoo.core.resultserver] DEBUG: Task #37: File upload for 'files/ef583c899fff7dae_structseq.h.wncry'
2022-11-11 14:10:10,403 [cuckoo.core.resultserver] DEBUG: Task #37 uploaded file length: 1192
2022-11-11 14:10:10,436 [cuckoo.core.resultserver] DEBUG: Task #37: File upload for 'files/8499bf2c388a7607_traceback.h.wncry'
2022-11-11 14:10:10,461 [cuckoo.core.resultserver] DEBUG: Task #37 uploaded file length: 1016
2022-11-11 14:10:10,492 [cuckoo.core.resultserver] DEBUG: Task #37: File upload for 'files/054ea5f9425147e1_msg_03.txt.wncry'
2022-11-11 14:10:10,520 [cuckoo.core.resultserver] DEBUG: Task #37 uploaded file length: 664
2022-11-11 14:10:10,555 [cuckoo.core.resultserver] DEBUG: Task #37: File upload for 'files/87d7feec37ee797f_warnings.h.wncry'
2022-11-11 14:10:10,590 [cuckoo.core.resultserver] DEBUG: Task #37 uploaded file length: 952
2022-11-11 14:10:10,624 [cuckoo.core.resultserver] DEBUG: Task #37: File upload for 'files/2404e3502b852d4c_msg_11.txt.wncry'
2022-11-11 14:10:10,661 [cuckoo.core.resultserver] DEBUG: Task #37 uploaded file length: 440
2022-11-11 14:10:10,695 [cuckoo.core.resultserver] DEBUG: Task #37: File upload for 'files/506da055091751e6_msg_14.txt.wncry'
2022-11-11 14:10:10,721 [cuckoo.core.resultserver] DEBUG: Task #37 uploaded file length: 952
2022-11-11 14:10:10,756 [cuckoo.core.resultserver] DEBUG: Task #37: File upload for 'files/f9b38c1cab0a8f78_msg_18.txt.wncry'
2022-11-11 14:10:10,783 [cuckoo.core.resultserver] DEBUG: Task #37 uploaded file length: 520
2022-11-11 14:10:10,817 [cuckoo.core.resultserver] DEBUG: Task #37: File upload for 'files/e42ec419ad094960_msg_21.txt.wncry'
2022-11-11 14:10:10,843 [cuckoo.core.resultserver] DEBUG: Task #37 uploaded file length: 680
2022-11-11 14:10:10,875 [cuckoo.core.resultserver] DEBUG: Task #37: File upload for 'files/e4e35175db780937_msg_23.txt.wncry'
2022-11-11 14:10:10,902 [cuckoo.core.resultserver] DEBUG: Task #37 uploaded file length: 440
2022-11-11 14:10:10,945 [cuckoo.core.resultserver] DEBUG: Task #37: File upload for 'files/5bd411d3332ab3ba_msg_27.txt.wncry'
2022-11-11 14:10:11,020 [cuckoo.core.resultserver] DEBUG: Task #37 uploaded file length: 888
2022-11-11 14:10:11,066 [cuckoo.core.resultserver] DEBUG: Task #37: File upload for 'files/287abd4f5fd53fbd_msg_35.txt.wncry'
2022-11-11 14:10:11,091 [cuckoo.core.resultserver] DEBUG: Task #37 uploaded file length: 424
2022-11-11 14:10:11,125 [cuckoo.core.resultserver] DEBUG: Task #37: File upload for 'files/e53def97b8c351a6_msg_30.txt.wncry'
2022-11-11 14:10:11,154 [cuckoo.core.resultserver] DEBUG: Task #37 uploaded file length: 632
2022-11-11 14:10:11,187 [cuckoo.core.resultserver] DEBUG: Task #37: File upload for 'files/8b69455c7f1f3f12_msg_33.txt.wncry'
2022-11-11 14:10:11,217 [cuckoo.core.resultserver] DEBUG: Task #37 uploaded file length: 1064
2022-11-11 14:10:11,252 [cuckoo.core.resultserver] DEBUG: Task #37: File upload for 'files/498ce243cb06a97a_msg_41.txt.wncry'
2022-11-11 14:10:11,279 [cuckoo.core.resultserver] DEBUG: Task #37 uploaded file length: 488
2022-11-11 14:10:11,314 [cuckoo.core.resultserver] DEBUG: Task #37: File upload for 'files/88bbdb73c8de06a5_openfolder.gif.wncry'
2022-11-11 14:10:11,346 [cuckoo.core.resultserver] DEBUG: Task #37 uploaded file length: 408
2022-11-11 14:10:11,374 [cuckoo.core.resultserver] DEBUG: Task #37: File upload for 'files/d44d14250e9624b6_msg_42.txt.wncry'
2022-11-11 14:10:11,405 [cuckoo.core.resultserver] DEBUG: Task #37 uploaded file length: 616
2022-11-11 14:10:11,440 [cuckoo.core.resultserver] DEBUG: Task #37: File upload for 'files/e1135321a1db47e7_msg_12a.txt.wncry'
2022-11-11 14:10:11,463 [cuckoo.core.resultserver] DEBUG: Task #37 uploaded file length: 968
2022-11-11 14:10:11,486 [cuckoo.core.resultserver] DEBUG: Task #37: File upload for 'files/8ef969a739738241_test_doctest.txt.wncry'
2022-11-11 14:10:11,512 [cuckoo.core.resultserver] DEBUG: Task #37 uploaded file length: 600
2022-11-11 14:10:11,541 [cuckoo.core.resultserver] DEBUG: Task #37: File upload for 'files/ec64cc5233b22a0d_msg_29.txt.wncry'
2022-11-11 14:10:11,579 [cuckoo.core.resultserver] DEBUG: Task #37 uploaded file length: 888
2022-11-11 14:10:11,612 [cuckoo.core.resultserver] DEBUG: Task #37: File upload for 'files/55cc481dc3b40c6a_test_doctest4.txt.wncry'
2022-11-11 14:10:11,639 [cuckoo.core.resultserver] DEBUG: Task #37 uploaded file length: 616
2022-11-11 14:10:11,745 [cuckoo.core.resultserver] DEBUG: Task #37: File upload for 'files/82c04e635aed1c1c_big5.txt.wncry'
2022-11-11 14:10:11,770 [cuckoo.core.resultserver] DEBUG: Task #37 uploaded file length: 712
2022-11-11 14:10:11,792 [cuckoo.core.resultserver] DEBUG: Task #37: File upload for 'files/87c1f9785c4600eb_msg_32.txt.wncry'
2022-11-11 14:10:11,848 [cuckoo.core.resultserver] DEBUG: Task #37 uploaded file length: 712
2022-11-11 14:10:11,870 [cuckoo.core.resultserver] DEBUG: Task #37: File upload for 'files/96c20202e94b783e_euc_jp.txt.wncry'
2022-11-11 14:10:11,897 [cuckoo.core.resultserver] DEBUG: Task #37 uploaded file length: 1048
2022-11-11 14:10:11,921 [cuckoo.core.resultserver] DEBUG: Task #37: File upload for 'files/278b8966c610b67c_msg_36.txt.wncry'
2022-11-11 14:10:11,965 [cuckoo.core.resultserver] DEBUG: Task #37 uploaded file length: 1144
2022-11-11 14:10:11,994 [cuckoo.core.resultserver] DEBUG: Task #37: File upload for 'files/d0e1b28e21552ab4_euc_kr.txt.wncryt'
2022-11-11 14:10:12,025 [cuckoo.core.resultserver] DEBUG: Task #37: File upload for 'files/d0e1b28e21552ab4_euc_kr.txt.WNCRYT'
2022-11-11 14:10:12,028 [cuckoo.core.resultserver] DEBUG: Task #37 uploaded file length: 744
2022-11-11 14:10:12,051 [cuckoo.core.resultserver] DEBUG: Task #37: File upload for 'files/0cbea986dd1a3f95_zipdir.zip.wncry'
2022-11-11 14:10:12,072 [cuckoo.core.resultserver] DEBUG: Task #37 uploaded file length: 664
2022-11-11 14:10:12,097 [cuckoo.core.resultserver] DEBUG: Task #37: File upload for 'files/2c05095e7c42b7ab_timefuncs.h.wncry'
2022-11-11 14:10:12,118 [cuckoo.core.resultserver] DEBUG: Task #37 uploaded file length: 856
2022-11-11 14:10:12,162 [cuckoo.core.resultserver] DEBUG: Task #37 uploaded file length: 744
2022-11-11 14:10:12,184 [cuckoo.core.resultserver] DEBUG: Task #37: File upload for 'files/ad6aa15ede84f0cf_readme.txt.wncry'
2022-11-11 14:10:12,212 [cuckoo.core.resultserver] DEBUG: Task #37 uploaded file length: 408
2022-11-11 14:10:12,596 [cuckoo.core.guest] INFO: 192.168.56.1011: end of analysis reached!
2022-11-11 14:10:12,602 [cuckoo.core.plugins] DEBUG: Stopped auxiliary module: Replay
2022-11-11 14:10:12,649 [cuckoo.core.resultserver] DEBUG: Task #37: File upload for 'files/3ee03afde66d2c69_euc_jisx0213.txt.wncry'
2022-11-11 14:10:12,654 [cuckoo.core.plugins] DEBUG: Stopped auxiliary module: Sniffer
2022-11-11 14:10:12,654 [cuckoo.machinery.virtualbox] DEBUG: Stopping vm 192.168.56.1011
2022-11-11 14:10:12,682 [cuckoo.core.resultserver] DEBUG: Task #37 uploaded file length: 1080
2022-11-11 14:10:12,722 [cuckoo.core.resultserver] DEBUG: Task #37: File upload for 'files/9669a8bc03d40306_en_au.msg.wncry'
2022-11-11 14:10:12,758 [cuckoo.core.resultserver] DEBUG: Task #37 uploaded file length: 584
2022-11-11 14:10:13,853 [cuckoo.core.resultserver] DEBUG: Stopped tracking machine 192.168.56.101 for task #37
2022-11-11 14:10:13,853 [cuckoo.core.resultserver] DEBUG: Cancel <Context for BSON> for task 37
2022-11-11 14:10:13,853 [cuckoo.core.resultserver] DEBUG: Cancel <Context for BSON> for task 37
2022-11-11 14:10:13,853 [cuckoo.core.resultserver] DEBUG: Cancel <Context for BSON> for task 37
2022-11-11 14:10:13,853 [cuckoo.core.resultserver] DEBUG: Cancel <Context for BSON> for task 37
2022-11-11 14:10:13,853 [cuckoo.core.resultserver] DEBUG: Cancel <Context for BSON> for task 37
2022-11-11 14:10:13,853 [cuckoo.core.resultserver] DEBUG: Cancel <Context for BSON> for task 37
2022-11-11 14:10:13,853 [cuckoo.core.resultserver] DEBUG: Cancel <Context for BSON> for task 37
2022-11-11 14:10:13,853 [cuckoo.core.resultserver] DEBUG: Cancel <Context for BSON> for task 37
2022-11-11 14:10:13,854 [cuckoo.core.resultserver] DEBUG: Cancel <Context for BSON> for task 37
2022-11-11 14:10:13,854 [cuckoo.core.resultserver] DEBUG: Cancel <Context for BSON> for task 37
2022-11-11 14:10:13,854 [cuckoo.core.resultserver] DEBUG: Cancel <Context for BSON> for task 37
2022-11-11 14:10:13,854 [cuckoo.core.resultserver] DEBUG: Cancel <Context for BSON> for task 37
2022-11-11 14:10:13,854 [cuckoo.core.resultserver] DEBUG: Cancel <Context for BSON> for task 37
2022-11-11 14:10:13,854 [cuckoo.core.resultserver] DEBUG: Cancel <Context for BSON> for task 37
2022-11-11 14:10:13,854 [cuckoo.core.resultserver] DEBUG: Cancel <Context for BSON> for task 37
2022-11-11 14:10:13,854 [cuckoo.core.resultserver] DEBUG: Cancel <Context for BSON> for task 37
2022-11-11 14:10:13,854 [cuckoo.core.resultserver] DEBUG: Cancel <Context for BSON> for task 37
2022-11-11 14:10:13,854 [cuckoo.core.resultserver] DEBUG: Cancel <Context for BSON> for task 37
2022-11-11 14:10:13,854 [cuckoo.core.resultserver] DEBUG: Cancel <Context for BSON> for task 37
2022-11-11 14:10:13,854 [cuckoo.core.resultserver] DEBUG: Cancel <Context for BSON> for task 37
2022-11-11 14:10:13,854 [cuckoo.core.resultserver] DEBUG: Cancel <Context for BSON> for task 37
2022-11-11 14:10:13,854 [cuckoo.core.resultserver] DEBUG: Cancel <Context for BSON> for task 37
2022-11-11 14:10:13,854 [cuckoo.core.resultserver] DEBUG: Cancel <Context for LOG> for task 37
2022-11-11 14:10:13,854 [cuckoo.core.resultserver] DEBUG: Cancel <Context for BSON> for task 37
2022-11-11 14:10:13,854 [cuckoo.core.resultserver] DEBUG: Cancel <Context for BSON> for task 37
2022-11-11 14:10:13,882 [cuckoo.core.scheduler] DEBUG: Released database task #37
2022-11-11 14:10:13,895 [cuckoo.core.plugins] DEBUG: Executed processing module "AnalysisInfo" for task #37
2022-11-11 14:10:14,586 [cuckoo.core.plugins] DEBUG: Executed processing module "BehaviorAnalysis" for task #37
2022-11-11 14:10:16,077 [cuckoo.core.plugins] DEBUG: Executed processing module "Dropped" for task #37
2022-11-11 14:10:16,077 [cuckoo.core.plugins] DEBUG: Executed processing module "DroppedBuffer" for task #37
2022-11-11 14:10:20,424 [cuckoo.core.plugins] DEBUG: Executed processing module "MetaInfo" for task #37
2022-11-11 14:10:22,909 [cuckoo.core.plugins] DEBUG: Executed processing module "ProcessMemory" for task #37
2022-11-11 14:10:22,909 [cuckoo.core.plugins] DEBUG: Executed processing module "Procmon" for task #37
2022-11-11 14:10:22,909 [cuckoo.core.plugins] DEBUG: Executed processing module "Screenshots" for task #37
2022-11-11 14:10:22,912 [cuckoo.core.plugins] DEBUG: Executed processing module "Static" for task #37
2022-11-11 14:10:22,912 [cuckoo.core.plugins] DEBUG: Executed processing module "Strings" for task #37
2022-11-11 14:10:22,914 [cuckoo.core.plugins] DEBUG: Executed processing module "TargetInfo" for task #37
2022-11-11 14:10:23,044 [cuckoo.core.plugins] DEBUG: Executed processing module "NetworkAnalysis" for task #37
2022-11-11 14:10:23,044 [cuckoo.core.plugins] DEBUG: Executed processing module "Extracted" for task #37
2022-11-11 14:10:23,044 [cuckoo.core.plugins] DEBUG: Executed processing module "TLSMasterSecrets" for task #37
2022-11-11 14:10:23,046 [cuckoo.core.plugins] DEBUG: Executed processing module "Debug" for task #37
2022-11-11 14:10:23,062 [cuckoo.core.plugins] DEBUG: Running 542 signatures
2022-11-11 14:10:25,737 [cuckoo.core.plugins] DEBUG: Analysis matched signature: dead_host
2022-11-11 14:10:25,738 [cuckoo.core.plugins] DEBUG: Analysis matched signature: network_http
2022-11-11 14:10:25,738 [cuckoo.core.plugins] DEBUG: Analysis matched signature: nolookup_communication
2022-11-11 14:10:25,738 [cuckoo.core.plugins] DEBUG: Analysis matched signature: antisandbox_sleep
2022-11-11 14:10:25,738 [cuckoo.core.plugins] DEBUG: Analysis matched signature: antivm_queries_computername
2022-11-11 14:10:25,738 [cuckoo.core.plugins] DEBUG: Analysis matched signature: applcation_raises_exception
2022-11-11 14:10:25,738 [cuckoo.core.plugins] DEBUG: Analysis matched signature: infostealer_browser
2022-11-11 14:10:25,738 [cuckoo.core.plugins] DEBUG: Analysis matched signature: checks_debugger
2022-11-11 14:10:25,738 [cuckoo.core.plugins] DEBUG: Analysis matched signature: console_output
2022-11-11 14:10:25,738 [cuckoo.core.plugins] DEBUG: Analysis matched signature: creates_doc
2022-11-11 14:10:25,738 [cuckoo.core.plugins] DEBUG: Analysis matched signature: creates_exe
2022-11-11 14:10:25,738 [cuckoo.core.plugins] DEBUG: Analysis matched signature: creates_hidden_file
2022-11-11 14:10:25,739 [cuckoo.core.plugins] DEBUG: Analysis matched signature: creates_shortcut
2022-11-11 14:10:25,739 [cuckoo.core.plugins] DEBUG: Analysis matched signature: suspicious_process
2022-11-11 14:10:25,739 [cuckoo.core.plugins] DEBUG: Analysis matched signature: generates_crypto_key
2022-11-11 14:10:25,739 [cuckoo.core.plugins] DEBUG: Analysis matched signature: recon_fingerprint
2022-11-11 14:10:25,739 [cuckoo.core.plugins] DEBUG: Analysis matched signature: has_wmi
2022-11-11 14:10:25,739 [cuckoo.core.plugins] DEBUG: Analysis matched signature: stealth_window
2022-11-11 14:10:25,739 [cuckoo.core.plugins] DEBUG: Analysis matched signature: locates_browser
2022-11-11 14:10:25,739 [cuckoo.core.plugins] DEBUG: Analysis matched signature: antivm_memory_available
2022-11-11 14:10:25,739 [cuckoo.core.plugins] DEBUG: Analysis matched signature: protection_rx
2022-11-11 14:10:25,739 [cuckoo.core.plugins] DEBUG: Analysis matched signature: privilege_luid_check
2022-11-11 14:10:25,739 [cuckoo.core.plugins] DEBUG: Analysis matched signature: process_martian
2022-11-11 14:10:25,739 [cuckoo.core.plugins] DEBUG: Analysis matched signature: memdump_tor_urls
2022-11-11 14:10:25,739 [cuckoo.core.plugins] DEBUG: Analysis matched signature: memdump_urls
2022-11-11 14:10:25,739 [cuckoo.core.plugins] DEBUG: Analysis matched signature: raises_exception
2022-11-11 14:10:25,740 [cuckoo.core.plugins] DEBUG: Analysis matched signature: ransomware_file_moves
2022-11-11 14:10:25,740 [cuckoo.core.plugins] DEBUG: Analysis matched signature: ransomware_appends_extensions
2022-11-11 14:10:25,740 [cuckoo.core.plugins] DEBUG: Analysis matched signature: ransomware_dropped_files
2022-11-11 14:10:25,740 [cuckoo.core.plugins] DEBUG: Analysis matched signature: ransomware_extensions
2022-11-11 14:10:25,740 [cuckoo.core.plugins] DEBUG: Analysis matched signature: ransomware_mass_file_delete
2022-11-11 14:10:25,740 [cuckoo.core.plugins] DEBUG: Analysis matched signature: ransomware_message
2022-11-11 14:10:25,740 [cuckoo.core.plugins] DEBUG: Analysis matched signature: injection_resumethread
2022-11-11 14:10:25,740 [cuckoo.core.plugins] DEBUG: Analysis matched signature: suspicious_command_tools
2022-11-11 14:10:25,740 [cuckoo.core.plugins] DEBUG: Analysis matched signature: terminates_remote_process
2022-11-11 14:10:25,740 [cuckoo.core.plugins] DEBUG: Analysis matched signature: uses_windows_utilities
2022-11-11 14:10:28,234 [cuckoo.core.plugins] DEBUG: Executed reporting module "JsonDump"
2022-11-11 14:10:30,583 [cuckoo.core.plugins] DEBUG: Executed reporting module "MongoDB"
2022-11-11 14:10:30,583 [cuckoo.core.scheduler] INFO: Task #37: reports generation completed
2022-11-11 14:10:30,588 [cuckoo.core.scheduler] INFO: Task #37: analysis procedure completed
