2022-11-11 15:19:15,354 [cuckoo.core.scheduler] INFO: Task #57: acquired machine 192.168.56.1011 (label=192.168.56.1011)
2022-11-11 15:19:15,355 [cuckoo.core.resultserver] DEBUG: Now tracking machine 192.168.56.101 for task #57
2022-11-11 15:19:15,355 [cuckoo.core.plugins] DEBUG: Started auxiliary module: Replay
2022-11-11 15:19:15,368 [cuckoo.auxiliary.sniffer] INFO: Started sniffer with PID 16608 (interface=vboxnet0, host=192.168.56.101)
2022-11-11 15:19:15,369 [cuckoo.core.plugins] DEBUG: Started auxiliary module: Sniffer
2022-11-11 15:19:15,383 [cuckoo.machinery.virtualbox] DEBUG: Starting vm 192.168.56.1011
2022-11-11 15:19:15,476 [cuckoo.machinery.virtualbox] DEBUG: Restoring virtual machine 192.168.56.1011 to its current snapshot
2022-11-11 15:19:17,835 [cuckoo.core.guest] INFO: Starting analysis #57 on guest (id=192.168.56.1011, ip=192.168.56.101)
2022-11-11 15:19:18,967 [cuckoo.core.guest] DEBUG: 192.168.56.1011: not ready yet
2022-11-11 15:19:19,970 [cuckoo.core.guest] DEBUG: 192.168.56.1011: not ready yet
2022-11-11 15:19:20,974 [cuckoo.core.guest] DEBUG: 192.168.56.1011: not ready yet
2022-11-11 15:19:21,977 [cuckoo.core.guest] DEBUG: 192.168.56.1011: not ready yet
2022-11-11 15:19:22,981 [cuckoo.core.guest] DEBUG: 192.168.56.1011: not ready yet
2022-11-11 15:19:23,983 [cuckoo.core.guest] DEBUG: 192.168.56.1011: not ready yet
2022-11-11 15:19:24,985 [cuckoo.core.guest] DEBUG: 192.168.56.1011: not ready yet
2022-11-11 15:19:25,988 [cuckoo.core.guest] DEBUG: 192.168.56.1011: not ready yet
2022-11-11 15:19:26,991 [cuckoo.core.guest] DEBUG: 192.168.56.1011: not ready yet
2022-11-11 15:19:27,993 [cuckoo.core.guest] DEBUG: 192.168.56.1011: not ready yet
2022-11-11 15:19:28,997 [cuckoo.core.guest] DEBUG: 192.168.56.1011: not ready yet
2022-11-11 15:19:30,000 [cuckoo.core.guest] DEBUG: 192.168.56.1011: not ready yet
2022-11-11 15:19:31,003 [cuckoo.core.guest] DEBUG: 192.168.56.1011: not ready yet
2022-11-11 15:19:32,005 [cuckoo.core.guest] DEBUG: 192.168.56.1011: not ready yet
2022-11-11 15:19:33,009 [cuckoo.core.guest] DEBUG: 192.168.56.1011: not ready yet
2022-11-11 15:19:34,011 [cuckoo.core.guest] DEBUG: 192.168.56.1011: not ready yet
2022-11-11 15:19:35,014 [cuckoo.core.guest] DEBUG: 192.168.56.1011: not ready yet
2022-11-11 15:19:36,016 [cuckoo.core.guest] DEBUG: 192.168.56.1011: not ready yet
2022-11-11 15:19:37,018 [cuckoo.core.guest] DEBUG: 192.168.56.1011: not ready yet
2022-11-11 15:19:38,021 [cuckoo.core.guest] DEBUG: 192.168.56.1011: not ready yet
2022-11-11 15:19:39,024 [cuckoo.core.guest] DEBUG: 192.168.56.1011: not ready yet
2022-11-11 15:19:40,027 [cuckoo.core.guest] DEBUG: 192.168.56.1011: not ready yet
2022-11-11 15:19:41,033 [cuckoo.core.guest] DEBUG: 192.168.56.1011: not ready yet
2022-11-11 15:19:42,037 [cuckoo.core.guest] DEBUG: 192.168.56.1011: not ready yet
2022-11-11 15:19:43,042 [cuckoo.core.guest] DEBUG: 192.168.56.1011: not ready yet
2022-11-11 15:19:44,049 [cuckoo.core.guest] DEBUG: 192.168.56.1011: not ready yet
2022-11-11 15:19:45,051 [cuckoo.core.guest] DEBUG: 192.168.56.1011: not ready yet
2022-11-11 15:19:46,054 [cuckoo.core.guest] DEBUG: 192.168.56.1011: not ready yet
2022-11-11 15:19:47,057 [cuckoo.core.guest] DEBUG: 192.168.56.1011: not ready yet
2022-11-11 15:19:48,060 [cuckoo.core.guest] DEBUG: 192.168.56.1011: not ready yet
2022-11-11 15:19:49,063 [cuckoo.core.guest] DEBUG: 192.168.56.1011: not ready yet
2022-11-11 15:19:50,067 [cuckoo.core.guest] DEBUG: 192.168.56.1011: not ready yet
2022-11-11 15:19:51,069 [cuckoo.core.guest] DEBUG: 192.168.56.1011: not ready yet
2022-11-11 15:19:52,072 [cuckoo.core.guest] DEBUG: 192.168.56.1011: not ready yet
2022-11-11 15:19:53,075 [cuckoo.core.guest] DEBUG: 192.168.56.1011: not ready yet
2022-11-11 15:19:53,917 [cuckoo.core.guest] INFO: Guest is running Cuckoo Agent 0.10 (id=192.168.56.1011, ip=192.168.56.101)
2022-11-11 15:19:53,935 [cuckoo.core.guest] DEBUG: Uploading analyzer to guest (id=192.168.56.1011, ip=192.168.56.101, monitor=latest, size=3884763)
2022-11-11 15:19:54,953 [cuckoo.core.resultserver] DEBUG: Task #57: live log analysis.log initialized.
2022-11-11 15:19:59,634 [cuckoo.core.guest] DEBUG: 192.168.56.1011: analysis #57 still processing
2022-11-11 15:20:01,735 [cuckoo.core.resultserver] DEBUG: Task #57 is sending a BSON stream
2022-11-11 15:20:02,530 [cuckoo.core.resultserver] DEBUG: Task #57 is sending a BSON stream
2022-11-11 15:20:04,661 [cuckoo.core.guest] DEBUG: 192.168.56.1011: analysis #57 still processing
2022-11-11 15:20:09,684 [cuckoo.core.guest] DEBUG: 192.168.56.1011: analysis #57 still processing
2022-11-11 15:20:14,710 [cuckoo.core.guest] DEBUG: 192.168.56.1011: analysis #57 still processing
2022-11-11 15:20:19,393 [cuckoo.core.resultserver] DEBUG: Task #57 is sending a BSON stream
2022-11-11 15:20:19,735 [cuckoo.core.guest] DEBUG: 192.168.56.1011: analysis #57 still processing
2022-11-11 15:20:24,761 [cuckoo.core.guest] DEBUG: 192.168.56.1011: analysis #57 still processing
2022-11-11 15:20:29,787 [cuckoo.core.guest] DEBUG: 192.168.56.1011: analysis #57 still processing
2022-11-11 15:20:34,657 [cuckoo.core.resultserver] DEBUG: Task #57 is sending a BSON stream
2022-11-11 15:20:34,814 [cuckoo.core.guest] DEBUG: 192.168.56.1011: analysis #57 still processing
2022-11-11 15:20:39,839 [cuckoo.core.guest] DEBUG: 192.168.56.1011: analysis #57 still processing
2022-11-11 15:20:44,861 [cuckoo.core.guest] DEBUG: 192.168.56.1011: analysis #57 still processing
2022-11-11 15:20:49,885 [cuckoo.core.guest] DEBUG: 192.168.56.1011: analysis #57 still processing
2022-11-11 15:20:49,922 [cuckoo.core.resultserver] DEBUG: Task #57 is sending a BSON stream
2022-11-11 15:20:50,593 [cuckoo.core.resultserver] DEBUG: Task #57 is sending a BSON stream
2022-11-11 15:20:51,172 [cuckoo.core.resultserver] DEBUG: Task #57 is sending a BSON stream
2022-11-11 15:20:54,914 [cuckoo.core.guest] DEBUG: 192.168.56.1011: analysis #57 still processing
2022-11-11 15:20:59,944 [cuckoo.core.guest] DEBUG: 192.168.56.1011: analysis #57 still processing
2022-11-11 15:21:04,971 [cuckoo.core.guest] DEBUG: 192.168.56.1011: analysis #57 still processing
2022-11-11 15:21:09,998 [cuckoo.core.guest] DEBUG: 192.168.56.1011: analysis #57 still processing
2022-11-11 15:21:15,022 [cuckoo.core.guest] DEBUG: 192.168.56.1011: analysis #57 still processing
2022-11-11 15:21:20,052 [cuckoo.core.guest] DEBUG: 192.168.56.1011: analysis #57 still processing
2022-11-11 15:21:20,173 [cuckoo.core.resultserver] DEBUG: Task #57 is sending a BSON stream
2022-11-11 15:21:25,086 [cuckoo.core.guest] DEBUG: 192.168.56.1011: analysis #57 still processing
2022-11-11 15:21:30,120 [cuckoo.core.guest] DEBUG: 192.168.56.1011: analysis #57 still processing
2022-11-11 15:21:35,142 [cuckoo.core.guest] DEBUG: 192.168.56.1011: analysis #57 still processing
2022-11-11 15:21:35,437 [cuckoo.core.resultserver] DEBUG: Task #57 is sending a BSON stream
2022-11-11 15:21:40,165 [cuckoo.core.guest] DEBUG: 192.168.56.1011: analysis #57 still processing
2022-11-11 15:21:45,195 [cuckoo.core.guest] DEBUG: 192.168.56.1011: analysis #57 still processing
2022-11-11 15:21:50,218 [cuckoo.core.guest] DEBUG: 192.168.56.1011: analysis #57 still processing
2022-11-11 15:21:50,701 [cuckoo.core.resultserver] DEBUG: Task #57 is sending a BSON stream
2022-11-11 15:21:51,347 [cuckoo.core.resultserver] DEBUG: Task #57 is sending a BSON stream
2022-11-11 15:21:51,895 [cuckoo.core.resultserver] DEBUG: Task #57 is sending a BSON stream
2022-11-11 15:21:55,245 [cuckoo.core.guest] DEBUG: 192.168.56.1011: analysis #57 still processing
2022-11-11 15:22:00,277 [cuckoo.core.guest] DEBUG: 192.168.56.1011: analysis #57 still processing
2022-11-11 15:22:05,301 [cuckoo.core.guest] DEBUG: 192.168.56.1011: analysis #57 still processing
2022-11-11 15:22:06,217 [cuckoo.core.resultserver] DEBUG: Task #57 is sending a BSON stream
2022-11-11 15:22:09,931 [cuckoo.core.resultserver] DEBUG: Task #57: File upload for 'memory/2420-1.dmp'
2022-11-11 15:22:10,329 [cuckoo.core.guest] DEBUG: 192.168.56.1011: analysis #57 still processing
2022-11-11 15:22:13,187 [cuckoo.core.resultserver] DEBUG: Task #57 uploaded file length: 59507904
2022-11-11 15:22:15,358 [cuckoo.core.guest] DEBUG: 192.168.56.1011: analysis #57 still processing
2022-11-11 15:22:17,460 [cuckoo.core.resultserver] DEBUG: Task #57: File upload for 'files/aa49950ef38c5c9a_debug.log'
2022-11-11 15:22:17,624 [cuckoo.core.resultserver] DEBUG: Task #57 uploaded file length: 218
2022-11-11 15:22:17,815 [cuckoo.core.resultserver] DEBUG: Task #57: File upload for 'files/6aed08355c5cf0b2_webbrowser.pyc'
2022-11-11 15:22:17,922 [cuckoo.core.resultserver] DEBUG: Task #57 uploaded file length: 19554
2022-11-11 15:22:18,113 [cuckoo.core.resultserver] DEBUG: Task #57: File upload for 'files/2741df9ee9e9d988_variations'
2022-11-11 15:22:18,228 [cuckoo.core.resultserver] DEBUG: Task #57 uploaded file length: 86
2022-11-11 15:22:18,255 [cuckoo.core.resultserver] DEBUG: Task #57 had connection reset for <Context for LOG>
2022-11-11 15:22:18,375 [cuckoo.core.guest] INFO: 192.168.56.1011: analysis completed successfully
2022-11-11 15:22:18,381 [cuckoo.core.plugins] DEBUG: Stopped auxiliary module: Replay
2022-11-11 15:22:18,570 [cuckoo.core.plugins] DEBUG: Stopped auxiliary module: Sniffer
2022-11-11 15:22:18,571 [cuckoo.machinery.virtualbox] DEBUG: Stopping vm 192.168.56.1011
2022-11-11 15:22:19,825 [cuckoo.core.resultserver] DEBUG: Stopped tracking machine 192.168.56.101 for task #57
2022-11-11 15:22:19,854 [cuckoo.core.scheduler] DEBUG: Released database task #57
2022-11-11 15:22:19,868 [cuckoo.core.plugins] DEBUG: Executed processing module "AnalysisInfo" for task #57
2022-11-11 15:22:19,983 [cuckoo.core.plugins] DEBUG: Executed processing module "BehaviorAnalysis" for task #57
2022-11-11 15:22:19,989 [cuckoo.core.plugins] DEBUG: Executed processing module "Dropped" for task #57
2022-11-11 15:22:19,989 [cuckoo.core.plugins] DEBUG: Executed processing module "DroppedBuffer" for task #57
2022-11-11 15:22:20,599 [cuckoo.core.plugins] DEBUG: Executed processing module "MetaInfo" for task #57
2022-11-11 15:22:21,100 [cuckoo.core.plugins] DEBUG: Executed processing module "ProcessMemory" for task #57
2022-11-11 15:22:21,101 [cuckoo.core.plugins] DEBUG: Executed processing module "Procmon" for task #57
2022-11-11 15:22:21,101 [cuckoo.core.plugins] DEBUG: Executed processing module "Screenshots" for task #57
2022-11-11 15:22:21,104 [cuckoo.core.plugins] DEBUG: Executed processing module "Static" for task #57
2022-11-11 15:22:21,105 [cuckoo.core.plugins] DEBUG: Executed processing module "Strings" for task #57
2022-11-11 15:22:21,107 [cuckoo.core.plugins] DEBUG: Executed processing module "TargetInfo" for task #57
2022-11-11 15:22:21,199 [cuckoo.core.plugins] DEBUG: Executed processing module "NetworkAnalysis" for task #57
2022-11-11 15:22:21,199 [cuckoo.core.plugins] DEBUG: Executed processing module "Extracted" for task #57
2022-11-11 15:22:21,199 [cuckoo.core.plugins] DEBUG: Executed processing module "TLSMasterSecrets" for task #57
2022-11-11 15:22:21,201 [cuckoo.core.plugins] DEBUG: Executed processing module "Debug" for task #57
2022-11-11 15:22:21,219 [cuckoo.core.plugins] DEBUG: Running 542 signatures
2022-11-11 15:22:21,660 [cuckoo.core.plugins] DEBUG: Analysis matched signature: network_http
2022-11-11 15:22:21,661 [cuckoo.core.plugins] DEBUG: Analysis matched signature: applcation_raises_exception
2022-11-11 15:22:21,661 [cuckoo.core.plugins] DEBUG: Analysis matched signature: infostealer_browser
2022-11-11 15:22:21,661 [cuckoo.core.plugins] DEBUG: Analysis matched signature: checks_debugger
2022-11-11 15:22:21,661 [cuckoo.core.plugins] DEBUG: Analysis matched signature: console_output
2022-11-11 15:22:21,661 [cuckoo.core.plugins] DEBUG: Analysis matched signature: recon_fingerprint
2022-11-11 15:22:21,661 [cuckoo.core.plugins] DEBUG: Analysis matched signature: locates_browser
2022-11-11 15:22:21,661 [cuckoo.core.plugins] DEBUG: Analysis matched signature: antivm_memory_available
2022-11-11 15:22:21,661 [cuckoo.core.plugins] DEBUG: Analysis matched signature: process_martian
2022-11-11 15:22:21,661 [cuckoo.core.plugins] DEBUG: Analysis matched signature: memdump_urls
2022-11-11 15:22:21,661 [cuckoo.core.plugins] DEBUG: Analysis matched signature: raises_exception
2022-11-11 15:22:21,661 [cuckoo.core.plugins] DEBUG: Analysis matched signature: uses_windows_utilities
2022-11-11 15:22:22,219 [cuckoo.core.plugins] DEBUG: Executed reporting module "JsonDump"
2022-11-11 15:22:22,474 [cuckoo.core.plugins] DEBUG: Executed reporting module "MongoDB"
2022-11-11 15:22:22,475 [cuckoo.core.scheduler] INFO: Task #57: reports generation completed
2022-11-11 15:22:22,480 [cuckoo.core.scheduler] INFO: Task #57: analysis procedure completed
